Building DAG of jobs...
Using shell: /usr/bin/bash
Provided cores: 10
Rules claiming more threads will be scaled down.
Job counts:
	count	jobs
	3	BamIndex
	2	GATKFixMate
	2	LoadHQbam
	1	all
	8

[Wed Jul 22 19:21:01 2020]
rule BamIndex:
    input: ../../ngs_test_data/data2/align/HG001/N/HG001_N_fastp_bwa_bioMarkDup_reAlign_BQSR_LeftAlign.bam
    output: ../../ngs_test_data/data2/align/HG001/N/HG001_N_fastp_bwa_bioMarkDup_reAlign_BQSR_LeftAlign.bam.bai
    jobid: 21
    wildcards: prefix=../../ngs_test_data/data2/align/HG001/N/HG001_N_fastp_bwa_bioMarkDup_reAlign_BQSR_LeftAlign
    threads: 4

[Wed Jul 22 19:21:02 2020]
rule GATKFixMate:
    input: ../../ngs_test_data/data2/genome/GRCh38/GRCh38.d1.vd1.fa, ../../ngs_test_data/data2/align/HG001/N1/HG001_N1_fastp_bwa_bioMarkDup_reAlign_BQSR_LeftAlign.bam, ../../ngs_test_data/data2/align/HG001/N1/HG001_N1_fastp_bwa_bioMarkDup_reAlign_BQSR_LeftAlign.bam.bai
    output: ../../ngs_test_data/data2/align/HG001/N1/HG001_N1_fastp_bwa_bioMarkDup_reAlign_BQSR_LeftAlign_FixMate.bam, ../../ngs_test_data/data2/align/HG001/N1/HG001_N1_fastp_bwa_bioMarkDup_reAlign_BQSR_LeftAlign_FixMate_tmp
    log: ../../ngs_test_data/logs/align/HG001/N1/HG001_N1_fastp_bwa_bioMarkDup_reAlign_BQSR_LeftAlign_fixMate.logs
    jobid: 17
    benchmark: ../../ngs_test_data/benchmark/align/HG001/N1/HG001_N1_fastp_bwa_bioMarkDup_reAlign_BQSR_LeftAlign_fixMate.tsv
    wildcards: case=HG001, sample=N1, qcpipe=fastp, aligner=bwa, markdup=bioMarkDup, realign=reAlign, bqsr=BQSR, leftAlign=LeftAlign

[Wed Jul 22 19:21:03 2020]
Finished job 21.
1 of 8 steps (12%) done

[Wed Jul 22 19:21:03 2020]
rule GATKFixMate:
    input: ../../ngs_test_data/data2/genome/GRCh38/GRCh38.d1.vd1.fa, ../../ngs_test_data/data2/align/HG001/N/HG001_N_fastp_bwa_bioMarkDup_reAlign_BQSR_LeftAlign.bam, ../../ngs_test_data/data2/align/HG001/N/HG001_N_fastp_bwa_bioMarkDup_reAlign_BQSR_LeftAlign.bam.bai
    output: ../../ngs_test_data/data2/align/HG001/N/HG001_N_fastp_bwa_bioMarkDup_reAlign_BQSR_LeftAlign_FixMate.bam, ../../ngs_test_data/data2/align/HG001/N/HG001_N_fastp_bwa_bioMarkDup_reAlign_BQSR_LeftAlign_FixMate_tmp
    log: ../../ngs_test_data/logs/align/HG001/N/HG001_N_fastp_bwa_bioMarkDup_reAlign_BQSR_LeftAlign_fixMate.logs
    jobid: 15
    benchmark: ../../ngs_test_data/benchmark/align/HG001/N/HG001_N_fastp_bwa_bioMarkDup_reAlign_BQSR_LeftAlign_fixMate.tsv
    wildcards: case=HG001, sample=N, qcpipe=fastp, aligner=bwa, markdup=bioMarkDup, realign=reAlign, bqsr=BQSR, leftAlign=LeftAlign

[Wed Jul 22 19:21:12 2020]
Finished job 15.
2 of 8 steps (25%) done

[Wed Jul 22 19:21:12 2020]
rule BamIndex:
    input: ../../ngs_test_data/data2/align/HG001/N/HG001_N_fastp_bwa_bioMarkDup_reAlign_BQSR_LeftAlign_FixMate.bam
    output: ../../ngs_test_data/data2/align/HG001/N/HG001_N_fastp_bwa_bioMarkDup_reAlign_BQSR_LeftAlign_FixMate.bam.bai
    jobid: 16
    wildcards: prefix=../../ngs_test_data/data2/align/HG001/N/HG001_N_fastp_bwa_bioMarkDup_reAlign_BQSR_LeftAlign_FixMate
    threads: 4

[Wed Jul 22 19:21:18 2020]
Finished job 16.
3 of 8 steps (38%) done

[Wed Jul 22 19:21:18 2020]
localrule LoadHQbam:
    input: ../../ngs_test_data/data2/align/HG001/N/HG001_N_fastp_bwa_bioMarkDup_reAlign_BQSR_LeftAlign_FixMate.bam, ../../ngs_test_data/data2/align/HG001/N/HG001_N_fastp_bwa_bioMarkDup_reAlign_BQSR_LeftAlign_FixMate.bam.bai
    output: ../../ngs_test_data/data2/HQbam/HG001_N.bam, ../../ngs_test_data/data2/HQbam/HG001_N.bam.bai, ../../ngs_test_data/data2/HQbam/changeLogs/HG001_N.logs
    jobid: 10
    wildcards: case=HG001, sample=N

[Wed Jul 22 19:21:19 2020]
Finished job 10.
4 of 8 steps (50%) done
[Wed Jul 22 19:21:28 2020]
Finished job 17.
5 of 8 steps (62%) done

[Wed Jul 22 19:21:28 2020]
rule BamIndex:
    input: ../../ngs_test_data/data2/align/HG001/N1/HG001_N1_fastp_bwa_bioMarkDup_reAlign_BQSR_LeftAlign_FixMate.bam
    output: ../../ngs_test_data/data2/align/HG001/N1/HG001_N1_fastp_bwa_bioMarkDup_reAlign_BQSR_LeftAlign_FixMate.bam.bai
    jobid: 18
    wildcards: prefix=../../ngs_test_data/data2/align/HG001/N1/HG001_N1_fastp_bwa_bioMarkDup_reAlign_BQSR_LeftAlign_FixMate
    threads: 4

[Wed Jul 22 19:21:31 2020]
Finished job 18.
6 of 8 steps (75%) done

[Wed Jul 22 19:21:31 2020]
localrule LoadHQbam:
    input: ../../ngs_test_data/data2/align/HG001/N1/HG001_N1_fastp_bwa_bioMarkDup_reAlign_BQSR_LeftAlign_FixMate.bam, ../../ngs_test_data/data2/align/HG001/N1/HG001_N1_fastp_bwa_bioMarkDup_reAlign_BQSR_LeftAlign_FixMate.bam.bai
    output: ../../ngs_test_data/data2/HQbam/HG001_N1.bam, ../../ngs_test_data/data2/HQbam/HG001_N1.bam.bai, ../../ngs_test_data/data2/HQbam/changeLogs/HG001_N1.logs
    jobid: 11
    wildcards: case=HG001, sample=N1

[Wed Jul 22 19:21:33 2020]
Finished job 11.
7 of 8 steps (88%) done

[Wed Jul 22 19:21:33 2020]
localrule all:
    input: ../../ngs_test_data/data2/raw_read_qc/fastqc/HG001/N/HG001_N_L1_1_fastqc.zip, ../../ngs_test_data/data2/raw_read_qc/fastqc/HG001/N1/HG001_N1_L1_1_fastqc.zip, ../../ngs_test_data/data2/raw_read_qc/fastqc/HG001/N1/HG001_N1_L2_1_fastqc.zip, ../../ngs_test_data/data2/raw_read_qc/fastqc/HG001/N/HG001_N_L1_2_fastqc.zip, ../../ngs_test_data/data2/raw_read_qc/fastqc/HG001/N1/HG001_N1_L1_2_fastqc.zip, ../../ngs_test_data/data2/raw_read_qc/fastqc/HG001/N1/HG001_N1_L2_2_fastqc.zip, ../../ngs_test_data/data2/raw_read_qc/fastp_fastqc2/HG001/N/HG001_N_L1_fastp_fastqc2_1.zip, ../../ngs_test_data/data2/raw_read_qc/fastp_fastqc2/HG001/N1/HG001_N1_L1_fastp_fastqc2_1.zip, ../../ngs_test_data/data2/raw_read_qc/fastp_fastqc2/HG001/N1/HG001_N1_L2_fastp_fastqc2_1.zip, ../../ngs_test_data/data2/raw_read_qc/fastp_fastqc2/HG001/N/HG001_N_L1_fastp_fastqc2_2.zip, ../../ngs_test_data/data2/raw_read_qc/fastp_fastqc2/HG001/N1/HG001_N1_L1_fastp_fastqc2_2.zip, ../../ngs_test_data/data2/raw_read_qc/fastp_fastqc2/HG001/N1/HG001_N1_L2_fastp_fastqc2_2.zip, ../../ngs_test_data/data2/raw_read_qc/fastp/HG001/N/HG001_N_L1_fastp.json, ../../ngs_test_data/data2/raw_read_qc/fastp/HG001/N1/HG001_N1_L1_fastp.json, ../../ngs_test_data/data2/raw_read_qc/fastp/HG001/N1/HG001_N1_L2_fastp.json, ../../ngs_test_data/data2/cleandata/fastp/HG001/N/HG001_N_L1_fastp_1.fq.gz, ../../ngs_test_data/data2/cleandata/fastp/HG001/N1/HG001_N1_L1_fastp_1.fq.gz, ../../ngs_test_data/data2/cleandata/fastp/HG001/N1/HG001_N1_L2_fastp_1.fq.gz, ../../ngs_test_data/data2/cleandata/fastp/HG001/N/HG001_N_L1_fastp_2.fq.gz, ../../ngs_test_data/data2/cleandata/fastp/HG001/N1/HG001_N1_L1_fastp_2.fq.gz, ../../ngs_test_data/data2/cleandata/fastp/HG001/N1/HG001_N1_L2_fastp_2.fq.gz, ../../ngs_test_data/data2/HQbam/HG001_N.bam.bai, ../../ngs_test_data/data2/HQbam/HG001_N1.bam.bai, ../../ngs_test_data/data2/HQbam/HG001_N1.bam.bai
    jobid: 0

[Wed Jul 22 19:21:33 2020]
Finished job 0.
8 of 8 steps (100%) done
Complete log: /home/pengjia/ProjectSnake/DNAseq/dna/.snakemake/log/2020-07-22T192100.435055.snakemake.log
