Building DAG of jobs...
Using shell: /usr/bin/bash
Provided cores: 5
Rules claiming more threads will be scaled down.
Job counts:
	count	jobs
	6	BamIndex
	3	Bwa
	2	GATKBQSR
	2	GATKBQSRPre
	2	GATKLeftAlign
	2	GATKReAlign
	2	GATKReAlignPre
	2	MarkDupWithPicard
	2	MergeBam
	1	all
	3	fastp
	3	fastqc
	3	fastqc2
	2	loadrawData
	1	multiqc
	36

[Sat Jun 27 18:02:38 2020]
rule loadrawData:
    input: /home/DATA/NA12878/pipelineTest/fastq/HG001_1000G_chr20_1.fq, /home/DATA/NA12878/pipelineTest/fastq/HG001_1000G_chr20_2.fq
    output: ../../ngs_test_data/rawdata/HG001/N1/HG001_N1_L1_1.fq.gz, ../../ngs_test_data/rawdata/HG001/N1/HG001_N1_L1_2.fq.gz
    jobid: 16
    wildcards: case=HG001, sample=N1, unit=L1
    threads: 4

[Sat Jun 27 18:02:44 2020]
Error in rule loadrawData:
    jobid: 16
    output: ../../ngs_test_data/rawdata/HG001/N1/HG001_N1_L1_1.fq.gz, ../../ngs_test_data/rawdata/HG001/N1/HG001_N1_L1_2.fq.gz

RuleException:
CalledProcessError in line 12 of /home/pengjia/ProjectSnake/DNAseq/dna/smk/qc.smk:
Command 'set -euo pipefail;  /home/pengjia/miniconda3/envs/smk/bin/python3.6 /home/pengjia/ProjectSnake/DNAseq/dna/.snakemake/scripts/tmpf4kmp26y.wrapper.py' returned non-zero exit status 1.
  File "/home/pengjia/ProjectSnake/DNAseq/dna/smk/qc.smk", line 12, in __rule_loadrawData
  File "/home/pengjia/miniconda3/envs/smk/lib/python3.6/concurrent/futures/thread.py", line 56, in run
Removing output files of failed job loadrawData since they might be corrupted:
../../ngs_test_data/rawdata/HG001/N1/HG001_N1_L1_1.fq.gz
Job failed, going on with independent jobs.

[Sat Jun 27 18:02:44 2020]
rule loadrawData:
    input: /home/DATA/NA12878/pipelineTest/fastq/HG001_GIAB_chr20_1.fq, /home/DATA/NA12878/pipelineTest/fastq/HG001_1000G_chr20_2.fq
    output: ../../ngs_test_data/rawdata/HG001/N/HG001_N_L1_1.fq.gz, ../../ngs_test_data/rawdata/HG001/N/HG001_N_L1_2.fq.gz
    jobid: 15
    wildcards: case=HG001, sample=N, unit=L1
    threads: 4

[Sat Jun 27 18:02:47 2020]
Error in rule loadrawData:
    jobid: 15
    output: ../../ngs_test_data/rawdata/HG001/N/HG001_N_L1_1.fq.gz, ../../ngs_test_data/rawdata/HG001/N/HG001_N_L1_2.fq.gz

RuleException:
CalledProcessError in line 12 of /home/pengjia/ProjectSnake/DNAseq/dna/smk/qc.smk:
Command 'set -euo pipefail;  /home/pengjia/miniconda3/envs/smk/bin/python3.6 /home/pengjia/ProjectSnake/DNAseq/dna/.snakemake/scripts/tmpx38guhml.wrapper.py' returned non-zero exit status 1.
  File "/home/pengjia/ProjectSnake/DNAseq/dna/smk/qc.smk", line 12, in __rule_loadrawData
  File "/home/pengjia/miniconda3/envs/smk/lib/python3.6/concurrent/futures/thread.py", line 56, in run
Removing output files of failed job loadrawData since they might be corrupted:
../../ngs_test_data/rawdata/HG001/N/HG001_N_L1_1.fq.gz
Job failed, going on with independent jobs.

[Sat Jun 27 18:02:48 2020]
rule fastqc:
    input: ../../ngs_test_data/rawdata/HG001/N1/HG001_N1_L2_1.fq.gz, ../../ngs_test_data/rawdata/HG001/N1/HG001_N1_L2_2.fq.gz
    output: ../../ngs_test_data/qc/fastqc/HG001/N1/HG001_N1_L2_1_fastqc.html, ../../ngs_test_data/qc/fastqc/HG001/N1/HG001_N1_L2_2_fastqc.html, ../../ngs_test_data/qc/fastqc/HG001/N1/HG001_N1_L2_1_fastqc.zip, ../../ngs_test_data/qc/fastqc/HG001/N1/HG001_N1_L2_2_fastqc.zip
    log: ../../ngs_test_log/qc/fastqc/HG001/N1/HG001_N1_L2_fastqc.log
    jobid: 6
    benchmark: ../../ngs_test_bmqc/fastqc/HG001/N1/HG001_N1_L2_fastqc.tsv
    wildcards: case=HG001, sample=N1, unit=L2
    threads: 4

[Sat Jun 27 18:04:30 2020]
Finished job 6.
1 of 36 steps (3%) done

[Sat Jun 27 18:04:30 2020]
rule fastp:
    input: ../../ngs_test_data/rawdata/HG001/N1/HG001_N1_L2_1.fq.gz, ../../ngs_test_data/rawdata/HG001/N1/HG001_N1_L2_2.fq.gz
    output: ../../ngs_test_data/cleandata/fastp/HG001/N1/HG001_N1_L2_fastp_1.fq.gz, ../../ngs_test_data/cleandata/fastp/HG001/N1/HG001_N1_L2_fastp_2.fq.gz, ../../ngs_test_data/qc/fastp/HG001/N1/HG001_N1_L2_fastp.html, ../../ngs_test_data/qc/fastp/HG001/N1/HG001_N1_L2_fastp.json
    log: ../../ngs_test_log/qc/fastp/HG001/N1/HG001_N1_L2_fastp.log
    jobid: 12
    benchmark: ../../ngs_test_bmqc/fastp/HG001/N1/HG001_N1_L2_fastp.tsv
    wildcards: case=HG001, sample=N1, unit=L2
    threads: 4

[Sat Jun 27 18:06:49 2020]
Finished job 12.
2 of 36 steps (6%) done

[Sat Jun 27 18:06:49 2020]
rule Bwa:
    input: ../../ngs_test_data/cleandata/fastp/HG001/N1/HG001_N1_L2_fastp_1.fq.gz, ../../ngs_test_data/cleandata/fastp/HG001/N1/HG001_N1_L2_fastp_2.fq.gz
    output: ../../ngs_test_data/align/bwa/HG001/N1/HG001_N1_L2_fastp_bwa_sorted.bam
    log: ../../ngs_test_log/align/bwa/HG001/N1/HG001_N1_L2_fastp_bwa.logs
    jobid: 36
    benchmark: ../../ngs_test_bmalign/bwa/HG001/N1/HG001_N1_L2_fastp.bwa.tsv
    wildcards: case=HG001, sample=N1, unit=L2, qcpipe=fastp
    threads: 5

[Sat Jun 27 18:09:33 2020]
Error in rule Bwa:
    jobid: 36
    output: ../../ngs_test_data/align/bwa/HG001/N1/HG001_N1_L2_fastp_bwa_sorted.bam
    log: ../../ngs_test_log/align/bwa/HG001/N1/HG001_N1_L2_fastp_bwa.logs (check log file(s) for error message)

RuleException:
CalledProcessError in line 21 of /home/pengjia/ProjectSnake/DNAseq/dna/smk/align.smk:
Command 'set -euo pipefail;  /home/pengjia/miniconda3/envs/smk/bin/python3.6 /home/pengjia/ProjectSnake/DNAseq/dna/.snakemake/scripts/tmp_lo3r9i2.wrapper.py' returned non-zero exit status 1.
  File "/home/pengjia/ProjectSnake/DNAseq/dna/smk/align.smk", line 21, in __rule_Bwa
  File "/home/pengjia/miniconda3/envs/smk/lib/python3.6/concurrent/futures/thread.py", line 56, in run
Removing output files of failed job Bwa since they might be corrupted:
../../ngs_test_data/align/bwa/HG001/N1/HG001_N1_L2_fastp_bwa_sorted.bam
Job failed, going on with independent jobs.

[Sat Jun 27 18:09:33 2020]
rule fastqc2:
    input: ../../ngs_test_data/cleandata/fastp/HG001/N1/HG001_N1_L2_fastp_1.fq.gz, ../../ngs_test_data/cleandata/fastp/HG001/N1/HG001_N1_L2_fastp_2.fq.gz
    output: ../../ngs_test_data/qc/fastp_fastqc2/HG001/N1/HG001_N1_L2_fastp_fastqc2_1.html, ../../ngs_test_data/qc/fastp_fastqc2/HG001/N1/HG001_N1_L2_fastp_fastqc2_2.html, ../../ngs_test_data/qc/fastp_fastqc2/HG001/N1/HG001_N1_L2_fastp_fastqc2_1.zip, ../../ngs_test_data/qc/fastp_fastqc2/HG001/N1/HG001_N1_L2_fastp_fastqc2_2.zip
    log: ../../ngs_test_log/qc/fastp_fastqc2/HG001/N1/HG001_N1_L2_fastp_fastqc2.log
    jobid: 9
    benchmark: ../../ngs_test_bmqc/fastp_fastqc2/HG001/N1/HG001_N1_L2_fastp_fastqc2.tsv
    wildcards: qcpipe=fastp, case=HG001, sample=N1, unit=L2
    threads: 4

[Sat Jun 27 18:10:52 2020]
Finished job 9.
3 of 36 steps (8%) done
Exiting because a job execution failed. Look above for error message
Complete log: /home/pengjia/ProjectSnake/DNAseq/dna/.snakemake/log/2020-06-27T180235.822157.snakemake.log
