Building DAG of jobs...
Using shell: /usr/bin/bash
Provided cores: 15
Rules claiming more threads will be scaled down.
Job counts:
	count	jobs
	4	BamIndex
	2	Bcftools_Call
	2	Bcftools_Filter
	2	Bcftools_Mpileup
	3	Bwa
	2	Delly2Bcf2vcfgz
	2	Delly_Call
	2	Delly_GT
	2	FB_CallVar
	2	FB_Filter
	1	GenomeIndexPicard
	50	HC_CallVar
	25	HC_CombineCalls
	2	HC_FileterINDElHard
	2	HC_FileterSNVHard
	50	HC_GT
	25	HC_GT_jointCall
	1	HC_JointCall_FileterINDElHard
	1	HC_JointCall_FileterSNVHard
	1	HC_JointCall_SelectSNV
	2	HC_MergeVCF
	1	HC_MergeVCF_jointCall
	2	LoadHQbam
	2	MarkDupWithPicard
	2	MergeBam
	2	NoneBQSR
	2	NoneFixMate
	2	NoneLeftALign
	2	NoneRealign
	2	Samtools_Mpileup
	2	Smoove
	2	Varscan_Call
	2	Varscan_Call_INDEL
	2	Varscan_Call_SNV
	2	Varscan_Filter
	2	Varscan_Filter_INDEL
	2	Varscan_Filter_SNV
	1	all
	16	tabix
	231

[Tue Jul 14 21:36:11 2020]
rule GenomeIndexPicard:
    input: ../../ngs_test_data/genome/GRCh38/GRCh38_full_analysis_set_plus_decoy_hla.fa
    output: ../../ngs_test_data/genome/GRCh38/GRCh38_full_analysis_set_plus_decoy_hla.dict
    log: ../../ngs_test_log/genomeindex/genomeindex_picard.log
    jobid: 216

[Tue Jul 14 21:36:11 2020]
rule Bwa:
    input: ../../ngs_test_data/cleandata/fastp/HG001/N1/HG001_N1_L1_fastp_1.fq.gz, ../../ngs_test_data/cleandata/fastp/HG001/N1/HG001_N1_L1_fastp_2.fq.gz, ../../ngs_test_data/genome/GRCh38/GRCh38_full_analysis_set_plus_decoy_hla.fa, ../../ngs_test_data/genome/GRCh38/GRCh38_full_analysis_set_plus_decoy_hla.fa.fai, ../../ngs_test_data/genome/GRCh38/GRCh38_full_analysis_set_plus_decoy_hla.fa.bwt
    output: ../../ngs_test_data/align/HG001/N1/HG001_N1_L1_fastp_bwa_sorted.bam
    log: ../../ngs_test_log/align/bwa/HG001/N1/HG001_N1_L1_fastp_bwa.logs
    jobid: 233
    benchmark: ../../ngs_test_bm/align/bwa/HG001/N1/HG001_N1_L1_fastp.bwa.tsv
    wildcards: case=HG001, sample=N1, unit=L1, qcpipe=fastp
    threads: 8

[Tue Jul 14 21:38:44 2020]
Finished job 233.
1 of 231 steps (0.43%) done
Shutting down, this might take some time.
Exiting because a job execution failed. Look above for error message
Complete log: /home/pengjia/ProjectSnake/DNAseq/dna/.snakemake/log/2020-07-14T213608.328732.snakemake.log
