Building DAG of jobs...
Using shell: /usr/bin/bash
Provided cores: 10
Rules claiming more threads will be scaled down.
Job counts:
	count	jobs
	1	CNVcaller_make_dup
	1	all
	2

[Tue Aug  4 15:06:45 2020]
rule CNVcaller_make_dup:
    input: /home/pengjia/ProjectSnake/ngs_test_data/data2/genome/GRCh38/GRCh38.d1.vd1.cnvcaller.kmer.fa, /home/pengjia/ProjectSnake/ngs_test_data/data2/genome/GRCh38/GRCh38.d1.vd1.fa, /home/pengjia/ProjectSnake/ngs_test_data/data2/genome/GRCh38/GRCh38.d1.vd1.cnvcaller.kmer.aln
    output: /home/pengjia/ProjectSnake/ngs_test_data/data2/genome/GRCh38/GRCh38.d1.vd1.cnvcaller.link
    log: /home/pengjia/ProjectSnake/ngs_test_data/logs/genome/CNVcaler/reference/CNVcaller_make_dup.logs
    jobid: 46
    benchmark: /home/pengjia/ProjectSnake/ngs_test_data/benchmark/genome/CNVcaler/reference/CNVcaller_make_dup.bm
    threads: 2

Shutting down, this might take some time.
Exiting because a job execution failed. Look above for error message
Complete log: /home/pengjia/ProjectSnake/DNAseq/dna/.snakemake/log/2020-08-04T150643.070221.snakemake.log
