Building DAG of jobs...
Using shell: /usr/bin/bash
Provided cores: 2
Rules claiming more threads will be scaled down.
Conda environments: ignored
Job counts:
	count	jobs
	2	Delly2Bcf2vcfgz
	2	Delly_GT
	1	all
	5

[Tue Jul 14 17:10:50 2020]
rule Delly_GT:
    input: ../../ngs_test_data/HQbam/HG001_N1.bam, ../../ngs_test_data/HQbam/HG001_N1.bam.bai, ../../ngs_test_data/genome/GRCh38/GRCh38_full_analysis_set_plus_decoy_hla.fa, ../../ngs_test_data/genome/GRCh38/GRCh38_full_analysis_set_plus_decoy_hla.fa.fai, ../../ngs_test_data/germlineVar/delly/perSample/HG001_N1/HG001_N1.delly.call.bcf
    output: ../../ngs_test_data/germlineVar/delly/perSample/HG001_N1/HG001_N1.delly.raw.bcf
    log: ../../ngs_test_log/gremlineVar/delly/perSample/HG001_N1/HG001_N1.dellyGT.logs
    jobid: 120
    benchmark: ../../ngs_test_bm/gremlineVar/delly/perSample/HG001_N1/HG001_N1.dellyGT.tsv
    wildcards: bam_sample=HG001_N1
    threads: 2

[Tue Jul 14 17:11:08 2020]
Finished job 120.
1 of 5 steps (20%) done

[Tue Jul 14 17:11:08 2020]
rule Delly_GT:
    input: ../../ngs_test_data/HQbam/HG001_N.bam, ../../ngs_test_data/HQbam/HG001_N.bam.bai, ../../ngs_test_data/genome/GRCh38/GRCh38_full_analysis_set_plus_decoy_hla.fa, ../../ngs_test_data/genome/GRCh38/GRCh38_full_analysis_set_plus_decoy_hla.fa.fai, ../../ngs_test_data/germlineVar/delly/perSample/HG001_N/HG001_N.delly.call.bcf
    output: ../../ngs_test_data/germlineVar/delly/perSample/HG001_N/HG001_N.delly.raw.bcf
    log: ../../ngs_test_log/gremlineVar/delly/perSample/HG001_N/HG001_N.dellyGT.logs
    jobid: 121
    benchmark: ../../ngs_test_bm/gremlineVar/delly/perSample/HG001_N/HG001_N.dellyGT.tsv
    wildcards: bam_sample=HG001_N
    threads: 2

[Tue Jul 14 17:11:50 2020]
Finished job 121.
2 of 5 steps (40%) done

[Tue Jul 14 17:11:50 2020]
rule Delly2Bcf2vcfgz:
    input: ../../ngs_test_data/germlineVar/delly/perSample/HG001_N/HG001_N.delly.raw.bcf
    output: ../../ngs_test_data/germlineVar/delly/perSample/HG001_N/HG001_N.delly.raw.vcf.gz
    log: ../../ngs_test_log/gremlineVar/delly/perSample/HG001_N/HG001_N.dellybcf2vcfgz.logs
    jobid: 27
    benchmark: ../../ngs_test_bm/gremlineVar/delly/perSample/HG001_N/HG001_N.dellybcf2vcfgz.tsv
    wildcards: bam_sample=HG001_N
    threads: 2

[Tue Jul 14 17:11:57 2020]
Finished job 27.
3 of 5 steps (60%) done

[Tue Jul 14 17:11:57 2020]
rule Delly2Bcf2vcfgz:
    input: ../../ngs_test_data/germlineVar/delly/perSample/HG001_N1/HG001_N1.delly.raw.bcf
    output: ../../ngs_test_data/germlineVar/delly/perSample/HG001_N1/HG001_N1.delly.raw.vcf.gz
    log: ../../ngs_test_log/gremlineVar/delly/perSample/HG001_N1/HG001_N1.dellybcf2vcfgz.logs
    jobid: 26
    benchmark: ../../ngs_test_bm/gremlineVar/delly/perSample/HG001_N1/HG001_N1.dellybcf2vcfgz.tsv
    wildcards: bam_sample=HG001_N1
    threads: 2

[Tue Jul 14 17:11:59 2020]
Finished job 26.
4 of 5 steps (80%) done

[Tue Jul 14 17:11:59 2020]
localrule all:
    input: ../../ngs_test_data/germlineVar/HC/perSample/HG001_N1/HG001_N1.HC.raw.vcf.gz, ../../ngs_test_data/germlineVar/HC/perSample/HG001_N/HG001_N.HC.raw.vcf.gz, ../../ngs_test_data/germlineVar/HC/perSample/HG001_N1/HG001_N1.HC.SNV.passh.vcf.gz, ../../ngs_test_data/germlineVar/HC/perSample/HG001_N1/HG001_N1.HC.INDEL.passh.vcf.gz, ../../ngs_test_data/germlineVar/HC/perSample/HG001_N/HG001_N.HC.SNV.passh.vcf.gz, ../../ngs_test_data/germlineVar/HC/perSample/HG001_N/HG001_N.HC.INDEL.passh.vcf.gz, ../../ngs_test_data/germlineVar/HC/jointCall/jointCall/preTest.HC.raw.vcf.gz, ../../ngs_test_data/germlineVar/HC/jointCall/jointCall/preTest.HC.SNV.passh.vcf.gz, ../../ngs_test_data/germlineVar/HC/jointCall/jointCall/preTest.HC.INDEL.passh.vcf.gz, ../../ngs_test_data/germlineVar/FB/perSample/HG001_N1/HG001_N1.FB.raw.vcf.gz.tbi, ../../ngs_test_data/germlineVar/FB/perSample/HG001_N1/HG001_N1.FB.pass.vcf.gz.tbi, ../../ngs_test_data/germlineVar/FB/perSample/HG001_N/HG001_N.FB.raw.vcf.gz.tbi, ../../ngs_test_data/germlineVar/FB/perSample/HG001_N/HG001_N.FB.pass.vcf.gz.tbi, ../../ngs_test_data/germlineVar/Bcftools/perSample/HG001_N1/HG001_N1.Bcftools.raw.vcf.gz.tbi, ../../ngs_test_data/germlineVar/Bcftools/perSample/HG001_N1/HG001_N1.Bcftools.pass.vcf.gz.tbi, ../../ngs_test_data/germlineVar/Bcftools/perSample/HG001_N/HG001_N.Bcftools.raw.vcf.gz.tbi, ../../ngs_test_data/germlineVar/Bcftools/perSample/HG001_N/HG001_N.Bcftools.pass.vcf.gz.tbi, ../../ngs_test_data/germlineVar/varscan/perSample/HG001_N1/HG001_N1.varscan.raw.vcf.gz.tbi, ../../ngs_test_data/germlineVar/varscan/perSample/HG001_N1/HG001_N1.varscan.pass.vcf.gz.tbi, ../../ngs_test_data/germlineVar/varscan/perSample/HG001_N1/HG001_N1.varscan.SNV.pass.vcf.gz.tbi, ../../ngs_test_data/germlineVar/varscan/perSample/HG001_N1/HG001_N1.varscan.INDEL.pass.vcf.gz.tbi, ../../ngs_test_data/germlineVar/varscan/perSample/HG001_N/HG001_N.varscan.raw.vcf.gz.tbi, ../../ngs_test_data/germlineVar/varscan/perSample/HG001_N/HG001_N.varscan.pass.vcf.gz.tbi, ../../ngs_test_data/germlineVar/varscan/perSample/HG001_N/HG001_N.varscan.SNV.pass.vcf.gz.tbi, ../../ngs_test_data/germlineVar/varscan/perSample/HG001_N/HG001_N.varscan.INDEL.pass.vcf.gz.tbi, ../../ngs_test_data/germlineVar/delly/perSample/HG001_N1/HG001_N1.delly.raw.vcf.gz, ../../ngs_test_data/germlineVar/delly/perSample/HG001_N/HG001_N.delly.raw.vcf.gz
    jobid: 0

[Tue Jul 14 17:11:59 2020]
Finished job 0.
5 of 5 steps (100%) done
Complete log: /home/pengjia/ProjectSnake/DNAseq/dna/.snakemake/log/2020-07-14T170950.889561.snakemake.log
