Building DAG of jobs...
Using shell: /usr/bin/bash
Provided cores: 5
Rules claiming more threads will be scaled down.
Job counts:
	count	jobs
	6	BamIndex
	3	Bwa
	2	GATKBQSR
	2	GATKBQSRPre
	2	GATKLeftAlign
	2	GATKReAlign
	2	GATKReAlignPre
	2	MarkDupWithPicard
	2	MergeBam
	1	all
	2	fastp
	2	fastqc
	2	fastqc2
	2	loadrawData
	1	multiqc
	33

[Sat Jun 27 18:13:35 2020]
rule loadrawData:
    input: /home/DATA/NA12878/pipelineTest/fastq/HG001_1000G_chr20_1.fq, /home/DATA/NA12878/pipelineTest/fastq/HG001_1000G_chr20_2.fq
    output: ../../ngs_test_data/rawdata/HG001/N1/HG001_N1_L1_1.fq.gz, ../../ngs_test_data/rawdata/HG001/N1/HG001_N1_L1_2.fq.gz
    log: ../../ngs_test_log/qc/loadRawdata/HG001/N1/HG001_N1_L1_loaddata.log
    jobid: 16
    wildcards: case=HG001, sample=N1, unit=L1
    threads: 4

