Building DAG of jobs...
Using shell: /usr/bin/bash
Provided cores: 10
Rules claiming more threads will be scaled down.
Job counts:
	count	jobs
	4	BamIndex
	3	Bwa
	2	LoadHQbam
	2	MarkDupWithPicard
	2	MergeBam
	2	NoneBQSR
	2	NoneFixMate
	2	NoneLeftALign
	2	NoneRealign
	1	all
	3	fastp
	3	fastqc
	3	fastqc2
	3	loadrawData
	34

[Tue Jul 21 11:00:03 2020]
rule loadrawData:
    input: /home/DATA/NA12878/pipelineTest/fastq/HG001_1000G_chr20_1.fq, /home/DATA/NA12878/pipelineTest/fastq/HG001_1000G_chr20_2.fq
    output: ../../ngs_test_data/data2/rawdata/HG001/N1/HG001_N1_L1_1.fq.gz, ../../ngs_test_data/data2/rawdata/HG001/N1/HG001_N1_L1_2.fq.gz
    log: ../../ngs_test_data/logs/raw_read_qc/loadRawdata/HG001/N1/HG001_N1_L1_loaddata.log
    jobid: 13
    benchmark: ../../ngs_test_data/benchmark/raw_read_qc/loadRawdata/HG001/N1/HG001_N1_L1_loaddata.tsv
    wildcards: case=HG001, sample=N1, unit=L1
    threads: 4

[Tue Jul 21 11:00:04 2020]
rule loadrawData:
    input: /home/DATA/NA12878/pipelineTest/fastq/HG001_GIAB_chr20_1.fq, /home/DATA/NA12878/pipelineTest/fastq/HG001_GIAB_chr20_2.fq
    output: ../../ngs_test_data/data2/rawdata/HG001/N/HG001_N_L1_1.fq.gz, ../../ngs_test_data/data2/rawdata/HG001/N/HG001_N_L1_2.fq.gz
    log: ../../ngs_test_data/logs/raw_read_qc/loadRawdata/HG001/N/HG001_N_L1_loaddata.log
    jobid: 12
    benchmark: ../../ngs_test_data/benchmark/raw_read_qc/loadRawdata/HG001/N/HG001_N_L1_loaddata.tsv
    wildcards: case=HG001, sample=N, unit=L1
    threads: 4

[Tue Jul 21 11:00:46 2020]
Finished job 12.
1 of 34 steps (3%) done

[Tue Jul 21 11:00:46 2020]
rule fastp:
    input: ../../ngs_test_data/data2/rawdata/HG001/N/HG001_N_L1_1.fq.gz, ../../ngs_test_data/data2/rawdata/HG001/N/HG001_N_L1_2.fq.gz
    output: ../../ngs_test_data/data2/cleandata/fastp/HG001/N/HG001_N_L1_fastp_1.fq.gz, ../../ngs_test_data/data2/cleandata/fastp/HG001/N/HG001_N_L1_fastp_2.fq.gz, ../../ngs_test_data/data2/raw_read_qc/fastp/HG001/N/HG001_N_L1_fastp.html, ../../ngs_test_data/data2/raw_read_qc/fastp/HG001/N/HG001_N_L1_fastp.json
    log: ../../ngs_test_data/logs/raw_read_qc/fastp/HG001/N/HG001_N_L1_fastp.log
    jobid: 7
    benchmark: ../../ngs_test_data/benchmark/raw_read_qc/fastp/HG001/N/HG001_N_L1_fastp.tsv
    wildcards: case=HG001, sample=N, unit=L1
    threads: 4

[Tue Jul 21 11:01:05 2020]
Finished job 13.
2 of 34 steps (6%) done

[Tue Jul 21 11:01:05 2020]
rule fastqc:
    input: ../../ngs_test_data/data2/rawdata/HG001/N1/HG001_N1_L1_1.fq.gz, ../../ngs_test_data/data2/rawdata/HG001/N1/HG001_N1_L1_2.fq.gz
    output: ../../ngs_test_data/data2/raw_read_qc/fastqc/HG001/N1/HG001_N1_L1/, ../../ngs_test_data/data2/raw_read_qc/fastqc/HG001/N1/HG001_N1_L1_1_fastqc.html, ../../ngs_test_data/data2/raw_read_qc/fastqc/HG001/N1/HG001_N1_L1_2_fastqc.html, ../../ngs_test_data/data2/raw_read_qc/fastqc/HG001/N1/HG001_N1_L1_1_fastqc.zip, ../../ngs_test_data/data2/raw_read_qc/fastqc/HG001/N1/HG001_N1_L1_2_fastqc.zip
    log: ../../ngs_test_data/logs/raw_read_qc/fastqc/HG001/N1/HG001_N1_L1_fastqc.log
    jobid: 2
    benchmark: ../../ngs_test_data/benchmark/raw_read_qc/fastqc/HG001/N1/HG001_N1_L1_fastqc.tsv
    wildcards: case=HG001, sample=N1, unit=L1
    threads: 4

[Tue Jul 21 11:01:05 2020]
Finished job 7.
3 of 34 steps (9%) done

[Tue Jul 21 11:01:08 2020]
rule fastp:
    input: ../../ngs_test_data/data2/rawdata/HG001/N1/HG001_N1_L1_1.fq.gz, ../../ngs_test_data/data2/rawdata/HG001/N1/HG001_N1_L1_2.fq.gz
    output: ../../ngs_test_data/data2/cleandata/fastp/HG001/N1/HG001_N1_L1_fastp_1.fq.gz, ../../ngs_test_data/data2/cleandata/fastp/HG001/N1/HG001_N1_L1_fastp_2.fq.gz, ../../ngs_test_data/data2/raw_read_qc/fastp/HG001/N1/HG001_N1_L1_fastp.html, ../../ngs_test_data/data2/raw_read_qc/fastp/HG001/N1/HG001_N1_L1_fastp.json
    log: ../../ngs_test_data/logs/raw_read_qc/fastp/HG001/N1/HG001_N1_L1_fastp.log
    jobid: 8
    benchmark: ../../ngs_test_data/benchmark/raw_read_qc/fastp/HG001/N1/HG001_N1_L1_fastp.tsv
    wildcards: case=HG001, sample=N1, unit=L1
    threads: 4

[Tue Jul 21 11:01:25 2020]
Finished job 8.
4 of 34 steps (12%) done

[Tue Jul 21 11:01:25 2020]
rule fastqc2:
    input: ../../ngs_test_data/data2/cleandata/fastp/HG001/N1/HG001_N1_L1_fastp_1.fq.gz, ../../ngs_test_data/data2/cleandata/fastp/HG001/N1/HG001_N1_L1_fastp_2.fq.gz
    output: ../../ngs_test_data/data2/raw_read_qc/fastqc2/HG001/N1/HG001_N1_L1_fastp/, ../../ngs_test_data/data2/raw_read_qc/fastp_fastqc2/HG001/N1/HG001_N1_L1_fastp_fastqc2_1.html, ../../ngs_test_data/data2/raw_read_qc/fastp_fastqc2/HG001/N1/HG001_N1_L1_fastp_fastqc2_2.html, ../../ngs_test_data/data2/raw_read_qc/fastp_fastqc2/HG001/N1/HG001_N1_L1_fastp_fastqc2_1.zip, ../../ngs_test_data/data2/raw_read_qc/fastp_fastqc2/HG001/N1/HG001_N1_L1_fastp_fastqc2_2.zip
    log: ../../ngs_test_data/logs/raw_read_qc/fastp_fastqc2/HG001/N1/HG001_N1_L1_fastp_fastqc2.log
    jobid: 5
    benchmark: ../../ngs_test_data/benchmark/raw_read_qc/fastp_fastqc2/HG001/N1/HG001_N1_L1_fastp_fastqc2.tsv
    wildcards: qcpipe=fastp, case=HG001, sample=N1, unit=L1
    threads: 4

[Tue Jul 21 11:01:42 2020]
Finished job 2.
5 of 34 steps (15%) done

[Tue Jul 21 11:01:42 2020]
rule fastqc:
    input: ../../ngs_test_data/data2/rawdata/HG001/N/HG001_N_L1_1.fq.gz, ../../ngs_test_data/data2/rawdata/HG001/N/HG001_N_L1_2.fq.gz
    output: ../../ngs_test_data/data2/raw_read_qc/fastqc/HG001/N/HG001_N_L1/, ../../ngs_test_data/data2/raw_read_qc/fastqc/HG001/N/HG001_N_L1_1_fastqc.html, ../../ngs_test_data/data2/raw_read_qc/fastqc/HG001/N/HG001_N_L1_2_fastqc.html, ../../ngs_test_data/data2/raw_read_qc/fastqc/HG001/N/HG001_N_L1_1_fastqc.zip, ../../ngs_test_data/data2/raw_read_qc/fastqc/HG001/N/HG001_N_L1_2_fastqc.zip
    log: ../../ngs_test_data/logs/raw_read_qc/fastqc/HG001/N/HG001_N_L1_fastqc.log
    jobid: 1
    benchmark: ../../ngs_test_data/benchmark/raw_read_qc/fastqc/HG001/N/HG001_N_L1_fastqc.tsv
    wildcards: case=HG001, sample=N, unit=L1
    threads: 4

[Tue Jul 21 11:01:49 2020]
Finished job 5.
6 of 34 steps (18%) done

[Tue Jul 21 11:01:49 2020]
rule fastqc2:
    input: ../../ngs_test_data/data2/cleandata/fastp/HG001/N/HG001_N_L1_fastp_1.fq.gz, ../../ngs_test_data/data2/cleandata/fastp/HG001/N/HG001_N_L1_fastp_2.fq.gz
    output: ../../ngs_test_data/data2/raw_read_qc/fastqc2/HG001/N/HG001_N_L1_fastp/, ../../ngs_test_data/data2/raw_read_qc/fastp_fastqc2/HG001/N/HG001_N_L1_fastp_fastqc2_1.html, ../../ngs_test_data/data2/raw_read_qc/fastp_fastqc2/HG001/N/HG001_N_L1_fastp_fastqc2_2.html, ../../ngs_test_data/data2/raw_read_qc/fastp_fastqc2/HG001/N/HG001_N_L1_fastp_fastqc2_1.zip, ../../ngs_test_data/data2/raw_read_qc/fastp_fastqc2/HG001/N/HG001_N_L1_fastp_fastqc2_2.zip
    log: ../../ngs_test_data/logs/raw_read_qc/fastp_fastqc2/HG001/N/HG001_N_L1_fastp_fastqc2.log
    jobid: 4
    benchmark: ../../ngs_test_data/benchmark/raw_read_qc/fastp_fastqc2/HG001/N/HG001_N_L1_fastp_fastqc2.tsv
    wildcards: qcpipe=fastp, case=HG001, sample=N, unit=L1
    threads: 4

[Tue Jul 21 11:02:03 2020]
Finished job 1.
7 of 34 steps (21%) done
[Tue Jul 21 11:02:06 2020]
Finished job 4.
8 of 34 steps (24%) done

[Tue Jul 21 11:02:06 2020]
rule Bwa:
    input: ../../ngs_test_data/data2/cleandata/fastp/HG001/N1/HG001_N1_L1_fastp_1.fq.gz, ../../ngs_test_data/data2/cleandata/fastp/HG001/N1/HG001_N1_L1_fastp_2.fq.gz, ../../ngs_test_data/data2/genome/GRCh38/GRCh38.d1.vd1.fa, ../../ngs_test_data/data2/genome/GRCh38/GRCh38.d1.vd1.fa.fai, ../../ngs_test_data/data2/genome/GRCh38/GRCh38.d1.vd1.fa.bwt
    output: ../../ngs_test_data/data2/align/HG001/N1/HG001_N1_L1_fastp_bwa_sorted.bam
    log: ../../ngs_test_data/logs/align/bwa/HG001/N1/HG001_N1_L1_fastp_bwa.logs
    jobid: 32
    benchmark: ../../ngs_test_data/benchmark/align/bwa/HG001/N1/HG001_N1_L1_fastp.bwa.tsv
    wildcards: case=HG001, sample=N1, unit=L1, qcpipe=fastp
    threads: 8

[Tue Jul 21 11:04:50 2020]
Finished job 32.
9 of 34 steps (26%) done

[Tue Jul 21 11:04:50 2020]
rule Bwa:
    input: ../../ngs_test_data/data2/cleandata/fastp/HG001/N/HG001_N_L1_fastp_1.fq.gz, ../../ngs_test_data/data2/cleandata/fastp/HG001/N/HG001_N_L1_fastp_2.fq.gz, ../../ngs_test_data/data2/genome/GRCh38/GRCh38.d1.vd1.fa, ../../ngs_test_data/data2/genome/GRCh38/GRCh38.d1.vd1.fa.fai, ../../ngs_test_data/data2/genome/GRCh38/GRCh38.d1.vd1.fa.bwt
    output: ../../ngs_test_data/data2/align/HG001/N/HG001_N_L1_fastp_bwa_sorted.bam
    log: ../../ngs_test_data/logs/align/bwa/HG001/N/HG001_N_L1_fastp_bwa.logs
    jobid: 31
    benchmark: ../../ngs_test_data/benchmark/align/bwa/HG001/N/HG001_N_L1_fastp.bwa.tsv
    wildcards: case=HG001, sample=N, unit=L1, qcpipe=fastp
    threads: 8

[Tue Jul 21 11:05:35 2020]
Finished job 31.
10 of 34 steps (29%) done

[Tue Jul 21 11:05:35 2020]
rule MergeBam:
    input: ../../ngs_test_data/data2/align/HG001/N/HG001_N_L1_fastp_bwa_sorted.bam
    output: ../../ngs_test_data/data2/align/HG001/N/HG001_N_fastp_bwa.bam
    log: ../../ngs_test_data/logs/align/HG001/N/HG001_N_fastp_bwa.merge.logs
    jobid: 29
    benchmark: ../../ngs_test_data/benchmark/align/HG001/N/HG001_N_fastp_bwa.merge.tsv
    wildcards: case=HG001, sample=N, qcpipe=fastp, aligner=bwa
    threads: 8

Shutting down, this might take some time.
Exiting because a job execution failed. Look above for error message
Complete log: /home/pengjia/ProjectSnake/DNAseq/dna/.snakemake/log/2020-07-21T105959.333949.snakemake.log
