Building DAG of jobs...
Using shell: /usr/bin/bash
Provided cores: 5
Rules claiming more threads will be scaled down.
Job counts:
	count	jobs
	1	CNVcaler_IndexReference
	1	all
	2

[Sun Aug  2 16:32:42 2020]
rule CNVcaler_IndexReference:
    input: /home/pengjia/ProjectSnake/ngs_test_data/data2/genome/GRCh38/GRCh38.d1.vd1.fa
    output: /home/pengjia/ProjectSnake/ngs_test_data/data2/genome/GRCh38/referenceDB.500
    log: /home/pengjia/ProjectSnake/ngs_test_data/logs/genome/CNVcaler/reference/IndexReference.logs
    jobid: 45
    benchmark: /home/pengjia/ProjectSnake/ngs_test_data/benchmark/genome/CNVcaler/reference/IndexReference.bm
    threads: 2

Shutting down, this might take some time.
Exiting because a job execution failed. Look above for error message
Complete log: /home/pengjia/ProjectSnake/DNAseq/dna/.snakemake/log/2020-08-02T163233.076639.snakemake.log
