Building DAG of jobs...
Using shell: /usr/bin/bash
Provided cores: 25
Rules claiming more threads will be scaled down.
Job counts:
	count	jobs
	2	BreakDancer
	2	BreakDancer_Conf
	2	CNVnator
	2	Manta
	2	Manta_conf
	1	all
	11

[Mon Jul 20 08:13:39 2020]
rule Manta_conf:
    input: ../../ngs_test_data/data1/HQbam/HG001_N.bam, ../../ngs_test_data/data1/HQbam/HG001_N.bam.bai, ../../ngs_test_data/data1/genome/GRCh38/GRCh38_full_analysis_set_plus_decoy_hla.fa, ../../ngs_test_data/data1/genome/GRCh38/GRCh38_full_analysis_set_plus_decoy_hla.fa.fai
    output: ../../ngs_test_data/data1/germlineVar/manta/perSample/HG001_N/HG001_N_manta, ../../ngs_test_data/data1/germlineVar/manta/perSample/HG001_N/HG001_N_manta/runWorkflow.py
    log: ../../ngs_test_data/logs/gremlineVar/manta/perSample/HG001_N/HG001_N.manta_conf.logs
    jobid: 137
    benchmark: ../../ngs_test_data/benchmark/gremlineVar/manta/perSample/HG001_N/HG001_N.manta_conf.tsv
    wildcards: bam_sample=HG001_N
    threads: 2

[Mon Jul 20 08:13:39 2020]
rule Manta_conf:
    input: ../../ngs_test_data/data1/HQbam/HG001_N1.bam, ../../ngs_test_data/data1/HQbam/HG001_N1.bam.bai, ../../ngs_test_data/data1/genome/GRCh38/GRCh38_full_analysis_set_plus_decoy_hla.fa, ../../ngs_test_data/data1/genome/GRCh38/GRCh38_full_analysis_set_plus_decoy_hla.fa.fai
    output: ../../ngs_test_data/data1/germlineVar/manta/perSample/HG001_N1/HG001_N1_manta, ../../ngs_test_data/data1/germlineVar/manta/perSample/HG001_N1/HG001_N1_manta/runWorkflow.py
    log: ../../ngs_test_data/logs/gremlineVar/manta/perSample/HG001_N1/HG001_N1.manta_conf.logs
    jobid: 138
    benchmark: ../../ngs_test_data/benchmark/gremlineVar/manta/perSample/HG001_N1/HG001_N1.manta_conf.tsv
    wildcards: bam_sample=HG001_N1
    threads: 2

[Mon Jul 20 08:13:40 2020]
rule CNVnator:
    input: ../../ngs_test_data/data1/HQbam/HG001_N1.bam, ../../ngs_test_data/data1/HQbam/HG001_N1.bam.bai, ../../ngs_test_data/data1/genome/GRCh38/GRCh38_full_analysis_set_plus_decoy_hla.fa, ../../ngs_test_data/data1/genome/GRCh38/GRCh38_full_analysis_set_plus_decoy_hla.fa.fai
    output: ../../ngs_test_data/data1/germlineVar/cnvnator/perSample/HG001_N1/HG001_N1.cnvnator.root, ../../ngs_test_data/data1/germlineVar/cnvnator/perSample/HG001_N1/HG001_N1.raw.cnvnator
    log: ../../ngs_test_data/logs/gremlineVar/cnvnator/perSample/HG001_N1/HG001_N1.cnvnator.logs
    jobid: 31
    benchmark: ../../ngs_test_data/benchmark/gremlineVar/cnvnator/perSample/HG001_N1/HG001_N1.cnvnator.tsv
    wildcards: bam_sample=HG001_N1
    threads: 2


[Mon Jul 20 08:13:40 2020]
rule BreakDancer_Conf:
    input: ../../ngs_test_data/data1/HQbam/HG001_N1.bam, ../../ngs_test_data/data1/HQbam/HG001_N1.bam.bai
    output: ../../ngs_test_data/data1/germlineVar/breakdancer/perSample/HG001_N1/HG001_N1.breakdancer.conf
    log: ../../ngs_test_data/logs/gremlineVar/breakdancer/perSample/HG001_N1/HG001_N1.breakdancer_conf.logs
    jobid: 136
    benchmark: ../../ngs_test_data/benchmark/gremlineVar/breakdancer/perSample/HG001_N1/HG001_N1.breakdancer_conf.tsv
    wildcards: bam_sample=HG001_N1
    threads: 2

[Mon Jul 20 08:13:40 2020]
rule BreakDancer_Conf:
    input: ../../ngs_test_data/data1/HQbam/HG001_N.bam, ../../ngs_test_data/data1/HQbam/HG001_N.bam.bai
    output: ../../ngs_test_data/data1/germlineVar/breakdancer/perSample/HG001_N/HG001_N.breakdancer.conf
    log: ../../ngs_test_data/logs/gremlineVar/breakdancer/perSample/HG001_N/HG001_N.breakdancer_conf.logs
    jobid: 135
    benchmark: ../../ngs_test_data/benchmark/gremlineVar/breakdancer/perSample/HG001_N/HG001_N.breakdancer_conf.tsv
    wildcards: bam_sample=HG001_N
    threads: 2

[Mon Jul 20 08:13:40 2020]
rule CNVnator:
    input: ../../ngs_test_data/data1/HQbam/HG001_N.bam, ../../ngs_test_data/data1/HQbam/HG001_N.bam.bai, ../../ngs_test_data/data1/genome/GRCh38/GRCh38_full_analysis_set_plus_decoy_hla.fa, ../../ngs_test_data/data1/genome/GRCh38/GRCh38_full_analysis_set_plus_decoy_hla.fa.fai
    output: ../../ngs_test_data/data1/germlineVar/cnvnator/perSample/HG001_N/HG001_N.cnvnator.root, ../../ngs_test_data/data1/germlineVar/cnvnator/perSample/HG001_N/HG001_N.raw.cnvnator
    log: ../../ngs_test_data/logs/gremlineVar/cnvnator/perSample/HG001_N/HG001_N.cnvnator.logs
    jobid: 30
    benchmark: ../../ngs_test_data/benchmark/gremlineVar/cnvnator/perSample/HG001_N/HG001_N.cnvnator.tsv
    wildcards: bam_sample=HG001_N
    threads: 2

Job failed, going on with independent jobs.
Job failed, going on with independent jobs.
Job failed, going on with independent jobs.
Job failed, going on with independent jobs.
Waiting at most 5 seconds for missing files.
MissingOutputException in line 19 of /home/pengjia/ProjectSnake/DNAseq/dna/smk/var/var_cnvnator.smk:
Missing files after 5 seconds:
../../ngs_test_data/data1/germlineVar/cnvnator/perSample/HG001_N1/HG001_N1.raw.cnvnator
This might be due to filesystem latency. If that is the case, consider to increase the wait time with --latency-wait.
Removing output files of failed job CNVnator since they might be corrupted:
../../ngs_test_data/data1/germlineVar/cnvnator/perSample/HG001_N1/HG001_N1.cnvnator.root
Job failed, going on with independent jobs.
Waiting at most 5 seconds for missing files.
MissingOutputException in line 19 of /home/pengjia/ProjectSnake/DNAseq/dna/smk/var/var_cnvnator.smk:
Missing files after 5 seconds:
../../ngs_test_data/data1/germlineVar/cnvnator/perSample/HG001_N/HG001_N.raw.cnvnator
This might be due to filesystem latency. If that is the case, consider to increase the wait time with --latency-wait.
Removing output files of failed job CNVnator since they might be corrupted:
../../ngs_test_data/data1/germlineVar/cnvnator/perSample/HG001_N/HG001_N.cnvnator.root
Job failed, going on with independent jobs.
Exiting because a job execution failed. Look above for error message
Complete log: /home/pengjia/ProjectSnake/DNAseq/dna/.snakemake/log/2020-07-20T081335.989816.snakemake.log
