Building DAG of jobs...
Using shell: /usr/bin/bash
Provided cores: 2
Rules claiming more threads will be scaled down.
Conda environments: ignored
Job counts:
	count	jobs
	2	Delly2Bcf2vcfgz
	2	Delly_Call
	2	Delly_GT
	1	LoadGenomeFile
	1	all
	8

[Tue Jul 14 19:31:56 2020]
rule LoadGenomeFile:
    input: /home/DATA/REFGENOMEDB/human/GRCh38_full_analysis_set_plus_decoy_hla/genome/GRCh38_full_analysis_set_plus_decoy_hla.exclude.cnvnator.bed
    output: ../../ngs_test_data/genome/GRCh38/GRCh38_full_analysis_set_plus_decoy_hla.exclude.cnvnator.bed
    jobid: 210

[Tue Jul 14 19:31:57 2020]
Finished job 210.
1 of 8 steps (12%) done

[Tue Jul 14 19:31:57 2020]
rule Delly_Call:
    input: ../../ngs_test_data/HQbam/HG001_N1.bam, ../../ngs_test_data/HQbam/HG001_N1.bam.bai, ../../ngs_test_data/genome/GRCh38/GRCh38_full_analysis_set_plus_decoy_hla.fa, ../../ngs_test_data/genome/GRCh38/GRCh38_full_analysis_set_plus_decoy_hla.fa.fai, ../../ngs_test_data/genome/GRCh38/GRCh38_full_analysis_set_plus_decoy_hla.exclude.cnvnator.bed
    output: ../../ngs_test_data/germlineVar/delly/perSample/HG001_N1/HG001_N1.delly.call.bcf
    log: ../../ngs_test_log/gremlineVar/delly/perSample/HG001_N1/HG001_N1.dellycall.logs
    jobid: 211
    benchmark: ../../ngs_test_bm/gremlineVar/delly/perSample/HG001_N1/HG001_N1.dellycall.tsv
    wildcards: bam_sample=HG001_N1
    threads: 2

[Tue Jul 14 19:32:31 2020]
Finished job 211.
2 of 8 steps (25%) done

[Tue Jul 14 19:32:31 2020]
rule Delly_GT:
    input: ../../ngs_test_data/HQbam/HG001_N1.bam, ../../ngs_test_data/HQbam/HG001_N1.bam.bai, ../../ngs_test_data/genome/GRCh38/GRCh38_full_analysis_set_plus_decoy_hla.fa, ../../ngs_test_data/genome/GRCh38/GRCh38_full_analysis_set_plus_decoy_hla.fa.fai, ../../ngs_test_data/germlineVar/delly/perSample/HG001_N1/HG001_N1.delly.call.bcf, ../../ngs_test_data/genome/GRCh38/GRCh38_full_analysis_set_plus_decoy_hla.exclude.cnvnator.bed
    output: ../../ngs_test_data/germlineVar/delly/perSample/HG001_N1/HG001_N1.delly.raw.bcf
    log: ../../ngs_test_log/gremlineVar/delly/perSample/HG001_N1/HG001_N1.dellyGT.logs
    jobid: 121
    benchmark: ../../ngs_test_bm/gremlineVar/delly/perSample/HG001_N1/HG001_N1.dellyGT.tsv
    wildcards: bam_sample=HG001_N1
    threads: 2

[Tue Jul 14 19:32:49 2020]
Finished job 121.
3 of 8 steps (38%) done

[Tue Jul 14 19:32:49 2020]
rule Delly_Call:
    input: ../../ngs_test_data/HQbam/HG001_N.bam, ../../ngs_test_data/HQbam/HG001_N.bam.bai, ../../ngs_test_data/genome/GRCh38/GRCh38_full_analysis_set_plus_decoy_hla.fa, ../../ngs_test_data/genome/GRCh38/GRCh38_full_analysis_set_plus_decoy_hla.fa.fai, ../../ngs_test_data/genome/GRCh38/GRCh38_full_analysis_set_plus_decoy_hla.exclude.cnvnator.bed
    output: ../../ngs_test_data/germlineVar/delly/perSample/HG001_N/HG001_N.delly.call.bcf
    log: ../../ngs_test_log/gremlineVar/delly/perSample/HG001_N/HG001_N.dellycall.logs
    jobid: 209
    benchmark: ../../ngs_test_bm/gremlineVar/delly/perSample/HG001_N/HG001_N.dellycall.tsv
    wildcards: bam_sample=HG001_N
    threads: 2

[Tue Jul 14 19:34:32 2020]
Finished job 209.
4 of 8 steps (50%) done

[Tue Jul 14 19:34:32 2020]
rule Delly_GT:
    input: ../../ngs_test_data/HQbam/HG001_N.bam, ../../ngs_test_data/HQbam/HG001_N.bam.bai, ../../ngs_test_data/genome/GRCh38/GRCh38_full_analysis_set_plus_decoy_hla.fa, ../../ngs_test_data/genome/GRCh38/GRCh38_full_analysis_set_plus_decoy_hla.fa.fai, ../../ngs_test_data/germlineVar/delly/perSample/HG001_N/HG001_N.delly.call.bcf, ../../ngs_test_data/genome/GRCh38/GRCh38_full_analysis_set_plus_decoy_hla.exclude.cnvnator.bed
    output: ../../ngs_test_data/germlineVar/delly/perSample/HG001_N/HG001_N.delly.raw.bcf
    log: ../../ngs_test_log/gremlineVar/delly/perSample/HG001_N/HG001_N.dellyGT.logs
    jobid: 120
    benchmark: ../../ngs_test_bm/gremlineVar/delly/perSample/HG001_N/HG001_N.dellyGT.tsv
    wildcards: bam_sample=HG001_N
    threads: 2

[Tue Jul 14 19:35:08 2020]
Finished job 120.
5 of 8 steps (62%) done

[Tue Jul 14 19:35:08 2020]
rule Delly2Bcf2vcfgz:
    input: ../../ngs_test_data/germlineVar/delly/perSample/HG001_N/HG001_N.delly.raw.bcf
    output: ../../ngs_test_data/germlineVar/delly/perSample/HG001_N/HG001_N.delly.raw.vcf.gz
    log: ../../ngs_test_log/gremlineVar/delly/perSample/HG001_N/HG001_N.dellybcf2vcfgz.logs
    jobid: 26
    benchmark: ../../ngs_test_bm/gremlineVar/delly/perSample/HG001_N/HG001_N.dellybcf2vcfgz.tsv
    wildcards: bam_sample=HG001_N
    threads: 2

[Tue Jul 14 19:35:11 2020]
Finished job 26.
6 of 8 steps (75%) done

[Tue Jul 14 19:35:11 2020]
rule Delly2Bcf2vcfgz:
    input: ../../ngs_test_data/germlineVar/delly/perSample/HG001_N1/HG001_N1.delly.raw.bcf
    output: ../../ngs_test_data/germlineVar/delly/perSample/HG001_N1/HG001_N1.delly.raw.vcf.gz
    log: ../../ngs_test_log/gremlineVar/delly/perSample/HG001_N1/HG001_N1.dellybcf2vcfgz.logs
    jobid: 27
    benchmark: ../../ngs_test_bm/gremlineVar/delly/perSample/HG001_N1/HG001_N1.dellybcf2vcfgz.tsv
    wildcards: bam_sample=HG001_N1
    threads: 2

[Tue Jul 14 19:35:15 2020]
Finished job 27.
7 of 8 steps (88%) done

[Tue Jul 14 19:35:15 2020]
localrule all:
    input: ../../ngs_test_data/germlineVar/HC/perSample/HG001_N/HG001_N.HC.raw.vcf.gz, ../../ngs_test_data/germlineVar/HC/perSample/HG001_N1/HG001_N1.HC.raw.vcf.gz, ../../ngs_test_data/germlineVar/HC/perSample/HG001_N/HG001_N.HC.SNV.passh.vcf.gz, ../../ngs_test_data/germlineVar/HC/perSample/HG001_N/HG001_N.HC.INDEL.passh.vcf.gz, ../../ngs_test_data/germlineVar/HC/perSample/HG001_N1/HG001_N1.HC.SNV.passh.vcf.gz, ../../ngs_test_data/germlineVar/HC/perSample/HG001_N1/HG001_N1.HC.INDEL.passh.vcf.gz, ../../ngs_test_data/germlineVar/HC/jointCall/jointCall/preTest.HC.raw.vcf.gz, ../../ngs_test_data/germlineVar/HC/jointCall/jointCall/preTest.HC.SNV.passh.vcf.gz, ../../ngs_test_data/germlineVar/HC/jointCall/jointCall/preTest.HC.INDEL.passh.vcf.gz, ../../ngs_test_data/germlineVar/FB/perSample/HG001_N/HG001_N.FB.raw.vcf.gz.tbi, ../../ngs_test_data/germlineVar/FB/perSample/HG001_N/HG001_N.FB.pass.vcf.gz.tbi, ../../ngs_test_data/germlineVar/FB/perSample/HG001_N1/HG001_N1.FB.raw.vcf.gz.tbi, ../../ngs_test_data/germlineVar/FB/perSample/HG001_N1/HG001_N1.FB.pass.vcf.gz.tbi, ../../ngs_test_data/germlineVar/Bcftools/perSample/HG001_N/HG001_N.Bcftools.raw.vcf.gz.tbi, ../../ngs_test_data/germlineVar/Bcftools/perSample/HG001_N/HG001_N.Bcftools.pass.vcf.gz.tbi, ../../ngs_test_data/germlineVar/Bcftools/perSample/HG001_N1/HG001_N1.Bcftools.raw.vcf.gz.tbi, ../../ngs_test_data/germlineVar/Bcftools/perSample/HG001_N1/HG001_N1.Bcftools.pass.vcf.gz.tbi, ../../ngs_test_data/germlineVar/varscan/perSample/HG001_N/HG001_N.varscan.raw.vcf.gz.tbi, ../../ngs_test_data/germlineVar/varscan/perSample/HG001_N/HG001_N.varscan.pass.vcf.gz.tbi, ../../ngs_test_data/germlineVar/varscan/perSample/HG001_N/HG001_N.varscan.SNV.pass.vcf.gz.tbi, ../../ngs_test_data/germlineVar/varscan/perSample/HG001_N/HG001_N.varscan.INDEL.pass.vcf.gz.tbi, ../../ngs_test_data/germlineVar/varscan/perSample/HG001_N1/HG001_N1.varscan.raw.vcf.gz.tbi, ../../ngs_test_data/germlineVar/varscan/perSample/HG001_N1/HG001_N1.varscan.pass.vcf.gz.tbi, ../../ngs_test_data/germlineVar/varscan/perSample/HG001_N1/HG001_N1.varscan.SNV.pass.vcf.gz.tbi, ../../ngs_test_data/germlineVar/varscan/perSample/HG001_N1/HG001_N1.varscan.INDEL.pass.vcf.gz.tbi, ../../ngs_test_data/germlineVar/delly/perSample/HG001_N/HG001_N.delly.raw.vcf.gz, ../../ngs_test_data/germlineVar/delly/perSample/HG001_N1/HG001_N1.delly.raw.vcf.gz
    jobid: 0

[Tue Jul 14 19:35:15 2020]
Finished job 0.
8 of 8 steps (100%) done
Complete log: /home/pengjia/ProjectSnake/DNAseq/dna/.snakemake/log/2020-07-14T193153.756954.snakemake.log
