Building DAG of jobs...
Using shell: /usr/bin/bash
Provided cores: 10
Rules claiming more threads will be scaled down.
Conda environments: ignored
Job counts:
	count	jobs
	2	Smoove
	1	all
	3

[Tue Jul 14 20:01:10 2020]
rule Smoove:
    input: ../../ngs_test_data/HQbam/HG001_N1.bam, ../../ngs_test_data/HQbam/HG001_N1.bam.bai, ../../ngs_test_data/genome/GRCh38/GRCh38_full_analysis_set_plus_decoy_hla.fa, ../../ngs_test_data/genome/GRCh38/GRCh38_full_analysis_set_plus_decoy_hla.fa.fai, ../../ngs_test_data/genome/GRCh38/GRCh38_full_analysis_set_plus_decoy_hla.exclude.cnvnator.bed
    output: ../../ngs_test_data/germlineVar/smoove/perSample/HG001_N1/HG001_N1/, ../../ngs_test_data/germlineVar/smoove/perSample/HG001_N1/HG001_N1-smoove.genotyped.vcf.gz, ../../ngs_test_data/germlineVar/smoove/perSample/HG001_N1/HG001_N1.smoove.raw.vcf.gz
    log: ../../ngs_test_log/gremlineVar/smoove/perSample/HG001_N1/HG001_N1.smoove.logs
    jobid: 29
    benchmark: ../../ngs_test_bm/gremlineVar/smoove/perSample/HG001_N1/HG001_N1.smoove.tsv
    wildcards: bam_sample=HG001_N1
    threads: 2

[Tue Jul 14 20:01:10 2020]
rule Smoove:
    input: ../../ngs_test_data/HQbam/HG001_N.bam, ../../ngs_test_data/HQbam/HG001_N.bam.bai, ../../ngs_test_data/genome/GRCh38/GRCh38_full_analysis_set_plus_decoy_hla.fa, ../../ngs_test_data/genome/GRCh38/GRCh38_full_analysis_set_plus_decoy_hla.fa.fai, ../../ngs_test_data/genome/GRCh38/GRCh38_full_analysis_set_plus_decoy_hla.exclude.cnvnator.bed
    output: ../../ngs_test_data/germlineVar/smoove/perSample/HG001_N/HG001_N/, ../../ngs_test_data/germlineVar/smoove/perSample/HG001_N/HG001_N-smoove.genotyped.vcf.gz, ../../ngs_test_data/germlineVar/smoove/perSample/HG001_N/HG001_N.smoove.raw.vcf.gz
    log: ../../ngs_test_log/gremlineVar/smoove/perSample/HG001_N/HG001_N.smoove.logs
    jobid: 28
    benchmark: ../../ngs_test_bm/gremlineVar/smoove/perSample/HG001_N/HG001_N.smoove.tsv
    wildcards: bam_sample=HG001_N
    threads: 2

Shutting down, this might take some time.
Exiting because a job execution failed. Look above for error message
Complete log: /home/pengjia/ProjectSnake/DNAseq/dna/.snakemake/log/2020-07-14T200057.139712.snakemake.log
