Building DAG of jobs...
Using shell: /usr/bin/bash
Provided cores: 10
Rules claiming more threads will be scaled down.
Job counts:
	count	jobs
	2	Smoove
	1	all
	3

[Sun Jul 19 14:14:30 2020]
rule Smoove:
    input: ../../ngs_test_data/data/HQbam/HG001_N1.bam, ../../ngs_test_data/data/HQbam/HG001_N1.bam.bai, ../../ngs_test_data/data/genome/GRCh38/GRCh38_full_analysis_set_plus_decoy_hla.fa, ../../ngs_test_data/data/genome/GRCh38/GRCh38_full_analysis_set_plus_decoy_hla.fa.fai, ../../ngs_test_data/data/genome/GRCh38/GRCh38_full_analysis_set_plus_decoy_hla.exclude.cnvnator.bed
    output: ../../ngs_test_data/data/germlineVar/smoove/perSample/HG001_N1/HG001_N1, ../../ngs_test_data/data/germlineVar/smoove/perSample/HG001_N1/HG001_N1.smoove.raw.vcf.gz
    log: ../../ngs_test_data/logs/gremlineVar/smoove/perSample/HG001_N1/HG001_N1.smoove.logs
    jobid: 29
    benchmark: ../../ngs_test_data/benchmark/gremlineVar/smoove/perSample/HG001_N1/HG001_N1.smoove.tsv
    wildcards: bam_sample=HG001_N1
    threads: 2


[Sun Jul 19 14:14:30 2020]
rule Smoove:
    input: ../../ngs_test_data/data/HQbam/HG001_N.bam, ../../ngs_test_data/data/HQbam/HG001_N.bam.bai, ../../ngs_test_data/data/genome/GRCh38/GRCh38_full_analysis_set_plus_decoy_hla.fa, ../../ngs_test_data/data/genome/GRCh38/GRCh38_full_analysis_set_plus_decoy_hla.fa.fai, ../../ngs_test_data/data/genome/GRCh38/GRCh38_full_analysis_set_plus_decoy_hla.exclude.cnvnator.bed
    output: ../../ngs_test_data/data/germlineVar/smoove/perSample/HG001_N/HG001_N, ../../ngs_test_data/data/germlineVar/smoove/perSample/HG001_N/HG001_N.smoove.raw.vcf.gz
    log: ../../ngs_test_data/logs/gremlineVar/smoove/perSample/HG001_N/HG001_N.smoove.logs
    jobid: 28
    benchmark: ../../ngs_test_data/benchmark/gremlineVar/smoove/perSample/HG001_N/HG001_N.smoove.tsv
    wildcards: bam_sample=HG001_N
    threads: 2

[Sun Jul 19 14:15:33 2020]
Error in rule Smoove:
    jobid: 29
    output: ../../ngs_test_data/data/germlineVar/smoove/perSample/HG001_N1/HG001_N1, ../../ngs_test_data/data/germlineVar/smoove/perSample/HG001_N1/HG001_N1.smoove.raw.vcf.gz
    log: ../../ngs_test_data/logs/gremlineVar/smoove/perSample/HG001_N1/HG001_N1.smoove.logs (check log file(s) for error message)
    shell:
        
        export PATH=/home/pengjia/miniconda3/envs/ngs27/bin/:$PATH
        /home/pengjia/miniconda3/envs/ngs27/bin/smoove call -x -d --genotype --name HG001_N1 --outdir ../../ngs_test_data/data/germlineVar/smoove/perSample/HG001_N1/HG001_N1 --exclude ../../ngs_test_data/data/genome/GRCh38/GRCh38_full_analysis_set_plus_decoy_hla.exclude.cnvnator.bed --fasta ../../ngs_test_data/data/genome/GRCh38/GRCh38_full_analysis_set_plus_decoy_hla.fa -p 2 ../../ngs_test_data/data/HQbam/HG001_N1.bam 2>../../ngs_test_data/logs/gremlineVar/smoove/perSample/HG001_N1/HG001_N1.smoove.logs 1>../../ngs_test_data/logs/gremlineVar/smoove/perSample/HG001_N1/HG001_N1.smoove.logs
        mv ../../ngs_test_data/data/germlineVar/smoove/perSample/HG001_N1/HG001_N1/HG001_N1/HG001_N1-smoove.genotyped.vcf.gz ../../ngs_test_data/data/germlineVar/smoove/perSample/HG001_N1/HG001_N1.smoove.raw.vcf.gz
        
        (exited with non-zero exit code)

Removing output files of failed job Smoove since they might be corrupted:
../../ngs_test_data/data/germlineVar/smoove/perSample/HG001_N1/HG001_N1
[Sun Jul 19 14:15:46 2020]
Error in rule Smoove:
    jobid: 28
    output: ../../ngs_test_data/data/germlineVar/smoove/perSample/HG001_N/HG001_N, ../../ngs_test_data/data/germlineVar/smoove/perSample/HG001_N/HG001_N.smoove.raw.vcf.gz
    log: ../../ngs_test_data/logs/gremlineVar/smoove/perSample/HG001_N/HG001_N.smoove.logs (check log file(s) for error message)
    shell:
        
        export PATH=/home/pengjia/miniconda3/envs/ngs27/bin/:$PATH
        /home/pengjia/miniconda3/envs/ngs27/bin/smoove call -x -d --genotype --name HG001_N --outdir ../../ngs_test_data/data/germlineVar/smoove/perSample/HG001_N/HG001_N --exclude ../../ngs_test_data/data/genome/GRCh38/GRCh38_full_analysis_set_plus_decoy_hla.exclude.cnvnator.bed --fasta ../../ngs_test_data/data/genome/GRCh38/GRCh38_full_analysis_set_plus_decoy_hla.fa -p 2 ../../ngs_test_data/data/HQbam/HG001_N.bam 2>../../ngs_test_data/logs/gremlineVar/smoove/perSample/HG001_N/HG001_N.smoove.logs 1>../../ngs_test_data/logs/gremlineVar/smoove/perSample/HG001_N/HG001_N.smoove.logs
        mv ../../ngs_test_data/data/germlineVar/smoove/perSample/HG001_N/HG001_N/HG001_N/HG001_N-smoove.genotyped.vcf.gz ../../ngs_test_data/data/germlineVar/smoove/perSample/HG001_N/HG001_N.smoove.raw.vcf.gz
        
        (exited with non-zero exit code)

Removing output files of failed job Smoove since they might be corrupted:
../../ngs_test_data/data/germlineVar/smoove/perSample/HG001_N/HG001_N
Shutting down, this might take some time.
Exiting because a job execution failed. Look above for error message
Complete log: /home/pengjia/ProjectSnake/DNAseq/dna/.snakemake/log/2020-07-19T141427.685431.snakemake.log
