Building DAG of jobs...
Using shell: /usr/bin/bash
Provided cores: 28
Rules claiming more threads will be scaled down.
Job counts:
	count	jobs
	2	CNVnator
	2	Manta
	1	all
	5

[Mon Jul 20 17:41:02 2020]
rule Manta:
    input: ../../ngs_test_data/data1/germlineVar/manta/perSample/HG001_N/HG001_N
    output: ../../ngs_test_data/data1/germlineVar/manta/perSample/HG001_N/HG001_N_manta/results/variants/diploidSV.vcf.gz, ../../ngs_test_data/data1/germlineVar/manta/perSample/HG001_N/HG001_N_manta.raw.vcf.gz
    log: ../../ngs_test_data/logs/gremlineVar/manta/perSample/HG001_N/HG001_N.manta.logs
    jobid: 35
    benchmark: ../../ngs_test_data/benchmark/gremlineVar/manta/perSample/HG001_N/HG001_N.manta.tsv
    wildcards: bam_sample=HG001_N
    threads: 4


[Mon Jul 20 17:41:02 2020]
rule Manta:
    input: ../../ngs_test_data/data1/germlineVar/manta/perSample/HG001_N1/HG001_N1
    output: ../../ngs_test_data/data1/germlineVar/manta/perSample/HG001_N1/HG001_N1_manta/results/variants/diploidSV.vcf.gz, ../../ngs_test_data/data1/germlineVar/manta/perSample/HG001_N1/HG001_N1_manta.raw.vcf.gz
    log: ../../ngs_test_data/logs/gremlineVar/manta/perSample/HG001_N1/HG001_N1.manta.logs
    jobid: 34
    benchmark: ../../ngs_test_data/benchmark/gremlineVar/manta/perSample/HG001_N1/HG001_N1.manta.tsv
    wildcards: bam_sample=HG001_N1
    threads: 4


[Mon Jul 20 17:41:02 2020]
rule CNVnator:
    input: ../../ngs_test_data/data1/HQbam/HG001_N.bam, ../../ngs_test_data/data1/HQbam/HG001_N.bam.bai, ../../ngs_test_data/data1/genome/GRCh38/GRCh38_full_analysis_set_plus_decoy_hla.fa, ../../ngs_test_data/data1/genome/GRCh38/GRCh38_full_analysis_set_plus_decoy_hla.fa.fai
    output: ../../ngs_test_data/data1/germlineVar/cnvnator/perSample/HG001_N/HG001_N.cnvnator.root, ../../ngs_test_data/data1/germlineVar/cnvnator/perSample/HG001_N/HG001_N.raw.cnvnator
    log: ../../ngs_test_data/logs/gremlineVar/cnvnator/perSample/HG001_N/HG001_N.cnvnator.logs
    jobid: 31
    benchmark: ../../ngs_test_data/benchmark/gremlineVar/cnvnator/perSample/HG001_N/HG001_N.cnvnator.tsv
    wildcards: bam_sample=HG001_N
    threads: 2


[Mon Jul 20 17:41:02 2020]
rule CNVnator:
    input: ../../ngs_test_data/data1/HQbam/HG001_N1.bam, ../../ngs_test_data/data1/HQbam/HG001_N1.bam.bai, ../../ngs_test_data/data1/genome/GRCh38/GRCh38_full_analysis_set_plus_decoy_hla.fa, ../../ngs_test_data/data1/genome/GRCh38/GRCh38_full_analysis_set_plus_decoy_hla.fa.fai
    output: ../../ngs_test_data/data1/germlineVar/cnvnator/perSample/HG001_N1/HG001_N1.cnvnator.root, ../../ngs_test_data/data1/germlineVar/cnvnator/perSample/HG001_N1/HG001_N1.raw.cnvnator
    log: ../../ngs_test_data/logs/gremlineVar/cnvnator/perSample/HG001_N1/HG001_N1.cnvnator.logs
    jobid: 30
    benchmark: ../../ngs_test_data/benchmark/gremlineVar/cnvnator/perSample/HG001_N1/HG001_N1.cnvnator.tsv
    wildcards: bam_sample=HG001_N1
    threads: 2

[Mon Jul 20 17:42:51 2020]
Error in rule Manta:
    jobid: 34
    output: ../../ngs_test_data/data1/germlineVar/manta/perSample/HG001_N1/HG001_N1_manta/results/variants/diploidSV.vcf.gz, ../../ngs_test_data/data1/germlineVar/manta/perSample/HG001_N1/HG001_N1_manta.raw.vcf.gz
    log: ../../ngs_test_data/logs/gremlineVar/manta/perSample/HG001_N1/HG001_N1.manta.logs (check log file(s) for error message)
    shell:
        
         export PATH=/home/pengjia/miniconda3/envs/ngs27/bin/:$PATH
         chmod +x ../../ngs_test_data/data1/germlineVar/manta/perSample/HG001_N1/HG001_N1_manta/runWorkflow.py
         ../../ngs_test_data/data1/germlineVar/manta/perSample/HG001_N1/HG001_N1_manta/runWorkflow.py -j 4 2>../../ngs_test_data/logs/gremlineVar/manta/perSample/HG001_N1/HG001_N1.manta.logs 1>../../ngs_test_data/logs/gremlineVar/manta/perSample/HG001_N1/HG001_N1.manta.logs
         ln ../../ngs_test_data/data1/germlineVar/manta/perSample/HG001_N1/HG001_N1_manta/results/variants/diploidSV.vcf.gz ../../ngs_test_data/data1/germlineVar/manta/perSample/HG001_N1/HG001_N1_manta.raw.vcf.gz
         ln ../../ngs_test_data/data1/germlineVar/manta/perSample/HG001_N1/HG001_N1_manta/results/variants/diploidSV.vcf.gz.tbi ../../ngs_test_data/data1/germlineVar/manta/perSample/HG001_N1/HG001_N1_manta.raw.vcf.gz.tbi
         
         
        (exited with non-zero exit code)

Job failed, going on with independent jobs.
[Mon Jul 20 17:43:04 2020]
Error in rule Manta:
    jobid: 35
    output: ../../ngs_test_data/data1/germlineVar/manta/perSample/HG001_N/HG001_N_manta/results/variants/diploidSV.vcf.gz, ../../ngs_test_data/data1/germlineVar/manta/perSample/HG001_N/HG001_N_manta.raw.vcf.gz
    log: ../../ngs_test_data/logs/gremlineVar/manta/perSample/HG001_N/HG001_N.manta.logs (check log file(s) for error message)
    shell:
        
         export PATH=/home/pengjia/miniconda3/envs/ngs27/bin/:$PATH
         chmod +x ../../ngs_test_data/data1/germlineVar/manta/perSample/HG001_N/HG001_N_manta/runWorkflow.py
         ../../ngs_test_data/data1/germlineVar/manta/perSample/HG001_N/HG001_N_manta/runWorkflow.py -j 4 2>../../ngs_test_data/logs/gremlineVar/manta/perSample/HG001_N/HG001_N.manta.logs 1>../../ngs_test_data/logs/gremlineVar/manta/perSample/HG001_N/HG001_N.manta.logs
         ln ../../ngs_test_data/data1/germlineVar/manta/perSample/HG001_N/HG001_N_manta/results/variants/diploidSV.vcf.gz ../../ngs_test_data/data1/germlineVar/manta/perSample/HG001_N/HG001_N_manta.raw.vcf.gz
         ln ../../ngs_test_data/data1/germlineVar/manta/perSample/HG001_N/HG001_N_manta/results/variants/diploidSV.vcf.gz.tbi ../../ngs_test_data/data1/germlineVar/manta/perSample/HG001_N/HG001_N_manta.raw.vcf.gz.tbi
         
         
        (exited with non-zero exit code)

Job failed, going on with independent jobs.
Waiting at most 5 seconds for missing files.
MissingOutputException in line 19 of /home/pengjia/ProjectSnake/DNAseq/dna/smk/var/var_cnvnator.smk:
Missing files after 5 seconds:
../../ngs_test_data/data1/germlineVar/cnvnator/perSample/HG001_N1/HG001_N1.raw.cnvnator
This might be due to filesystem latency. If that is the case, consider to increase the wait time with --latency-wait.
Removing output files of failed job CNVnator since they might be corrupted:
../../ngs_test_data/data1/germlineVar/cnvnator/perSample/HG001_N1/HG001_N1.cnvnator.root
Job failed, going on with independent jobs.
Waiting at most 5 seconds for missing files.
MissingOutputException in line 19 of /home/pengjia/ProjectSnake/DNAseq/dna/smk/var/var_cnvnator.smk:
Missing files after 5 seconds:
../../ngs_test_data/data1/germlineVar/cnvnator/perSample/HG001_N/HG001_N.raw.cnvnator
This might be due to filesystem latency. If that is the case, consider to increase the wait time with --latency-wait.
Removing output files of failed job CNVnator since they might be corrupted:
../../ngs_test_data/data1/germlineVar/cnvnator/perSample/HG001_N/HG001_N.cnvnator.root
Job failed, going on with independent jobs.
Exiting because a job execution failed. Look above for error message
Complete log: /home/pengjia/ProjectSnake/DNAseq/dna/.snakemake/log/2020-07-20T174100.126756.snakemake.log
