Building DAG of jobs...
Using shell: /usr/bin/bash
Provided cores: 15
Rules claiming more threads will be scaled down.
Job counts:
	count	jobs
	4	BamIndex
	2	Bcftools_Call
	2	Bcftools_Filter
	2	Bcftools_Mpileup
	3	Bwa
	2	Delly2Bcf2vcfgz
	2	Delly_Call
	2	Delly_GT
	2	FB_CallVar
	2	FB_Filter
	1	GenomeIndexBwa
	1	GenomeIndexSamtools
	1	LoadGenome
	1	LoadGenomeFile
	2	LoadHQbam
	2	MarkDupWithPicard
	2	MergeBam
	2	NoneBQSR
	2	NoneFixMate
	2	NoneLeftALign
	2	NoneRealign
	2	Samtools_Mpileup
	2	Varscan_Call
	2	Varscan_Call_INDEL
	2	Varscan_Call_SNV
	2	Varscan_Filter
	2	Varscan_Filter_INDEL
	2	Varscan_Filter_SNV
	1	all
	3	fastp
	3	loadrawData
	16	tabix
	78

[Wed Jul 15 09:00:46 2020]
rule loadrawData:
    input: /home/DATA/NA12878/pipelineTest/fastq/HG001_1000GDeep_chr20_1.fq.gz, /home/DATA/NA12878/pipelineTest/fastq/HG001_1000GDeep_chr20_2.fq.gz
    output: ../../ngs_test_data/data/rawdata/HG001/N1/HG001_N1_L2_1.fq.gz, ../../ngs_test_data/data/rawdata/HG001/N1/HG001_N1_L2_2.fq.gz
    log: ../../ngs_test_data/logs/qc/loadRawdata/HG001/N1/HG001_N1_L2_loaddata.log
    jobid: 76
    wildcards: case=HG001, sample=N1, unit=L2
    threads: 4

[Wed Jul 15 09:00:46 2020]
rule loadrawData:
    input: /home/DATA/NA12878/pipelineTest/fastq/HG001_GIAB_chr20_1.fq, /home/DATA/NA12878/pipelineTest/fastq/HG001_GIAB_chr20_2.fq
    output: ../../ngs_test_data/data/rawdata/HG001/N/HG001_N_L1_1.fq.gz, ../../ngs_test_data/data/rawdata/HG001/N/HG001_N_L1_2.fq.gz
    log: ../../ngs_test_data/logs/qc/loadRawdata/HG001/N/HG001_N_L1_loaddata.log
    jobid: 75
    wildcards: case=HG001, sample=N, unit=L1
    threads: 4

[Wed Jul 15 09:00:47 2020]
rule LoadGenomeFile:
    input: /home/DATA/REFGENOMEDB/human/GRCh38_full_analysis_set_plus_decoy_hla/genome/GRCh38_full_analysis_set_plus_decoy_hla.exclude.cnvnator.bed
    output: ../../ngs_test_data/data/genome/GRCh38/GRCh38_full_analysis_set_plus_decoy_hla.exclude.cnvnator.bed
    jobid: 50


[Wed Jul 15 09:00:48 2020]
rule loadrawData:
    input: /home/DATA/NA12878/pipelineTest/fastq/HG001_1000G_chr20_1.fq, /home/DATA/NA12878/pipelineTest/fastq/HG001_1000G_chr20_2.fq
    output: ../../ngs_test_data/data/rawdata/HG001/N1/HG001_N1_L1_1.fq.gz, ../../ngs_test_data/data/rawdata/HG001/N1/HG001_N1_L1_2.fq.gz
    log: ../../ngs_test_data/logs/qc/loadRawdata/HG001/N1/HG001_N1_L1_loaddata.log
    jobid: 77
    wildcards: case=HG001, sample=N1, unit=L1
    threads: 4

[Wed Jul 15 09:00:50 2020]
localrule LoadGenome:
    input: /home/DATA/REFGENOMEDB/human/GRCh38_full_analysis_set_plus_decoy_hla/genome/GRCh38_full_analysis_set_plus_decoy_hla.fa
    output: ../../ngs_test_data/data/genome/GRCh38/GRCh38_full_analysis_set_plus_decoy_hla.fa
    jobid: 38

[Wed Jul 15 09:00:50 2020]
Finished job 50.
1 of 78 steps (1%) done
[Wed Jul 15 09:00:50 2020]
Finished job 38.
2 of 78 steps (3%) done

[Wed Jul 15 09:00:50 2020]
rule GenomeIndexBwa:
    input: ../../ngs_test_data/data/genome/GRCh38/GRCh38_full_analysis_set_plus_decoy_hla.fa
    output: ../../ngs_test_data/data/genome/GRCh38/GRCh38_full_analysis_set_plus_decoy_hla.fa.amb, ../../ngs_test_data/data/genome/GRCh38/GRCh38_full_analysis_set_plus_decoy_hla.fa.bwt, ../../ngs_test_data/data/genome/GRCh38/GRCh38_full_analysis_set_plus_decoy_hla.fa.pac, ../../ngs_test_data/data/genome/GRCh38/GRCh38_full_analysis_set_plus_decoy_hla.fa.ann, ../../ngs_test_data/data/genome/GRCh38/GRCh38_full_analysis_set_plus_decoy_hla.fa.sa
    log: ../../ngs_test_data/logs/genomeindex/genomeindex_bwa.log
    jobid: 72

[Wed Jul 15 09:00:51 2020]
rule GenomeIndexSamtools:
    input: ../../ngs_test_data/data/genome/GRCh38/GRCh38_full_analysis_set_plus_decoy_hla.fa
    output: ../../ngs_test_data/data/genome/GRCh38/GRCh38_full_analysis_set_plus_decoy_hla.fa.fai, ../../ngs_test_data/data/genome/GRCh38/GRCh38_full_analysis_set_plus_decoy_hla.fa.fai_chrom
    log: ../../ngs_test_data/logs/genomeindex/genomeindex_samtools.log
    jobid: 39

[Wed Jul 15 09:00:52 2020]
Finished job 39.
3 of 78 steps (4%) done
[Wed Jul 15 09:00:53 2020]
Finished job 72.
4 of 78 steps (5%) done
[Wed Jul 15 09:00:53 2020]
Finished job 75.
5 of 78 steps (6%) done

[Wed Jul 15 09:00:53 2020]
rule fastp:
    input: ../../ngs_test_data/data/rawdata/HG001/N/HG001_N_L1_1.fq.gz, ../../ngs_test_data/data/rawdata/HG001/N/HG001_N_L1_2.fq.gz
    output: ../../ngs_test_data/data/cleandata/fastp/HG001/N/HG001_N_L1_fastp_1.fq.gz, ../../ngs_test_data/data/cleandata/fastp/HG001/N/HG001_N_L1_fastp_2.fq.gz, ../../ngs_test_data/data/qc/fastp/HG001/N/HG001_N_L1_fastp.html, ../../ngs_test_data/data/qc/fastp/HG001/N/HG001_N_L1_fastp.json
    log: ../../ngs_test_data/logs/qc/fastp/HG001/N/HG001_N_L1_fastp.log
    jobid: 71
    benchmark: ../../ngs_test_data/benchmark/qc/fastp/HG001/N/HG001_N_L1_fastp.tsv
    wildcards: case=HG001, sample=N, unit=L1
    threads: 4

[Wed Jul 15 09:00:58 2020]
Finished job 71.
6 of 78 steps (8%) done
[Wed Jul 15 09:01:13 2020]
Finished job 77.
7 of 78 steps (9%) done

[Wed Jul 15 09:01:13 2020]
rule Bwa:
    input: ../../ngs_test_data/data/cleandata/fastp/HG001/N/HG001_N_L1_fastp_1.fq.gz, ../../ngs_test_data/data/cleandata/fastp/HG001/N/HG001_N_L1_fastp_2.fq.gz, ../../ngs_test_data/data/genome/GRCh38/GRCh38_full_analysis_set_plus_decoy_hla.fa, ../../ngs_test_data/data/genome/GRCh38/GRCh38_full_analysis_set_plus_decoy_hla.fa.fai, ../../ngs_test_data/data/genome/GRCh38/GRCh38_full_analysis_set_plus_decoy_hla.fa.bwt
    output: ../../ngs_test_data/data/align/HG001/N/HG001_N_L1_fastp_bwa_sorted.bam
    log: ../../ngs_test_data/logs/align/bwa/HG001/N/HG001_N_L1_fastp_bwa.logs
    jobid: 68
    benchmark: ../../ngs_test_data/benchmark/align/bwa/HG001/N/HG001_N_L1_fastp.bwa.tsv
    wildcards: case=HG001, sample=N, unit=L1, qcpipe=fastp
    threads: 8

[Wed Jul 15 09:02:03 2020]
Finished job 68.
8 of 78 steps (10%) done

[Wed Jul 15 09:02:03 2020]
rule fastp:
    input: ../../ngs_test_data/data/rawdata/HG001/N1/HG001_N1_L1_1.fq.gz, ../../ngs_test_data/data/rawdata/HG001/N1/HG001_N1_L1_2.fq.gz
    output: ../../ngs_test_data/data/cleandata/fastp/HG001/N1/HG001_N1_L1_fastp_1.fq.gz, ../../ngs_test_data/data/cleandata/fastp/HG001/N1/HG001_N1_L1_fastp_2.fq.gz, ../../ngs_test_data/data/qc/fastp/HG001/N1/HG001_N1_L1_fastp.html, ../../ngs_test_data/data/qc/fastp/HG001/N1/HG001_N1_L1_fastp.json
    log: ../../ngs_test_data/logs/qc/fastp/HG001/N1/HG001_N1_L1_fastp.log
    jobid: 74
    benchmark: ../../ngs_test_data/benchmark/qc/fastp/HG001/N1/HG001_N1_L1_fastp.tsv
    wildcards: case=HG001, sample=N1, unit=L1
    threads: 4

[Wed Jul 15 09:02:18 2020]
Finished job 74.
9 of 78 steps (12%) done

[Wed Jul 15 09:02:18 2020]
rule Bwa:
    input: ../../ngs_test_data/data/cleandata/fastp/HG001/N1/HG001_N1_L1_fastp_1.fq.gz, ../../ngs_test_data/data/cleandata/fastp/HG001/N1/HG001_N1_L1_fastp_2.fq.gz, ../../ngs_test_data/data/genome/GRCh38/GRCh38_full_analysis_set_plus_decoy_hla.fa, ../../ngs_test_data/data/genome/GRCh38/GRCh38_full_analysis_set_plus_decoy_hla.fa.fai, ../../ngs_test_data/data/genome/GRCh38/GRCh38_full_analysis_set_plus_decoy_hla.fa.bwt
    output: ../../ngs_test_data/data/align/HG001/N1/HG001_N1_L1_fastp_bwa_sorted.bam
    log: ../../ngs_test_data/logs/align/bwa/HG001/N1/HG001_N1_L1_fastp_bwa.logs
    jobid: 70
    benchmark: ../../ngs_test_data/benchmark/align/bwa/HG001/N1/HG001_N1_L1_fastp.bwa.tsv
    wildcards: case=HG001, sample=N1, unit=L1, qcpipe=fastp
    threads: 8

[Wed Jul 15 09:02:48 2020]
Finished job 76.
10 of 78 steps (13%) done

[Wed Jul 15 09:02:48 2020]
rule fastp:
    input: ../../ngs_test_data/data/rawdata/HG001/N1/HG001_N1_L2_1.fq.gz, ../../ngs_test_data/data/rawdata/HG001/N1/HG001_N1_L2_2.fq.gz
    output: ../../ngs_test_data/data/cleandata/fastp/HG001/N1/HG001_N1_L2_fastp_1.fq.gz, ../../ngs_test_data/data/cleandata/fastp/HG001/N1/HG001_N1_L2_fastp_2.fq.gz, ../../ngs_test_data/data/qc/fastp/HG001/N1/HG001_N1_L2_fastp.html, ../../ngs_test_data/data/qc/fastp/HG001/N1/HG001_N1_L2_fastp.json
    log: ../../ngs_test_data/logs/qc/fastp/HG001/N1/HG001_N1_L2_fastp.log
    jobid: 73
    benchmark: ../../ngs_test_data/benchmark/qc/fastp/HG001/N1/HG001_N1_L2_fastp.tsv
    wildcards: case=HG001, sample=N1, unit=L2
    threads: 4

[Wed Jul 15 09:02:52 2020]
Finished job 73.
11 of 78 steps (14%) done
[Wed Jul 15 09:03:14 2020]
Finished job 70.
12 of 78 steps (15%) done

[Wed Jul 15 09:03:14 2020]
rule Bwa:
    input: ../../ngs_test_data/data/cleandata/fastp/HG001/N1/HG001_N1_L2_fastp_1.fq.gz, ../../ngs_test_data/data/cleandata/fastp/HG001/N1/HG001_N1_L2_fastp_2.fq.gz, ../../ngs_test_data/data/genome/GRCh38/GRCh38_full_analysis_set_plus_decoy_hla.fa, ../../ngs_test_data/data/genome/GRCh38/GRCh38_full_analysis_set_plus_decoy_hla.fa.fai, ../../ngs_test_data/data/genome/GRCh38/GRCh38_full_analysis_set_plus_decoy_hla.fa.bwt
    output: ../../ngs_test_data/data/align/HG001/N1/HG001_N1_L2_fastp_bwa_sorted.bam
    log: ../../ngs_test_data/logs/align/bwa/HG001/N1/HG001_N1_L2_fastp_bwa.logs
    jobid: 69
    benchmark: ../../ngs_test_data/benchmark/align/bwa/HG001/N1/HG001_N1_L2_fastp.bwa.tsv
    wildcards: case=HG001, sample=N1, unit=L2, qcpipe=fastp
    threads: 8

[Wed Jul 15 09:03:27 2020]
Finished job 69.
13 of 78 steps (17%) done

[Wed Jul 15 09:03:27 2020]
rule MergeBam:
    input: ../../ngs_test_data/data/align/HG001/N1/HG001_N1_L2_fastp_bwa_sorted.bam, ../../ngs_test_data/data/align/HG001/N1/HG001_N1_L1_fastp_bwa_sorted.bam
    output: ../../ngs_test_data/data/align/HG001/N1/HG001_N1_fastp_bwa.bam
    log: ../../ngs_test_data/logs/align/HG001/N1/HG001_N1_fastp_bwa.merge.logs
    jobid: 67
    benchmark: ../../ngs_test_data/benchmark/align/HG001/N1/HG001_N1_fastp_bwa.merge.tsv
    wildcards: case=HG001, sample=N1, qcpipe=fastp, aligner=bwa
    threads: 8

[Wed Jul 15 09:03:41 2020]
Finished job 67.
14 of 78 steps (18%) done

[Wed Jul 15 09:03:41 2020]
rule MarkDupWithPicard:
    input: ../../ngs_test_data/data/align/HG001/N1/HG001_N1_fastp_bwa.bam
    output: ../../ngs_test_data/data/align/HG001/N1/HG001_N1_fastp_bwa_picardMarkDup.bam, ../../ngs_test_data/data/align/HG001/N1/HG001_N1_fastp_bwa_picardMarkDup.metrics
    log: ../../ngs_test_data/logs/align/HG001/N1/HG001_N1_fastp_bwa_picardMarkDup.logs
    jobid: 64
    benchmark: ../../ngs_test_data/benchmark/align/HG001/N1/HG001_N1_fastp_bwa_picardMarkDup.tsv
    wildcards: case=HG001, sample=N1, qcpipe=fastp, aligner=bwa

[Wed Jul 15 09:03:41 2020]
rule MergeBam:
    input: ../../ngs_test_data/data/align/HG001/N/HG001_N_L1_fastp_bwa_sorted.bam
    output: ../../ngs_test_data/data/align/HG001/N/HG001_N_fastp_bwa.bam
    log: ../../ngs_test_data/logs/align/HG001/N/HG001_N_fastp_bwa.merge.logs
    jobid: 66
    benchmark: ../../ngs_test_data/benchmark/align/HG001/N/HG001_N_fastp_bwa.merge.tsv
    wildcards: case=HG001, sample=N, qcpipe=fastp, aligner=bwa
    threads: 8

[Wed Jul 15 09:04:04 2020]
Finished job 64.
15 of 78 steps (19%) done
[Wed Jul 15 09:04:44 2020]
Finished job 66.
16 of 78 steps (21%) done

[Wed Jul 15 09:04:44 2020]
rule BamIndex:
    input: ../../ngs_test_data/data/align/HG001/N1/HG001_N1_fastp_bwa_picardMarkDup.bam
    output: ../../ngs_test_data/data/align/HG001/N1/HG001_N1_fastp_bwa_picardMarkDup.bam.bai
    jobid: 65
    wildcards: prefix=../../ngs_test_data/data/align/HG001/N1/HG001_N1_fastp_bwa_picardMarkDup
    threads: 8

[Wed Jul 15 09:04:44 2020]
rule MarkDupWithPicard:
    input: ../../ngs_test_data/data/align/HG001/N/HG001_N_fastp_bwa.bam
    output: ../../ngs_test_data/data/align/HG001/N/HG001_N_fastp_bwa_picardMarkDup.bam, ../../ngs_test_data/data/align/HG001/N/HG001_N_fastp_bwa_picardMarkDup.metrics
    log: ../../ngs_test_data/logs/align/HG001/N/HG001_N_fastp_bwa_picardMarkDup.logs
    jobid: 62
    benchmark: ../../ngs_test_data/benchmark/align/HG001/N/HG001_N_fastp_bwa_picardMarkDup.tsv
    wildcards: case=HG001, sample=N, qcpipe=fastp, aligner=bwa

[Wed Jul 15 09:04:45 2020]
Finished job 65.
17 of 78 steps (22%) done

[Wed Jul 15 09:04:45 2020]
localrule NoneRealign:
    input: ../../ngs_test_data/data/align/HG001/N1/HG001_N1_fastp_bwa_picardMarkDup.bam, ../../ngs_test_data/data/align/HG001/N1/HG001_N1_fastp_bwa_picardMarkDup.bam.bai
    output: ../../ngs_test_data/data/align/HG001/N1/HG001_N1_fastp_bwa_picardMarkDup_noneReAlign.bam, ../../ngs_test_data/data/align/HG001/N1/HG001_N1_fastp_bwa_picardMarkDup.noneReAlign.bam.bai
    jobid: 60
    wildcards: case=HG001, sample=N1, qcpipe=fastp, aligner=bwa, markdup=picardMarkDup

[Wed Jul 15 09:04:52 2020]
Finished job 62.
18 of 78 steps (23%) done

[Wed Jul 15 09:04:52 2020]
rule BamIndex:
    input: ../../ngs_test_data/data/align/HG001/N/HG001_N_fastp_bwa_picardMarkDup.bam
    output: ../../ngs_test_data/data/align/HG001/N/HG001_N_fastp_bwa_picardMarkDup.bam.bai
    jobid: 63
    wildcards: prefix=../../ngs_test_data/data/align/HG001/N/HG001_N_fastp_bwa_picardMarkDup
    threads: 8

[Wed Jul 15 09:04:53 2020]
Finished job 63.
19 of 78 steps (24%) done

[Wed Jul 15 09:04:53 2020]
localrule NoneRealign:
    input: ../../ngs_test_data/data/align/HG001/N/HG001_N_fastp_bwa_picardMarkDup.bam, ../../ngs_test_data/data/align/HG001/N/HG001_N_fastp_bwa_picardMarkDup.bam.bai
    output: ../../ngs_test_data/data/align/HG001/N/HG001_N_fastp_bwa_picardMarkDup_noneReAlign.bam, ../../ngs_test_data/data/align/HG001/N/HG001_N_fastp_bwa_picardMarkDup.noneReAlign.bam.bai
    jobid: 58
    wildcards: case=HG001, sample=N, qcpipe=fastp, aligner=bwa, markdup=picardMarkDup

[Wed Jul 15 09:05:45 2020]
Finished job 60.
20 of 78 steps (26%) done

[Wed Jul 15 09:05:45 2020]
rule BamIndex:
    input: ../../ngs_test_data/data/align/HG001/N1/HG001_N1_fastp_bwa_picardMarkDup_noneReAlign.bam
    output: ../../ngs_test_data/data/align/HG001/N1/HG001_N1_fastp_bwa_picardMarkDup_noneReAlign.bam.bai
    jobid: 61
    wildcards: prefix=../../ngs_test_data/data/align/HG001/N1/HG001_N1_fastp_bwa_picardMarkDup_noneReAlign
    threads: 8

[Wed Jul 15 09:05:46 2020]
Finished job 61.
21 of 78 steps (27%) done

[Wed Jul 15 09:05:46 2020]
localrule NoneBQSR:
    input: ../../ngs_test_data/data/align/HG001/N1/HG001_N1_fastp_bwa_picardMarkDup_noneReAlign.bam, ../../ngs_test_data/data/align/HG001/N1/HG001_N1_fastp_bwa_picardMarkDup_noneReAlign.bam.bai
    output: ../../ngs_test_data/data/align/HG001/N1/HG001_N1_fastp_bwa_picardMarkDup_noneReAlign_noneBQSR.bam, ../../ngs_test_data/data/align/HG001/N1/HG001_N1_fastp_bwa_picardMarkDup_noneReAlign_noneBQSR.bam.bai
    jobid: 57
    wildcards: case=HG001, sample=N1, qcpipe=fastp, aligner=bwa, markdup=picardMarkDup, realign=noneReAlign

[Wed Jul 15 09:05:57 2020]
Finished job 58.
22 of 78 steps (28%) done

[Wed Jul 15 09:05:57 2020]
rule BamIndex:
    input: ../../ngs_test_data/data/align/HG001/N/HG001_N_fastp_bwa_picardMarkDup_noneReAlign.bam
    output: ../../ngs_test_data/data/align/HG001/N/HG001_N_fastp_bwa_picardMarkDup_noneReAlign.bam.bai
    jobid: 59
    wildcards: prefix=../../ngs_test_data/data/align/HG001/N/HG001_N_fastp_bwa_picardMarkDup_noneReAlign
    threads: 8

[Wed Jul 15 09:05:58 2020]
Finished job 59.
23 of 78 steps (29%) done

[Wed Jul 15 09:05:58 2020]
localrule NoneBQSR:
    input: ../../ngs_test_data/data/align/HG001/N/HG001_N_fastp_bwa_picardMarkDup_noneReAlign.bam, ../../ngs_test_data/data/align/HG001/N/HG001_N_fastp_bwa_picardMarkDup_noneReAlign.bam.bai
    output: ../../ngs_test_data/data/align/HG001/N/HG001_N_fastp_bwa_picardMarkDup_noneReAlign_noneBQSR.bam, ../../ngs_test_data/data/align/HG001/N/HG001_N_fastp_bwa_picardMarkDup_noneReAlign_noneBQSR.bam.bai
    jobid: 56
    wildcards: case=HG001, sample=N, qcpipe=fastp, aligner=bwa, markdup=picardMarkDup, realign=noneReAlign

[Wed Jul 15 09:06:47 2020]
Finished job 57.
24 of 78 steps (31%) done

[Wed Jul 15 09:06:47 2020]
localrule NoneLeftALign:
    input: ../../ngs_test_data/data/align/HG001/N1/HG001_N1_fastp_bwa_picardMarkDup_noneReAlign_noneBQSR.bam, ../../ngs_test_data/data/align/HG001/N1/HG001_N1_fastp_bwa_picardMarkDup_noneReAlign_noneBQSR.bam.bai
    output: ../../ngs_test_data/data/align/HG001/N1/HG001_N1_fastp_bwa_picardMarkDup_noneReAlign_noneBQSR_noneLeftAlign.bam, ../../ngs_test_data/data/align/HG001/N1/HG001_N1_fastp_bwa_picardMarkDup_noneReAlign_noneBQSR_noneLeftAlign.bam.bai
    jobid: 55
    wildcards: case=HG001, sample=N1, qcpipe=fastp, aligner=bwa, markdup=picardMarkDup, realign=noneReAlign, bqsr=noneBQSR

[Wed Jul 15 09:06:59 2020]
Finished job 56.
25 of 78 steps (32%) done

[Wed Jul 15 09:06:59 2020]
localrule NoneLeftALign:
    input: ../../ngs_test_data/data/align/HG001/N/HG001_N_fastp_bwa_picardMarkDup_noneReAlign_noneBQSR.bam, ../../ngs_test_data/data/align/HG001/N/HG001_N_fastp_bwa_picardMarkDup_noneReAlign_noneBQSR.bam.bai
    output: ../../ngs_test_data/data/align/HG001/N/HG001_N_fastp_bwa_picardMarkDup_noneReAlign_noneBQSR_noneLeftAlign.bam, ../../ngs_test_data/data/align/HG001/N/HG001_N_fastp_bwa_picardMarkDup_noneReAlign_noneBQSR_noneLeftAlign.bam.bai
    jobid: 54
    wildcards: case=HG001, sample=N, qcpipe=fastp, aligner=bwa, markdup=picardMarkDup, realign=noneReAlign, bqsr=noneBQSR

[Wed Jul 15 09:07:47 2020]
Finished job 55.
26 of 78 steps (33%) done

[Wed Jul 15 09:07:47 2020]
localrule NoneFixMate:
    input: ../../ngs_test_data/data/align/HG001/N1/HG001_N1_fastp_bwa_picardMarkDup_noneReAlign_noneBQSR_noneLeftAlign.bam, ../../ngs_test_data/data/align/HG001/N1/HG001_N1_fastp_bwa_picardMarkDup_noneReAlign_noneBQSR_noneLeftAlign.bam.bai
    output: ../../ngs_test_data/data/align/HG001/N1/HG001_N1_fastp_bwa_picardMarkDup_noneReAlign_noneBQSR_noneLeftAlign_noneFixMate.bam, ../../ngs_test_data/data/align/HG001/N1/HG001_N1_fastp_bwa_picardMarkDup_noneReAlign_noneBQSR_noneLeftAlign_noneFixMate.bam.bai
    jobid: 53
    wildcards: case=HG001, sample=N1, qcpipe=fastp, aligner=bwa, markdup=picardMarkDup, realign=noneReAlign, bqsr=noneBQSR, leftAlign=noneLeftAlign

[Wed Jul 15 09:07:59 2020]
Finished job 54.
27 of 78 steps (35%) done

[Wed Jul 15 09:07:59 2020]
localrule NoneFixMate:
    input: ../../ngs_test_data/data/align/HG001/N/HG001_N_fastp_bwa_picardMarkDup_noneReAlign_noneBQSR_noneLeftAlign.bam, ../../ngs_test_data/data/align/HG001/N/HG001_N_fastp_bwa_picardMarkDup_noneReAlign_noneBQSR_noneLeftAlign.bam.bai
    output: ../../ngs_test_data/data/align/HG001/N/HG001_N_fastp_bwa_picardMarkDup_noneReAlign_noneBQSR_noneLeftAlign_noneFixMate.bam, ../../ngs_test_data/data/align/HG001/N/HG001_N_fastp_bwa_picardMarkDup_noneReAlign_noneBQSR_noneLeftAlign_noneFixMate.bam.bai
    jobid: 52
    wildcards: case=HG001, sample=N, qcpipe=fastp, aligner=bwa, markdup=picardMarkDup, realign=noneReAlign, bqsr=noneBQSR, leftAlign=noneLeftAlign

[Wed Jul 15 09:08:50 2020]
Finished job 53.
28 of 78 steps (36%) done

[Wed Jul 15 09:08:50 2020]
localrule LoadHQbam:
    input: ../../ngs_test_data/data/align/HG001/N1/HG001_N1_fastp_bwa_picardMarkDup_noneReAlign_noneBQSR_noneLeftAlign_noneFixMate.bam, ../../ngs_test_data/data/align/HG001/N1/HG001_N1_fastp_bwa_picardMarkDup_noneReAlign_noneBQSR_noneLeftAlign_noneFixMate.bam.bai
    output: ../../ngs_test_data/data/HQbam/HG001_N1.bam, ../../ngs_test_data/data/HQbam/HG001_N1.bam.bai, ../../ngs_test_data/data/HQbam/changeLogs/HG001_N1.logs
    jobid: 40
    wildcards: case=HG001, sample=N1

[Wed Jul 15 09:09:00 2020]
Finished job 52.
29 of 78 steps (37%) done

[Wed Jul 15 09:09:00 2020]
localrule LoadHQbam:
    input: ../../ngs_test_data/data/align/HG001/N/HG001_N_fastp_bwa_picardMarkDup_noneReAlign_noneBQSR_noneLeftAlign_noneFixMate.bam, ../../ngs_test_data/data/align/HG001/N/HG001_N_fastp_bwa_picardMarkDup_noneReAlign_noneBQSR_noneLeftAlign_noneFixMate.bam.bai
    output: ../../ngs_test_data/data/HQbam/HG001_N.bam, ../../ngs_test_data/data/HQbam/HG001_N.bam.bai, ../../ngs_test_data/data/HQbam/changeLogs/HG001_N.logs
    jobid: 37
    wildcards: case=HG001, sample=N

[Wed Jul 15 09:09:50 2020]
Finished job 40.
30 of 78 steps (38%) done

[Wed Jul 15 09:09:50 2020]
rule Bcftools_Mpileup:
    input: ../../ngs_test_data/data/HQbam/HG001_N1.bam, ../../ngs_test_data/data/HQbam/HG001_N1.bam.bai, ../../ngs_test_data/data/genome/GRCh38/GRCh38_full_analysis_set_plus_decoy_hla.fa, ../../ngs_test_data/data/genome/GRCh38/GRCh38_full_analysis_set_plus_decoy_hla.fa.fai
    output: ../../ngs_test_data/data/germlineVar/Bcftools/perSample/HG001_N1/HG001_N1.Bcftools.mpileup.g.vcf.gz
    log: ../../ngs_test_data/logs/gremlineVar/Bcftools/perSample/HG001_N1/HG001_N1.Bcftools.MergeVcf.logs
    jobid: 42
    benchmark: ../../ngs_test_data/benchmark/gremlineVar/Bcftools/perSample/HG001_N1/HG001_N1.Bcftools.MergeVcf.tsv
    wildcards: bam_sample=HG001_N1
    threads: 2

[Wed Jul 15 09:09:51 2020]
rule Samtools_Mpileup:
    input: ../../ngs_test_data/data/HQbam/HG001_N1.bam, ../../ngs_test_data/data/HQbam/HG001_N1.bam.bai, ../../ngs_test_data/data/genome/GRCh38/GRCh38_full_analysis_set_plus_decoy_hla.fa, ../../ngs_test_data/data/genome/GRCh38/GRCh38_full_analysis_set_plus_decoy_hla.fa.fai
    output: ../../ngs_test_data/data/germlineVar/varscan/perSample/HG001_N1/HG001_N1.Samtools.mpileup
    log: ../../ngs_test_data/logs/gremlineVar/varscan/perSample/HG001_N1/HG001_N1.varscan.Samtools.MergeVcf.logs
    jobid: 46
    benchmark: ../../ngs_test_data/benchmark/gremlineVar/varscan/perSample/HG001_N1/HG001_N1.varscan.Samtools.MergeVcf.tsv
    wildcards: bam_sample=HG001_N1
    threads: 2

[Wed Jul 15 09:09:51 2020]
rule FB_CallVar:
    input: ../../ngs_test_data/data/HQbam/HG001_N1.bam, ../../ngs_test_data/data/HQbam/HG001_N1.bam.bai, ../../ngs_test_data/data/genome/GRCh38/GRCh38_full_analysis_set_plus_decoy_hla.fa, ../../ngs_test_data/data/genome/GRCh38/GRCh38_full_analysis_set_plus_decoy_hla.fa.fai
    output: ../../ngs_test_data/data/germlineVar/FB/perSample/HG001_N1/HG001_N1.FB.raw.vcf, ../../ngs_test_data/data/germlineVar/FB/perSample/HG001_N1/HG001_N1.FB.raw.vcf.gz
    log: ../../ngs_test_data/logs/gremlineVar/FB/perSample/HG001_N1/HG001_N1.FB.MergeVcf.logs
    jobid: 21
    benchmark: ../../ngs_test_data/benchmark/gremlineVar/FB/perSample/HG001_N1/HG001_N1.FB.MergeVcf.tsv
    wildcards: bam_sample=HG001_N1
    threads: 4


[Wed Jul 15 09:09:51 2020]
rule Delly_Call:
    input: ../../ngs_test_data/data/HQbam/HG001_N1.bam, ../../ngs_test_data/data/HQbam/HG001_N1.bam.bai, ../../ngs_test_data/data/genome/GRCh38/GRCh38_full_analysis_set_plus_decoy_hla.fa, ../../ngs_test_data/data/genome/GRCh38/GRCh38_full_analysis_set_plus_decoy_hla.fa.fai, ../../ngs_test_data/data/genome/GRCh38/GRCh38_full_analysis_set_plus_decoy_hla.exclude.cnvnator.bed
    output: ../../ngs_test_data/data/germlineVar/delly/perSample/HG001_N1/HG001_N1.delly.call.bcf
    log: ../../ngs_test_data/logs/gremlineVar/delly/perSample/HG001_N1/HG001_N1.dellycall.logs
    jobid: 51
    benchmark: ../../ngs_test_data/benchmark/gremlineVar/delly/perSample/HG001_N1/HG001_N1.dellycall.tsv
    wildcards: bam_sample=HG001_N1
    threads: 2

[Wed Jul 15 09:10:06 2020]
Finished job 37.
31 of 78 steps (40%) done

[Wed Jul 15 09:10:06 2020]
rule Delly_Call:
    input: ../../ngs_test_data/data/HQbam/HG001_N.bam, ../../ngs_test_data/data/HQbam/HG001_N.bam.bai, ../../ngs_test_data/data/genome/GRCh38/GRCh38_full_analysis_set_plus_decoy_hla.fa, ../../ngs_test_data/data/genome/GRCh38/GRCh38_full_analysis_set_plus_decoy_hla.fa.fai, ../../ngs_test_data/data/genome/GRCh38/GRCh38_full_analysis_set_plus_decoy_hla.exclude.cnvnator.bed
    output: ../../ngs_test_data/data/germlineVar/delly/perSample/HG001_N/HG001_N.delly.call.bcf
    log: ../../ngs_test_data/logs/gremlineVar/delly/perSample/HG001_N/HG001_N.dellycall.logs
    jobid: 49
    benchmark: ../../ngs_test_data/benchmark/gremlineVar/delly/perSample/HG001_N/HG001_N.dellycall.tsv
    wildcards: bam_sample=HG001_N
    threads: 2

[Wed Jul 15 09:10:06 2020]
rule Bcftools_Mpileup:
    input: ../../ngs_test_data/data/HQbam/HG001_N.bam, ../../ngs_test_data/data/HQbam/HG001_N.bam.bai, ../../ngs_test_data/data/genome/GRCh38/GRCh38_full_analysis_set_plus_decoy_hla.fa, ../../ngs_test_data/data/genome/GRCh38/GRCh38_full_analysis_set_plus_decoy_hla.fa.fai
    output: ../../ngs_test_data/data/germlineVar/Bcftools/perSample/HG001_N/HG001_N.Bcftools.mpileup.g.vcf.gz
    log: ../../ngs_test_data/logs/gremlineVar/Bcftools/perSample/HG001_N/HG001_N.Bcftools.MergeVcf.logs
    jobid: 41
    benchmark: ../../ngs_test_data/benchmark/gremlineVar/Bcftools/perSample/HG001_N/HG001_N.Bcftools.MergeVcf.tsv
    wildcards: bam_sample=HG001_N
    threads: 2

[Wed Jul 15 09:10:56 2020]
Finished job 51.
32 of 78 steps (41%) done

[Wed Jul 15 09:10:56 2020]
rule Delly_GT:
    input: ../../ngs_test_data/data/HQbam/HG001_N1.bam, ../../ngs_test_data/data/HQbam/HG001_N1.bam.bai, ../../ngs_test_data/data/genome/GRCh38/GRCh38_full_analysis_set_plus_decoy_hla.fa, ../../ngs_test_data/data/genome/GRCh38/GRCh38_full_analysis_set_plus_decoy_hla.fa.fai, ../../ngs_test_data/data/germlineVar/delly/perSample/HG001_N1/HG001_N1.delly.call.bcf, ../../ngs_test_data/data/genome/GRCh38/GRCh38_full_analysis_set_plus_decoy_hla.exclude.cnvnator.bed
    output: ../../ngs_test_data/data/germlineVar/delly/perSample/HG001_N1/HG001_N1.delly.raw.bcf
    log: ../../ngs_test_data/logs/gremlineVar/delly/perSample/HG001_N1/HG001_N1.dellyGT.logs
    jobid: 36
    benchmark: ../../ngs_test_data/benchmark/gremlineVar/delly/perSample/HG001_N1/HG001_N1.dellyGT.tsv
    wildcards: bam_sample=HG001_N1
    threads: 2

[Wed Jul 15 09:11:19 2020]
Finished job 36.
33 of 78 steps (42%) done

[Wed Jul 15 09:11:19 2020]
rule Samtools_Mpileup:
    input: ../../ngs_test_data/data/HQbam/HG001_N.bam, ../../ngs_test_data/data/HQbam/HG001_N.bam.bai, ../../ngs_test_data/data/genome/GRCh38/GRCh38_full_analysis_set_plus_decoy_hla.fa, ../../ngs_test_data/data/genome/GRCh38/GRCh38_full_analysis_set_plus_decoy_hla.fa.fai
    output: ../../ngs_test_data/data/germlineVar/varscan/perSample/HG001_N/HG001_N.Samtools.mpileup
    log: ../../ngs_test_data/logs/gremlineVar/varscan/perSample/HG001_N/HG001_N.varscan.Samtools.MergeVcf.logs
    jobid: 43
    benchmark: ../../ngs_test_data/benchmark/gremlineVar/varscan/perSample/HG001_N/HG001_N.varscan.Samtools.MergeVcf.tsv
    wildcards: bam_sample=HG001_N
    threads: 2

[Wed Jul 15 09:11:26 2020]
Finished job 46.
34 of 78 steps (44%) done

[Wed Jul 15 09:11:26 2020]
rule Varscan_Call_SNV:
    input: ../../ngs_test_data/data/germlineVar/varscan/perSample/HG001_N1/HG001_N1.Samtools.mpileup
    output: ../../ngs_test_data/data/germlineVar/varscan/perSample/HG001_N1/HG001_N1.varscan.SNV.raw.vcf.gz
    log: ../../ngs_test_data/logs/gremlineVar/varscan/perSample/HG001_N1/HG001_N1.varscan.Varscan_Call_SNV.logs
    jobid: 47
    benchmark: ../../ngs_test_data/benchmark/gremlineVar/varscan/perSample/HG001_N1/HG001_N1.varscan.Varscan_Call_SNV.tsv
    wildcards: bam_sample=HG001_N1
    threads: 2

[Wed Jul 15 09:11:38 2020]
Finished job 43.
35 of 78 steps (45%) done

[Wed Jul 15 09:11:38 2020]
rule Varscan_Call:
    input: ../../ngs_test_data/data/germlineVar/varscan/perSample/HG001_N1/HG001_N1.Samtools.mpileup
    output: ../../ngs_test_data/data/germlineVar/varscan/perSample/HG001_N1/HG001_N1.varscan.raw.vcf.gz
    log: ../../ngs_test_data/logs/gremlineVar/varscan/perSample/HG001_N1/HG001_N1.varscan.Varscan_Call.logs
    jobid: 31
    benchmark: ../../ngs_test_data/benchmark/gremlineVar/varscan/perSample/HG001_N1/HG001_N1.varscan.Varscan_Call.tsv
    wildcards: bam_sample=HG001_N1
    threads: 2

[Wed Jul 15 09:12:04 2020]
Finished job 49.
36 of 78 steps (46%) done

[Wed Jul 15 09:12:04 2020]
rule Delly_GT:
    input: ../../ngs_test_data/data/HQbam/HG001_N.bam, ../../ngs_test_data/data/HQbam/HG001_N.bam.bai, ../../ngs_test_data/data/genome/GRCh38/GRCh38_full_analysis_set_plus_decoy_hla.fa, ../../ngs_test_data/data/genome/GRCh38/GRCh38_full_analysis_set_plus_decoy_hla.fa.fai, ../../ngs_test_data/data/germlineVar/delly/perSample/HG001_N/HG001_N.delly.call.bcf, ../../ngs_test_data/data/genome/GRCh38/GRCh38_full_analysis_set_plus_decoy_hla.exclude.cnvnator.bed
    output: ../../ngs_test_data/data/germlineVar/delly/perSample/HG001_N/HG001_N.delly.raw.bcf
    log: ../../ngs_test_data/logs/gremlineVar/delly/perSample/HG001_N/HG001_N.dellyGT.logs
    jobid: 35
    benchmark: ../../ngs_test_data/benchmark/gremlineVar/delly/perSample/HG001_N/HG001_N.dellyGT.tsv
    wildcards: bam_sample=HG001_N
    threads: 2

[Wed Jul 15 09:12:35 2020]
Finished job 35.
37 of 78 steps (47%) done
[Wed Jul 15 09:12:35 2020]
Finished job 41.
38 of 78 steps (49%) done

[Wed Jul 15 09:12:35 2020]
rule FB_CallVar:
    input: ../../ngs_test_data/data/HQbam/HG001_N.bam, ../../ngs_test_data/data/HQbam/HG001_N.bam.bai, ../../ngs_test_data/data/genome/GRCh38/GRCh38_full_analysis_set_plus_decoy_hla.fa, ../../ngs_test_data/data/genome/GRCh38/GRCh38_full_analysis_set_plus_decoy_hla.fa.fai
    output: ../../ngs_test_data/data/germlineVar/FB/perSample/HG001_N/HG001_N.FB.raw.vcf, ../../ngs_test_data/data/germlineVar/FB/perSample/HG001_N/HG001_N.FB.raw.vcf.gz
    log: ../../ngs_test_data/logs/gremlineVar/FB/perSample/HG001_N/HG001_N.FB.MergeVcf.logs
    jobid: 19
    benchmark: ../../ngs_test_data/benchmark/gremlineVar/FB/perSample/HG001_N/HG001_N.FB.MergeVcf.tsv
    wildcards: bam_sample=HG001_N
    threads: 4

[Wed Jul 15 09:12:43 2020]
Finished job 47.
39 of 78 steps (50%) done

[Wed Jul 15 09:12:43 2020]
rule Varscan_Call_INDEL:
    input: ../../ngs_test_data/data/germlineVar/varscan/perSample/HG001_N1/HG001_N1.Samtools.mpileup
    output: ../../ngs_test_data/data/germlineVar/varscan/perSample/HG001_N1/HG001_N1.varscan.INDEL.raw.vcf.gz
    log: ../../ngs_test_data/logs/gremlineVar/varscan/perSample/HG001_N1/HG001_N1.varscan.Varscan_Call_INDEL.logs
    jobid: 48
    benchmark: ../../ngs_test_data/benchmark/gremlineVar/varscan/perSample/HG001_N1/HG001_N1.varscan.Varscan_Call_INDEL.tsv
    wildcards: bam_sample=HG001_N1
    threads: 2

Removing temporary output file ../../ngs_test_data/data/germlineVar/FB/perSample/HG001_N1/HG001_N1.FB.raw.vcf.
[Wed Jul 15 09:14:00 2020]
Finished job 21.
40 of 78 steps (51%) done
[Wed Jul 15 09:14:00 2020]
Finished job 48.
41 of 78 steps (53%) done

[Wed Jul 15 09:14:00 2020]
rule Varscan_Call_SNV:
    input: ../../ngs_test_data/data/germlineVar/varscan/perSample/HG001_N/HG001_N.Samtools.mpileup
    output: ../../ngs_test_data/data/germlineVar/varscan/perSample/HG001_N/HG001_N.varscan.SNV.raw.vcf.gz
    log: ../../ngs_test_data/logs/gremlineVar/varscan/perSample/HG001_N/HG001_N.varscan.Varscan_Call_SNV.logs
    jobid: 44
    benchmark: ../../ngs_test_data/benchmark/gremlineVar/varscan/perSample/HG001_N/HG001_N.varscan.Varscan_Call_SNV.tsv
    wildcards: bam_sample=HG001_N
    threads: 2

[Wed Jul 15 09:14:01 2020]
rule tabix:
    input: ../../ngs_test_data/data/germlineVar/FB/perSample/HG001_N1/HG001_N1.FB.raw.vcf.gz
    output: ../../ngs_test_data/data/germlineVar/FB/perSample/HG001_N1/HG001_N1.FB.raw.vcf.gz.tbi
    jobid: 3
    wildcards: prefix=../../ngs_test_data/data/germlineVar/FB/perSample/HG001_N1/HG001_N1.FB.raw

[Wed Jul 15 09:14:01 2020]
rule Varscan_Call:
    input: ../../ngs_test_data/data/germlineVar/varscan/perSample/HG001_N/HG001_N.Samtools.mpileup
    output: ../../ngs_test_data/data/germlineVar/varscan/perSample/HG001_N/HG001_N.varscan.raw.vcf.gz
    log: ../../ngs_test_data/logs/gremlineVar/varscan/perSample/HG001_N/HG001_N.varscan.Varscan_Call.logs
    jobid: 27
    benchmark: ../../ngs_test_data/benchmark/gremlineVar/varscan/perSample/HG001_N/HG001_N.varscan.Varscan_Call.tsv
    wildcards: bam_sample=HG001_N
    threads: 2

[Wed Jul 15 09:14:01 2020]
rule Varscan_Call_INDEL:
    input: ../../ngs_test_data/data/germlineVar/varscan/perSample/HG001_N/HG001_N.Samtools.mpileup
    output: ../../ngs_test_data/data/germlineVar/varscan/perSample/HG001_N/HG001_N.varscan.INDEL.raw.vcf.gz
    log: ../../ngs_test_data/logs/gremlineVar/varscan/perSample/HG001_N/HG001_N.varscan.Varscan_Call_INDEL.logs
    jobid: 45
    benchmark: ../../ngs_test_data/benchmark/gremlineVar/varscan/perSample/HG001_N/HG001_N.varscan.Varscan_Call_INDEL.tsv
    wildcards: bam_sample=HG001_N
    threads: 2

[Wed Jul 15 09:14:02 2020]
Finished job 3.
42 of 78 steps (54%) done
[Wed Jul 15 09:14:23 2020]
Finished job 45.
43 of 78 steps (55%) done

[Wed Jul 15 09:14:23 2020]
rule Bcftools_Call:
    input: ../../ngs_test_data/data/germlineVar/Bcftools/perSample/HG001_N/HG001_N.Bcftools.mpileup.g.vcf.gz
    output: ../../ngs_test_data/data/germlineVar/Bcftools/perSample/HG001_N/HG001_N.Bcftools.raw.vcf.gz
    log: ../../ngs_test_data/logs/gremlineVar/Bcftools/perSample/HG001_N/HG001_N.Bcftools.Bcftools_Call.logs
    jobid: 23
    benchmark: ../../ngs_test_data/benchmark/gremlineVar/Bcftools/perSample/HG001_N/HG001_N.Bcftools.Bcftools_Call.tsv
    wildcards: bam_sample=HG001_N
    threads: 2

[Wed Jul 15 09:14:24 2020]
Finished job 44.
44 of 78 steps (56%) done

[Wed Jul 15 09:14:24 2020]
rule Varscan_Filter_SNV:
    input: ../../ngs_test_data/data/germlineVar/varscan/perSample/HG001_N/HG001_N.varscan.SNV.raw.vcf.gz
    output: ../../ngs_test_data/data/germlineVar/varscan/perSample/HG001_N/HG001_N.varscan.SNV.pass.vcf.gz
    log: ../../ngs_test_data/logs/gremlineVar/varscan/perSample/HG001_N/HG001_N.varscan.Varscan_Filter_SNV.logs
    jobid: 29
    benchmark: ../../ngs_test_data/benchmark/gremlineVar/varscan/perSample/HG001_N/HG001_N.varscan.Varscan_Filter_SNV.tsv
    wildcards: bam_sample=HG001_N
    threads: 2

[Wed Jul 15 09:14:26 2020]
Finished job 29.
45 of 78 steps (58%) done

[Wed Jul 15 09:14:26 2020]
rule tabix:
    input: ../../ngs_test_data/data/germlineVar/varscan/perSample/HG001_N/HG001_N.varscan.SNV.pass.vcf.gz
    output: ../../ngs_test_data/data/germlineVar/varscan/perSample/HG001_N/HG001_N.varscan.SNV.pass.vcf.gz.tbi
    jobid: 11
    wildcards: prefix=../../ngs_test_data/data/germlineVar/varscan/perSample/HG001_N/HG001_N.varscan.SNV.pass

[Wed Jul 15 09:14:26 2020]
rule Delly2Bcf2vcfgz:
    input: ../../ngs_test_data/data/germlineVar/delly/perSample/HG001_N/HG001_N.delly.raw.bcf
    output: ../../ngs_test_data/data/germlineVar/delly/perSample/HG001_N/HG001_N.delly.raw.vcf.gz
    log: ../../ngs_test_data/logs/gremlineVar/delly/perSample/HG001_N/HG001_N.dellybcf2vcfgz.logs
    jobid: 17
    benchmark: ../../ngs_test_data/benchmark/gremlineVar/delly/perSample/HG001_N/HG001_N.dellybcf2vcfgz.tsv
    wildcards: bam_sample=HG001_N
    threads: 2

[Wed Jul 15 09:14:27 2020]
Finished job 11.
46 of 78 steps (59%) done
[Wed Jul 15 09:14:30 2020]
Finished job 17.
47 of 78 steps (60%) done

[Wed Jul 15 09:14:30 2020]
rule Delly2Bcf2vcfgz:
    input: ../../ngs_test_data/data/germlineVar/delly/perSample/HG001_N1/HG001_N1.delly.raw.bcf
    output: ../../ngs_test_data/data/germlineVar/delly/perSample/HG001_N1/HG001_N1.delly.raw.vcf.gz
    log: ../../ngs_test_data/logs/gremlineVar/delly/perSample/HG001_N1/HG001_N1.dellybcf2vcfgz.logs
    jobid: 18
    benchmark: ../../ngs_test_data/benchmark/gremlineVar/delly/perSample/HG001_N1/HG001_N1.dellybcf2vcfgz.tsv
    wildcards: bam_sample=HG001_N1
    threads: 2

[Wed Jul 15 09:14:32 2020]
Finished job 18.
48 of 78 steps (62%) done

[Wed Jul 15 09:14:32 2020]
rule Varscan_Filter_INDEL:
    input: ../../ngs_test_data/data/germlineVar/varscan/perSample/HG001_N/HG001_N.varscan.INDEL.raw.vcf.gz
    output: ../../ngs_test_data/data/germlineVar/varscan/perSample/HG001_N/HG001_N.varscan.INDEL.pass.vcf.gz
    log: ../../ngs_test_data/logs/gremlineVar/varscan/perSample/HG001_N/HG001_N.varscan.Varscan_Filter_INDEL.logs
    jobid: 30
    benchmark: ../../ngs_test_data/benchmark/gremlineVar/varscan/perSample/HG001_N/HG001_N.varscan.Varscan_Filter_INDEL.tsv
    wildcards: bam_sample=HG001_N
    threads: 2

[Wed Jul 15 09:14:34 2020]
Finished job 30.
49 of 78 steps (63%) done

[Wed Jul 15 09:14:34 2020]
rule Varscan_Filter_SNV:
    input: ../../ngs_test_data/data/germlineVar/varscan/perSample/HG001_N1/HG001_N1.varscan.SNV.raw.vcf.gz
    output: ../../ngs_test_data/data/germlineVar/varscan/perSample/HG001_N1/HG001_N1.varscan.SNV.pass.vcf.gz
    log: ../../ngs_test_data/logs/gremlineVar/varscan/perSample/HG001_N1/HG001_N1.varscan.Varscan_Filter_SNV.logs
    jobid: 33
    benchmark: ../../ngs_test_data/benchmark/gremlineVar/varscan/perSample/HG001_N1/HG001_N1.varscan.Varscan_Filter_SNV.tsv
    wildcards: bam_sample=HG001_N1
    threads: 2

[Wed Jul 15 09:14:34 2020]
rule tabix:
    input: ../../ngs_test_data/data/germlineVar/varscan/perSample/HG001_N/HG001_N.varscan.INDEL.pass.vcf.gz
    output: ../../ngs_test_data/data/germlineVar/varscan/perSample/HG001_N/HG001_N.varscan.INDEL.pass.vcf.gz.tbi
    jobid: 12
    wildcards: prefix=../../ngs_test_data/data/germlineVar/varscan/perSample/HG001_N/HG001_N.varscan.INDEL.pass

[Wed Jul 15 09:14:35 2020]
Finished job 12.
50 of 78 steps (64%) done
[Wed Jul 15 09:14:35 2020]
Finished job 33.
51 of 78 steps (65%) done

[Wed Jul 15 09:14:35 2020]
rule tabix:
    input: ../../ngs_test_data/data/germlineVar/varscan/perSample/HG001_N1/HG001_N1.varscan.SNV.pass.vcf.gz
    output: ../../ngs_test_data/data/germlineVar/varscan/perSample/HG001_N1/HG001_N1.varscan.SNV.pass.vcf.gz.tbi
    jobid: 15
    wildcards: prefix=../../ngs_test_data/data/germlineVar/varscan/perSample/HG001_N1/HG001_N1.varscan.SNV.pass

[Wed Jul 15 09:14:36 2020]
rule Varscan_Filter_INDEL:
    input: ../../ngs_test_data/data/germlineVar/varscan/perSample/HG001_N1/HG001_N1.varscan.INDEL.raw.vcf.gz
    output: ../../ngs_test_data/data/germlineVar/varscan/perSample/HG001_N1/HG001_N1.varscan.INDEL.pass.vcf.gz
    log: ../../ngs_test_data/logs/gremlineVar/varscan/perSample/HG001_N1/HG001_N1.varscan.Varscan_Filter_INDEL.logs
    jobid: 34
    benchmark: ../../ngs_test_data/benchmark/gremlineVar/varscan/perSample/HG001_N1/HG001_N1.varscan.Varscan_Filter_INDEL.tsv
    wildcards: bam_sample=HG001_N1
    threads: 2

[Wed Jul 15 09:14:42 2020]
Finished job 15.
52 of 78 steps (67%) done
[Wed Jul 15 09:14:43 2020]
Finished job 34.
53 of 78 steps (68%) done

[Wed Jul 15 09:14:43 2020]
rule tabix:
    input: ../../ngs_test_data/data/germlineVar/varscan/perSample/HG001_N1/HG001_N1.varscan.INDEL.pass.vcf.gz
    output: ../../ngs_test_data/data/germlineVar/varscan/perSample/HG001_N1/HG001_N1.varscan.INDEL.pass.vcf.gz.tbi
    jobid: 16
    wildcards: prefix=../../ngs_test_data/data/germlineVar/varscan/perSample/HG001_N1/HG001_N1.varscan.INDEL.pass

[Wed Jul 15 09:14:43 2020]
Finished job 23.
54 of 78 steps (69%) done

[Wed Jul 15 09:14:43 2020]
rule FB_Filter:
    input: ../../ngs_test_data/data/germlineVar/FB/perSample/HG001_N1/HG001_N1.FB.raw.vcf.gz
    output: ../../ngs_test_data/data/germlineVar/FB/perSample/HG001_N1/HG001_N1.FB.pass.vcf.gz
    log: ../../ngs_test_data/logs/gremlineVar/FB/perSample/HG001_N1/HG001_N1.FB.FB_Filter.logs
    jobid: 22
    benchmark: ../../ngs_test_data/benchmark/gremlineVar/FB/perSample/HG001_N1/HG001_N1.FB.FB_Filter.tsv
    wildcards: bam_sample=HG001_N1
    threads: 4

[Wed Jul 15 09:14:44 2020]
Finished job 16.
55 of 78 steps (71%) done

[Wed Jul 15 09:14:44 2020]
rule tabix:
    input: ../../ngs_test_data/data/germlineVar/Bcftools/perSample/HG001_N/HG001_N.Bcftools.raw.vcf.gz
    output: ../../ngs_test_data/data/germlineVar/Bcftools/perSample/HG001_N/HG001_N.Bcftools.raw.vcf.gz.tbi
    jobid: 5
    wildcards: prefix=../../ngs_test_data/data/germlineVar/Bcftools/perSample/HG001_N/HG001_N.Bcftools.raw

[Wed Jul 15 09:14:45 2020]
Finished job 5.
56 of 78 steps (72%) done
[Wed Jul 15 09:14:46 2020]
Finished job 22.
57 of 78 steps (73%) done

[Wed Jul 15 09:14:46 2020]
rule Bcftools_Filter:
    input: ../../ngs_test_data/data/germlineVar/Bcftools/perSample/HG001_N/HG001_N.Bcftools.raw.vcf.gz
    output: ../../ngs_test_data/data/germlineVar/Bcftools/perSample/HG001_N/HG001_N.Bcftools.pass.vcf.gz
    log: ../../ngs_test_data/logs/gremlineVar/Bcftools/perSample/HG001_N/HG001_N.Bcftools.Bcftools_Filter.logs
    jobid: 24
    benchmark: ../../ngs_test_data/benchmark/gremlineVar/Bcftools/perSample/HG001_N/HG001_N.Bcftools.Bcftools_Filter.tsv
    wildcards: bam_sample=HG001_N
    threads: 2

[Wed Jul 15 09:14:46 2020]
rule tabix:
    input: ../../ngs_test_data/data/germlineVar/FB/perSample/HG001_N1/HG001_N1.FB.pass.vcf.gz
    output: ../../ngs_test_data/data/germlineVar/FB/perSample/HG001_N1/HG001_N1.FB.pass.vcf.gz.tbi
    jobid: 4
    wildcards: prefix=../../ngs_test_data/data/germlineVar/FB/perSample/HG001_N1/HG001_N1.FB.pass

[Wed Jul 15 09:14:48 2020]
Finished job 27.
58 of 78 steps (74%) done
[Wed Jul 15 09:14:48 2020]
Finished job 4.
59 of 78 steps (76%) done

[Wed Jul 15 09:14:48 2020]
rule Varscan_Filter:
    input: ../../ngs_test_data/data/germlineVar/varscan/perSample/HG001_N/HG001_N.varscan.raw.vcf.gz
    output: ../../ngs_test_data/data/germlineVar/varscan/perSample/HG001_N/HG001_N.varscan.pass.vcf.gz
    log: ../../ngs_test_data/logs/gremlineVar/varscan/perSample/HG001_N/HG001_N.varscan.Varscan_Filter.logs
    jobid: 28
    benchmark: ../../ngs_test_data/benchmark/gremlineVar/varscan/perSample/HG001_N/HG001_N.varscan.Varscan_Filter.tsv
    wildcards: bam_sample=HG001_N
    threads: 2

[Wed Jul 15 09:14:48 2020]
rule tabix:
    input: ../../ngs_test_data/data/germlineVar/varscan/perSample/HG001_N/HG001_N.varscan.raw.vcf.gz
    output: ../../ngs_test_data/data/germlineVar/varscan/perSample/HG001_N/HG001_N.varscan.raw.vcf.gz.tbi
    jobid: 9
    wildcards: prefix=../../ngs_test_data/data/germlineVar/varscan/perSample/HG001_N/HG001_N.varscan.raw

[Wed Jul 15 09:14:49 2020]
Finished job 24.
60 of 78 steps (77%) done

[Wed Jul 15 09:14:49 2020]
rule tabix:
    input: ../../ngs_test_data/data/germlineVar/Bcftools/perSample/HG001_N/HG001_N.Bcftools.pass.vcf.gz
    output: ../../ngs_test_data/data/germlineVar/Bcftools/perSample/HG001_N/HG001_N.Bcftools.pass.vcf.gz.tbi
    jobid: 6
    wildcards: prefix=../../ngs_test_data/data/germlineVar/Bcftools/perSample/HG001_N/HG001_N.Bcftools.pass

[Wed Jul 15 09:14:50 2020]
Finished job 6.
61 of 78 steps (78%) done
[Wed Jul 15 09:14:51 2020]
Finished job 9.
62 of 78 steps (79%) done
[Wed Jul 15 09:15:31 2020]
Finished job 28.
63 of 78 steps (81%) done

[Wed Jul 15 09:15:31 2020]
rule tabix:
    input: ../../ngs_test_data/data/germlineVar/varscan/perSample/HG001_N/HG001_N.varscan.pass.vcf.gz
    output: ../../ngs_test_data/data/germlineVar/varscan/perSample/HG001_N/HG001_N.varscan.pass.vcf.gz.tbi
    jobid: 10
    wildcards: prefix=../../ngs_test_data/data/germlineVar/varscan/perSample/HG001_N/HG001_N.varscan.pass

[Wed Jul 15 09:15:35 2020]
Finished job 10.
64 of 78 steps (82%) done
Removing temporary output file ../../ngs_test_data/data/germlineVar/FB/perSample/HG001_N/HG001_N.FB.raw.vcf.
[Wed Jul 15 09:16:08 2020]
Finished job 19.
65 of 78 steps (83%) done

[Wed Jul 15 09:16:08 2020]
rule FB_Filter:
    input: ../../ngs_test_data/data/germlineVar/FB/perSample/HG001_N/HG001_N.FB.raw.vcf.gz
    output: ../../ngs_test_data/data/germlineVar/FB/perSample/HG001_N/HG001_N.FB.pass.vcf.gz
    log: ../../ngs_test_data/logs/gremlineVar/FB/perSample/HG001_N/HG001_N.FB.FB_Filter.logs
    jobid: 20
    benchmark: ../../ngs_test_data/benchmark/gremlineVar/FB/perSample/HG001_N/HG001_N.FB.FB_Filter.tsv
    wildcards: bam_sample=HG001_N
    threads: 4

[Wed Jul 15 09:16:08 2020]
rule tabix:
    input: ../../ngs_test_data/data/germlineVar/FB/perSample/HG001_N/HG001_N.FB.raw.vcf.gz
    output: ../../ngs_test_data/data/germlineVar/FB/perSample/HG001_N/HG001_N.FB.raw.vcf.gz.tbi
    jobid: 1
    wildcards: prefix=../../ngs_test_data/data/germlineVar/FB/perSample/HG001_N/HG001_N.FB.raw

[Wed Jul 15 09:16:10 2020]
Finished job 1.
66 of 78 steps (85%) done
[Wed Jul 15 09:16:12 2020]
Finished job 20.
67 of 78 steps (86%) done

[Wed Jul 15 09:16:12 2020]
rule tabix:
    input: ../../ngs_test_data/data/germlineVar/FB/perSample/HG001_N/HG001_N.FB.pass.vcf.gz
    output: ../../ngs_test_data/data/germlineVar/FB/perSample/HG001_N/HG001_N.FB.pass.vcf.gz.tbi
    jobid: 2
    wildcards: prefix=../../ngs_test_data/data/germlineVar/FB/perSample/HG001_N/HG001_N.FB.pass

[Wed Jul 15 09:16:13 2020]
Finished job 2.
68 of 78 steps (87%) done
[Wed Jul 15 09:16:25 2020]
Finished job 31.
69 of 78 steps (88%) done

[Wed Jul 15 09:16:25 2020]
rule Varscan_Filter:
    input: ../../ngs_test_data/data/germlineVar/varscan/perSample/HG001_N1/HG001_N1.varscan.raw.vcf.gz
    output: ../../ngs_test_data/data/germlineVar/varscan/perSample/HG001_N1/HG001_N1.varscan.pass.vcf.gz
    log: ../../ngs_test_data/logs/gremlineVar/varscan/perSample/HG001_N1/HG001_N1.varscan.Varscan_Filter.logs
    jobid: 32
    benchmark: ../../ngs_test_data/benchmark/gremlineVar/varscan/perSample/HG001_N1/HG001_N1.varscan.Varscan_Filter.tsv
    wildcards: bam_sample=HG001_N1
    threads: 2

[Wed Jul 15 09:16:25 2020]
rule tabix:
    input: ../../ngs_test_data/data/germlineVar/varscan/perSample/HG001_N1/HG001_N1.varscan.raw.vcf.gz
    output: ../../ngs_test_data/data/germlineVar/varscan/perSample/HG001_N1/HG001_N1.varscan.raw.vcf.gz.tbi
    jobid: 13
    wildcards: prefix=../../ngs_test_data/data/germlineVar/varscan/perSample/HG001_N1/HG001_N1.varscan.raw

[Wed Jul 15 09:16:41 2020]
Finished job 13.
70 of 78 steps (90%) done
[Wed Jul 15 09:20:31 2020]
Finished job 42.
71 of 78 steps (91%) done

[Wed Jul 15 09:20:31 2020]
rule Bcftools_Call:
    input: ../../ngs_test_data/data/germlineVar/Bcftools/perSample/HG001_N1/HG001_N1.Bcftools.mpileup.g.vcf.gz
    output: ../../ngs_test_data/data/germlineVar/Bcftools/perSample/HG001_N1/HG001_N1.Bcftools.raw.vcf.gz
    log: ../../ngs_test_data/logs/gremlineVar/Bcftools/perSample/HG001_N1/HG001_N1.Bcftools.Bcftools_Call.logs
    jobid: 25
    benchmark: ../../ngs_test_data/benchmark/gremlineVar/Bcftools/perSample/HG001_N1/HG001_N1.Bcftools.Bcftools_Call.tsv
    wildcards: bam_sample=HG001_N1
    threads: 2

[Wed Jul 15 09:21:18 2020]
Finished job 32.
72 of 78 steps (92%) done

[Wed Jul 15 09:21:18 2020]
rule tabix:
    input: ../../ngs_test_data/data/germlineVar/varscan/perSample/HG001_N1/HG001_N1.varscan.pass.vcf.gz
    output: ../../ngs_test_data/data/germlineVar/varscan/perSample/HG001_N1/HG001_N1.varscan.pass.vcf.gz.tbi
    jobid: 14
    wildcards: prefix=../../ngs_test_data/data/germlineVar/varscan/perSample/HG001_N1/HG001_N1.varscan.pass

[Wed Jul 15 09:21:31 2020]
Finished job 14.
73 of 78 steps (94%) done
[Wed Jul 15 09:22:47 2020]
Finished job 25.
74 of 78 steps (95%) done

[Wed Jul 15 09:22:47 2020]
rule Bcftools_Filter:
    input: ../../ngs_test_data/data/germlineVar/Bcftools/perSample/HG001_N1/HG001_N1.Bcftools.raw.vcf.gz
    output: ../../ngs_test_data/data/germlineVar/Bcftools/perSample/HG001_N1/HG001_N1.Bcftools.pass.vcf.gz
    log: ../../ngs_test_data/logs/gremlineVar/Bcftools/perSample/HG001_N1/HG001_N1.Bcftools.Bcftools_Filter.logs
    jobid: 26
    benchmark: ../../ngs_test_data/benchmark/gremlineVar/Bcftools/perSample/HG001_N1/HG001_N1.Bcftools.Bcftools_Filter.tsv
    wildcards: bam_sample=HG001_N1
    threads: 2

[Wed Jul 15 09:22:47 2020]
rule tabix:
    input: ../../ngs_test_data/data/germlineVar/Bcftools/perSample/HG001_N1/HG001_N1.Bcftools.raw.vcf.gz
    output: ../../ngs_test_data/data/germlineVar/Bcftools/perSample/HG001_N1/HG001_N1.Bcftools.raw.vcf.gz.tbi
    jobid: 7
    wildcards: prefix=../../ngs_test_data/data/germlineVar/Bcftools/perSample/HG001_N1/HG001_N1.Bcftools.raw

[Wed Jul 15 09:22:48 2020]
Finished job 7.
75 of 78 steps (96%) done
[Wed Jul 15 09:22:49 2020]
Finished job 26.
76 of 78 steps (97%) done

[Wed Jul 15 09:22:49 2020]
rule tabix:
    input: ../../ngs_test_data/data/germlineVar/Bcftools/perSample/HG001_N1/HG001_N1.Bcftools.pass.vcf.gz
    output: ../../ngs_test_data/data/germlineVar/Bcftools/perSample/HG001_N1/HG001_N1.Bcftools.pass.vcf.gz.tbi
    jobid: 8
    wildcards: prefix=../../ngs_test_data/data/germlineVar/Bcftools/perSample/HG001_N1/HG001_N1.Bcftools.pass

[Wed Jul 15 09:22:50 2020]
Finished job 8.
77 of 78 steps (99%) done

[Wed Jul 15 09:22:50 2020]
localrule all:
    input: ../../ngs_test_data/data/germlineVar/FB/perSample/HG001_N/HG001_N.FB.raw.vcf.gz.tbi, ../../ngs_test_data/data/germlineVar/FB/perSample/HG001_N/HG001_N.FB.pass.vcf.gz.tbi, ../../ngs_test_data/data/germlineVar/FB/perSample/HG001_N1/HG001_N1.FB.raw.vcf.gz.tbi, ../../ngs_test_data/data/germlineVar/FB/perSample/HG001_N1/HG001_N1.FB.pass.vcf.gz.tbi, ../../ngs_test_data/data/germlineVar/Bcftools/perSample/HG001_N/HG001_N.Bcftools.raw.vcf.gz.tbi, ../../ngs_test_data/data/germlineVar/Bcftools/perSample/HG001_N/HG001_N.Bcftools.pass.vcf.gz.tbi, ../../ngs_test_data/data/germlineVar/Bcftools/perSample/HG001_N1/HG001_N1.Bcftools.raw.vcf.gz.tbi, ../../ngs_test_data/data/germlineVar/Bcftools/perSample/HG001_N1/HG001_N1.Bcftools.pass.vcf.gz.tbi, ../../ngs_test_data/data/germlineVar/varscan/perSample/HG001_N/HG001_N.varscan.raw.vcf.gz.tbi, ../../ngs_test_data/data/germlineVar/varscan/perSample/HG001_N/HG001_N.varscan.pass.vcf.gz.tbi, ../../ngs_test_data/data/germlineVar/varscan/perSample/HG001_N/HG001_N.varscan.SNV.pass.vcf.gz.tbi, ../../ngs_test_data/data/germlineVar/varscan/perSample/HG001_N/HG001_N.varscan.INDEL.pass.vcf.gz.tbi, ../../ngs_test_data/data/germlineVar/varscan/perSample/HG001_N1/HG001_N1.varscan.raw.vcf.gz.tbi, ../../ngs_test_data/data/germlineVar/varscan/perSample/HG001_N1/HG001_N1.varscan.pass.vcf.gz.tbi, ../../ngs_test_data/data/germlineVar/varscan/perSample/HG001_N1/HG001_N1.varscan.SNV.pass.vcf.gz.tbi, ../../ngs_test_data/data/germlineVar/varscan/perSample/HG001_N1/HG001_N1.varscan.INDEL.pass.vcf.gz.tbi, ../../ngs_test_data/data/germlineVar/delly/perSample/HG001_N/HG001_N.delly.raw.vcf.gz, ../../ngs_test_data/data/germlineVar/delly/perSample/HG001_N1/HG001_N1.delly.raw.vcf.gz
    jobid: 0

[Wed Jul 15 09:22:50 2020]
Finished job 0.
78 of 78 steps (100%) done
Complete log: /home/pengjia/ProjectSnake/DNAseq/dna/.snakemake/log/2020-07-15T090045.661840.snakemake.log
