Building DAG of jobs...
Using shell: /usr/bin/bash
Provided cores: 2
Rules claiming more threads will be scaled down.
Job counts:
	count	jobs
	2	CNVnator
	1	all
	3

[Sun Jul 19 17:40:25 2020]
rule CNVnator:
    input: ../../ngs_test_data/data1/HQbam/HG001_N1.bam, ../../ngs_test_data/data1/HQbam/HG001_N1.bam.bai, ../../ngs_test_data/data1/genome/GRCh38/GRCh38_full_analysis_set_plus_decoy_hla.fa, ../../ngs_test_data/data1/genome/GRCh38/GRCh38_full_analysis_set_plus_decoy_hla.fa.fai
    output: ../../ngs_test_data/data1/germlineVar/cnvnator/perSample/HG001_N1/HG001_N1.cnvnator.root, ../../ngs_test_data/data1/germlineVar/cnvnator/perSample/HG001_N1/HG001_N1.raw.cnvnator
    log: ../../ngs_test_data/logs/gremlineVar/cnvnator/perSample/HG001_N1/HG001_N1.cnvnator.logs
    jobid: 31
    benchmark: ../../ngs_test_data/benchmark/gremlineVar/cnvnator/perSample/HG001_N1/HG001_N1.cnvnator.tsv
    wildcards: bam_sample=HG001_N1
    threads: 2

Waiting at most 5 seconds for missing files.
MissingOutputException in line 19 of /home/pengjia/ProjectSnake/DNAseq/dna/smk/var/var_cnvnator.smk:
Missing files after 5 seconds:
../../ngs_test_data/data1/germlineVar/cnvnator/perSample/HG001_N1/HG001_N1.raw.cnvnator
This might be due to filesystem latency. If that is the case, consider to increase the wait time with --latency-wait.
Removing output files of failed job CNVnator since they might be corrupted:
../../ngs_test_data/data1/germlineVar/cnvnator/perSample/HG001_N1/HG001_N1.cnvnator.root
Shutting down, this might take some time.
Exiting because a job execution failed. Look above for error message
Complete log: /home/pengjia/ProjectSnake/DNAseq/dna/.snakemake/log/2020-07-19T174022.915041.snakemake.log
