Building DAG of jobs...
Using shell: /usr/bin/bash
Provided cores: 10
Rules claiming more threads will be scaled down.
Job counts:
	count	jobs
	1	HC_VQSLOD
	1	HC_applyVQSR
	1	all
	1	tabix
	4

[Sun Aug  9 15:05:05 2020]
rule HC_VQSLOD:
    input: /home/pengjia/ProjectSnake/ngs_test_data/data2/germlineVar/HC/perSample/HG001_N/HG001_N.HC.raw.vcf.gz, /home/pengjia/ProjectSnake/ngs_test_data/data2/genome/GRCh38/GRCh38.d1.vd1.fa, /home/DATA/REFGENOMEDB/human/GRCh38.d1.vd1/variantsDB/hapmap_3.3.hg38.vcf.gz, /home/DATA/REFGENOMEDB/human/GRCh38.d1.vd1/variantsDB/1000G_omni2.5.hg38.vcf.gz, /home/DATA/REFGENOMEDB/human/GRCh38.d1.vd1/variantsDB/1000G_phase1.snps.high_confidence.hg38.vcf.gz, /home/DATA/REFGENOMEDB/human/GRCh38.d1.vd1/variantsDB/dbsnp_146.hg38.vcf.gz, /home/DATA/REFGENOMEDB/human/GRCh38.d1.vd1/variantsDB/Mills_and_1000G_gold_standard.indels.hg38.vcf.gz, /home/DATA/REFGENOMEDB/human/GRCh38.d1.vd1/variantsDB/Axiom_Exome_Plus.genotypes.all_populations.poly.hg38.vcf.gz, /home/DATA/REFGENOMEDB/human/GRCh38.d1.vd1/variantsDB/dbsnp_146.hg38.vcf.gz.tbi, /home/DATA/REFGENOMEDB/human/GRCh38.d1.vd1/variantsDB/Mills_and_1000G_gold_standard.indels.hg38.vcf.gz.tbi, /home/DATA/REFGENOMEDB/human/GRCh38.d1.vd1/variantsDB/1000G_phase1.snps.high_confidence.hg38.vcf.gz.tbi, /home/DATA/REFGENOMEDB/human/GRCh38.d1.vd1/variantsDB/hapmap_3.3.hg38.vcf.gz.tbi, /home/DATA/REFGENOMEDB/human/GRCh38.d1.vd1/variantsDB/1000G_omni2.5.hg38.vcf.gz.tbi, /home/DATA/REFGENOMEDB/human/GRCh38.d1.vd1/variantsDB/Axiom_Exome_Plus.genotypes.all_populations.poly.hg38.vcf.gz.tbi
    output: /home/pengjia/ProjectSnake/ngs_test_data/data2/germlineVar/HC/perSample/HG001_N/HG001_N.HC.VQSLOD.SNV.recal, /home/pengjia/ProjectSnake/ngs_test_data/data2/germlineVar/HC/perSample/HG001_N/HG001_N.HC.VQSLOD.SNV.tranches
    log: /home/pengjia/ProjectSnake/ngs_test_data/logs/gremlineVar/HC/perSample/HG001_N/HG001_N.HC_JointCall_Joint_VQSLOD_SNV.logs
    jobid: 144
    benchmark: /home/pengjia/ProjectSnake/ngs_test_data/benchmark/gremlineVar/HC/jperSample/HG001_N/HG001_N.HC_JointCall_Joint_VQSLOD_SNV.tsv
    wildcards: bam_sample=HG001_N, vartype=SNV
    threads: 4

Job failed, going on with independent jobs.
Exiting because a job execution failed. Look above for error message
Complete log: /home/pengjia/ProjectSnake/DNAseq/dna/.snakemake/log/2020-08-09T150501.417865.snakemake.log
