Building DAG of jobs...
Using shell: /usr/bin/bash
Provided cores: 2
Rules claiming more threads will be scaled down.
Job counts:
	count	jobs
	2	MetaSV
	1	all
	3

[Tue Jul 14 11:20:01 2020]
rule MetaSV:
    input: ../../ngs_test_data/HQbam/HG001_N1.bam, ../../ngs_test_data/HQbam/HG001_N1.bam.bai, ../../ngs_test_data/genome/GRCh38/GRCh38_full_analysis_set_plus_decoy_hla.fa, ../../ngs_test_data/genome/GRCh38/GRCh38_full_analysis_set_plus_decoy_hla.fa.fai
    output: ../../ngs_test_data/germlineVar/metasv/perSample/HG001_N1/HG001_N1_metasv_work, ../../ngs_test_data/germlineVar/metasv/perSample/HG001_N1/HG001_N1_metasv_out, ../../ngs_test_data/germlineVar/metasv/perSample/HG001_N1/HG001_N1_metasv.cnvnator, ../../ngs_test_data/germlineVar/metasv/perSample/HG001_N1/HG001_N1_metasv.breakdancer, ../../ngs_test_data/germlineVar/metasv/perSample/HG001_N1/HG001_N1_metasv.breakseq, ../../ngs_test_data/germlineVar/metasv/perSample/HG001_N1/HG001_N1_metasv.pindel_D, ../../ngs_test_data/germlineVar/metasv/perSample/HG001_N1/HG001_N1_metasv.pindel_LI, ../../ngs_test_data/germlineVar/metasv/perSample/HG001_N1/HG001_N1_metasv.pindel_SI, ../../ngs_test_data/germlineVar/metasv/perSample/HG001_N1/HG001_N1_metasv.pindel_TD, ../../ngs_test_data/germlineVar/metasv/perSample/HG001_N1/HG001_N1_metasv.pindel_INV, ../../ngs_test_data/germlineVar/metasv/perSample/HG001_N1/HG001_N1.metasv.raw.vcf.gz
    log: ../../ngs_test_log/gremlineVar/metasv/perSample/HG001_N1/HG001_N1.metasv.logs
    jobid: 26
    benchmark: ../../ngs_test_bm/gremlineVar/metasv/perSample/HG001_N1/HG001_N1.metasv.logs
    wildcards: bam_sample=HG001_N1
    threads: 2

Shutting down, this might take some time.
Exiting because a job execution failed. Look above for error message
Complete log: /home/pengjia/ProjectSnake/DNAseq/dna/.snakemake/log/2020-07-14T111959.320738.snakemake.log
