Building DAG of jobs...
Using shell: /usr/bin/bash
Provided cores: 10
Rules claiming more threads will be scaled down.
Job counts:
	count	jobs
	4	BamIndex
	3	Bwa
	2	GATKReAlign
	2	GATKReAlignPre
	2	LoadHQbam
	2	MarkDupWithPicard
	2	MergeBam
	2	NoneBQSR
	2	NoneFixMate
	2	NoneLeftALign
	1	all
	24

[Tue Jul 21 15:23:23 2020]
rule Bwa:
    input: ../../ngs_test_data/data2/cleandata/fastp/HG001/N1/HG001_N1_L1_fastp_1.fq.gz, ../../ngs_test_data/data2/cleandata/fastp/HG001/N1/HG001_N1_L1_fastp_2.fq.gz, ../../ngs_test_data/data2/genome/GRCh38/GRCh38.d1.vd1.fa, ../../ngs_test_data/data2/genome/GRCh38/GRCh38.d1.vd1.fa.fai, ../../ngs_test_data/data2/genome/GRCh38/GRCh38.d1.vd1.fa.bwt
    output: ../../ngs_test_data/data2/align/HG001/N1/HG001_N1_L1_fastp_bwa_sorted.bam
    log: ../../ngs_test_data/logs/align/bwa/HG001/N1/HG001_N1_L1_fastp_bwa.logs
    jobid: 36
    benchmark: ../../ngs_test_data/benchmark/align/bwa/HG001/N1/HG001_N1_L1_fastp.bwa.tsv
    wildcards: case=HG001, sample=N1, unit=L1, qcpipe=fastp
    threads: 8

[Tue Jul 21 15:26:37 2020]
Finished job 36.
1 of 24 steps (4%) done

[Tue Jul 21 15:26:37 2020]
rule Bwa:
    input: ../../ngs_test_data/data2/cleandata/fastp/HG001/N/HG001_N_L1_fastp_1.fq.gz, ../../ngs_test_data/data2/cleandata/fastp/HG001/N/HG001_N_L1_fastp_2.fq.gz, ../../ngs_test_data/data2/genome/GRCh38/GRCh38.d1.vd1.fa, ../../ngs_test_data/data2/genome/GRCh38/GRCh38.d1.vd1.fa.fai, ../../ngs_test_data/data2/genome/GRCh38/GRCh38.d1.vd1.fa.bwt
    output: ../../ngs_test_data/data2/align/HG001/N/HG001_N_L1_fastp_bwa_sorted.bam
    log: ../../ngs_test_data/logs/align/bwa/HG001/N/HG001_N_L1_fastp_bwa.logs
    jobid: 35
    benchmark: ../../ngs_test_data/benchmark/align/bwa/HG001/N/HG001_N_L1_fastp.bwa.tsv
    wildcards: case=HG001, sample=N, unit=L1, qcpipe=fastp
    threads: 8

[Tue Jul 21 15:27:22 2020]
Finished job 35.
2 of 24 steps (8%) done

[Tue Jul 21 15:27:22 2020]
rule Bwa:
    input: ../../ngs_test_data/data2/cleandata/fastp/HG001/N1/HG001_N1_L2_fastp_1.fq.gz, ../../ngs_test_data/data2/cleandata/fastp/HG001/N1/HG001_N1_L2_fastp_2.fq.gz, ../../ngs_test_data/data2/genome/GRCh38/GRCh38.d1.vd1.fa, ../../ngs_test_data/data2/genome/GRCh38/GRCh38.d1.vd1.fa.fai, ../../ngs_test_data/data2/genome/GRCh38/GRCh38.d1.vd1.fa.bwt
    output: ../../ngs_test_data/data2/align/HG001/N1/HG001_N1_L2_fastp_bwa_sorted.bam
    log: ../../ngs_test_data/logs/align/bwa/HG001/N1/HG001_N1_L2_fastp_bwa.logs
    jobid: 37
    benchmark: ../../ngs_test_data/benchmark/align/bwa/HG001/N1/HG001_N1_L2_fastp.bwa.tsv
    wildcards: case=HG001, sample=N1, unit=L2, qcpipe=fastp
    threads: 8

[Tue Jul 21 15:27:34 2020]
Finished job 37.
3 of 24 steps (12%) done

[Tue Jul 21 15:27:34 2020]
rule MergeBam:
    input: ../../ngs_test_data/data2/align/HG001/N1/HG001_N1_L1_fastp_bwa_sorted.bam, ../../ngs_test_data/data2/align/HG001/N1/HG001_N1_L2_fastp_bwa_sorted.bam
    output: ../../ngs_test_data/data2/align/HG001/N1/HG001_N1_fastp_bwa.bam
    log: ../../ngs_test_data/logs/align/HG001/N1/HG001_N1_fastp_bwa.merge.logs
    jobid: 34
    benchmark: ../../ngs_test_data/benchmark/align/HG001/N1/HG001_N1_fastp_bwa.merge.tsv
    wildcards: case=HG001, sample=N1, qcpipe=fastp, aligner=bwa
    threads: 8

[Tue Jul 21 15:27:41 2020]
Finished job 34.
4 of 24 steps (17%) done

[Tue Jul 21 15:27:41 2020]
rule MarkDupWithPicard:
    input: ../../ngs_test_data/data2/align/HG001/N1/HG001_N1_fastp_bwa.bam
    output: ../../ngs_test_data/data2/align/HG001/N1/HG001_N1_fastp_bwa_picardMarkDup.bam, ../../ngs_test_data/data2/align/HG001/N1/HG001_N1_fastp_bwa_picardMarkDup.metrics
    log: ../../ngs_test_data/logs/align/HG001/N1/HG001_N1_fastp_bwa_picardMarkDup.logs
    jobid: 29
    benchmark: ../../ngs_test_data/benchmark/align/HG001/N1/HG001_N1_fastp_bwa_picardMarkDup.tsv
    wildcards: case=HG001, sample=N1, qcpipe=fastp, aligner=bwa

[Tue Jul 21 15:27:42 2020]
rule MergeBam:
    input: ../../ngs_test_data/data2/align/HG001/N/HG001_N_L1_fastp_bwa_sorted.bam
    output: ../../ngs_test_data/data2/align/HG001/N/HG001_N_fastp_bwa.bam
    log: ../../ngs_test_data/logs/align/HG001/N/HG001_N_fastp_bwa.merge.logs
    jobid: 32
    benchmark: ../../ngs_test_data/benchmark/align/HG001/N/HG001_N_fastp_bwa.merge.tsv
    wildcards: case=HG001, sample=N, qcpipe=fastp, aligner=bwa
    threads: 8

[Tue Jul 21 15:27:44 2020]
Finished job 32.
5 of 24 steps (21%) done

[Tue Jul 21 15:27:44 2020]
rule MarkDupWithPicard:
    input: ../../ngs_test_data/data2/align/HG001/N/HG001_N_fastp_bwa.bam
    output: ../../ngs_test_data/data2/align/HG001/N/HG001_N_fastp_bwa_picardMarkDup.bam, ../../ngs_test_data/data2/align/HG001/N/HG001_N_fastp_bwa_picardMarkDup.metrics
    log: ../../ngs_test_data/logs/align/HG001/N/HG001_N_fastp_bwa_picardMarkDup.logs
    jobid: 25
    benchmark: ../../ngs_test_data/benchmark/align/HG001/N/HG001_N_fastp_bwa_picardMarkDup.tsv
    wildcards: case=HG001, sample=N, qcpipe=fastp, aligner=bwa

[Tue Jul 21 15:27:56 2020]
Finished job 25.
6 of 24 steps (25%) done

[Tue Jul 21 15:27:56 2020]
rule BamIndex:
    input: ../../ngs_test_data/data2/align/HG001/N/HG001_N_fastp_bwa_picardMarkDup.bam
    output: ../../ngs_test_data/data2/align/HG001/N/HG001_N_fastp_bwa_picardMarkDup.bam.bai
    jobid: 26
    wildcards: prefix=../../ngs_test_data/data2/align/HG001/N/HG001_N_fastp_bwa_picardMarkDup
    threads: 8

[Tue Jul 21 15:27:57 2020]
Finished job 26.
7 of 24 steps (29%) done

[Tue Jul 21 15:27:57 2020]
rule GATKReAlignPre:
    input: ../../ngs_test_data/data2/align/HG001/N/HG001_N_fastp_bwa_picardMarkDup.bam, ../../ngs_test_data/data2/align/HG001/N/HG001_N_fastp_bwa_picardMarkDup.bam.bai, ../../ngs_test_data/data2/genome/GRCh38/GRCh38.d1.vd1.fa, ../../ngs_test_data/data2/genome/GRCh38/GRCh38.d1.vd1.dict, /home/DATA/REFGENOMEDB/human/GRCh38.d1.vd1/variantsDB/1000G_phase1.snps.high_confidence.hg38.vcf.gz, /home/DATA/REFGENOMEDB/human/GRCh38.d1.vd1/variantsDB/dbsnp_146.hg38.vcf.gz, /home/DATA/REFGENOMEDB/human/GRCh38.d1.vd1/variantsDB/1000G_omni2.5.hg38.vcf.gz, /home/DATA/REFGENOMEDB/human/GRCh38.d1.vd1/variantsDB/hapmap_3.3.hg38.vcf.gz, /home/DATA/REFGENOMEDB/human/GRCh38.d1.vd1/variantsDB/Mills_and_1000G_gold_standard.indels.b38.primary_assembly.vcf.gz
    output: ../../ngs_test_data/data2/align/HG001/N/HG001_N_fastp_bwa_picardMarkDup_reAlign.intervals
    log: ../../ngs_test_data/logs/align/HG001/N/HG001_N_fastp_bwa_picardMarkDup_reAlign.logs
    jobid: 28
    benchmark: ../../ngs_test_data/benchmark/align/HG001/N/HG001_N_fastp_bwa_picardMarkDup_reAlign.tsv
    wildcards: case=HG001, sample=N, qcpipe=fastp, aligner=bwa, markdup=picardMarkDup
    threads: 4

[Tue Jul 21 15:28:13 2020]
Finished job 29.
8 of 24 steps (33%) done
[Tue Jul 21 15:44:08 2020]
Finished job 28.
9 of 24 steps (38%) done

[Tue Jul 21 15:44:08 2020]
rule GATKReAlign:
    input: ../../ngs_test_data/data2/align/HG001/N/HG001_N_fastp_bwa_picardMarkDup.bam, ../../ngs_test_data/data2/align/HG001/N/HG001_N_fastp_bwa_picardMarkDup.bam.bai, ../../ngs_test_data/data2/genome/GRCh38/GRCh38.d1.vd1.fa, /home/DATA/REFGENOMEDB/human/GRCh38.d1.vd1/variantsDB/1000G_phase1.snps.high_confidence.hg38.vcf.gz, /home/DATA/REFGENOMEDB/human/GRCh38.d1.vd1/variantsDB/dbsnp_146.hg38.vcf.gz, /home/DATA/REFGENOMEDB/human/GRCh38.d1.vd1/variantsDB/1000G_omni2.5.hg38.vcf.gz, /home/DATA/REFGENOMEDB/human/GRCh38.d1.vd1/variantsDB/hapmap_3.3.hg38.vcf.gz, /home/DATA/REFGENOMEDB/human/GRCh38.d1.vd1/variantsDB/Mills_and_1000G_gold_standard.indels.b38.primary_assembly.vcf.gz, ../../ngs_test_data/data2/align/HG001/N/HG001_N_fastp_bwa_picardMarkDup_reAlign.intervals
    output: ../../ngs_test_data/data2/align/HG001/N/HG001_N_fastp_bwa_picardMarkDup_reAlign.bam
    log: ../../ngs_test_data/logs/align/HG001/N/HG001_N_fastp_bwa_picardMarkDup_reAlign-apply.logs
    jobid: 21
    benchmark: ../../ngs_test_data/benchmark/align/HG001/N/HG001_N_fastp_bwa_picardMarkDup_reAlign-apply.tsv
    wildcards: case=HG001, sample=N, qcpipe=fastp, aligner=bwa, markdup=picardMarkDup

[Tue Jul 21 15:44:08 2020]
rule BamIndex:
    input: ../../ngs_test_data/data2/align/HG001/N1/HG001_N1_fastp_bwa_picardMarkDup.bam
    output: ../../ngs_test_data/data2/align/HG001/N1/HG001_N1_fastp_bwa_picardMarkDup.bam.bai
    jobid: 30
    wildcards: prefix=../../ngs_test_data/data2/align/HG001/N1/HG001_N1_fastp_bwa_picardMarkDup
    threads: 8

[Tue Jul 21 15:44:22 2020]
Finished job 30.
10 of 24 steps (42%) done

[Tue Jul 21 15:44:22 2020]
rule GATKReAlignPre:
    input: ../../ngs_test_data/data2/align/HG001/N1/HG001_N1_fastp_bwa_picardMarkDup.bam, ../../ngs_test_data/data2/align/HG001/N1/HG001_N1_fastp_bwa_picardMarkDup.bam.bai, ../../ngs_test_data/data2/genome/GRCh38/GRCh38.d1.vd1.fa, ../../ngs_test_data/data2/genome/GRCh38/GRCh38.d1.vd1.dict, /home/DATA/REFGENOMEDB/human/GRCh38.d1.vd1/variantsDB/1000G_phase1.snps.high_confidence.hg38.vcf.gz, /home/DATA/REFGENOMEDB/human/GRCh38.d1.vd1/variantsDB/dbsnp_146.hg38.vcf.gz, /home/DATA/REFGENOMEDB/human/GRCh38.d1.vd1/variantsDB/1000G_omni2.5.hg38.vcf.gz, /home/DATA/REFGENOMEDB/human/GRCh38.d1.vd1/variantsDB/hapmap_3.3.hg38.vcf.gz, /home/DATA/REFGENOMEDB/human/GRCh38.d1.vd1/variantsDB/Mills_and_1000G_gold_standard.indels.b38.primary_assembly.vcf.gz
    output: ../../ngs_test_data/data2/align/HG001/N1/HG001_N1_fastp_bwa_picardMarkDup_reAlign.intervals
    log: ../../ngs_test_data/logs/align/HG001/N1/HG001_N1_fastp_bwa_picardMarkDup_reAlign.logs
    jobid: 31
    benchmark: ../../ngs_test_data/benchmark/align/HG001/N1/HG001_N1_fastp_bwa_picardMarkDup_reAlign.tsv
    wildcards: case=HG001, sample=N1, qcpipe=fastp, aligner=bwa, markdup=picardMarkDup
    threads: 4

