Building DAG of jobs...
Using shell: /usr/bin/bash
Provided cores: 15
Rules claiming more threads will be scaled down.
Job counts:
	count	jobs
	1	all
	3	fastp
	3	fastqc
	3	fastqc2
	3	loadrawData
	13

[Tue Jul 21 09:53:51 2020]
rule loadrawData:
    input: /home/DATA/NA12878/pipelineTest/fastq/HG001_1000GDeep_chr20_1.fq.gz, /home/DATA/NA12878/pipelineTest/fastq/HG001_1000GDeep_chr20_2.fq.gz
    output: ../../ngs_test_data/data2/rawdata/HG001/N1/HG001_N1_L2_1.fq.gz, ../../ngs_test_data/data2/rawdata/HG001/N1/HG001_N1_L2_2.fq.gz
    log: ../../ngs_test_data/logs/raw_read_qc/loadRawdata/HG001/N1/HG001_N1_L2_loaddata.log
    jobid: 12
    benchmark: ../../ngs_test_data/benchmark/raw_read_qc/loadRawdata/HG001/N1/HG001_N1_L2_loaddata.tsv
    wildcards: case=HG001, sample=N1, unit=L2
    threads: 4

[Tue Jul 21 09:53:52 2020]
rule loadrawData:
    input: /home/DATA/NA12878/pipelineTest/fastq/HG001_GIAB_chr20_1.fq, /home/DATA/NA12878/pipelineTest/fastq/HG001_GIAB_chr20_2.fq
    output: ../../ngs_test_data/data2/rawdata/HG001/N/HG001_N_L1_1.fq.gz, ../../ngs_test_data/data2/rawdata/HG001/N/HG001_N_L1_2.fq.gz
    log: ../../ngs_test_data/logs/raw_read_qc/loadRawdata/HG001/N/HG001_N_L1_loaddata.log
    jobid: 10
    benchmark: ../../ngs_test_data/benchmark/raw_read_qc/loadRawdata/HG001/N/HG001_N_L1_loaddata.tsv
    wildcards: case=HG001, sample=N, unit=L1
    threads: 4

[Tue Jul 21 09:53:52 2020]
rule loadrawData:
    input: /home/DATA/NA12878/pipelineTest/fastq/HG001_1000G_chr20_1.fq, /home/DATA/NA12878/pipelineTest/fastq/HG001_1000G_chr20_2.fq
    output: ../../ngs_test_data/data2/rawdata/HG001/N1/HG001_N1_L1_1.fq.gz, ../../ngs_test_data/data2/rawdata/HG001/N1/HG001_N1_L1_2.fq.gz
    log: ../../ngs_test_data/logs/raw_read_qc/loadRawdata/HG001/N1/HG001_N1_L1_loaddata.log
    jobid: 11
    benchmark: ../../ngs_test_data/benchmark/raw_read_qc/loadRawdata/HG001/N1/HG001_N1_L1_loaddata.tsv
    wildcards: case=HG001, sample=N1, unit=L1
    threads: 4

Shutting down, this might take some time.
Exiting because a job execution failed. Look above for error message
Complete log: /home/pengjia/ProjectSnake/DNAseq/dna/.snakemake/log/2020-07-21T095350.969231.snakemake.log
