Building DAG of jobs...
Using shell: /usr/bin/bash
Provided cores: 10
Rules claiming more threads will be scaled down.
Job counts:
	count	jobs
	4	BamIndex
	2	LoadHQbam
	2	MarkDupWithBiobambam
	2	NoneBQSR
	2	NoneFixMate
	2	NoneLeftALign
	2	NoneRealign
	1	all
	17

[Tue Jul 21 14:51:11 2020]
rule MarkDupWithBiobambam:
    input: ../../ngs_test_data/data2/align/HG001/N/HG001_N_fastp_bwa.bam
    output: ../../ngs_test_data/data2/align/HG001/N/HG001_N_fastp_bwa_biobam_tmp, ../../ngs_test_data/data2/align/HG001/N/HG001_N_fastp_bwa_bioMarkDup.bam, ../../ngs_test_data/data2/align/HG001/N/HG001_N_fastp_bwa_bioMarkDup.Metrics
    log: ../../ngs_test_data/logs/align/HG001/N/HG001_N_fastp_bwa_bioMarkDup.logs
    jobid: 25
    benchmark: ../../ngs_test_data/benchmark/align/HG001/N/HG001_N_fastp_bwa.bioMarkDup.tsv
    wildcards: case=HG001, sample=N, qcpipe=fastp, aligner=bwa
    threads: 4

[Tue Jul 21 14:51:11 2020]
rule MarkDupWithBiobambam:
    input: ../../ngs_test_data/data2/align/HG001/N1/HG001_N1_fastp_bwa.bam
    output: ../../ngs_test_data/data2/align/HG001/N1/HG001_N1_fastp_bwa_biobam_tmp, ../../ngs_test_data/data2/align/HG001/N1/HG001_N1_fastp_bwa_bioMarkDup.bam, ../../ngs_test_data/data2/align/HG001/N1/HG001_N1_fastp_bwa_bioMarkDup.Metrics
    log: ../../ngs_test_data/logs/align/HG001/N1/HG001_N1_fastp_bwa_bioMarkDup.logs
    jobid: 27
    benchmark: ../../ngs_test_data/benchmark/align/HG001/N1/HG001_N1_fastp_bwa.bioMarkDup.tsv
    wildcards: case=HG001, sample=N1, qcpipe=fastp, aligner=bwa
    threads: 4

[Tue Jul 21 14:51:19 2020]
Finished job 25.
1 of 17 steps (6%) done
[Tue Jul 21 14:51:32 2020]
Finished job 27.
2 of 17 steps (12%) done

[Tue Jul 21 14:51:32 2020]
rule BamIndex:
    input: ../../ngs_test_data/data2/align/HG001/N1/HG001_N1_fastp_bwa_bioMarkDup.bam
    output: ../../ngs_test_data/data2/align/HG001/N1/HG001_N1_fastp_bwa_bioMarkDup.bam.bai
    jobid: 28
    wildcards: prefix=../../ngs_test_data/data2/align/HG001/N1/HG001_N1_fastp_bwa_bioMarkDup
    threads: 8

[Tue Jul 21 14:51:33 2020]
Finished job 28.
3 of 17 steps (18%) done

[Tue Jul 21 14:51:33 2020]
rule BamIndex:
    input: ../../ngs_test_data/data2/align/HG001/N/HG001_N_fastp_bwa_bioMarkDup.bam
    output: ../../ngs_test_data/data2/align/HG001/N/HG001_N_fastp_bwa_bioMarkDup.bam.bai
    jobid: 26
    wildcards: prefix=../../ngs_test_data/data2/align/HG001/N/HG001_N_fastp_bwa_bioMarkDup
    threads: 8

[Tue Jul 21 14:51:33 2020]
localrule NoneRealign:
    input: ../../ngs_test_data/data2/align/HG001/N1/HG001_N1_fastp_bwa_bioMarkDup.bam, ../../ngs_test_data/data2/align/HG001/N1/HG001_N1_fastp_bwa_bioMarkDup.bam.bai
    output: ../../ngs_test_data/data2/align/HG001/N1/HG001_N1_fastp_bwa_bioMarkDup_noneReAlign.bam, ../../ngs_test_data/data2/align/HG001/N1/HG001_N1_fastp_bwa_bioMarkDup.noneReAlign.bam.bai
    jobid: 23
    wildcards: case=HG001, sample=N1, qcpipe=fastp, aligner=bwa, markdup=bioMarkDup

[Tue Jul 21 14:51:34 2020]
Finished job 26.
4 of 17 steps (24%) done

[Tue Jul 21 14:51:34 2020]
localrule NoneRealign:
    input: ../../ngs_test_data/data2/align/HG001/N/HG001_N_fastp_bwa_bioMarkDup.bam, ../../ngs_test_data/data2/align/HG001/N/HG001_N_fastp_bwa_bioMarkDup.bam.bai
    output: ../../ngs_test_data/data2/align/HG001/N/HG001_N_fastp_bwa_bioMarkDup_noneReAlign.bam, ../../ngs_test_data/data2/align/HG001/N/HG001_N_fastp_bwa_bioMarkDup.noneReAlign.bam.bai
    jobid: 21
    wildcards: case=HG001, sample=N, qcpipe=fastp, aligner=bwa, markdup=bioMarkDup

[Tue Jul 21 14:51:35 2020]
Finished job 23.
5 of 17 steps (29%) done

[Tue Jul 21 14:51:35 2020]
rule BamIndex:
    input: ../../ngs_test_data/data2/align/HG001/N1/HG001_N1_fastp_bwa_bioMarkDup_noneReAlign.bam
    output: ../../ngs_test_data/data2/align/HG001/N1/HG001_N1_fastp_bwa_bioMarkDup_noneReAlign.bam.bai
    jobid: 24
    wildcards: prefix=../../ngs_test_data/data2/align/HG001/N1/HG001_N1_fastp_bwa_bioMarkDup_noneReAlign
    threads: 8

[Tue Jul 21 14:51:35 2020]
Finished job 21.
6 of 17 steps (35%) done
[Tue Jul 21 14:51:36 2020]
Finished job 24.
7 of 17 steps (41%) done

[Tue Jul 21 14:51:36 2020]
localrule NoneBQSR:
    input: ../../ngs_test_data/data2/align/HG001/N1/HG001_N1_fastp_bwa_bioMarkDup_noneReAlign.bam, ../../ngs_test_data/data2/align/HG001/N1/HG001_N1_fastp_bwa_bioMarkDup_noneReAlign.bam.bai
    output: ../../ngs_test_data/data2/align/HG001/N1/HG001_N1_fastp_bwa_bioMarkDup_noneReAlign_noneBQSR.bam, ../../ngs_test_data/data2/align/HG001/N1/HG001_N1_fastp_bwa_bioMarkDup_noneReAlign_noneBQSR.bam.bai
    jobid: 20
    wildcards: case=HG001, sample=N1, qcpipe=fastp, aligner=bwa, markdup=bioMarkDup, realign=noneReAlign


[Tue Jul 21 14:51:36 2020]
rule BamIndex:
    input: ../../ngs_test_data/data2/align/HG001/N/HG001_N_fastp_bwa_bioMarkDup_noneReAlign.bam
    output: ../../ngs_test_data/data2/align/HG001/N/HG001_N_fastp_bwa_bioMarkDup_noneReAlign.bam.bai
    jobid: 22
    wildcards: prefix=../../ngs_test_data/data2/align/HG001/N/HG001_N_fastp_bwa_bioMarkDup_noneReAlign
    threads: 8

[Tue Jul 21 14:51:37 2020]
Finished job 22.
8 of 17 steps (47%) done

[Tue Jul 21 14:51:37 2020]
localrule NoneBQSR:
    input: ../../ngs_test_data/data2/align/HG001/N/HG001_N_fastp_bwa_bioMarkDup_noneReAlign.bam, ../../ngs_test_data/data2/align/HG001/N/HG001_N_fastp_bwa_bioMarkDup_noneReAlign.bam.bai
    output: ../../ngs_test_data/data2/align/HG001/N/HG001_N_fastp_bwa_bioMarkDup_noneReAlign_noneBQSR.bam, ../../ngs_test_data/data2/align/HG001/N/HG001_N_fastp_bwa_bioMarkDup_noneReAlign_noneBQSR.bam.bai
    jobid: 19
    wildcards: case=HG001, sample=N, qcpipe=fastp, aligner=bwa, markdup=bioMarkDup, realign=noneReAlign

Terminating processes on user request, this might take some time.
[Tue Jul 21 14:51:58 2020]
[Tue Jul 21 14:51:58 2020]
Error in rule NoneBQSR:
Error in rule NoneBQSR:
    jobid: 19
    jobid: 20
    output: ../../ngs_test_data/data2/align/HG001/N/HG001_N_fastp_bwa_bioMarkDup_noneReAlign_noneBQSR.bam, ../../ngs_test_data/data2/align/HG001/N/HG001_N_fastp_bwa_bioMarkDup_noneReAlign_noneBQSR.bam.bai
    output: ../../ngs_test_data/data2/align/HG001/N1/HG001_N1_fastp_bwa_bioMarkDup_noneReAlign_noneBQSR.bam, ../../ngs_test_data/data2/align/HG001/N1/HG001_N1_fastp_bwa_bioMarkDup_noneReAlign_noneBQSR.bam.bai
    shell:
        
         ln -sr ../../ngs_test_data/data2/align/HG001/N/HG001_N_fastp_bwa_bioMarkDup_noneReAlign.bam ../../ngs_test_data/data2/align/HG001/N/HG001_N_fastp_bwa_bioMarkDup_noneReAlign_noneBQSR.bam
         ln -sr ../../ngs_test_data/data2/align/HG001/N/HG001_N_fastp_bwa_bioMarkDup_noneReAlign.bam.bai ../../ngs_test_data/data2/align/HG001/N/HG001_N_fastp_bwa_bioMarkDup_noneReAlign_noneBQSR.bam.bai
         sleep 60
         touch -h ../../ngs_test_data/data2/align/HG001/N/HG001_N_fastp_bwa_bioMarkDup_noneReAlign_noneBQSR.bam
         touch -h ../../ngs_test_data/data2/align/HG001/N/HG001_N_fastp_bwa_bioMarkDup_noneReAlign_noneBQSR.bam.bai
         
        (exited with non-zero exit code)
    shell:
        
         ln -sr ../../ngs_test_data/data2/align/HG001/N1/HG001_N1_fastp_bwa_bioMarkDup_noneReAlign.bam ../../ngs_test_data/data2/align/HG001/N1/HG001_N1_fastp_bwa_bioMarkDup_noneReAlign_noneBQSR.bam
         ln -sr ../../ngs_test_data/data2/align/HG001/N1/HG001_N1_fastp_bwa_bioMarkDup_noneReAlign.bam.bai ../../ngs_test_data/data2/align/HG001/N1/HG001_N1_fastp_bwa_bioMarkDup_noneReAlign_noneBQSR.bam.bai
         sleep 60
         touch -h ../../ngs_test_data/data2/align/HG001/N1/HG001_N1_fastp_bwa_bioMarkDup_noneReAlign_noneBQSR.bam
         touch -h ../../ngs_test_data/data2/align/HG001/N1/HG001_N1_fastp_bwa_bioMarkDup_noneReAlign_noneBQSR.bam.bai
         
        (exited with non-zero exit code)


Removing output files of failed job NoneBQSR since they might be corrupted:
../../ngs_test_data/data2/align/HG001/N/HG001_N_fastp_bwa_bioMarkDup_noneReAlign_noneBQSR.bam, ../../ngs_test_data/data2/align/HG001/N/HG001_N_fastp_bwa_bioMarkDup_noneReAlign_noneBQSR.bam.bai
Removing output files of failed job NoneBQSR since they might be corrupted:
../../ngs_test_data/data2/align/HG001/N1/HG001_N1_fastp_bwa_bioMarkDup_noneReAlign_noneBQSR.bam, ../../ngs_test_data/data2/align/HG001/N1/HG001_N1_fastp_bwa_bioMarkDup_noneReAlign_noneBQSR.bam.bai
Cancelling snakemake on user request.
