Building DAG of jobs...
Using shell: /usr/bin/bash
Provided cores: 10
Rules claiming more threads will be scaled down.
Job counts:
	count	jobs
	4	BamIndex
	2	LoadHQbam
	2	NoneBQSR
	2	NoneFixMate
	2	NoneLeftALign
	2	NoneMarkDup
	2	NoneRealign
	1	all
	17

[Tue Jul 21 15:01:19 2020]
rule NoneMarkDup:
    input: ../../ngs_test_data/data2/align/HG001/N/HG001_N_fastp_bwa.bam
    output: ../../ngs_test_data/data2/align/HG001/N/HG001_N_fastp_bwa_noneMarkDup.bam
    jobid: 25
    wildcards: case=HG001, sample=N, qcpipe=fastp, aligner=bwa


[Tue Jul 21 15:01:20 2020]
rule NoneMarkDup:
    input: ../../ngs_test_data/data2/align/HG001/N1/HG001_N1_fastp_bwa.bam
    output: ../../ngs_test_data/data2/align/HG001/N1/HG001_N1_fastp_bwa_noneMarkDup.bam
    jobid: 27
    wildcards: case=HG001, sample=N1, qcpipe=fastp, aligner=bwa

[Tue Jul 21 15:01:21 2020]
Finished job 25.
1 of 17 steps (6%) done
[Tue Jul 21 15:01:21 2020]
Finished job 27.
2 of 17 steps (12%) done

[Tue Jul 21 15:01:21 2020]
rule BamIndex:
    input: ../../ngs_test_data/data2/align/HG001/N1/HG001_N1_fastp_bwa_noneMarkDup.bam
    output: ../../ngs_test_data/data2/align/HG001/N1/HG001_N1_fastp_bwa_noneMarkDup.bam.bai
    jobid: 28
    wildcards: prefix=../../ngs_test_data/data2/align/HG001/N1/HG001_N1_fastp_bwa_noneMarkDup
    threads: 8

[Tue Jul 21 15:01:25 2020]
Finished job 28.
3 of 17 steps (18%) done

[Tue Jul 21 15:01:25 2020]
localrule NoneRealign:
    input: ../../ngs_test_data/data2/align/HG001/N1/HG001_N1_fastp_bwa_noneMarkDup.bam, ../../ngs_test_data/data2/align/HG001/N1/HG001_N1_fastp_bwa_noneMarkDup.bam.bai
    output: ../../ngs_test_data/data2/align/HG001/N1/HG001_N1_fastp_bwa_noneMarkDup_noneReAlign.bam, ../../ngs_test_data/data2/align/HG001/N1/HG001_N1_fastp_bwa_noneMarkDup.noneReAlign.bam.bai
    jobid: 23
    wildcards: case=HG001, sample=N1, qcpipe=fastp, aligner=bwa, markdup=noneMarkDup


[Tue Jul 21 15:01:26 2020]
rule BamIndex:
    input: ../../ngs_test_data/data2/align/HG001/N/HG001_N_fastp_bwa_noneMarkDup.bam
    output: ../../ngs_test_data/data2/align/HG001/N/HG001_N_fastp_bwa_noneMarkDup.bam.bai
    jobid: 26
    wildcards: prefix=../../ngs_test_data/data2/align/HG001/N/HG001_N_fastp_bwa_noneMarkDup
    threads: 8

[Tue Jul 21 15:01:27 2020]
Finished job 23.
4 of 17 steps (24%) done
[Tue Jul 21 15:01:27 2020]
Finished job 26.
5 of 17 steps (29%) done

[Tue Jul 21 15:01:27 2020]
rule BamIndex:
    input: ../../ngs_test_data/data2/align/HG001/N1/HG001_N1_fastp_bwa_noneMarkDup_noneReAlign.bam
    output: ../../ngs_test_data/data2/align/HG001/N1/HG001_N1_fastp_bwa_noneMarkDup_noneReAlign.bam.bai
    jobid: 24
    wildcards: prefix=../../ngs_test_data/data2/align/HG001/N1/HG001_N1_fastp_bwa_noneMarkDup_noneReAlign
    threads: 8

[Tue Jul 21 15:01:27 2020]
localrule NoneRealign:
    input: ../../ngs_test_data/data2/align/HG001/N/HG001_N_fastp_bwa_noneMarkDup.bam, ../../ngs_test_data/data2/align/HG001/N/HG001_N_fastp_bwa_noneMarkDup.bam.bai
    output: ../../ngs_test_data/data2/align/HG001/N/HG001_N_fastp_bwa_noneMarkDup_noneReAlign.bam, ../../ngs_test_data/data2/align/HG001/N/HG001_N_fastp_bwa_noneMarkDup.noneReAlign.bam.bai
    jobid: 21
    wildcards: case=HG001, sample=N, qcpipe=fastp, aligner=bwa, markdup=noneMarkDup

[Tue Jul 21 15:01:30 2020]
Finished job 24.
6 of 17 steps (35%) done
[Tue Jul 21 15:01:30 2020]
Finished job 21.
7 of 17 steps (41%) done

[Tue Jul 21 15:01:30 2020]
rule BamIndex:
    input: ../../ngs_test_data/data2/align/HG001/N/HG001_N_fastp_bwa_noneMarkDup_noneReAlign.bam
    output: ../../ngs_test_data/data2/align/HG001/N/HG001_N_fastp_bwa_noneMarkDup_noneReAlign.bam.bai
    jobid: 22
    wildcards: prefix=../../ngs_test_data/data2/align/HG001/N/HG001_N_fastp_bwa_noneMarkDup_noneReAlign
    threads: 8

[Tue Jul 21 15:01:31 2020]
localrule NoneBQSR:
    input: ../../ngs_test_data/data2/align/HG001/N1/HG001_N1_fastp_bwa_noneMarkDup_noneReAlign.bam, ../../ngs_test_data/data2/align/HG001/N1/HG001_N1_fastp_bwa_noneMarkDup_noneReAlign.bam.bai
    output: ../../ngs_test_data/data2/align/HG001/N1/HG001_N1_fastp_bwa_noneMarkDup_noneReAlign_noneBQSR.bam, ../../ngs_test_data/data2/align/HG001/N1/HG001_N1_fastp_bwa_noneMarkDup_noneReAlign_noneBQSR.bam.bai
    jobid: 20
    wildcards: case=HG001, sample=N1, qcpipe=fastp, aligner=bwa, markdup=noneMarkDup, realign=noneReAlign

[Tue Jul 21 15:01:31 2020]
Finished job 22.
8 of 17 steps (47%) done

[Tue Jul 21 15:01:31 2020]
localrule NoneBQSR:
    input: ../../ngs_test_data/data2/align/HG001/N/HG001_N_fastp_bwa_noneMarkDup_noneReAlign.bam, ../../ngs_test_data/data2/align/HG001/N/HG001_N_fastp_bwa_noneMarkDup_noneReAlign.bam.bai
    output: ../../ngs_test_data/data2/align/HG001/N/HG001_N_fastp_bwa_noneMarkDup_noneReAlign_noneBQSR.bam, ../../ngs_test_data/data2/align/HG001/N/HG001_N_fastp_bwa_noneMarkDup_noneReAlign_noneBQSR.bam.bai
    jobid: 19
    wildcards: case=HG001, sample=N, qcpipe=fastp, aligner=bwa, markdup=noneMarkDup, realign=noneReAlign

[Tue Jul 21 15:02:33 2020]
Finished job 20.
9 of 17 steps (53%) done
[Tue Jul 21 15:02:33 2020]
Finished job 19.
10 of 17 steps (59%) done

[Tue Jul 21 15:02:33 2020]
localrule NoneLeftALign:
    input: ../../ngs_test_data/data2/align/HG001/N/HG001_N_fastp_bwa_noneMarkDup_noneReAlign_noneBQSR.bam, ../../ngs_test_data/data2/align/HG001/N/HG001_N_fastp_bwa_noneMarkDup_noneReAlign_noneBQSR.bam.bai
    output: ../../ngs_test_data/data2/align/HG001/N/HG001_N_fastp_bwa_noneMarkDup_noneReAlign_noneBQSR_noneLeftAlign.bam, ../../ngs_test_data/data2/align/HG001/N/HG001_N_fastp_bwa_noneMarkDup_noneReAlign_noneBQSR_noneLeftAlign.bam.bai
    jobid: 17
    wildcards: case=HG001, sample=N, qcpipe=fastp, aligner=bwa, markdup=noneMarkDup, realign=noneReAlign, bqsr=noneBQSR


[Tue Jul 21 15:02:33 2020]
localrule NoneLeftALign:
    input: ../../ngs_test_data/data2/align/HG001/N1/HG001_N1_fastp_bwa_noneMarkDup_noneReAlign_noneBQSR.bam, ../../ngs_test_data/data2/align/HG001/N1/HG001_N1_fastp_bwa_noneMarkDup_noneReAlign_noneBQSR.bam.bai
    output: ../../ngs_test_data/data2/align/HG001/N1/HG001_N1_fastp_bwa_noneMarkDup_noneReAlign_noneBQSR_noneLeftAlign.bam, ../../ngs_test_data/data2/align/HG001/N1/HG001_N1_fastp_bwa_noneMarkDup_noneReAlign_noneBQSR_noneLeftAlign.bam.bai
    jobid: 18
    wildcards: case=HG001, sample=N1, qcpipe=fastp, aligner=bwa, markdup=noneMarkDup, realign=noneReAlign, bqsr=noneBQSR

[Tue Jul 21 15:03:33 2020]
Finished job 17.
11 of 17 steps (65%) done

[Tue Jul 21 15:03:33 2020]
localrule NoneFixMate:
    input: ../../ngs_test_data/data2/align/HG001/N/HG001_N_fastp_bwa_noneMarkDup_noneReAlign_noneBQSR_noneLeftAlign.bam, ../../ngs_test_data/data2/align/HG001/N/HG001_N_fastp_bwa_noneMarkDup_noneReAlign_noneBQSR_noneLeftAlign.bam.bai
    output: ../../ngs_test_data/data2/align/HG001/N/HG001_N_fastp_bwa_noneMarkDup_noneReAlign_noneBQSR_noneLeftAlign_noneFixMate.bam, ../../ngs_test_data/data2/align/HG001/N/HG001_N_fastp_bwa_noneMarkDup_noneReAlign_noneBQSR_noneLeftAlign_noneFixMate.bam.bai
    jobid: 15
    wildcards: case=HG001, sample=N, qcpipe=fastp, aligner=bwa, markdup=noneMarkDup, realign=noneReAlign, bqsr=noneBQSR, leftAlign=noneLeftAlign

[Tue Jul 21 15:03:34 2020]
Finished job 18.
12 of 17 steps (71%) done

[Tue Jul 21 15:03:34 2020]
localrule NoneFixMate:
    input: ../../ngs_test_data/data2/align/HG001/N1/HG001_N1_fastp_bwa_noneMarkDup_noneReAlign_noneBQSR_noneLeftAlign.bam, ../../ngs_test_data/data2/align/HG001/N1/HG001_N1_fastp_bwa_noneMarkDup_noneReAlign_noneBQSR_noneLeftAlign.bam.bai
    output: ../../ngs_test_data/data2/align/HG001/N1/HG001_N1_fastp_bwa_noneMarkDup_noneReAlign_noneBQSR_noneLeftAlign_noneFixMate.bam, ../../ngs_test_data/data2/align/HG001/N1/HG001_N1_fastp_bwa_noneMarkDup_noneReAlign_noneBQSR_noneLeftAlign_noneFixMate.bam.bai
    jobid: 16
    wildcards: case=HG001, sample=N1, qcpipe=fastp, aligner=bwa, markdup=noneMarkDup, realign=noneReAlign, bqsr=noneBQSR, leftAlign=noneLeftAlign

[Tue Jul 21 15:04:34 2020]
Finished job 15.
13 of 17 steps (76%) done

[Tue Jul 21 15:04:34 2020]
localrule LoadHQbam:
    input: ../../ngs_test_data/data2/align/HG001/N/HG001_N_fastp_bwa_noneMarkDup_noneReAlign_noneBQSR_noneLeftAlign_noneFixMate.bam, ../../ngs_test_data/data2/align/HG001/N/HG001_N_fastp_bwa_noneMarkDup_noneReAlign_noneBQSR_noneLeftAlign_noneFixMate.bam.bai
    output: ../../ngs_test_data/data2/HQbam/HG001_N.bam, ../../ngs_test_data/data2/HQbam/HG001_N.bam.bai, ../../ngs_test_data/data2/HQbam/changeLogs/HG001_N.logs
    jobid: 10
    wildcards: case=HG001, sample=N

[Tue Jul 21 15:04:34 2020]
Finished job 16.
14 of 17 steps (82%) done

[Tue Jul 21 15:04:34 2020]
localrule LoadHQbam:
    input: ../../ngs_test_data/data2/align/HG001/N1/HG001_N1_fastp_bwa_noneMarkDup_noneReAlign_noneBQSR_noneLeftAlign_noneFixMate.bam, ../../ngs_test_data/data2/align/HG001/N1/HG001_N1_fastp_bwa_noneMarkDup_noneReAlign_noneBQSR_noneLeftAlign_noneFixMate.bam.bai
    output: ../../ngs_test_data/data2/HQbam/HG001_N1.bam, ../../ngs_test_data/data2/HQbam/HG001_N1.bam.bai, ../../ngs_test_data/data2/HQbam/changeLogs/HG001_N1.logs
    jobid: 11
    wildcards: case=HG001, sample=N1

[Tue Jul 21 15:04:35 2020]
Finished job 10.
15 of 17 steps (88%) done
[Tue Jul 21 15:04:36 2020]
Finished job 11.
16 of 17 steps (94%) done

[Tue Jul 21 15:04:36 2020]
localrule all:
    input: ../../ngs_test_data/data2/raw_read_qc/fastqc/HG001/N/HG001_N_L1_1_fastqc.zip, ../../ngs_test_data/data2/raw_read_qc/fastqc/HG001/N1/HG001_N1_L1_1_fastqc.zip, ../../ngs_test_data/data2/raw_read_qc/fastqc/HG001/N1/HG001_N1_L2_1_fastqc.zip, ../../ngs_test_data/data2/raw_read_qc/fastqc/HG001/N/HG001_N_L1_2_fastqc.zip, ../../ngs_test_data/data2/raw_read_qc/fastqc/HG001/N1/HG001_N1_L1_2_fastqc.zip, ../../ngs_test_data/data2/raw_read_qc/fastqc/HG001/N1/HG001_N1_L2_2_fastqc.zip, ../../ngs_test_data/data2/raw_read_qc/fastp_fastqc2/HG001/N/HG001_N_L1_fastp_fastqc2_1.zip, ../../ngs_test_data/data2/raw_read_qc/fastp_fastqc2/HG001/N1/HG001_N1_L1_fastp_fastqc2_1.zip, ../../ngs_test_data/data2/raw_read_qc/fastp_fastqc2/HG001/N1/HG001_N1_L2_fastp_fastqc2_1.zip, ../../ngs_test_data/data2/raw_read_qc/fastp_fastqc2/HG001/N/HG001_N_L1_fastp_fastqc2_2.zip, ../../ngs_test_data/data2/raw_read_qc/fastp_fastqc2/HG001/N1/HG001_N1_L1_fastp_fastqc2_2.zip, ../../ngs_test_data/data2/raw_read_qc/fastp_fastqc2/HG001/N1/HG001_N1_L2_fastp_fastqc2_2.zip, ../../ngs_test_data/data2/raw_read_qc/fastp/HG001/N/HG001_N_L1_fastp.json, ../../ngs_test_data/data2/raw_read_qc/fastp/HG001/N1/HG001_N1_L1_fastp.json, ../../ngs_test_data/data2/raw_read_qc/fastp/HG001/N1/HG001_N1_L2_fastp.json, ../../ngs_test_data/data2/cleandata/fastp/HG001/N/HG001_N_L1_fastp_1.fq.gz, ../../ngs_test_data/data2/cleandata/fastp/HG001/N1/HG001_N1_L1_fastp_1.fq.gz, ../../ngs_test_data/data2/cleandata/fastp/HG001/N1/HG001_N1_L2_fastp_1.fq.gz, ../../ngs_test_data/data2/cleandata/fastp/HG001/N/HG001_N_L1_fastp_2.fq.gz, ../../ngs_test_data/data2/cleandata/fastp/HG001/N1/HG001_N1_L1_fastp_2.fq.gz, ../../ngs_test_data/data2/cleandata/fastp/HG001/N1/HG001_N1_L2_fastp_2.fq.gz, ../../ngs_test_data/data2/HQbam/HG001_N.bam.bai, ../../ngs_test_data/data2/HQbam/HG001_N1.bam.bai, ../../ngs_test_data/data2/HQbam/HG001_N1.bam.bai
    jobid: 0

[Tue Jul 21 15:04:36 2020]
Finished job 0.
17 of 17 steps (100%) done
Complete log: /home/pengjia/ProjectSnake/DNAseq/dna/.snakemake/log/2020-07-21T150118.616453.snakemake.log
