Building DAG of jobs...
Using shell: /usr/bin/bash
Provided cores: 18
Rules claiming more threads will be scaled down.
Job counts:
	count	jobs
	2	CNVnator
	1	all
	3

[Sat Jul 25 21:31:02 2020]
rule CNVnator:
    input: ../../ngs_test_data/data2/HQbam/HG001_N.bam, ../../ngs_test_data/data2/HQbam/HG001_N.bam.bai, ../../ngs_test_data/data2/genome/GRCh38/GRCh38.d1.vd1.fa, ../../ngs_test_data/data2/genome/GRCh38/GRCh38.d1.vd1.fa.fai
    output: ../../ngs_test_data/data2/germlineVar/cnvnator/perSample/HG001_N/HG001_N.cnvnator.root, ../../ngs_test_data/data2/germlineVar/cnvnator/perSample/HG001_N/HG001_N.raw.cnvnator
    log: ../../ngs_test_data/logs/gremlineVar/cnvnator/perSample/HG001_N/HG001_N.cnvnator.logs
    jobid: 30
    benchmark: ../../ngs_test_data/benchmark/gremlineVar/cnvnator/perSample/HG001_N/HG001_N.cnvnator.tsv
    wildcards: bam_sample=HG001_N
    threads: 2


[Sat Jul 25 21:31:03 2020]
rule CNVnator:
    input: ../../ngs_test_data/data2/HQbam/HG001_N1.bam, ../../ngs_test_data/data2/HQbam/HG001_N1.bam.bai, ../../ngs_test_data/data2/genome/GRCh38/GRCh38.d1.vd1.fa, ../../ngs_test_data/data2/genome/GRCh38/GRCh38.d1.vd1.fa.fai
    output: ../../ngs_test_data/data2/germlineVar/cnvnator/perSample/HG001_N1/HG001_N1.cnvnator.root, ../../ngs_test_data/data2/germlineVar/cnvnator/perSample/HG001_N1/HG001_N1.raw.cnvnator
    log: ../../ngs_test_data/logs/gremlineVar/cnvnator/perSample/HG001_N1/HG001_N1.cnvnator.logs
    jobid: 31
    benchmark: ../../ngs_test_data/benchmark/gremlineVar/cnvnator/perSample/HG001_N1/HG001_N1.cnvnator.tsv
    wildcards: bam_sample=HG001_N1
    threads: 2

Terminating processes on user request, this might take some time.
[Sat Jul 25 21:47:41 2020]
[Sat Jul 25 21:47:41 2020]
Error in rule CNVnator:
Error in rule CNVnator:
    jobid: 30
    jobid: 31
    output: ../../ngs_test_data/data2/germlineVar/cnvnator/perSample/HG001_N/HG001_N.cnvnator.root, ../../ngs_test_data/data2/germlineVar/cnvnator/perSample/HG001_N/HG001_N.raw.cnvnator
    output: ../../ngs_test_data/data2/germlineVar/cnvnator/perSample/HG001_N1/HG001_N1.cnvnator.root, ../../ngs_test_data/data2/germlineVar/cnvnator/perSample/HG001_N1/HG001_N1.raw.cnvnator
    log: ../../ngs_test_data/logs/gremlineVar/cnvnator/perSample/HG001_N/HG001_N.cnvnator.logs (check log file(s) for error message)
    log: ../../ngs_test_data/logs/gremlineVar/cnvnator/perSample/HG001_N1/HG001_N1.cnvnator.logs (check log file(s) for error message)
    shell:
        
        /home/pengjia/miniconda3/envs/ngs/bin/cnvnator -root ../../ngs_test_data/data2/germlineVar/cnvnator/perSample/HG001_N/HG001_N.cnvnator.root -tree ../../ngs_test_data/data2/HQbam/HG001_N.bam -unique 2>../../ngs_test_data/logs/gremlineVar/cnvnator/perSample/HG001_N/HG001_N.cnvnator.logs 1>../../ngs_test_data/logs/gremlineVar/cnvnator/perSample/HG001_N/HG001_N.cnvnator.logs
        /home/pengjia/miniconda3/envs/ngs/bin/cnvnator -root ../../ngs_test_data/data2/germlineVar/cnvnator/perSample/HG001_N/HG001_N.cnvnator.root -d ../../ngs_test_data/data2/genome/GRCh38/GRCh38.d1.vd1.fa -his 100 2>../../ngs_test_data/logs/gremlineVar/cnvnator/perSample/HG001_N/HG001_N.cnvnator.logs 1>../../ngs_test_data/logs/gremlineVar/cnvnator/perSample/HG001_N/HG001_N.cnvnator.logs
        /home/pengjia/miniconda3/envs/ngs/bin/cnvnator -root ../../ngs_test_data/data2/germlineVar/cnvnator/perSample/HG001_N/HG001_N.cnvnator.root -stat 100 2>../../ngs_test_data/logs/gremlineVar/cnvnator/perSample/HG001_N/HG001_N.cnvnator.logs 1>../../ngs_test_data/logs/gremlineVar/cnvnator/perSample/HG001_N/HG001_N.cnvnator.logs
        /home/pengjia/miniconda3/envs/ngs/bin/cnvnator -root ../../ngs_test_data/data2/germlineVar/cnvnator/perSample/HG001_N/HG001_N.cnvnator.root -partition 100 2>../../ngs_test_data/logs/gremlineVar/cnvnator/perSample/HG001_N/HG001_N.cnvnator.logs 1>../../ngs_test_data/logs/gremlineVar/cnvnator/perSample/HG001_N/HG001_N.cnvnator.logs
        /home/pengjia/miniconda3/envs/ngs/bin/cnvnator -root ../../ngs_test_data/data2/germlineVar/cnvnator/perSample/HG001_N/HG001_N.cnvnator.root -call 100 > ../../ngs_test_data/data2/germlineVar/cnvnator/perSample/HG001_N/HG001_N.raw.cnvnator
        
        (exited with non-zero exit code)
    shell:
        
        /home/pengjia/miniconda3/envs/ngs/bin/cnvnator -root ../../ngs_test_data/data2/germlineVar/cnvnator/perSample/HG001_N1/HG001_N1.cnvnator.root -tree ../../ngs_test_data/data2/HQbam/HG001_N1.bam -unique 2>../../ngs_test_data/logs/gremlineVar/cnvnator/perSample/HG001_N1/HG001_N1.cnvnator.logs 1>../../ngs_test_data/logs/gremlineVar/cnvnator/perSample/HG001_N1/HG001_N1.cnvnator.logs
        /home/pengjia/miniconda3/envs/ngs/bin/cnvnator -root ../../ngs_test_data/data2/germlineVar/cnvnator/perSample/HG001_N1/HG001_N1.cnvnator.root -d ../../ngs_test_data/data2/genome/GRCh38/GRCh38.d1.vd1.fa -his 100 2>../../ngs_test_data/logs/gremlineVar/cnvnator/perSample/HG001_N1/HG001_N1.cnvnator.logs 1>../../ngs_test_data/logs/gremlineVar/cnvnator/perSample/HG001_N1/HG001_N1.cnvnator.logs
        /home/pengjia/miniconda3/envs/ngs/bin/cnvnator -root ../../ngs_test_data/data2/germlineVar/cnvnator/perSample/HG001_N1/HG001_N1.cnvnator.root -stat 100 2>../../ngs_test_data/logs/gremlineVar/cnvnator/perSample/HG001_N1/HG001_N1.cnvnator.logs 1>../../ngs_test_data/logs/gremlineVar/cnvnator/perSample/HG001_N1/HG001_N1.cnvnator.logs
        /home/pengjia/miniconda3/envs/ngs/bin/cnvnator -root ../../ngs_test_data/data2/germlineVar/cnvnator/perSample/HG001_N1/HG001_N1.cnvnator.root -partition 100 2>../../ngs_test_data/logs/gremlineVar/cnvnator/perSample/HG001_N1/HG001_N1.cnvnator.logs 1>../../ngs_test_data/logs/gremlineVar/cnvnator/perSample/HG001_N1/HG001_N1.cnvnator.logs
        /home/pengjia/miniconda3/envs/ngs/bin/cnvnator -root ../../ngs_test_data/data2/germlineVar/cnvnator/perSample/HG001_N1/HG001_N1.cnvnator.root -call 100 > ../../ngs_test_data/data2/germlineVar/cnvnator/perSample/HG001_N1/HG001_N1.raw.cnvnator
        
        (exited with non-zero exit code)


Removing output files of failed job CNVnator since they might be corrupted:
../../ngs_test_data/data2/germlineVar/cnvnator/perSample/HG001_N/HG001_N.cnvnator.root
Removing output files of failed job CNVnator since they might be corrupted:
../../ngs_test_data/data2/germlineVar/cnvnator/perSample/HG001_N1/HG001_N1.cnvnator.root
Complete log: /home/pengjia/ProjectSnake/DNAseq/dna/.snakemake/log/2020-07-25T213059.885958.snakemake.log
