Building DAG of jobs...
Using shell: /usr/bin/bash
Provided cores: 28
Rules claiming more threads will be scaled down.
Job counts:
	count	jobs
	8	BamIndex
	3	Bwa
	2	GATKBQSR
	2	GATKBQSRPre
	2	GATKLeftAlign
	2	GATKReAlign
	2	GATKReAlignPre
	1	GenomeIndexBwa
	1	GenomeIndexPicard
	1	GenomeIndexSamtools
	1	LoadGenome
	2	LoadHQbam
	2	MarkDupWithBiobambam
	2	MergeBam
	2	NoneFixMate
	1	all
	3	fastp
	3	fastqc
	3	fastqc2
	3	loadrawData
	46

[Tue Jul 21 18:53:51 2020]
localrule LoadGenome:
    input: /home/DATA/REFGENOMEDB/human/GRCh38.d1.vd1/genome/GRCh38.d1.vd1.fa
    output: ../../ngs_test_data/data2/genome/GRCh38/GRCh38.d1.vd1.fa
    jobid: 23


[Tue Jul 21 18:53:51 2020]
rule loadrawData:
    input: /home/DATA/NA12878/pipelineTest/fastq/HG001_GIAB_chr20_1.fq, /home/DATA/NA12878/pipelineTest/fastq/HG001_GIAB_chr20_2.fq
    output: ../../ngs_test_data/data2/rawdata/HG001/N/HG001_N_L1_1.fq.gz, ../../ngs_test_data/data2/rawdata/HG001/N/HG001_N_L1_2.fq.gz
    log: ../../ngs_test_data/logs/raw_read_qc/loadRawdata/HG001/N/HG001_N_L1_loaddata.log
    jobid: 12
    benchmark: ../../ngs_test_data/benchmark/raw_read_qc/loadRawdata/HG001/N/HG001_N_L1_loaddata.tsv
    wildcards: case=HG001, sample=N, unit=L1
    threads: 4

[Tue Jul 21 18:53:51 2020]
Finished job 23.
1 of 46 steps (2%) done

[Tue Jul 21 18:53:51 2020]
rule loadrawData:
    input: /home/DATA/NA12878/pipelineTest/fastq/HG001_1000G_chr20_1.fq, /home/DATA/NA12878/pipelineTest/fastq/HG001_1000G_chr20_2.fq
    output: ../../ngs_test_data/data2/rawdata/HG001/N1/HG001_N1_L1_1.fq.gz, ../../ngs_test_data/data2/rawdata/HG001/N1/HG001_N1_L1_2.fq.gz
    log: ../../ngs_test_data/logs/raw_read_qc/loadRawdata/HG001/N1/HG001_N1_L1_loaddata.log
    jobid: 13
    benchmark: ../../ngs_test_data/benchmark/raw_read_qc/loadRawdata/HG001/N1/HG001_N1_L1_loaddata.tsv
    wildcards: case=HG001, sample=N1, unit=L1
    threads: 4

[Tue Jul 21 18:53:51 2020]
rule loadrawData:
    input: /home/DATA/NA12878/pipelineTest/fastq/HG001_1000GDeep_chr20_1.fq.gz, /home/DATA/NA12878/pipelineTest/fastq/HG001_1000GDeep_chr20_2.fq.gz
    output: ../../ngs_test_data/data2/rawdata/HG001/N1/HG001_N1_L2_1.fq.gz, ../../ngs_test_data/data2/rawdata/HG001/N1/HG001_N1_L2_2.fq.gz
    log: ../../ngs_test_data/logs/raw_read_qc/loadRawdata/HG001/N1/HG001_N1_L2_loaddata.log
    jobid: 14
    benchmark: ../../ngs_test_data/benchmark/raw_read_qc/loadRawdata/HG001/N1/HG001_N1_L2_loaddata.tsv
    wildcards: case=HG001, sample=N1, unit=L2
    threads: 4


[Tue Jul 21 18:53:52 2020]
rule GenomeIndexBwa:
    input: ../../ngs_test_data/data2/genome/GRCh38/GRCh38.d1.vd1.fa
    output: ../../ngs_test_data/data2/genome/GRCh38/GRCh38.d1.vd1.fa.amb, ../../ngs_test_data/data2/genome/GRCh38/GRCh38.d1.vd1.fa.bwt, ../../ngs_test_data/data2/genome/GRCh38/GRCh38.d1.vd1.fa.pac, ../../ngs_test_data/data2/genome/GRCh38/GRCh38.d1.vd1.fa.ann, ../../ngs_test_data/data2/genome/GRCh38/GRCh38.d1.vd1.fa.sa
    log: ../../ngs_test_data/logs/genomeindex/genomeindex_bwa.log
    jobid: 45

[Tue Jul 21 18:53:52 2020]
localrule GenomeIndexSamtools:
    input: ../../ngs_test_data/data2/genome/GRCh38/GRCh38.d1.vd1.fa
    output: ../../ngs_test_data/data2/genome/GRCh38/GRCh38.d1.vd1.fa.fai, ../../ngs_test_data/data2/genome/GRCh38/GRCh38.d1.vd1.fa.fai_chrom
    log: ../../ngs_test_data/logs/genomeindex/genomeindex_samtools.log
    jobid: 44

[Tue Jul 21 18:53:52 2020]
localrule GenomeIndexPicard:
    input: ../../ngs_test_data/data2/genome/GRCh38/GRCh38.d1.vd1.fa
    output: ../../ngs_test_data/data2/genome/GRCh38/GRCh38.d1.vd1.dict
    log: ../../ngs_test_data/logs/genomeindex/genomeindex_picard.log
    jobid: 34

[Tue Jul 21 18:53:55 2020]
Finished job 34.
2 of 46 steps (4%) done
[Tue Jul 21 18:53:55 2020]
Finished job 14.
3 of 46 steps (7%) done
[Tue Jul 21 18:53:55 2020]
Finished job 44.
4 of 46 steps (9%) done

[Tue Jul 21 18:53:55 2020]
rule fastp:
    input: ../../ngs_test_data/data2/rawdata/HG001/N1/HG001_N1_L2_1.fq.gz, ../../ngs_test_data/data2/rawdata/HG001/N1/HG001_N1_L2_2.fq.gz
    output: ../../ngs_test_data/data2/cleandata/fastp/HG001/N1/HG001_N1_L2_fastp_1.fq.gz, ../../ngs_test_data/data2/cleandata/fastp/HG001/N1/HG001_N1_L2_fastp_2.fq.gz, ../../ngs_test_data/data2/raw_read_qc/fastp/HG001/N1/HG001_N1_L2_fastp.html, ../../ngs_test_data/data2/raw_read_qc/fastp/HG001/N1/HG001_N1_L2_fastp.json
    log: ../../ngs_test_data/logs/raw_read_qc/fastp/HG001/N1/HG001_N1_L2_fastp.log
    jobid: 9
    benchmark: ../../ngs_test_data/benchmark/raw_read_qc/fastp/HG001/N1/HG001_N1_L2_fastp.tsv
    wildcards: case=HG001, sample=N1, unit=L2
    threads: 4

[Tue Jul 21 18:53:58 2020]
Finished job 45.
5 of 46 steps (11%) done

[Tue Jul 21 18:53:58 2020]
rule fastqc:
    input: ../../ngs_test_data/data2/rawdata/HG001/N1/HG001_N1_L2_1.fq.gz, ../../ngs_test_data/data2/rawdata/HG001/N1/HG001_N1_L2_2.fq.gz
    output: ../../ngs_test_data/data2/raw_read_qc/fastqc/HG001/N1/HG001_N1_L2/, ../../ngs_test_data/data2/raw_read_qc/fastqc/HG001/N1/HG001_N1_L2_1_fastqc.html, ../../ngs_test_data/data2/raw_read_qc/fastqc/HG001/N1/HG001_N1_L2_2_fastqc.html, ../../ngs_test_data/data2/raw_read_qc/fastqc/HG001/N1/HG001_N1_L2_1_fastqc.zip, ../../ngs_test_data/data2/raw_read_qc/fastqc/HG001/N1/HG001_N1_L2_2_fastqc.zip
    log: ../../ngs_test_data/logs/raw_read_qc/fastqc/HG001/N1/HG001_N1_L2_fastqc.log
    jobid: 3
    benchmark: ../../ngs_test_data/benchmark/raw_read_qc/fastqc/HG001/N1/HG001_N1_L2_fastqc.tsv
    wildcards: case=HG001, sample=N1, unit=L2
    threads: 4

[Tue Jul 21 18:53:59 2020]
Finished job 12.
6 of 46 steps (13%) done

[Tue Jul 21 18:53:59 2020]
rule fastqc:
    input: ../../ngs_test_data/data2/rawdata/HG001/N/HG001_N_L1_1.fq.gz, ../../ngs_test_data/data2/rawdata/HG001/N/HG001_N_L1_2.fq.gz
    output: ../../ngs_test_data/data2/raw_read_qc/fastqc/HG001/N/HG001_N_L1/, ../../ngs_test_data/data2/raw_read_qc/fastqc/HG001/N/HG001_N_L1_1_fastqc.html, ../../ngs_test_data/data2/raw_read_qc/fastqc/HG001/N/HG001_N_L1_2_fastqc.html, ../../ngs_test_data/data2/raw_read_qc/fastqc/HG001/N/HG001_N_L1_1_fastqc.zip, ../../ngs_test_data/data2/raw_read_qc/fastqc/HG001/N/HG001_N_L1_2_fastqc.zip
    log: ../../ngs_test_data/logs/raw_read_qc/fastqc/HG001/N/HG001_N_L1_fastqc.log
    jobid: 1
    benchmark: ../../ngs_test_data/benchmark/raw_read_qc/fastqc/HG001/N/HG001_N_L1_fastqc.tsv
    wildcards: case=HG001, sample=N, unit=L1
    threads: 4

[Tue Jul 21 18:54:00 2020]
rule fastp:
    input: ../../ngs_test_data/data2/rawdata/HG001/N/HG001_N_L1_1.fq.gz, ../../ngs_test_data/data2/rawdata/HG001/N/HG001_N_L1_2.fq.gz
    output: ../../ngs_test_data/data2/cleandata/fastp/HG001/N/HG001_N_L1_fastp_1.fq.gz, ../../ngs_test_data/data2/cleandata/fastp/HG001/N/HG001_N_L1_fastp_2.fq.gz, ../../ngs_test_data/data2/raw_read_qc/fastp/HG001/N/HG001_N_L1_fastp.html, ../../ngs_test_data/data2/raw_read_qc/fastp/HG001/N/HG001_N_L1_fastp.json
    log: ../../ngs_test_data/logs/raw_read_qc/fastp/HG001/N/HG001_N_L1_fastp.log
    jobid: 7
    benchmark: ../../ngs_test_data/benchmark/raw_read_qc/fastp/HG001/N/HG001_N_L1_fastp.tsv
    wildcards: case=HG001, sample=N, unit=L1
    threads: 4

[Tue Jul 21 18:54:02 2020]
Finished job 9.
7 of 46 steps (15%) done

[Tue Jul 21 18:54:02 2020]
rule fastqc2:
    input: ../../ngs_test_data/data2/cleandata/fastp/HG001/N1/HG001_N1_L2_fastp_1.fq.gz, ../../ngs_test_data/data2/cleandata/fastp/HG001/N1/HG001_N1_L2_fastp_2.fq.gz
    output: ../../ngs_test_data/data2/raw_read_qc/fastqc2/HG001/N1/HG001_N1_L2_fastp/, ../../ngs_test_data/data2/raw_read_qc/fastp_fastqc2/HG001/N1/HG001_N1_L2_fastp_fastqc2_1.html, ../../ngs_test_data/data2/raw_read_qc/fastp_fastqc2/HG001/N1/HG001_N1_L2_fastp_fastqc2_2.html, ../../ngs_test_data/data2/raw_read_qc/fastp_fastqc2/HG001/N1/HG001_N1_L2_fastp_fastqc2_1.zip, ../../ngs_test_data/data2/raw_read_qc/fastp_fastqc2/HG001/N1/HG001_N1_L2_fastp_fastqc2_2.zip
    log: ../../ngs_test_data/logs/raw_read_qc/fastp_fastqc2/HG001/N1/HG001_N1_L2_fastp_fastqc2.log
    jobid: 6
    benchmark: ../../ngs_test_data/benchmark/raw_read_qc/fastp_fastqc2/HG001/N1/HG001_N1_L2_fastp_fastqc2.tsv
    wildcards: qcpipe=fastp, case=HG001, sample=N1, unit=L2
    threads: 4

[Tue Jul 21 18:54:03 2020]
rule Bwa:
    input: ../../ngs_test_data/data2/cleandata/fastp/HG001/N1/HG001_N1_L2_fastp_1.fq.gz, ../../ngs_test_data/data2/cleandata/fastp/HG001/N1/HG001_N1_L2_fastp_2.fq.gz, ../../ngs_test_data/data2/genome/GRCh38/GRCh38.d1.vd1.fa, ../../ngs_test_data/data2/genome/GRCh38/GRCh38.d1.vd1.fa.fai, ../../ngs_test_data/data2/genome/GRCh38/GRCh38.d1.vd1.fa.bwt
    output: ../../ngs_test_data/data2/align/HG001/N1/HG001_N1_L2_fastp_bwa_sorted.bam
    log: ../../ngs_test_data/logs/align/bwa/HG001/N1/HG001_N1_L2_fastp_bwa.logs
    jobid: 43
    benchmark: ../../ngs_test_data/benchmark/align/bwa/HG001/N1/HG001_N1_L2_fastp.bwa.tsv
    wildcards: case=HG001, sample=N1, unit=L2, qcpipe=fastp
    threads: 8

[Tue Jul 21 18:54:07 2020]
Finished job 7.
8 of 46 steps (17%) done

[Tue Jul 21 18:54:07 2020]
rule fastqc2:
    input: ../../ngs_test_data/data2/cleandata/fastp/HG001/N/HG001_N_L1_fastp_1.fq.gz, ../../ngs_test_data/data2/cleandata/fastp/HG001/N/HG001_N_L1_fastp_2.fq.gz
    output: ../../ngs_test_data/data2/raw_read_qc/fastqc2/HG001/N/HG001_N_L1_fastp/, ../../ngs_test_data/data2/raw_read_qc/fastp_fastqc2/HG001/N/HG001_N_L1_fastp_fastqc2_1.html, ../../ngs_test_data/data2/raw_read_qc/fastp_fastqc2/HG001/N/HG001_N_L1_fastp_fastqc2_2.html, ../../ngs_test_data/data2/raw_read_qc/fastp_fastqc2/HG001/N/HG001_N_L1_fastp_fastqc2_1.zip, ../../ngs_test_data/data2/raw_read_qc/fastp_fastqc2/HG001/N/HG001_N_L1_fastp_fastqc2_2.zip
    log: ../../ngs_test_data/logs/raw_read_qc/fastp_fastqc2/HG001/N/HG001_N_L1_fastp_fastqc2.log
    jobid: 4
    benchmark: ../../ngs_test_data/benchmark/raw_read_qc/fastp_fastqc2/HG001/N/HG001_N_L1_fastp_fastqc2.tsv
    wildcards: qcpipe=fastp, case=HG001, sample=N, unit=L1
    threads: 4

[Tue Jul 21 18:54:17 2020]
Finished job 13.
9 of 46 steps (20%) done

[Tue Jul 21 18:54:17 2020]
rule fastqc:
    input: ../../ngs_test_data/data2/rawdata/HG001/N1/HG001_N1_L1_1.fq.gz, ../../ngs_test_data/data2/rawdata/HG001/N1/HG001_N1_L1_2.fq.gz
    output: ../../ngs_test_data/data2/raw_read_qc/fastqc/HG001/N1/HG001_N1_L1/, ../../ngs_test_data/data2/raw_read_qc/fastqc/HG001/N1/HG001_N1_L1_1_fastqc.html, ../../ngs_test_data/data2/raw_read_qc/fastqc/HG001/N1/HG001_N1_L1_2_fastqc.html, ../../ngs_test_data/data2/raw_read_qc/fastqc/HG001/N1/HG001_N1_L1_1_fastqc.zip, ../../ngs_test_data/data2/raw_read_qc/fastqc/HG001/N1/HG001_N1_L1_2_fastqc.zip
    log: ../../ngs_test_data/logs/raw_read_qc/fastqc/HG001/N1/HG001_N1_L1_fastqc.log
    jobid: 2
    benchmark: ../../ngs_test_data/benchmark/raw_read_qc/fastqc/HG001/N1/HG001_N1_L1_fastqc.tsv
    wildcards: case=HG001, sample=N1, unit=L1
    threads: 4

[Tue Jul 21 18:54:22 2020]
Finished job 4.
10 of 46 steps (22%) done
[Tue Jul 21 18:54:22 2020]
Finished job 3.
11 of 46 steps (24%) done
[Tue Jul 21 18:54:23 2020]
Finished job 1.
12 of 46 steps (26%) done
[Tue Jul 21 18:54:24 2020]
Finished job 6.
13 of 46 steps (28%) done

[Tue Jul 21 18:54:24 2020]
rule Bwa:
    input: ../../ngs_test_data/data2/cleandata/fastp/HG001/N/HG001_N_L1_fastp_1.fq.gz, ../../ngs_test_data/data2/cleandata/fastp/HG001/N/HG001_N_L1_fastp_2.fq.gz, ../../ngs_test_data/data2/genome/GRCh38/GRCh38.d1.vd1.fa, ../../ngs_test_data/data2/genome/GRCh38/GRCh38.d1.vd1.fa.fai, ../../ngs_test_data/data2/genome/GRCh38/GRCh38.d1.vd1.fa.bwt
    output: ../../ngs_test_data/data2/align/HG001/N/HG001_N_L1_fastp_bwa_sorted.bam
    log: ../../ngs_test_data/logs/align/bwa/HG001/N/HG001_N_L1_fastp_bwa.logs
    jobid: 41
    benchmark: ../../ngs_test_data/benchmark/align/bwa/HG001/N/HG001_N_L1_fastp.bwa.tsv
    wildcards: case=HG001, sample=N, unit=L1, qcpipe=fastp
    threads: 8

[Tue Jul 21 18:54:24 2020]
rule fastp:
    input: ../../ngs_test_data/data2/rawdata/HG001/N1/HG001_N1_L1_1.fq.gz, ../../ngs_test_data/data2/rawdata/HG001/N1/HG001_N1_L1_2.fq.gz
    output: ../../ngs_test_data/data2/cleandata/fastp/HG001/N1/HG001_N1_L1_fastp_1.fq.gz, ../../ngs_test_data/data2/cleandata/fastp/HG001/N1/HG001_N1_L1_fastp_2.fq.gz, ../../ngs_test_data/data2/raw_read_qc/fastp/HG001/N1/HG001_N1_L1_fastp.html, ../../ngs_test_data/data2/raw_read_qc/fastp/HG001/N1/HG001_N1_L1_fastp.json
    log: ../../ngs_test_data/logs/raw_read_qc/fastp/HG001/N1/HG001_N1_L1_fastp.log
    jobid: 8
    benchmark: ../../ngs_test_data/benchmark/raw_read_qc/fastp/HG001/N1/HG001_N1_L1_fastp.tsv
    wildcards: case=HG001, sample=N1, unit=L1
    threads: 4

[Tue Jul 21 18:54:37 2020]
Finished job 8.
14 of 46 steps (30%) done

[Tue Jul 21 18:54:37 2020]
rule Bwa:
    input: ../../ngs_test_data/data2/cleandata/fastp/HG001/N1/HG001_N1_L1_fastp_1.fq.gz, ../../ngs_test_data/data2/cleandata/fastp/HG001/N1/HG001_N1_L1_fastp_2.fq.gz, ../../ngs_test_data/data2/genome/GRCh38/GRCh38.d1.vd1.fa, ../../ngs_test_data/data2/genome/GRCh38/GRCh38.d1.vd1.fa.fai, ../../ngs_test_data/data2/genome/GRCh38/GRCh38.d1.vd1.fa.bwt
    output: ../../ngs_test_data/data2/align/HG001/N1/HG001_N1_L1_fastp_bwa_sorted.bam
    log: ../../ngs_test_data/logs/align/bwa/HG001/N1/HG001_N1_L1_fastp_bwa.logs
    jobid: 42
    benchmark: ../../ngs_test_data/benchmark/align/bwa/HG001/N1/HG001_N1_L1_fastp.bwa.tsv
    wildcards: case=HG001, sample=N1, unit=L1, qcpipe=fastp
    threads: 8

[Tue Jul 21 18:54:38 2020]
Finished job 2.
15 of 46 steps (33%) done

[Tue Jul 21 18:54:38 2020]
rule fastqc2:
    input: ../../ngs_test_data/data2/cleandata/fastp/HG001/N1/HG001_N1_L1_fastp_1.fq.gz, ../../ngs_test_data/data2/cleandata/fastp/HG001/N1/HG001_N1_L1_fastp_2.fq.gz
    output: ../../ngs_test_data/data2/raw_read_qc/fastqc2/HG001/N1/HG001_N1_L1_fastp/, ../../ngs_test_data/data2/raw_read_qc/fastp_fastqc2/HG001/N1/HG001_N1_L1_fastp_fastqc2_1.html, ../../ngs_test_data/data2/raw_read_qc/fastp_fastqc2/HG001/N1/HG001_N1_L1_fastp_fastqc2_2.html, ../../ngs_test_data/data2/raw_read_qc/fastp_fastqc2/HG001/N1/HG001_N1_L1_fastp_fastqc2_1.zip, ../../ngs_test_data/data2/raw_read_qc/fastp_fastqc2/HG001/N1/HG001_N1_L1_fastp_fastqc2_2.zip
    log: ../../ngs_test_data/logs/raw_read_qc/fastp_fastqc2/HG001/N1/HG001_N1_L1_fastp_fastqc2.log
    jobid: 5
    benchmark: ../../ngs_test_data/benchmark/raw_read_qc/fastp_fastqc2/HG001/N1/HG001_N1_L1_fastp_fastqc2.tsv
    wildcards: qcpipe=fastp, case=HG001, sample=N1, unit=L1
    threads: 4

[Tue Jul 21 18:55:01 2020]
Finished job 5.
16 of 46 steps (35%) done
[Tue Jul 21 18:57:44 2020]
Finished job 43.
17 of 46 steps (37%) done
[Tue Jul 21 18:58:18 2020]
Finished job 41.
18 of 46 steps (39%) done

[Tue Jul 21 18:58:18 2020]
rule MergeBam:
    input: ../../ngs_test_data/data2/align/HG001/N/HG001_N_L1_fastp_bwa_sorted.bam
    output: ../../ngs_test_data/data2/align/HG001/N/HG001_N_fastp_bwa.bam
    log: ../../ngs_test_data/logs/align/HG001/N/HG001_N_fastp_bwa.merge.logs
    jobid: 39
    benchmark: ../../ngs_test_data/benchmark/align/HG001/N/HG001_N_fastp_bwa.merge.tsv
    wildcards: case=HG001, sample=N, qcpipe=fastp, aligner=bwa
    threads: 8

[Tue Jul 21 18:58:20 2020]
Finished job 39.
19 of 46 steps (41%) done

[Tue Jul 21 18:58:20 2020]
rule MarkDupWithBiobambam:
    input: ../../ngs_test_data/data2/align/HG001/N/HG001_N_fastp_bwa.bam
    output: ../../ngs_test_data/data2/align/HG001/N/HG001_N_fastp_bwa_biobam_tmp, ../../ngs_test_data/data2/align/HG001/N/HG001_N_fastp_bwa_bioMarkDup.bam, ../../ngs_test_data/data2/align/HG001/N/HG001_N_fastp_bwa_bioMarkDup.Metrics
    log: ../../ngs_test_data/logs/align/HG001/N/HG001_N_fastp_bwa_bioMarkDup.logs
    jobid: 32
    benchmark: ../../ngs_test_data/benchmark/align/HG001/N/HG001_N_fastp_bwa.bioMarkDup.tsv
    wildcards: case=HG001, sample=N, qcpipe=fastp, aligner=bwa
    threads: 4

[Tue Jul 21 18:58:21 2020]
Finished job 42.
20 of 46 steps (43%) done

[Tue Jul 21 18:58:21 2020]
rule MergeBam:
    input: ../../ngs_test_data/data2/align/HG001/N1/HG001_N1_L1_fastp_bwa_sorted.bam, ../../ngs_test_data/data2/align/HG001/N1/HG001_N1_L2_fastp_bwa_sorted.bam
    output: ../../ngs_test_data/data2/align/HG001/N1/HG001_N1_fastp_bwa.bam
    log: ../../ngs_test_data/logs/align/HG001/N1/HG001_N1_fastp_bwa.merge.logs
    jobid: 40
    benchmark: ../../ngs_test_data/benchmark/align/HG001/N1/HG001_N1_fastp_bwa.merge.tsv
    wildcards: case=HG001, sample=N1, qcpipe=fastp, aligner=bwa
    threads: 8

[Tue Jul 21 18:58:28 2020]
Finished job 40.
21 of 46 steps (46%) done

[Tue Jul 21 18:58:28 2020]
rule MarkDupWithBiobambam:
    input: ../../ngs_test_data/data2/align/HG001/N1/HG001_N1_fastp_bwa.bam
    output: ../../ngs_test_data/data2/align/HG001/N1/HG001_N1_fastp_bwa_biobam_tmp, ../../ngs_test_data/data2/align/HG001/N1/HG001_N1_fastp_bwa_bioMarkDup.bam, ../../ngs_test_data/data2/align/HG001/N1/HG001_N1_fastp_bwa_bioMarkDup.Metrics
    log: ../../ngs_test_data/logs/align/HG001/N1/HG001_N1_fastp_bwa_bioMarkDup.logs
    jobid: 36
    benchmark: ../../ngs_test_data/benchmark/align/HG001/N1/HG001_N1_fastp_bwa.bioMarkDup.tsv
    wildcards: case=HG001, sample=N1, qcpipe=fastp, aligner=bwa
    threads: 4

[Tue Jul 21 18:58:33 2020]
Finished job 32.
22 of 46 steps (48%) done

[Tue Jul 21 18:58:33 2020]
rule BamIndex:
    input: ../../ngs_test_data/data2/align/HG001/N/HG001_N_fastp_bwa_bioMarkDup.bam
    output: ../../ngs_test_data/data2/align/HG001/N/HG001_N_fastp_bwa_bioMarkDup.bam.bai
    jobid: 33
    wildcards: prefix=../../ngs_test_data/data2/align/HG001/N/HG001_N_fastp_bwa_bioMarkDup
    threads: 4

[Tue Jul 21 18:58:35 2020]
Finished job 33.
23 of 46 steps (50%) done

[Tue Jul 21 18:58:35 2020]
rule GATKReAlignPre:
    input: ../../ngs_test_data/data2/align/HG001/N/HG001_N_fastp_bwa_bioMarkDup.bam, ../../ngs_test_data/data2/align/HG001/N/HG001_N_fastp_bwa_bioMarkDup.bam.bai, ../../ngs_test_data/data2/genome/GRCh38/GRCh38.d1.vd1.fa, ../../ngs_test_data/data2/genome/GRCh38/GRCh38.d1.vd1.dict, /home/DATA/REFGENOMEDB/human/GRCh38.d1.vd1/variantsDB/1000G_phase1.snps.high_confidence.hg38.vcf.gz, /home/DATA/REFGENOMEDB/human/GRCh38.d1.vd1/variantsDB/dbsnp_146.hg38.vcf.gz, /home/DATA/REFGENOMEDB/human/GRCh38.d1.vd1/variantsDB/1000G_omni2.5.hg38.vcf.gz, /home/DATA/REFGENOMEDB/human/GRCh38.d1.vd1/variantsDB/hapmap_3.3.hg38.vcf.gz, /home/DATA/REFGENOMEDB/human/GRCh38.d1.vd1/variantsDB/Mills_and_1000G_gold_standard.indels.hg38.vcf.gz
    output: ../../ngs_test_data/data2/align/HG001/N/HG001_N_fastp_bwa_bioMarkDup_reAlign.intervals
    log: ../../ngs_test_data/logs/align/HG001/N/HG001_N_fastp_bwa_bioMarkDup_reAlign.logs
    jobid: 35
    benchmark: ../../ngs_test_data/benchmark/align/HG001/N/HG001_N_fastp_bwa_bioMarkDup_reAlign.tsv
    wildcards: case=HG001, sample=N, qcpipe=fastp, aligner=bwa, markdup=bioMarkDup
    threads: 4

[Tue Jul 21 18:58:47 2020]
Finished job 36.
24 of 46 steps (52%) done

[Tue Jul 21 18:58:47 2020]
rule BamIndex:
    input: ../../ngs_test_data/data2/align/HG001/N1/HG001_N1_fastp_bwa_bioMarkDup.bam
    output: ../../ngs_test_data/data2/align/HG001/N1/HG001_N1_fastp_bwa_bioMarkDup.bam.bai
    jobid: 37
    wildcards: prefix=../../ngs_test_data/data2/align/HG001/N1/HG001_N1_fastp_bwa_bioMarkDup
    threads: 4

[Tue Jul 21 18:58:49 2020]
Finished job 37.
25 of 46 steps (54%) done

[Tue Jul 21 18:58:49 2020]
rule GATKReAlignPre:
    input: ../../ngs_test_data/data2/align/HG001/N1/HG001_N1_fastp_bwa_bioMarkDup.bam, ../../ngs_test_data/data2/align/HG001/N1/HG001_N1_fastp_bwa_bioMarkDup.bam.bai, ../../ngs_test_data/data2/genome/GRCh38/GRCh38.d1.vd1.fa, ../../ngs_test_data/data2/genome/GRCh38/GRCh38.d1.vd1.dict, /home/DATA/REFGENOMEDB/human/GRCh38.d1.vd1/variantsDB/1000G_phase1.snps.high_confidence.hg38.vcf.gz, /home/DATA/REFGENOMEDB/human/GRCh38.d1.vd1/variantsDB/dbsnp_146.hg38.vcf.gz, /home/DATA/REFGENOMEDB/human/GRCh38.d1.vd1/variantsDB/1000G_omni2.5.hg38.vcf.gz, /home/DATA/REFGENOMEDB/human/GRCh38.d1.vd1/variantsDB/hapmap_3.3.hg38.vcf.gz, /home/DATA/REFGENOMEDB/human/GRCh38.d1.vd1/variantsDB/Mills_and_1000G_gold_standard.indels.hg38.vcf.gz
    output: ../../ngs_test_data/data2/align/HG001/N1/HG001_N1_fastp_bwa_bioMarkDup_reAlign.intervals
    log: ../../ngs_test_data/logs/align/HG001/N1/HG001_N1_fastp_bwa_bioMarkDup_reAlign.logs
    jobid: 38
    benchmark: ../../ngs_test_data/benchmark/align/HG001/N1/HG001_N1_fastp_bwa_bioMarkDup_reAlign.tsv
    wildcards: case=HG001, sample=N1, qcpipe=fastp, aligner=bwa, markdup=bioMarkDup
    threads: 4

[Tue Jul 21 19:15:21 2020]
Finished job 35.
26 of 46 steps (57%) done

[Tue Jul 21 19:15:21 2020]
rule GATKReAlign:
    input: ../../ngs_test_data/data2/align/HG001/N/HG001_N_fastp_bwa_bioMarkDup.bam, ../../ngs_test_data/data2/align/HG001/N/HG001_N_fastp_bwa_bioMarkDup.bam.bai, ../../ngs_test_data/data2/genome/GRCh38/GRCh38.d1.vd1.fa, ../../ngs_test_data/data2/genome/GRCh38/GRCh38.d1.vd1.dict, /home/DATA/REFGENOMEDB/human/GRCh38.d1.vd1/variantsDB/1000G_phase1.snps.high_confidence.hg38.vcf.gz, /home/DATA/REFGENOMEDB/human/GRCh38.d1.vd1/variantsDB/dbsnp_146.hg38.vcf.gz, /home/DATA/REFGENOMEDB/human/GRCh38.d1.vd1/variantsDB/1000G_omni2.5.hg38.vcf.gz, /home/DATA/REFGENOMEDB/human/GRCh38.d1.vd1/variantsDB/hapmap_3.3.hg38.vcf.gz, /home/DATA/REFGENOMEDB/human/GRCh38.d1.vd1/variantsDB/Mills_and_1000G_gold_standard.indels.hg38.vcf.gz, ../../ngs_test_data/data2/align/HG001/N/HG001_N_fastp_bwa_bioMarkDup_reAlign.intervals
    output: ../../ngs_test_data/data2/align/HG001/N/HG001_N_fastp_bwa_bioMarkDup_reAlign.bam
    log: ../../ngs_test_data/logs/align/HG001/N/HG001_N_fastp_bwa_bioMarkDup_reAlign-apply.logs
    jobid: 26
    benchmark: ../../ngs_test_data/benchmark/align/HG001/N/HG001_N_fastp_bwa_bioMarkDup_reAlign-apply.tsv
    wildcards: case=HG001, sample=N, qcpipe=fastp, aligner=bwa, markdup=bioMarkDup

[Tue Jul 21 19:16:17 2020]
Finished job 38.
27 of 46 steps (59%) done

[Tue Jul 21 19:16:17 2020]
rule GATKReAlign:
    input: ../../ngs_test_data/data2/align/HG001/N1/HG001_N1_fastp_bwa_bioMarkDup.bam, ../../ngs_test_data/data2/align/HG001/N1/HG001_N1_fastp_bwa_bioMarkDup.bam.bai, ../../ngs_test_data/data2/genome/GRCh38/GRCh38.d1.vd1.fa, ../../ngs_test_data/data2/genome/GRCh38/GRCh38.d1.vd1.dict, /home/DATA/REFGENOMEDB/human/GRCh38.d1.vd1/variantsDB/1000G_phase1.snps.high_confidence.hg38.vcf.gz, /home/DATA/REFGENOMEDB/human/GRCh38.d1.vd1/variantsDB/dbsnp_146.hg38.vcf.gz, /home/DATA/REFGENOMEDB/human/GRCh38.d1.vd1/variantsDB/1000G_omni2.5.hg38.vcf.gz, /home/DATA/REFGENOMEDB/human/GRCh38.d1.vd1/variantsDB/hapmap_3.3.hg38.vcf.gz, /home/DATA/REFGENOMEDB/human/GRCh38.d1.vd1/variantsDB/Mills_and_1000G_gold_standard.indels.hg38.vcf.gz, ../../ngs_test_data/data2/align/HG001/N1/HG001_N1_fastp_bwa_bioMarkDup_reAlign.intervals
    output: ../../ngs_test_data/data2/align/HG001/N1/HG001_N1_fastp_bwa_bioMarkDup_reAlign.bam
    log: ../../ngs_test_data/logs/align/HG001/N1/HG001_N1_fastp_bwa_bioMarkDup_reAlign-apply.logs
    jobid: 29
    benchmark: ../../ngs_test_data/benchmark/align/HG001/N1/HG001_N1_fastp_bwa_bioMarkDup_reAlign-apply.tsv
    wildcards: case=HG001, sample=N1, qcpipe=fastp, aligner=bwa, markdup=bioMarkDup

[Tue Jul 21 19:32:44 2020]
Finished job 26.
28 of 46 steps (61%) done

[Tue Jul 21 19:32:44 2020]
rule BamIndex:
    input: ../../ngs_test_data/data2/align/HG001/N/HG001_N_fastp_bwa_bioMarkDup_reAlign.bam
    output: ../../ngs_test_data/data2/align/HG001/N/HG001_N_fastp_bwa_bioMarkDup_reAlign.bam.bai
    jobid: 27
    wildcards: prefix=../../ngs_test_data/data2/align/HG001/N/HG001_N_fastp_bwa_bioMarkDup_reAlign
    threads: 4

[Tue Jul 21 19:33:37 2020]
Finished job 27.
29 of 46 steps (63%) done

[Tue Jul 21 19:33:37 2020]
rule GATKBQSRPre:
    input: ../../ngs_test_data/data2/align/HG001/N/HG001_N_fastp_bwa_bioMarkDup_reAlign.bam, ../../ngs_test_data/data2/align/HG001/N/HG001_N_fastp_bwa_bioMarkDup_reAlign.bam.bai, ../../ngs_test_data/data2/genome/GRCh38/GRCh38.d1.vd1.fa, ../../ngs_test_data/data2/genome/GRCh38/GRCh38.d1.vd1.dict, /home/DATA/REFGENOMEDB/human/GRCh38.d1.vd1/variantsDB/1000G_phase1.snps.high_confidence.hg38.vcf.gz, /home/DATA/REFGENOMEDB/human/GRCh38.d1.vd1/variantsDB/dbsnp_146.hg38.vcf.gz, /home/DATA/REFGENOMEDB/human/GRCh38.d1.vd1/variantsDB/1000G_omni2.5.hg38.vcf.gz, /home/DATA/REFGENOMEDB/human/GRCh38.d1.vd1/variantsDB/hapmap_3.3.hg38.vcf.gz
    output: ../../ngs_test_data/data2/align/HG001/N/HG001_N_fastp_bwa_bioMarkDup_reAlign_BQSRPre_tmp, ../../ngs_test_data/data2/align/HG001/N/HG001_N_fastp_bwa_bioMarkDup_reAlign_BQSR.intervals
    log: ../../ngs_test_data/logs/align/HG001/N/HG001_N_fastp_bwa_bioMarkDup_reAlign_preBQSR.logs
    jobid: 28
    benchmark: ../../ngs_test_data/benchmark/align/HG001/N/HG001_N_fastp_bwa_bioMarkDup_reAlign_preBQSR.tsv
    wildcards: case=HG001, sample=N, qcpipe=fastp, aligner=bwa, markdup=bioMarkDup, realign=reAlign

[Tue Jul 21 19:34:38 2020]
Finished job 29.
30 of 46 steps (65%) done

[Tue Jul 21 19:34:38 2020]
rule BamIndex:
    input: ../../ngs_test_data/data2/align/HG001/N1/HG001_N1_fastp_bwa_bioMarkDup_reAlign.bam
    output: ../../ngs_test_data/data2/align/HG001/N1/HG001_N1_fastp_bwa_bioMarkDup_reAlign.bam.bai
    jobid: 30
    wildcards: prefix=../../ngs_test_data/data2/align/HG001/N1/HG001_N1_fastp_bwa_bioMarkDup_reAlign
    threads: 4

[Tue Jul 21 19:34:39 2020]
Finished job 30.
31 of 46 steps (67%) done

[Tue Jul 21 19:34:39 2020]
rule GATKBQSRPre:
    input: ../../ngs_test_data/data2/align/HG001/N1/HG001_N1_fastp_bwa_bioMarkDup_reAlign.bam, ../../ngs_test_data/data2/align/HG001/N1/HG001_N1_fastp_bwa_bioMarkDup_reAlign.bam.bai, ../../ngs_test_data/data2/genome/GRCh38/GRCh38.d1.vd1.fa, ../../ngs_test_data/data2/genome/GRCh38/GRCh38.d1.vd1.dict, /home/DATA/REFGENOMEDB/human/GRCh38.d1.vd1/variantsDB/1000G_phase1.snps.high_confidence.hg38.vcf.gz, /home/DATA/REFGENOMEDB/human/GRCh38.d1.vd1/variantsDB/dbsnp_146.hg38.vcf.gz, /home/DATA/REFGENOMEDB/human/GRCh38.d1.vd1/variantsDB/1000G_omni2.5.hg38.vcf.gz, /home/DATA/REFGENOMEDB/human/GRCh38.d1.vd1/variantsDB/hapmap_3.3.hg38.vcf.gz
    output: ../../ngs_test_data/data2/align/HG001/N1/HG001_N1_fastp_bwa_bioMarkDup_reAlign_BQSRPre_tmp, ../../ngs_test_data/data2/align/HG001/N1/HG001_N1_fastp_bwa_bioMarkDup_reAlign_BQSR.intervals
    log: ../../ngs_test_data/logs/align/HG001/N1/HG001_N1_fastp_bwa_bioMarkDup_reAlign_preBQSR.logs
    jobid: 31
    benchmark: ../../ngs_test_data/benchmark/align/HG001/N1/HG001_N1_fastp_bwa_bioMarkDup_reAlign_preBQSR.tsv
    wildcards: case=HG001, sample=N1, qcpipe=fastp, aligner=bwa, markdup=bioMarkDup, realign=reAlign

[Tue Jul 21 19:36:33 2020]
Finished job 28.
32 of 46 steps (70%) done

[Tue Jul 21 19:36:33 2020]
rule GATKBQSR:
    input: ../../ngs_test_data/data2/align/HG001/N/HG001_N_fastp_bwa_bioMarkDup_reAlign.bam, ../../ngs_test_data/data2/align/HG001/N/HG001_N_fastp_bwa_bioMarkDup_reAlign.bam.bai, ../../ngs_test_data/data2/genome/GRCh38/GRCh38.d1.vd1.fa, ../../ngs_test_data/data2/align/HG001/N/HG001_N_fastp_bwa_bioMarkDup_reAlign_BQSR.intervals
    output: ../../ngs_test_data/data2/align/HG001/N/HG001_N_fastp_bwa_bioMarkDup_reAlign_BQSR_tmp, ../../ngs_test_data/data2/align/HG001/N/HG001_N_fastp_bwa_bioMarkDup_reAlign_BQSR.bam
    log: ../../ngs_test_data/logs/align/HG001/N/HG001_N_fastp_bwa_bioMarkDup_reAlign_applyBQSR.logs
    jobid: 21
    benchmark: ../../ngs_test_data/benchmark/align/HG001/N/HG001_N_fastp_bwa_bioMarkDup_reAlign_applyBQSR.tsv
    wildcards: case=HG001, sample=N, qcpipe=fastp, aligner=bwa, markdup=bioMarkDup, realign=reAlign

[Tue Jul 21 19:36:43 2020]
Finished job 21.
33 of 46 steps (72%) done

[Tue Jul 21 19:36:43 2020]
rule BamIndex:
    input: ../../ngs_test_data/data2/align/HG001/N/HG001_N_fastp_bwa_bioMarkDup_reAlign_BQSR.bam
    output: ../../ngs_test_data/data2/align/HG001/N/HG001_N_fastp_bwa_bioMarkDup_reAlign_BQSR.bam.bai
    jobid: 22
    wildcards: prefix=../../ngs_test_data/data2/align/HG001/N/HG001_N_fastp_bwa_bioMarkDup_reAlign_BQSR
    threads: 4

[Tue Jul 21 19:36:44 2020]
Finished job 22.
34 of 46 steps (74%) done

[Tue Jul 21 19:36:44 2020]
rule GATKLeftAlign:
    input: ../../ngs_test_data/data2/align/HG001/N/HG001_N_fastp_bwa_bioMarkDup_reAlign_BQSR.bam, ../../ngs_test_data/data2/align/HG001/N/HG001_N_fastp_bwa_bioMarkDup_reAlign_BQSR.bam.bai, ../../ngs_test_data/data2/genome/GRCh38/GRCh38.d1.vd1.fa
    output: ../../ngs_test_data/data2/align/HG001/N/HG001_N_fastp_bwa_bioMarkDup_reAlign_BQSR_LeftAlign.bam, ../../ngs_test_data/data2/align/HG001/N/HG001_N_fastp_bwa_bioMarkDup_reAlign_BQSR_LeftAlign_tmp
    log: ../../ngs_test_data/logs/align/HG001/N/HG001_N_fastp_bwa_bioMarkDup_reAlign_BQSR_leftAlign.logs
    jobid: 17
    benchmark: ../../ngs_test_data/benchmark/align/HG001/N/HG001_N_fastp_bwa_bioMarkDup_reAlign_BQSR_leftAlign.tsv
    wildcards: case=HG001, sample=N, qcpipe=fastp, aligner=bwa, markdup=bioMarkDup, realign=reAlign, bqsr=BQSR

[Tue Jul 21 19:37:47 2020]
Finished job 31.
35 of 46 steps (76%) done
Shutting down, this might take some time.
Exiting because a job execution failed. Look above for error message
Complete log: /home/pengjia/ProjectSnake/DNAseq/dna/.snakemake/log/2020-07-21T185350.264585.snakemake.log
