Building DAG of jobs...
Using shell: /usr/bin/bash
Provided cores: 10
Rules claiming more threads will be scaled down.
Job counts:
	count	jobs
	2	Smoove
	1	all
	3

[Sun Jul 19 13:46:06 2020]
rule Smoove:
    input: ../../ngs_test_data/data/HQbam/HG001_N1.bam, ../../ngs_test_data/data/HQbam/HG001_N1.bam.bai, ../../ngs_test_data/data/genome/GRCh38/GRCh38_full_analysis_set_plus_decoy_hla.fa, ../../ngs_test_data/data/genome/GRCh38/GRCh38_full_analysis_set_plus_decoy_hla.fa.fai, ../../ngs_test_data/data/genome/GRCh38/GRCh38_full_analysis_set_plus_decoy_hla.exclude.cnvnator.bed
    output: ../../ngs_test_data/data/germlineVar/smoove/perSample/HG001_N1/HG001_N1, ../../ngs_test_data/data/germlineVar/smoove/perSample/HG001_N1/HG001_N1/HG001_N1-smoove.genotype.vcf.gz, ../../ngs_test_data/data/germlineVar/smoove/perSample/HG001_N1/HG001_N1.smoove.raw.vcf.gz
    log: ../../ngs_test_data/logs/gremlineVar/smoove/perSample/HG001_N1/HG001_N1.smoove.logs
    jobid: 28
    benchmark: ../../ngs_test_data/benchmark/gremlineVar/smoove/perSample/HG001_N1/HG001_N1.smoove.tsv
    wildcards: bam_sample=HG001_N1
    threads: 2


[Sun Jul 19 13:46:06 2020]
rule Smoove:
    input: ../../ngs_test_data/data/HQbam/HG001_N.bam, ../../ngs_test_data/data/HQbam/HG001_N.bam.bai, ../../ngs_test_data/data/genome/GRCh38/GRCh38_full_analysis_set_plus_decoy_hla.fa, ../../ngs_test_data/data/genome/GRCh38/GRCh38_full_analysis_set_plus_decoy_hla.fa.fai, ../../ngs_test_data/data/genome/GRCh38/GRCh38_full_analysis_set_plus_decoy_hla.exclude.cnvnator.bed
    output: ../../ngs_test_data/data/germlineVar/smoove/perSample/HG001_N/HG001_N, ../../ngs_test_data/data/germlineVar/smoove/perSample/HG001_N/HG001_N/HG001_N-smoove.genotype.vcf.gz, ../../ngs_test_data/data/germlineVar/smoove/perSample/HG001_N/HG001_N.smoove.raw.vcf.gz
    log: ../../ngs_test_data/logs/gremlineVar/smoove/perSample/HG001_N/HG001_N.smoove.logs
    jobid: 29
    benchmark: ../../ngs_test_data/benchmark/gremlineVar/smoove/perSample/HG001_N/HG001_N.smoove.tsv
    wildcards: bam_sample=HG001_N
    threads: 2

Waiting at most 5 seconds for missing files.
MissingOutputException in line 18 of /home/pengjia/ProjectSnake/DNAseq/dna/smk/var/var_smoove.smk:
Missing files after 5 seconds:
../../ngs_test_data/data/germlineVar/smoove/perSample/HG001_N1/HG001_N1/HG001_N1-smoove.genotype.vcf.gz
../../ngs_test_data/data/germlineVar/smoove/perSample/HG001_N1/HG001_N1.smoove.raw.vcf.gz
This might be due to filesystem latency. If that is the case, consider to increase the wait time with --latency-wait.
Removing output files of failed job Smoove since they might be corrupted:
../../ngs_test_data/data/germlineVar/smoove/perSample/HG001_N1/HG001_N1
Waiting at most 5 seconds for missing files.
MissingOutputException in line 18 of /home/pengjia/ProjectSnake/DNAseq/dna/smk/var/var_smoove.smk:
Missing files after 5 seconds:
../../ngs_test_data/data/germlineVar/smoove/perSample/HG001_N/HG001_N/HG001_N-smoove.genotype.vcf.gz
../../ngs_test_data/data/germlineVar/smoove/perSample/HG001_N/HG001_N.smoove.raw.vcf.gz
This might be due to filesystem latency. If that is the case, consider to increase the wait time with --latency-wait.
Removing output files of failed job Smoove since they might be corrupted:
../../ngs_test_data/data/germlineVar/smoove/perSample/HG001_N/HG001_N
Shutting down, this might take some time.
Exiting because a job execution failed. Look above for error message
Complete log: /home/pengjia/ProjectSnake/DNAseq/dna/.snakemake/log/2020-07-19T134504.981862.snakemake.log
