Building DAG of jobs...
Using shell: /usr/bin/bash
Provided cores: 10
Rules claiming more threads will be scaled down.
Job counts:
	count	jobs
	2	Smoove
	1	all
	3

[Sun Jul 19 13:51:22 2020]
rule Smoove:
    input: ../../ngs_test_data/data/HQbam/HG001_N.bam, ../../ngs_test_data/data/HQbam/HG001_N.bam.bai, ../../ngs_test_data/data/genome/GRCh38/GRCh38_full_analysis_set_plus_decoy_hla.fa, ../../ngs_test_data/data/genome/GRCh38/GRCh38_full_analysis_set_plus_decoy_hla.fa.fai, ../../ngs_test_data/data/genome/GRCh38/GRCh38_full_analysis_set_plus_decoy_hla.exclude.cnvnator.bed
    output: ../../ngs_test_data/data/germlineVar/smoove/perSample/HG001_N/HG001_N, ../../ngs_test_data/data/germlineVar/smoove/perSample/HG001_N/HG001_N/HG001_N-smoove.genotyped.vcf.gz, ../../ngs_test_data/data/germlineVar/smoove/perSample/HG001_N/HG001_N.smoove.raw.vcf.gz
    log: ../../ngs_test_data/logs/gremlineVar/smoove/perSample/HG001_N/HG001_N.smoove.logs
    jobid: 29
    benchmark: ../../ngs_test_data/benchmark/gremlineVar/smoove/perSample/HG001_N/HG001_N.smoove.tsv
    wildcards: bam_sample=HG001_N
    threads: 2


[Sun Jul 19 13:51:22 2020]
rule Smoove:
    input: ../../ngs_test_data/data/HQbam/HG001_N1.bam, ../../ngs_test_data/data/HQbam/HG001_N1.bam.bai, ../../ngs_test_data/data/genome/GRCh38/GRCh38_full_analysis_set_plus_decoy_hla.fa, ../../ngs_test_data/data/genome/GRCh38/GRCh38_full_analysis_set_plus_decoy_hla.fa.fai, ../../ngs_test_data/data/genome/GRCh38/GRCh38_full_analysis_set_plus_decoy_hla.exclude.cnvnator.bed
    output: ../../ngs_test_data/data/germlineVar/smoove/perSample/HG001_N1/HG001_N1, ../../ngs_test_data/data/germlineVar/smoove/perSample/HG001_N1/HG001_N1/HG001_N1-smoove.genotyped.vcf.gz, ../../ngs_test_data/data/germlineVar/smoove/perSample/HG001_N1/HG001_N1.smoove.raw.vcf.gz
    log: ../../ngs_test_data/logs/gremlineVar/smoove/perSample/HG001_N1/HG001_N1.smoove.logs
    jobid: 28
    benchmark: ../../ngs_test_data/benchmark/gremlineVar/smoove/perSample/HG001_N1/HG001_N1.smoove.tsv
    wildcards: bam_sample=HG001_N1
    threads: 2

Removing temporary output file ../../ngs_test_data/data/germlineVar/smoove/perSample/HG001_N1/HG001_N1/HG001_N1-smoove.genotyped.vcf.gz.
[Sun Jul 19 13:52:24 2020]
Finished job 28.
1 of 3 steps (33%) done
Removing temporary output file ../../ngs_test_data/data/germlineVar/smoove/perSample/HG001_N/HG001_N/HG001_N-smoove.genotyped.vcf.gz.
[Sun Jul 19 13:52:24 2020]
Finished job 29.
2 of 3 steps (67%) done
WorkflowError:
File ../../ngs_test_data/data/germlineVar/smoove/perSample/HG001_N1/HG001_N1.smoove.raw.vcf.gz seems to be a broken symlink.
