Building DAG of jobs...
Using shell: /usr/bin/bash
Provided cores: 20
Rules claiming more threads will be scaled down.
Job counts:
	count	jobs
	2	BamIndex
	2	GATKBQSR
	2	GATKBQSRPre
	2	LoadHQbam
	2	NoneFixMate
	2	NoneLeftALign
	1	all
	13

[Tue Jul 21 16:53:36 2020]
rule GATKBQSRPre:
    input: ../../ngs_test_data/data2/align/HG001/N/HG001_N_fastp_bwa_picardMarkDup_reAlign.bam, ../../ngs_test_data/data2/align/HG001/N/HG001_N_fastp_bwa_picardMarkDup_reAlign.bam.bai, ../../ngs_test_data/data2/genome/GRCh38/GRCh38.d1.vd1.fa, ../../ngs_test_data/data2/genome/GRCh38/GRCh38.d1.vd1.dict, /home/DATA/REFGENOMEDB/human/GRCh38.d1.vd1/variantsDB/1000G_phase1.snps.high_confidence.hg38.vcf.gz, /home/DATA/REFGENOMEDB/human/GRCh38.d1.vd1/variantsDB/1000G_omni2.5.hg38.vcf.gz, /home/DATA/REFGENOMEDB/human/GRCh38.d1.vd1/variantsDB/hapmap_3.3.hg38.vcf.gz, /home/DATA/REFGENOMEDB/human/GRCh38.d1.vd1/variantsDB/Mills_and_1000G_gold_standard.indels.b38.primary_assembly.vcf.gz
    output: ../../ngs_test_data/data2/align/HG001/N/HG001_N_fastp_bwa_picardMarkDup_reAlign_BQSRPre_tmp, ../../ngs_test_data/data2/align/HG001/N/HG001_N_fastp_bwa_picardMarkDup_reAlign_BQSR.intervals
    log: ../../ngs_test_data/logs/align/HG001/N/HG001_N_fastp_bwa_picardMarkDup_reAlign_preBQSR.logs
    jobid: 26
    benchmark: ../../ngs_test_data/benchmark/align/HG001/N/HG001_N_fastp_bwa_picardMarkDup_reAlign_preBQSR.tsv
    wildcards: case=HG001, sample=N, qcpipe=fastp, aligner=bwa, markdup=picardMarkDup, realign=reAlign

[Tue Jul 21 16:53:36 2020]
rule GATKBQSRPre:
    input: ../../ngs_test_data/data2/align/HG001/N1/HG001_N1_fastp_bwa_picardMarkDup_reAlign.bam, ../../ngs_test_data/data2/align/HG001/N1/HG001_N1_fastp_bwa_picardMarkDup_reAlign.bam.bai, ../../ngs_test_data/data2/genome/GRCh38/GRCh38.d1.vd1.fa, ../../ngs_test_data/data2/genome/GRCh38/GRCh38.d1.vd1.dict, /home/DATA/REFGENOMEDB/human/GRCh38.d1.vd1/variantsDB/1000G_phase1.snps.high_confidence.hg38.vcf.gz, /home/DATA/REFGENOMEDB/human/GRCh38.d1.vd1/variantsDB/1000G_omni2.5.hg38.vcf.gz, /home/DATA/REFGENOMEDB/human/GRCh38.d1.vd1/variantsDB/hapmap_3.3.hg38.vcf.gz, /home/DATA/REFGENOMEDB/human/GRCh38.d1.vd1/variantsDB/Mills_and_1000G_gold_standard.indels.b38.primary_assembly.vcf.gz
    output: ../../ngs_test_data/data2/align/HG001/N1/HG001_N1_fastp_bwa_picardMarkDup_reAlign_BQSRPre_tmp, ../../ngs_test_data/data2/align/HG001/N1/HG001_N1_fastp_bwa_picardMarkDup_reAlign_BQSR.intervals
    log: ../../ngs_test_data/logs/align/HG001/N1/HG001_N1_fastp_bwa_picardMarkDup_reAlign_preBQSR.logs
    jobid: 29
    benchmark: ../../ngs_test_data/benchmark/align/HG001/N1/HG001_N1_fastp_bwa_picardMarkDup_reAlign_preBQSR.tsv
    wildcards: case=HG001, sample=N1, qcpipe=fastp, aligner=bwa, markdup=picardMarkDup, realign=reAlign

Shutting down, this might take some time.
Exiting because a job execution failed. Look above for error message
Complete log: /home/pengjia/ProjectSnake/DNAseq/dna/.snakemake/log/2020-07-21T165331.911978.snakemake.log
