Building DAG of jobs...
Using shell: /usr/bin/bash
Provided cores: 10
Rules claiming more threads will be scaled down.
Job counts:
	count	jobs
	2	Lumpy_Get_Discordants
	2	Lumpy_Get_SplitReads
	2	Lumpyexpress
	1	all
	7

[Sat Jul 18 15:19:22 2020]
rule Lumpy_Get_SplitReads:
    input: ../../ngs_test_data/data/HQbam/HG001_N.bam, ../../ngs_test_data/data/HQbam/HG001_N.bam.bai
    output: ../../ngs_test_data/data/germlineVar/smoove/perSample/HG001_N/HG001_N.splitters.bam
    log: ../../ngs_test_data/logs/gremlineVar/lumpy/perSample/HG001_N/HG001_N.splitters.logs
    jobid: 126
    benchmark: ../../ngs_test_data/benchmark/gremlineVar/lumpy/perSample/HG001_N/HG001_N.splitters.tsv
    wildcards: bam_sample=HG001_N
    threads: 2

[Sat Jul 18 15:19:22 2020]
rule Lumpy_Get_SplitReads:
    input: ../../ngs_test_data/data/HQbam/HG001_N1.bam, ../../ngs_test_data/data/HQbam/HG001_N1.bam.bai
    output: ../../ngs_test_data/data/germlineVar/smoove/perSample/HG001_N1/HG001_N1.splitters.bam
    log: ../../ngs_test_data/logs/gremlineVar/lumpy/perSample/HG001_N1/HG001_N1.splitters.logs
    jobid: 132
    benchmark: ../../ngs_test_data/benchmark/gremlineVar/lumpy/perSample/HG001_N1/HG001_N1.splitters.tsv
    wildcards: bam_sample=HG001_N1
    threads: 2

[Sat Jul 18 15:19:22 2020]
rule Lumpy_Get_Discordants:
    input: ../../ngs_test_data/data/HQbam/HG001_N1.bam, ../../ngs_test_data/data/HQbam/HG001_N1.bam.bai
    output: ../../ngs_test_data/data/germlineVar/smoove/perSample/HG001_N1/HG001_N1.discordants.bam
    log: ../../ngs_test_data/logs/gremlineVar/lumpy/perSample/HG001_N1/HG001_N1.discordants.logs
    jobid: 131
    benchmark: ../../ngs_test_data/benchmark/gremlineVar/lumpy/perSample/HG001_N1/HG001_N1.discordants.tsv
    wildcards: bam_sample=HG001_N1
    threads: 2

[Sat Jul 18 15:19:22 2020]
rule Lumpy_Get_Discordants:
    input: ../../ngs_test_data/data/HQbam/HG001_N.bam, ../../ngs_test_data/data/HQbam/HG001_N.bam.bai
    output: ../../ngs_test_data/data/germlineVar/smoove/perSample/HG001_N/HG001_N.discordants.bam
    log: ../../ngs_test_data/logs/gremlineVar/lumpy/perSample/HG001_N/HG001_N.discordants.logs
    jobid: 125
    benchmark: ../../ngs_test_data/benchmark/gremlineVar/lumpy/perSample/HG001_N/HG001_N.discordants.tsv
    wildcards: bam_sample=HG001_N
    threads: 2

[Sat Jul 18 15:19:29 2020]
Finished job 125.
1 of 7 steps (14%) done
[Sat Jul 18 15:19:33 2020]
Finished job 131.
2 of 7 steps (29%) done
Shutting down, this might take some time.
Exiting because a job execution failed. Look above for error message
Complete log: /home/pengjia/ProjectSnake/DNAseq/dna/.snakemake/log/2020-07-18T151918.373822.snakemake.log
