Building DAG of jobs...
Using shell: /usr/bin/bash
Provided cores: 5
Rules claiming more threads will be scaled down.
Job counts:
	count	jobs
	1	CNVcaller_make_dup
	1	CNVcaller_make_dup_align
	1	CNVcaller_make_kmer
	1	all
	4

[Sun Aug  2 22:35:42 2020]
rule CNVcaller_make_kmer:
    input: /home/pengjia/ProjectSnake/ngs_test_data/data2/genome/GRCh38/GRCh38.d1.vd1.fa
    output: /home/pengjia/ProjectSnake/ngs_test_data/data2/genome/GRCh38/GRCh38.d1.vd1.cnvcaller.kmer.fa
    log: /home/pengjia/ProjectSnake/ngs_test_data/logs/genome/CNVcaler/reference/IndexReference.logs
    jobid: 88
    benchmark: /home/pengjia/ProjectSnake/ngs_test_data/benchmark/genome/CNVcaler/reference/IndexReference.bm
    threads: 2

[Sun Aug  2 22:37:54 2020]
Finished job 88.
1 of 4 steps (25%) done

[Sun Aug  2 22:37:54 2020]
rule CNVcaller_make_dup_align:
    input: /home/pengjia/ProjectSnake/ngs_test_data/data2/genome/GRCh38/GRCh38.d1.vd1.cnvcaller.kmer.fa, /home/pengjia/ProjectSnake/ngs_test_data/data2/genome/GRCh38/GRCh38.d1.vd1.fa
    output: /home/pengjia/ProjectSnake/ngs_test_data/data2/genome/GRCh38/GRCh38.d1.vd1.cnvcaller.kmer.aln
    log: /home/pengjia/ProjectSnake/ngs_test_data/logs/genome/CNVcaler/reference/make_dup_align.logs
    jobid: 89
    benchmark: /home/pengjia/ProjectSnake/ngs_test_data/benchmark/genome/CNVcaler/reference/make_dup_aln.bm
    threads: 2

Shutting down, this might take some time.
Exiting because a job execution failed. Look above for error message
Complete log: /home/pengjia/ProjectSnake/DNAseq/dna/.snakemake/log/2020-08-02T223540.246999.snakemake.log
