Building DAG of jobs...
Using shell: /usr/bin/bash
Provided cores: 15
Rules claiming more threads will be scaled down.
Job counts:
	count	jobs
	2	Delly2Bcf2vcfgz
	2	Delly_Call
	2	Delly_GT
	1	all
	7

[Wed Jul 15 08:47:43 2020]
rule Delly_Call:
    input: ../../ngs_test_data/HQbam/HG001_N.bam, ../../ngs_test_data/HQbam/HG001_N.bam.bai, ../../ngs_test_data/genome/GRCh38/GRCh38_full_analysis_set_plus_decoy_hla.fa, ../../ngs_test_data/genome/GRCh38/GRCh38_full_analysis_set_plus_decoy_hla.fa.fai, ../../ngs_test_data/genome/GRCh38/GRCh38_full_analysis_set_plus_decoy_hla.exclude.cnvnator.bed
    output: ../../ngs_test_data/germlineVar/delly/perSample/HG001_N/HG001_N.delly.call.bcf
    log: ../../ngs_test_log/gremlineVar/delly/perSample/HG001_N/HG001_N.dellycall.logs
    jobid: 49
    benchmark: ../../ngs_test_bm/gremlineVar/delly/perSample/HG001_N/HG001_N.dellycall.tsv
    wildcards: bam_sample=HG001_N
    threads: 2

[Wed Jul 15 08:47:43 2020]
rule Delly_Call:
    input: ../../ngs_test_data/HQbam/HG001_N1.bam, ../../ngs_test_data/HQbam/HG001_N1.bam.bai, ../../ngs_test_data/genome/GRCh38/GRCh38_full_analysis_set_plus_decoy_hla.fa, ../../ngs_test_data/genome/GRCh38/GRCh38_full_analysis_set_plus_decoy_hla.fa.fai, ../../ngs_test_data/genome/GRCh38/GRCh38_full_analysis_set_plus_decoy_hla.exclude.cnvnator.bed
    output: ../../ngs_test_data/germlineVar/delly/perSample/HG001_N1/HG001_N1.delly.call.bcf
    log: ../../ngs_test_log/gremlineVar/delly/perSample/HG001_N1/HG001_N1.dellycall.logs
    jobid: 51
    benchmark: ../../ngs_test_bm/gremlineVar/delly/perSample/HG001_N1/HG001_N1.dellycall.tsv
    wildcards: bam_sample=HG001_N1
    threads: 2

Job failed, going on with independent jobs.
Job failed, going on with independent jobs.
Exiting because a job execution failed. Look above for error message
Complete log: /home/pengjia/ProjectSnake/DNAseq/dna/.snakemake/log/2020-07-15T084742.148870.snakemake.log
