Building DAG of jobs...
Using shell: /usr/bin/bash
Provided cores: 2
Rules claiming more threads will be scaled down.
Job counts:
	count	jobs
	2	Delly2Bcf2vcfgz
	2	Delly_GT
	1	all
	5

[Tue Jul 14 17:06:05 2020]
rule Delly_GT:
    input: ../../ngs_test_data/genome/GRCh38/GRCh38_full_analysis_set_plus_decoy_hla.fa, ../../ngs_test_data/genome/GRCh38/GRCh38_full_analysis_set_plus_decoy_hla.fa.fai, ../../ngs_test_data/germlineVar/delly/perSample/HG001_N/HG001_N.delly.call.bcf
    output: ../../ngs_test_data/germlineVar/delly/perSample/HG001_N/HG001_N.delly.raw.bcf
    log: ../../ngs_test_log/gremlineVar/delly/perSample/HG001_N/HG001_N.dellyGT.logs
    jobid: 120
    benchmark: ../../ngs_test_bm/gremlineVar/delly/perSample/HG001_N/HG001_N.dellyGT.tsv
    wildcards: bam_sample=HG001_N
    threads: 2

Shutting down, this might take some time.
Exiting because a job execution failed. Look above for error message
Complete log: /home/pengjia/ProjectSnake/DNAseq/dna/.snakemake/log/2020-07-14T170602.883278.snakemake.log
