LoadGenome
LoadGenomeFile
GenomeIndexSamtools
GenomeIndexBwa
GenomeIndexPicard
all
loadrawData
fastqc
fastp
passqc
fastqc2
multiqc
Bwa
MergeBam
MarkDupWithPicard
NoneMarkDup
MarkDupWithBiobambam
NoneRealign
GATKReAlignPre
GATKReAlign
BamIndex
NoneBQSR
GATKBQSRPre
GATKBQSR
NoneLeftALign
GATKLeftAlign
NoneFixMate
GATKFixMate
LoadHQbam
HC_CallVar
HC_GT
HC_MergeVCF
HC_CombineCalls
HC_GT_jointCall
HC_MergeVCF_jointCall
HC_JointCall_SelectSNV
HC_JointCall_SelectIndel
HC_JointCall_FileterSNVHard
HC_JointCall_FileterINDElHard
HC_SelectSNV
HC_SelectIndel
HC_FileterSNVHard
HC_FileterINDElHard
FB_CallVar
FB_Filter
Bcftools_Mpileup
Bcftools_Call
Bcftools_Filter
Samtools_Mpileup
Varscan_Call
Varscan_Filter
Varscan_Call_SNV
Varscan_Filter_SNV
Varscan_Call_INDEL
Varscan_Filter_INDEL
Delly_Call
Delly_GT
Delly2Bcf2vcfgz
Smoove
TODO2
MetaSV
tabix
