Building DAG of jobs...
Using shell: /usr/bin/bash
Provided cores: 15
Rules claiming more threads will be scaled down.
Job counts:
	count	jobs
	4	BamIndex
	2	Bcftools_Call
	2	Bcftools_Filter
	2	Bcftools_Mpileup
	2	Bwa
	2	Delly2Bcf2vcfgz
	2	Delly_Call
	2	Delly_GT
	2	FB_CallVar
	2	FB_Filter
	1	GenomeIndexPicard
	50	HC_CallVar
	25	HC_CombineCalls
	2	HC_FileterINDElHard
	2	HC_FileterSNVHard
	50	HC_GT
	25	HC_GT_jointCall
	1	HC_JointCall_FileterINDElHard
	1	HC_JointCall_FileterSNVHard
	1	HC_JointCall_SelectSNV
	2	HC_MergeVCF
	1	HC_MergeVCF_jointCall
	2	LoadHQbam
	2	MarkDupWithPicard
	2	MergeBam
	2	NoneBQSR
	2	NoneFixMate
	2	NoneLeftALign
	2	NoneRealign
	2	Samtools_Mpileup
	2	Smoove
	2	Varscan_Call
	2	Varscan_Call_INDEL
	2	Varscan_Call_SNV
	2	Varscan_Filter
	2	Varscan_Filter_INDEL
	2	Varscan_Filter_SNV
	1	all
	16	tabix
	230

[Tue Jul 14 21:51:00 2020]
rule GenomeIndexPicard:
    input: ../../ngs_test_data/genome/GRCh38/GRCh38_full_analysis_set_plus_decoy_hla.fa
    output: ../../ngs_test_data/genome/GRCh38/GRCh38_full_analysis_set_plus_decoy_hla.dict
    log: ../../ngs_test_log/genomeindex/genomeindex_picard.log
    jobid: 216

[Tue Jul 14 21:51:00 2020]
rule Bwa:
    input: ../../ngs_test_data/cleandata/fastp/HG001/N/HG001_N_L1_fastp_1.fq.gz, ../../ngs_test_data/cleandata/fastp/HG001/N/HG001_N_L1_fastp_2.fq.gz, ../../ngs_test_data/genome/GRCh38/GRCh38_full_analysis_set_plus_decoy_hla.fa, ../../ngs_test_data/genome/GRCh38/GRCh38_full_analysis_set_plus_decoy_hla.fa.fai, ../../ngs_test_data/genome/GRCh38/GRCh38_full_analysis_set_plus_decoy_hla.fa.bwt
    output: ../../ngs_test_data/align/HG001/N/HG001_N_L1_fastp_bwa_sorted.bam
    log: ../../ngs_test_log/align/bwa/HG001/N/HG001_N_L1_fastp_bwa.logs
    jobid: 233
    benchmark: ../../ngs_test_bm/align/bwa/HG001/N/HG001_N_L1_fastp.bwa.tsv
    wildcards: case=HG001, sample=N, unit=L1, qcpipe=fastp
    threads: 8

[Tue Jul 14 21:51:09 2020]
Finished job 216.
1 of 230 steps (0.43%) done
[Tue Jul 14 21:51:52 2020]
Finished job 233.
2 of 230 steps (0.87%) done

[Tue Jul 14 21:51:52 2020]
rule Bwa:
    input: ../../ngs_test_data/cleandata/fastp/HG001/N1/HG001_N1_L2_fastp_1.fq.gz, ../../ngs_test_data/cleandata/fastp/HG001/N1/HG001_N1_L2_fastp_2.fq.gz, ../../ngs_test_data/genome/GRCh38/GRCh38_full_analysis_set_plus_decoy_hla.fa, ../../ngs_test_data/genome/GRCh38/GRCh38_full_analysis_set_plus_decoy_hla.fa.fai, ../../ngs_test_data/genome/GRCh38/GRCh38_full_analysis_set_plus_decoy_hla.fa.bwt
    output: ../../ngs_test_data/align/HG001/N1/HG001_N1_L2_fastp_bwa_sorted.bam
    log: ../../ngs_test_log/align/bwa/HG001/N1/HG001_N1_L2_fastp_bwa.logs
    jobid: 232
    benchmark: ../../ngs_test_bm/align/bwa/HG001/N1/HG001_N1_L2_fastp.bwa.tsv
    wildcards: case=HG001, sample=N1, unit=L2, qcpipe=fastp
    threads: 8

[Tue Jul 14 21:52:12 2020]
Finished job 232.
3 of 230 steps (1%) done

[Tue Jul 14 21:52:12 2020]
rule MergeBam:
    input: ../../ngs_test_data/align/HG001/N1/HG001_N1_L1_fastp_bwa_sorted.bam, ../../ngs_test_data/align/HG001/N1/HG001_N1_L2_fastp_bwa_sorted.bam
    output: ../../ngs_test_data/align/HG001/N1/HG001_N1_fastp_bwa.bam
    log: ../../ngs_test_log/align/HG001/N1/HG001_N1_fastp_bwa.merge.logs
    jobid: 229
    benchmark: ../../ngs_test_bm/align/HG001/N1/HG001_N1_fastp_bwa.merge.tsv
    wildcards: case=HG001, sample=N1, qcpipe=fastp, aligner=bwa
    threads: 8

[Tue Jul 14 21:52:27 2020]
Finished job 229.
4 of 230 steps (2%) done

[Tue Jul 14 21:52:27 2020]
rule MergeBam:
    input: ../../ngs_test_data/align/HG001/N/HG001_N_L1_fastp_bwa_sorted.bam
    output: ../../ngs_test_data/align/HG001/N/HG001_N_fastp_bwa.bam
    log: ../../ngs_test_log/align/HG001/N/HG001_N_fastp_bwa.merge.logs
    jobid: 230
    benchmark: ../../ngs_test_bm/align/HG001/N/HG001_N_fastp_bwa.merge.tsv
    wildcards: case=HG001, sample=N, qcpipe=fastp, aligner=bwa
    threads: 8

[Tue Jul 14 21:52:28 2020]
rule MarkDupWithPicard:
    input: ../../ngs_test_data/align/HG001/N1/HG001_N1_fastp_bwa.bam
    output: ../../ngs_test_data/align/HG001/N1/HG001_N1_fastp_bwa_picardMarkDup.bam, ../../ngs_test_data/align/HG001/N1/HG001_N1_fastp_bwa_picardMarkDup.metrics
    log: ../../ngs_test_log/align/HG001/N1/HG001_N1_fastp_bwa_picardMarkDup.logs
    jobid: 225
    benchmark: ../../ngs_test_bm/align/HG001/N1/HG001_N1_fastp_bwa_picardMarkDup.tsv
    wildcards: case=HG001, sample=N1, qcpipe=fastp, aligner=bwa

[Tue Jul 14 21:52:55 2020]
Finished job 225.
5 of 230 steps (2%) done
[Tue Jul 14 21:53:29 2020]
Finished job 230.
6 of 230 steps (3%) done

[Tue Jul 14 21:53:29 2020]
rule BamIndex:
    input: ../../ngs_test_data/align/HG001/N1/HG001_N1_fastp_bwa_picardMarkDup.bam
    output: ../../ngs_test_data/align/HG001/N1/HG001_N1_fastp_bwa_picardMarkDup.bam.bai
    jobid: 226
    wildcards: prefix=../../ngs_test_data/align/HG001/N1/HG001_N1_fastp_bwa_picardMarkDup
    threads: 8

[Tue Jul 14 21:53:29 2020]
rule MarkDupWithPicard:
    input: ../../ngs_test_data/align/HG001/N/HG001_N_fastp_bwa.bam
    output: ../../ngs_test_data/align/HG001/N/HG001_N_fastp_bwa_picardMarkDup.bam, ../../ngs_test_data/align/HG001/N/HG001_N_fastp_bwa_picardMarkDup.metrics
    log: ../../ngs_test_log/align/HG001/N/HG001_N_fastp_bwa_picardMarkDup.logs
    jobid: 227
    benchmark: ../../ngs_test_bm/align/HG001/N/HG001_N_fastp_bwa_picardMarkDup.tsv
    wildcards: case=HG001, sample=N, qcpipe=fastp, aligner=bwa

[Tue Jul 14 21:53:30 2020]
Finished job 226.
7 of 230 steps (3%) done

[Tue Jul 14 21:53:30 2020]
localrule NoneRealign:
    input: ../../ngs_test_data/align/HG001/N1/HG001_N1_fastp_bwa_picardMarkDup.bam, ../../ngs_test_data/align/HG001/N1/HG001_N1_fastp_bwa_picardMarkDup.bam.bai
    output: ../../ngs_test_data/align/HG001/N1/HG001_N1_fastp_bwa_picardMarkDup_noneReAlign.bam, ../../ngs_test_data/align/HG001/N1/HG001_N1_fastp_bwa_picardMarkDup.noneReAlign.bam.bai
    jobid: 221
    wildcards: case=HG001, sample=N1, qcpipe=fastp, aligner=bwa, markdup=picardMarkDup

[Tue Jul 14 21:53:43 2020]
Finished job 227.
8 of 230 steps (3%) done

[Tue Jul 14 21:53:44 2020]
rule BamIndex:
    input: ../../ngs_test_data/align/HG001/N/HG001_N_fastp_bwa_picardMarkDup.bam
    output: ../../ngs_test_data/align/HG001/N/HG001_N_fastp_bwa_picardMarkDup.bam.bai
    jobid: 228
    wildcards: prefix=../../ngs_test_data/align/HG001/N/HG001_N_fastp_bwa_picardMarkDup
    threads: 8

[Tue Jul 14 21:53:46 2020]
Finished job 228.
9 of 230 steps (4%) done

[Tue Jul 14 21:53:46 2020]
localrule NoneRealign:
    input: ../../ngs_test_data/align/HG001/N/HG001_N_fastp_bwa_picardMarkDup.bam, ../../ngs_test_data/align/HG001/N/HG001_N_fastp_bwa_picardMarkDup.bam.bai
    output: ../../ngs_test_data/align/HG001/N/HG001_N_fastp_bwa_picardMarkDup_noneReAlign.bam, ../../ngs_test_data/align/HG001/N/HG001_N_fastp_bwa_picardMarkDup.noneReAlign.bam.bai
    jobid: 223
    wildcards: case=HG001, sample=N, qcpipe=fastp, aligner=bwa, markdup=picardMarkDup

[Tue Jul 14 21:54:32 2020]
Finished job 221.
10 of 230 steps (4%) done

[Tue Jul 14 21:54:32 2020]
rule BamIndex:
    input: ../../ngs_test_data/align/HG001/N1/HG001_N1_fastp_bwa_picardMarkDup_noneReAlign.bam
    output: ../../ngs_test_data/align/HG001/N1/HG001_N1_fastp_bwa_picardMarkDup_noneReAlign.bam.bai
    jobid: 222
    wildcards: prefix=../../ngs_test_data/align/HG001/N1/HG001_N1_fastp_bwa_picardMarkDup_noneReAlign
    threads: 8

[Tue Jul 14 21:54:34 2020]
Finished job 222.
11 of 230 steps (5%) done

[Tue Jul 14 21:54:34 2020]
localrule NoneBQSR:
    input: ../../ngs_test_data/align/HG001/N1/HG001_N1_fastp_bwa_picardMarkDup_noneReAlign.bam, ../../ngs_test_data/align/HG001/N1/HG001_N1_fastp_bwa_picardMarkDup_noneReAlign.bam.bai
    output: ../../ngs_test_data/align/HG001/N1/HG001_N1_fastp_bwa_picardMarkDup_noneReAlign_noneBQSR.bam, ../../ngs_test_data/align/HG001/N1/HG001_N1_fastp_bwa_picardMarkDup_noneReAlign_noneBQSR.bam.bai
    jobid: 219
    wildcards: case=HG001, sample=N1, qcpipe=fastp, aligner=bwa, markdup=picardMarkDup, realign=noneReAlign

[Tue Jul 14 21:54:46 2020]
Finished job 223.
12 of 230 steps (5%) done

[Tue Jul 14 21:54:46 2020]
rule BamIndex:
    input: ../../ngs_test_data/align/HG001/N/HG001_N_fastp_bwa_picardMarkDup_noneReAlign.bam
    output: ../../ngs_test_data/align/HG001/N/HG001_N_fastp_bwa_picardMarkDup_noneReAlign.bam.bai
    jobid: 224
    wildcards: prefix=../../ngs_test_data/align/HG001/N/HG001_N_fastp_bwa_picardMarkDup_noneReAlign
    threads: 8

[Tue Jul 14 21:54:51 2020]
Finished job 224.
13 of 230 steps (6%) done

[Tue Jul 14 21:54:51 2020]
localrule NoneBQSR:
    input: ../../ngs_test_data/align/HG001/N/HG001_N_fastp_bwa_picardMarkDup_noneReAlign.bam, ../../ngs_test_data/align/HG001/N/HG001_N_fastp_bwa_picardMarkDup_noneReAlign.bam.bai
    output: ../../ngs_test_data/align/HG001/N/HG001_N_fastp_bwa_picardMarkDup_noneReAlign_noneBQSR.bam, ../../ngs_test_data/align/HG001/N/HG001_N_fastp_bwa_picardMarkDup_noneReAlign_noneBQSR.bam.bai
    jobid: 220
    wildcards: case=HG001, sample=N, qcpipe=fastp, aligner=bwa, markdup=picardMarkDup, realign=noneReAlign

[Tue Jul 14 21:55:36 2020]
Finished job 219.
14 of 230 steps (6%) done

[Tue Jul 14 21:55:36 2020]
localrule NoneLeftALign:
    input: ../../ngs_test_data/align/HG001/N1/HG001_N1_fastp_bwa_picardMarkDup_noneReAlign_noneBQSR.bam, ../../ngs_test_data/align/HG001/N1/HG001_N1_fastp_bwa_picardMarkDup_noneReAlign_noneBQSR.bam.bai
    output: ../../ngs_test_data/align/HG001/N1/HG001_N1_fastp_bwa_picardMarkDup_noneReAlign_noneBQSR_noneLeftAlign.bam, ../../ngs_test_data/align/HG001/N1/HG001_N1_fastp_bwa_picardMarkDup_noneReAlign_noneBQSR_noneLeftAlign.bam.bai
    jobid: 217
    wildcards: case=HG001, sample=N1, qcpipe=fastp, aligner=bwa, markdup=picardMarkDup, realign=noneReAlign, bqsr=noneBQSR

[Tue Jul 14 21:55:53 2020]
Finished job 220.
15 of 230 steps (7%) done

[Tue Jul 14 21:55:53 2020]
localrule NoneLeftALign:
    input: ../../ngs_test_data/align/HG001/N/HG001_N_fastp_bwa_picardMarkDup_noneReAlign_noneBQSR.bam, ../../ngs_test_data/align/HG001/N/HG001_N_fastp_bwa_picardMarkDup_noneReAlign_noneBQSR.bam.bai
    output: ../../ngs_test_data/align/HG001/N/HG001_N_fastp_bwa_picardMarkDup_noneReAlign_noneBQSR_noneLeftAlign.bam, ../../ngs_test_data/align/HG001/N/HG001_N_fastp_bwa_picardMarkDup_noneReAlign_noneBQSR_noneLeftAlign.bam.bai
    jobid: 218
    wildcards: case=HG001, sample=N, qcpipe=fastp, aligner=bwa, markdup=picardMarkDup, realign=noneReAlign, bqsr=noneBQSR

[Tue Jul 14 21:56:37 2020]
Finished job 217.
16 of 230 steps (7%) done

[Tue Jul 14 21:56:37 2020]
localrule NoneFixMate:
    input: ../../ngs_test_data/align/HG001/N1/HG001_N1_fastp_bwa_picardMarkDup_noneReAlign_noneBQSR_noneLeftAlign.bam, ../../ngs_test_data/align/HG001/N1/HG001_N1_fastp_bwa_picardMarkDup_noneReAlign_noneBQSR_noneLeftAlign.bam.bai
    output: ../../ngs_test_data/align/HG001/N1/HG001_N1_fastp_bwa_picardMarkDup_noneReAlign_noneBQSR_noneLeftAlign_noneFixMate.bam, ../../ngs_test_data/align/HG001/N1/HG001_N1_fastp_bwa_picardMarkDup_noneReAlign_noneBQSR_noneLeftAlign_noneFixMate.bam.bai
    jobid: 214
    wildcards: case=HG001, sample=N1, qcpipe=fastp, aligner=bwa, markdup=picardMarkDup, realign=noneReAlign, bqsr=noneBQSR, leftAlign=noneLeftAlign

[Tue Jul 14 21:56:54 2020]
Finished job 218.
17 of 230 steps (7%) done

[Tue Jul 14 21:56:54 2020]
localrule NoneFixMate:
    input: ../../ngs_test_data/align/HG001/N/HG001_N_fastp_bwa_picardMarkDup_noneReAlign_noneBQSR_noneLeftAlign.bam, ../../ngs_test_data/align/HG001/N/HG001_N_fastp_bwa_picardMarkDup_noneReAlign_noneBQSR_noneLeftAlign.bam.bai
    output: ../../ngs_test_data/align/HG001/N/HG001_N_fastp_bwa_picardMarkDup_noneReAlign_noneBQSR_noneLeftAlign_noneFixMate.bam, ../../ngs_test_data/align/HG001/N/HG001_N_fastp_bwa_picardMarkDup_noneReAlign_noneBQSR_noneLeftAlign_noneFixMate.bam.bai
    jobid: 215
    wildcards: case=HG001, sample=N, qcpipe=fastp, aligner=bwa, markdup=picardMarkDup, realign=noneReAlign, bqsr=noneBQSR, leftAlign=noneLeftAlign

[Tue Jul 14 21:57:37 2020]
Finished job 214.
18 of 230 steps (8%) done

[Tue Jul 14 21:57:37 2020]
localrule LoadHQbam:
    input: ../../ngs_test_data/align/HG001/N1/HG001_N1_fastp_bwa_picardMarkDup_noneReAlign_noneBQSR_noneLeftAlign_noneFixMate.bam, ../../ngs_test_data/align/HG001/N1/HG001_N1_fastp_bwa_picardMarkDup_noneReAlign_noneBQSR_noneLeftAlign_noneFixMate.bam.bai
    output: ../../ngs_test_data/HQbam/HG001_N1.bam, ../../ngs_test_data/HQbam/HG001_N1.bam.bai, ../../ngs_test_data/HQbam/changeLogs/HG001_N1.logs
    jobid: 124
    wildcards: case=HG001, sample=N1

[Tue Jul 14 21:57:54 2020]
Finished job 215.
19 of 230 steps (8%) done

[Tue Jul 14 21:57:54 2020]
localrule LoadHQbam:
    input: ../../ngs_test_data/align/HG001/N/HG001_N_fastp_bwa_picardMarkDup_noneReAlign_noneBQSR_noneLeftAlign_noneFixMate.bam, ../../ngs_test_data/align/HG001/N/HG001_N_fastp_bwa_picardMarkDup_noneReAlign_noneBQSR_noneLeftAlign_noneFixMate.bam.bai
    output: ../../ngs_test_data/HQbam/HG001_N.bam, ../../ngs_test_data/HQbam/HG001_N.bam.bai, ../../ngs_test_data/HQbam/changeLogs/HG001_N.logs
    jobid: 128
    wildcards: case=HG001, sample=N

[Tue Jul 14 21:58:38 2020]
Finished job 124.
20 of 230 steps (9%) done

[Tue Jul 14 21:58:38 2020]
rule HC_CallVar:
    input: ../../ngs_test_data/HQbam/HG001_N1.bam, ../../ngs_test_data/HQbam/HG001_N1.bam.bai, ../../ngs_test_data/genome/GRCh38/GRCh38_full_analysis_set_plus_decoy_hla.fa, ../../ngs_test_data/genome/GRCh38/GRCh38_full_analysis_set_plus_decoy_hla.fa.fai, ../../ngs_test_data/genome/GRCh38/GRCh38_full_analysis_set_plus_decoy_hla.fa.fai_chrom, ../../ngs_test_data/genome/GRCh38/GRCh38_full_analysis_set_plus_decoy_hla.dict
    output: ../../ngs_test_data/germlineVar/HC/perContig/HG001_N1/HG001_N1.chr4.g.vcf.gz
    log: ../../ngs_test_log/gremlineVar/HC/perContig/HG001_N1/HG001_N1.HC.chr4.logs
    jobid: 132
    benchmark: ../../ngs_test_bm/gremlineVar/HC/perContig/HG001_N1/HG001_N1.HC.chr4.tsv
    wildcards: bam_sample=HG001_N1, contig=chr4
    threads: 4

[Tue Jul 14 21:58:38 2020]
rule HC_CallVar:
    input: ../../ngs_test_data/HQbam/HG001_N1.bam, ../../ngs_test_data/HQbam/HG001_N1.bam.bai, ../../ngs_test_data/genome/GRCh38/GRCh38_full_analysis_set_plus_decoy_hla.fa, ../../ngs_test_data/genome/GRCh38/GRCh38_full_analysis_set_plus_decoy_hla.fa.fai, ../../ngs_test_data/genome/GRCh38/GRCh38_full_analysis_set_plus_decoy_hla.fa.fai_chrom, ../../ngs_test_data/genome/GRCh38/GRCh38_full_analysis_set_plus_decoy_hla.dict
    output: ../../ngs_test_data/germlineVar/HC/perContig/HG001_N1/HG001_N1.chr10.g.vcf.gz
    log: ../../ngs_test_log/gremlineVar/HC/perContig/HG001_N1/HG001_N1.HC.chr10.logs
    jobid: 138
    benchmark: ../../ngs_test_bm/gremlineVar/HC/perContig/HG001_N1/HG001_N1.HC.chr10.tsv
    wildcards: bam_sample=HG001_N1, contig=chr10
    threads: 4

[Tue Jul 14 21:58:39 2020]
rule HC_CallVar:
    input: ../../ngs_test_data/HQbam/HG001_N1.bam, ../../ngs_test_data/HQbam/HG001_N1.bam.bai, ../../ngs_test_data/genome/GRCh38/GRCh38_full_analysis_set_plus_decoy_hla.fa, ../../ngs_test_data/genome/GRCh38/GRCh38_full_analysis_set_plus_decoy_hla.fa.fai, ../../ngs_test_data/genome/GRCh38/GRCh38_full_analysis_set_plus_decoy_hla.fa.fai_chrom, ../../ngs_test_data/genome/GRCh38/GRCh38_full_analysis_set_plus_decoy_hla.dict
    output: ../../ngs_test_data/germlineVar/HC/perContig/HG001_N1/HG001_N1.chr16.g.vcf.gz
    log: ../../ngs_test_log/gremlineVar/HC/perContig/HG001_N1/HG001_N1.HC.chr16.logs
    jobid: 144
    benchmark: ../../ngs_test_bm/gremlineVar/HC/perContig/HG001_N1/HG001_N1.HC.chr16.tsv
    wildcards: bam_sample=HG001_N1, contig=chr16
    threads: 4

[Tue Jul 14 21:58:39 2020]
rule Delly_Call:
    input: ../../ngs_test_data/HQbam/HG001_N1.bam, ../../ngs_test_data/HQbam/HG001_N1.bam.bai, ../../ngs_test_data/genome/GRCh38/GRCh38_full_analysis_set_plus_decoy_hla.fa, ../../ngs_test_data/genome/GRCh38/GRCh38_full_analysis_set_plus_decoy_hla.fa.fai, ../../ngs_test_data/genome/GRCh38/GRCh38_full_analysis_set_plus_decoy_hla.exclude.cnvnator.bed
    output: ../../ngs_test_data/germlineVar/delly/perSample/HG001_N1/HG001_N1.delly.call.bcf
    log: ../../ngs_test_log/gremlineVar/delly/perSample/HG001_N1/HG001_N1.dellycall.logs
    jobid: 212
    benchmark: ../../ngs_test_bm/gremlineVar/delly/perSample/HG001_N1/HG001_N1.dellycall.tsv
    wildcards: bam_sample=HG001_N1
    threads: 2

Job failed, going on with independent jobs.

[Tue Jul 14 21:58:42 2020]
rule Smoove:
    input: ../../ngs_test_data/HQbam/HG001_N1.bam, ../../ngs_test_data/HQbam/HG001_N1.bam.bai, ../../ngs_test_data/genome/GRCh38/GRCh38_full_analysis_set_plus_decoy_hla.fa, ../../ngs_test_data/genome/GRCh38/GRCh38_full_analysis_set_plus_decoy_hla.fa.fai, ../../ngs_test_data/genome/GRCh38/GRCh38_full_analysis_set_plus_decoy_hla.exclude.cnvnator.bed
    output: ../../ngs_test_data/germlineVar/smoove/perSample/HG001_N1/HG001_N1, ../../ngs_test_data/germlineVar/smoove/perSample/HG001_N1/HG001_N1/HG001_N1-smoove.genotyped.vcf.gz, ../../ngs_test_data/germlineVar/smoove/perSample/HG001_N1/HG001_N1.smoove.raw.vcf.gz
    log: ../../ngs_test_log/gremlineVar/smoove/perSample/HG001_N1/HG001_N1.smoove.logs
    jobid: 28
    benchmark: ../../ngs_test_bm/gremlineVar/smoove/perSample/HG001_N1/HG001_N1.smoove.tsv
    wildcards: bam_sample=HG001_N1
    threads: 2

[Tue Jul 14 21:58:55 2020]
Finished job 128.
21 of 230 steps (9%) done
Job failed, going on with independent jobs.

[Tue Jul 14 21:58:57 2020]
rule HC_CallVar:
    input: ../../ngs_test_data/HQbam/HG001_N1.bam, ../../ngs_test_data/HQbam/HG001_N1.bam.bai, ../../ngs_test_data/genome/GRCh38/GRCh38_full_analysis_set_plus_decoy_hla.fa, ../../ngs_test_data/genome/GRCh38/GRCh38_full_analysis_set_plus_decoy_hla.fa.fai, ../../ngs_test_data/genome/GRCh38/GRCh38_full_analysis_set_plus_decoy_hla.fa.fai_chrom, ../../ngs_test_data/genome/GRCh38/GRCh38_full_analysis_set_plus_decoy_hla.dict
    output: ../../ngs_test_data/germlineVar/HC/perContig/HG001_N1/HG001_N1.chr14.g.vcf.gz
    log: ../../ngs_test_log/gremlineVar/HC/perContig/HG001_N1/HG001_N1.HC.chr14.logs
    jobid: 142
    benchmark: ../../ngs_test_bm/gremlineVar/HC/perContig/HG001_N1/HG001_N1.HC.chr14.tsv
    wildcards: bam_sample=HG001_N1, contig=chr14
    threads: 4

Job failed, going on with independent jobs.
Job failed, going on with independent jobs.

[Tue Jul 14 21:58:57 2020]
rule HC_CallVar:
    input: ../../ngs_test_data/HQbam/HG001_N1.bam, ../../ngs_test_data/HQbam/HG001_N1.bam.bai, ../../ngs_test_data/genome/GRCh38/GRCh38_full_analysis_set_plus_decoy_hla.fa, ../../ngs_test_data/genome/GRCh38/GRCh38_full_analysis_set_plus_decoy_hla.fa.fai, ../../ngs_test_data/genome/GRCh38/GRCh38_full_analysis_set_plus_decoy_hla.fa.fai_chrom, ../../ngs_test_data/genome/GRCh38/GRCh38_full_analysis_set_plus_decoy_hla.dict
    output: ../../ngs_test_data/germlineVar/HC/perContig/HG001_N1/HG001_N1.chr17.g.vcf.gz
    log: ../../ngs_test_log/gremlineVar/HC/perContig/HG001_N1/HG001_N1.HC.chr17.logs
    jobid: 145
    benchmark: ../../ngs_test_bm/gremlineVar/HC/perContig/HG001_N1/HG001_N1.HC.chr17.tsv
    wildcards: bam_sample=HG001_N1, contig=chr17
    threads: 4

[Tue Jul 14 21:58:57 2020]
rule HC_CallVar:
    input: ../../ngs_test_data/HQbam/HG001_N1.bam, ../../ngs_test_data/HQbam/HG001_N1.bam.bai, ../../ngs_test_data/genome/GRCh38/GRCh38_full_analysis_set_plus_decoy_hla.fa, ../../ngs_test_data/genome/GRCh38/GRCh38_full_analysis_set_plus_decoy_hla.fa.fai, ../../ngs_test_data/genome/GRCh38/GRCh38_full_analysis_set_plus_decoy_hla.fa.fai_chrom, ../../ngs_test_data/genome/GRCh38/GRCh38_full_analysis_set_plus_decoy_hla.dict
    output: ../../ngs_test_data/germlineVar/HC/perContig/HG001_N1/HG001_N1.chrX.g.vcf.gz
    log: ../../ngs_test_log/gremlineVar/HC/perContig/HG001_N1/HG001_N1.HC.chrX.logs
    jobid: 151
    benchmark: ../../ngs_test_bm/gremlineVar/HC/perContig/HG001_N1/HG001_N1.HC.chrX.tsv
    wildcards: bam_sample=HG001_N1, contig=chrX
    threads: 4

Job failed, going on with independent jobs.

[Tue Jul 14 21:59:01 2020]
rule HC_CallVar:
    input: ../../ngs_test_data/HQbam/HG001_N1.bam, ../../ngs_test_data/HQbam/HG001_N1.bam.bai, ../../ngs_test_data/genome/GRCh38/GRCh38_full_analysis_set_plus_decoy_hla.fa, ../../ngs_test_data/genome/GRCh38/GRCh38_full_analysis_set_plus_decoy_hla.fa.fai, ../../ngs_test_data/genome/GRCh38/GRCh38_full_analysis_set_plus_decoy_hla.fa.fai_chrom, ../../ngs_test_data/genome/GRCh38/GRCh38_full_analysis_set_plus_decoy_hla.dict
    output: ../../ngs_test_data/germlineVar/HC/perContig/HG001_N1/HG001_N1.chrM.g.vcf.gz
    log: ../../ngs_test_log/gremlineVar/HC/perContig/HG001_N1/HG001_N1.HC.chrM.logs
    jobid: 153
    benchmark: ../../ngs_test_bm/gremlineVar/HC/perContig/HG001_N1/HG001_N1.HC.chrM.tsv
    wildcards: bam_sample=HG001_N1, contig=chrM
    threads: 4

Job failed, going on with independent jobs.
Job failed, going on with independent jobs.

[Tue Jul 14 21:59:02 2020]
rule HC_CallVar:
    input: ../../ngs_test_data/HQbam/HG001_N1.bam, ../../ngs_test_data/HQbam/HG001_N1.bam.bai, ../../ngs_test_data/genome/GRCh38/GRCh38_full_analysis_set_plus_decoy_hla.fa, ../../ngs_test_data/genome/GRCh38/GRCh38_full_analysis_set_plus_decoy_hla.fa.fai, ../../ngs_test_data/genome/GRCh38/GRCh38_full_analysis_set_plus_decoy_hla.fa.fai_chrom, ../../ngs_test_data/genome/GRCh38/GRCh38_full_analysis_set_plus_decoy_hla.dict
    output: ../../ngs_test_data/germlineVar/HC/perContig/HG001_N1/HG001_N1.chr3.g.vcf.gz
    log: ../../ngs_test_log/gremlineVar/HC/perContig/HG001_N1/HG001_N1.HC.chr3.logs
    jobid: 131
    benchmark: ../../ngs_test_bm/gremlineVar/HC/perContig/HG001_N1/HG001_N1.HC.chr3.tsv
    wildcards: bam_sample=HG001_N1, contig=chr3
    threads: 4

[Tue Jul 14 21:59:02 2020]
rule HC_CallVar:
    input: ../../ngs_test_data/HQbam/HG001_N1.bam, ../../ngs_test_data/HQbam/HG001_N1.bam.bai, ../../ngs_test_data/genome/GRCh38/GRCh38_full_analysis_set_plus_decoy_hla.fa, ../../ngs_test_data/genome/GRCh38/GRCh38_full_analysis_set_plus_decoy_hla.fa.fai, ../../ngs_test_data/genome/GRCh38/GRCh38_full_analysis_set_plus_decoy_hla.fa.fai_chrom, ../../ngs_test_data/genome/GRCh38/GRCh38_full_analysis_set_plus_decoy_hla.dict
    output: ../../ngs_test_data/germlineVar/HC/perContig/HG001_N1/HG001_N1.chr9.g.vcf.gz
    log: ../../ngs_test_log/gremlineVar/HC/perContig/HG001_N1/HG001_N1.HC.chr9.logs
    jobid: 137
    benchmark: ../../ngs_test_bm/gremlineVar/HC/perContig/HG001_N1/HG001_N1.HC.chr9.tsv
    wildcards: bam_sample=HG001_N1, contig=chr9
    threads: 4

Job failed, going on with independent jobs.

[Tue Jul 14 21:59:05 2020]
rule HC_CallVar:
    input: ../../ngs_test_data/HQbam/HG001_N1.bam, ../../ngs_test_data/HQbam/HG001_N1.bam.bai, ../../ngs_test_data/genome/GRCh38/GRCh38_full_analysis_set_plus_decoy_hla.fa, ../../ngs_test_data/genome/GRCh38/GRCh38_full_analysis_set_plus_decoy_hla.fa.fai, ../../ngs_test_data/genome/GRCh38/GRCh38_full_analysis_set_plus_decoy_hla.fa.fai_chrom, ../../ngs_test_data/genome/GRCh38/GRCh38_full_analysis_set_plus_decoy_hla.dict
    output: ../../ngs_test_data/germlineVar/HC/perContig/HG001_N1/HG001_N1.chr13.g.vcf.gz
    log: ../../ngs_test_log/gremlineVar/HC/perContig/HG001_N1/HG001_N1.HC.chr13.logs
    jobid: 141
    benchmark: ../../ngs_test_bm/gremlineVar/HC/perContig/HG001_N1/HG001_N1.HC.chr13.tsv
    wildcards: bam_sample=HG001_N1, contig=chr13
    threads: 4

Job failed, going on with independent jobs.

[Tue Jul 14 21:59:05 2020]
rule HC_CallVar:
    input: ../../ngs_test_data/HQbam/HG001_N1.bam, ../../ngs_test_data/HQbam/HG001_N1.bam.bai, ../../ngs_test_data/genome/GRCh38/GRCh38_full_analysis_set_plus_decoy_hla.fa, ../../ngs_test_data/genome/GRCh38/GRCh38_full_analysis_set_plus_decoy_hla.fa.fai, ../../ngs_test_data/genome/GRCh38/GRCh38_full_analysis_set_plus_decoy_hla.fa.fai_chrom, ../../ngs_test_data/genome/GRCh38/GRCh38_full_analysis_set_plus_decoy_hla.dict
    output: ../../ngs_test_data/germlineVar/HC/perContig/HG001_N1/HG001_N1.chr20.g.vcf.gz
    log: ../../ngs_test_log/gremlineVar/HC/perContig/HG001_N1/HG001_N1.HC.chr20.logs
    jobid: 148
    benchmark: ../../ngs_test_bm/gremlineVar/HC/perContig/HG001_N1/HG001_N1.HC.chr20.tsv
    wildcards: bam_sample=HG001_N1, contig=chr20
    threads: 4

Job failed, going on with independent jobs.

[Tue Jul 14 21:59:06 2020]
rule HC_CallVar:
    input: ../../ngs_test_data/HQbam/HG001_N1.bam, ../../ngs_test_data/HQbam/HG001_N1.bam.bai, ../../ngs_test_data/genome/GRCh38/GRCh38_full_analysis_set_plus_decoy_hla.fa, ../../ngs_test_data/genome/GRCh38/GRCh38_full_analysis_set_plus_decoy_hla.fa.fai, ../../ngs_test_data/genome/GRCh38/GRCh38_full_analysis_set_plus_decoy_hla.fa.fai_chrom, ../../ngs_test_data/genome/GRCh38/GRCh38_full_analysis_set_plus_decoy_hla.dict
    output: ../../ngs_test_data/germlineVar/HC/perContig/HG001_N1/HG001_N1.chr21.g.vcf.gz
    log: ../../ngs_test_log/gremlineVar/HC/perContig/HG001_N1/HG001_N1.HC.chr21.logs
    jobid: 149
    benchmark: ../../ngs_test_bm/gremlineVar/HC/perContig/HG001_N1/HG001_N1.HC.chr21.tsv
    wildcards: bam_sample=HG001_N1, contig=chr21
    threads: 4

Job failed, going on with independent jobs.

[Tue Jul 14 21:59:09 2020]
rule HC_CallVar:
    input: ../../ngs_test_data/HQbam/HG001_N1.bam, ../../ngs_test_data/HQbam/HG001_N1.bam.bai, ../../ngs_test_data/genome/GRCh38/GRCh38_full_analysis_set_plus_decoy_hla.fa, ../../ngs_test_data/genome/GRCh38/GRCh38_full_analysis_set_plus_decoy_hla.fa.fai, ../../ngs_test_data/genome/GRCh38/GRCh38_full_analysis_set_plus_decoy_hla.fa.fai_chrom, ../../ngs_test_data/genome/GRCh38/GRCh38_full_analysis_set_plus_decoy_hla.dict
    output: ../../ngs_test_data/germlineVar/HC/perContig/HG001_N1/HG001_N1.chr12.g.vcf.gz
    log: ../../ngs_test_log/gremlineVar/HC/perContig/HG001_N1/HG001_N1.HC.chr12.logs
    jobid: 140
    benchmark: ../../ngs_test_bm/gremlineVar/HC/perContig/HG001_N1/HG001_N1.HC.chr12.tsv
    wildcards: bam_sample=HG001_N1, contig=chr12
    threads: 4

Job failed, going on with independent jobs.

[Tue Jul 14 21:59:09 2020]
rule HC_CallVar:
    input: ../../ngs_test_data/HQbam/HG001_N1.bam, ../../ngs_test_data/HQbam/HG001_N1.bam.bai, ../../ngs_test_data/genome/GRCh38/GRCh38_full_analysis_set_plus_decoy_hla.fa, ../../ngs_test_data/genome/GRCh38/GRCh38_full_analysis_set_plus_decoy_hla.fa.fai, ../../ngs_test_data/genome/GRCh38/GRCh38_full_analysis_set_plus_decoy_hla.fa.fai_chrom, ../../ngs_test_data/genome/GRCh38/GRCh38_full_analysis_set_plus_decoy_hla.dict
    output: ../../ngs_test_data/germlineVar/HC/perContig/HG001_N1/HG001_N1.chr6.g.vcf.gz
    log: ../../ngs_test_log/gremlineVar/HC/perContig/HG001_N1/HG001_N1.HC.chr6.logs
    jobid: 134
    benchmark: ../../ngs_test_bm/gremlineVar/HC/perContig/HG001_N1/HG001_N1.HC.chr6.tsv
    wildcards: bam_sample=HG001_N1, contig=chr6
    threads: 4

Job failed, going on with independent jobs.

[Tue Jul 14 21:59:10 2020]
rule HC_CallVar:
    input: ../../ngs_test_data/HQbam/HG001_N1.bam, ../../ngs_test_data/HQbam/HG001_N1.bam.bai, ../../ngs_test_data/genome/GRCh38/GRCh38_full_analysis_set_plus_decoy_hla.fa, ../../ngs_test_data/genome/GRCh38/GRCh38_full_analysis_set_plus_decoy_hla.fa.fai, ../../ngs_test_data/genome/GRCh38/GRCh38_full_analysis_set_plus_decoy_hla.fa.fai_chrom, ../../ngs_test_data/genome/GRCh38/GRCh38_full_analysis_set_plus_decoy_hla.dict
    output: ../../ngs_test_data/germlineVar/HC/perContig/HG001_N1/HG001_N1.chr5.g.vcf.gz
    log: ../../ngs_test_log/gremlineVar/HC/perContig/HG001_N1/HG001_N1.HC.chr5.logs
    jobid: 133
    benchmark: ../../ngs_test_bm/gremlineVar/HC/perContig/HG001_N1/HG001_N1.HC.chr5.tsv
    wildcards: bam_sample=HG001_N1, contig=chr5
    threads: 4

Job failed, going on with independent jobs.

[Tue Jul 14 21:59:23 2020]
rule HC_CallVar:
    input: ../../ngs_test_data/HQbam/HG001_N1.bam, ../../ngs_test_data/HQbam/HG001_N1.bam.bai, ../../ngs_test_data/genome/GRCh38/GRCh38_full_analysis_set_plus_decoy_hla.fa, ../../ngs_test_data/genome/GRCh38/GRCh38_full_analysis_set_plus_decoy_hla.fa.fai, ../../ngs_test_data/genome/GRCh38/GRCh38_full_analysis_set_plus_decoy_hla.fa.fai_chrom, ../../ngs_test_data/genome/GRCh38/GRCh38_full_analysis_set_plus_decoy_hla.dict
    output: ../../ngs_test_data/germlineVar/HC/perContig/HG001_N1/HG001_N1.chr19.g.vcf.gz
    log: ../../ngs_test_log/gremlineVar/HC/perContig/HG001_N1/HG001_N1.HC.chr19.logs
    jobid: 147
    benchmark: ../../ngs_test_bm/gremlineVar/HC/perContig/HG001_N1/HG001_N1.HC.chr19.tsv
    wildcards: bam_sample=HG001_N1, contig=chr19
    threads: 4

Job failed, going on with independent jobs.

[Tue Jul 14 21:59:23 2020]
rule HC_CallVar:
    input: ../../ngs_test_data/HQbam/HG001_N1.bam, ../../ngs_test_data/HQbam/HG001_N1.bam.bai, ../../ngs_test_data/genome/GRCh38/GRCh38_full_analysis_set_plus_decoy_hla.fa, ../../ngs_test_data/genome/GRCh38/GRCh38_full_analysis_set_plus_decoy_hla.fa.fai, ../../ngs_test_data/genome/GRCh38/GRCh38_full_analysis_set_plus_decoy_hla.fa.fai_chrom, ../../ngs_test_data/genome/GRCh38/GRCh38_full_analysis_set_plus_decoy_hla.dict
    output: ../../ngs_test_data/germlineVar/HC/perContig/HG001_N1/HG001_N1.chr22.g.vcf.gz
    log: ../../ngs_test_log/gremlineVar/HC/perContig/HG001_N1/HG001_N1.HC.chr22.logs
    jobid: 150
    benchmark: ../../ngs_test_bm/gremlineVar/HC/perContig/HG001_N1/HG001_N1.HC.chr22.tsv
    wildcards: bam_sample=HG001_N1, contig=chr22
    threads: 4

Job failed, going on with independent jobs.

[Tue Jul 14 21:59:23 2020]
rule HC_CallVar:
    input: ../../ngs_test_data/HQbam/HG001_N1.bam, ../../ngs_test_data/HQbam/HG001_N1.bam.bai, ../../ngs_test_data/genome/GRCh38/GRCh38_full_analysis_set_plus_decoy_hla.fa, ../../ngs_test_data/genome/GRCh38/GRCh38_full_analysis_set_plus_decoy_hla.fa.fai, ../../ngs_test_data/genome/GRCh38/GRCh38_full_analysis_set_plus_decoy_hla.fa.fai_chrom, ../../ngs_test_data/genome/GRCh38/GRCh38_full_analysis_set_plus_decoy_hla.dict
    output: ../../ngs_test_data/germlineVar/HC/perContig/HG001_N1/HG001_N1.chr2.g.vcf.gz
    log: ../../ngs_test_log/gremlineVar/HC/perContig/HG001_N1/HG001_N1.HC.chr2.logs
    jobid: 130
    benchmark: ../../ngs_test_bm/gremlineVar/HC/perContig/HG001_N1/HG001_N1.HC.chr2.tsv
    wildcards: bam_sample=HG001_N1, contig=chr2
    threads: 4

[Tue Jul 14 21:59:24 2020]
Error in rule Smoove:
    jobid: 28
    output: ../../ngs_test_data/germlineVar/smoove/perSample/HG001_N1/HG001_N1, ../../ngs_test_data/germlineVar/smoove/perSample/HG001_N1/HG001_N1/HG001_N1-smoove.genotyped.vcf.gz, ../../ngs_test_data/germlineVar/smoove/perSample/HG001_N1/HG001_N1.smoove.raw.vcf.gz
    log: ../../ngs_test_log/gremlineVar/smoove/perSample/HG001_N1/HG001_N1.smoove.logs (check log file(s) for error message)
    shell:
        
        export PATH=/home/pengjia/miniconda3/envs/ngs27/bin/:$PATH
        /home/pengjia/miniconda3/envs/ngs27/bin/smoove call -x --name HG001_N1 --outdir ../../ngs_test_data/germlineVar/smoove/perSample/HG001_N1/HG001_N1 --exclude ../../ngs_test_data/genome/GRCh38/GRCh38_full_analysis_set_plus_decoy_hla.exclude.cnvnator.bed --fasta ../../ngs_test_data/genome/GRCh38/GRCh38_full_analysis_set_plus_decoy_hla.fa -p 2 --genotype ../../ngs_test_data/HQbam/HG001_N1.bam 2>../../ngs_test_log/gremlineVar/smoove/perSample/HG001_N1/HG001_N1.smoove.logs 1>../../ngs_test_log/gremlineVar/smoove/perSample/HG001_N1/HG001_N1.smoove.logs
        ln -sr ../../ngs_test_data/germlineVar/smoove/perSample/HG001_N1/HG001_N1/HG001_N1-smoove.genotyped.vcf.gz ../../ngs_test_data/germlineVar/smoove/perSample/HG001_N1/HG001_N1.smoove.raw.vcf.gz
        touch -h ../../ngs_test_data/germlineVar/smoove/perSample/HG001_N1/HG001_N1.smoove.raw.vcf.gz
        
        (exited with non-zero exit code)

Removing output files of failed job Smoove since they might be corrupted:
../../ngs_test_data/germlineVar/smoove/perSample/HG001_N1/HG001_N1
Job failed, going on with independent jobs.

[Tue Jul 14 21:59:24 2020]
rule Bcftools_Mpileup:
    input: ../../ngs_test_data/HQbam/HG001_N1.bam, ../../ngs_test_data/HQbam/HG001_N1.bam.bai, ../../ngs_test_data/genome/GRCh38/GRCh38_full_analysis_set_plus_decoy_hla.fa, ../../ngs_test_data/genome/GRCh38/GRCh38_full_analysis_set_plus_decoy_hla.fa.fai
    output: ../../ngs_test_data/germlineVar/Bcftools/perSample/HG001_N1/HG001_N1.Bcftools.mpileup.g.vcf.gz
    log: ../../ngs_test_log/gremlineVar/Bcftools/perSample/HG001_N1/HG001_N1.Bcftools.MergeVcf.logs
    jobid: 204
    benchmark: ../../ngs_test_bm/gremlineVar/Bcftools/perSample/HG001_N1/HG001_N1.Bcftools.MergeVcf.tsv
    wildcards: bam_sample=HG001_N1
    threads: 2

Job failed, going on with independent jobs.

[Tue Jul 14 21:59:26 2020]
rule HC_CallVar:
    input: ../../ngs_test_data/HQbam/HG001_N1.bam, ../../ngs_test_data/HQbam/HG001_N1.bam.bai, ../../ngs_test_data/genome/GRCh38/GRCh38_full_analysis_set_plus_decoy_hla.fa, ../../ngs_test_data/genome/GRCh38/GRCh38_full_analysis_set_plus_decoy_hla.fa.fai, ../../ngs_test_data/genome/GRCh38/GRCh38_full_analysis_set_plus_decoy_hla.fa.fai_chrom, ../../ngs_test_data/genome/GRCh38/GRCh38_full_analysis_set_plus_decoy_hla.dict
    output: ../../ngs_test_data/germlineVar/HC/perContig/HG001_N1/HG001_N1.chr18.g.vcf.gz
    log: ../../ngs_test_log/gremlineVar/HC/perContig/HG001_N1/HG001_N1.HC.chr18.logs
    jobid: 146
    benchmark: ../../ngs_test_bm/gremlineVar/HC/perContig/HG001_N1/HG001_N1.HC.chr18.tsv
    wildcards: bam_sample=HG001_N1, contig=chr18
    threads: 4

Job failed, going on with independent jobs.

[Tue Jul 14 21:59:27 2020]
rule HC_CallVar:
    input: ../../ngs_test_data/HQbam/HG001_N1.bam, ../../ngs_test_data/HQbam/HG001_N1.bam.bai, ../../ngs_test_data/genome/GRCh38/GRCh38_full_analysis_set_plus_decoy_hla.fa, ../../ngs_test_data/genome/GRCh38/GRCh38_full_analysis_set_plus_decoy_hla.fa.fai, ../../ngs_test_data/genome/GRCh38/GRCh38_full_analysis_set_plus_decoy_hla.fa.fai_chrom, ../../ngs_test_data/genome/GRCh38/GRCh38_full_analysis_set_plus_decoy_hla.dict
    output: ../../ngs_test_data/germlineVar/HC/perContig/HG001_N1/HG001_N1.chrY.g.vcf.gz
    log: ../../ngs_test_log/gremlineVar/HC/perContig/HG001_N1/HG001_N1.HC.chrY.logs
    jobid: 152
    benchmark: ../../ngs_test_bm/gremlineVar/HC/perContig/HG001_N1/HG001_N1.HC.chrY.tsv
    wildcards: bam_sample=HG001_N1, contig=chrY
    threads: 4

Job failed, going on with independent jobs.

[Tue Jul 14 21:59:27 2020]
rule HC_CallVar:
    input: ../../ngs_test_data/HQbam/HG001_N1.bam, ../../ngs_test_data/HQbam/HG001_N1.bam.bai, ../../ngs_test_data/genome/GRCh38/GRCh38_full_analysis_set_plus_decoy_hla.fa, ../../ngs_test_data/genome/GRCh38/GRCh38_full_analysis_set_plus_decoy_hla.fa.fai, ../../ngs_test_data/genome/GRCh38/GRCh38_full_analysis_set_plus_decoy_hla.fa.fai_chrom, ../../ngs_test_data/genome/GRCh38/GRCh38_full_analysis_set_plus_decoy_hla.dict
    output: ../../ngs_test_data/germlineVar/HC/perContig/HG001_N1/HG001_N1.chr15.g.vcf.gz
    log: ../../ngs_test_log/gremlineVar/HC/perContig/HG001_N1/HG001_N1.HC.chr15.logs
    jobid: 143
    benchmark: ../../ngs_test_bm/gremlineVar/HC/perContig/HG001_N1/HG001_N1.HC.chr15.tsv
    wildcards: bam_sample=HG001_N1, contig=chr15
    threads: 4

Job failed, going on with independent jobs.

[Tue Jul 14 21:59:30 2020]
rule HC_CallVar:
    input: ../../ngs_test_data/HQbam/HG001_N1.bam, ../../ngs_test_data/HQbam/HG001_N1.bam.bai, ../../ngs_test_data/genome/GRCh38/GRCh38_full_analysis_set_plus_decoy_hla.fa, ../../ngs_test_data/genome/GRCh38/GRCh38_full_analysis_set_plus_decoy_hla.fa.fai, ../../ngs_test_data/genome/GRCh38/GRCh38_full_analysis_set_plus_decoy_hla.fa.fai_chrom, ../../ngs_test_data/genome/GRCh38/GRCh38_full_analysis_set_plus_decoy_hla.dict
    output: ../../ngs_test_data/germlineVar/HC/perContig/HG001_N1/HG001_N1.chr11.g.vcf.gz
    log: ../../ngs_test_log/gremlineVar/HC/perContig/HG001_N1/HG001_N1.HC.chr11.logs
    jobid: 139
    benchmark: ../../ngs_test_bm/gremlineVar/HC/perContig/HG001_N1/HG001_N1.HC.chr11.tsv
    wildcards: bam_sample=HG001_N1, contig=chr11
    threads: 4

Job failed, going on with independent jobs.

[Tue Jul 14 21:59:31 2020]
rule HC_CallVar:
    input: ../../ngs_test_data/HQbam/HG001_N1.bam, ../../ngs_test_data/HQbam/HG001_N1.bam.bai, ../../ngs_test_data/genome/GRCh38/GRCh38_full_analysis_set_plus_decoy_hla.fa, ../../ngs_test_data/genome/GRCh38/GRCh38_full_analysis_set_plus_decoy_hla.fa.fai, ../../ngs_test_data/genome/GRCh38/GRCh38_full_analysis_set_plus_decoy_hla.fa.fai_chrom, ../../ngs_test_data/genome/GRCh38/GRCh38_full_analysis_set_plus_decoy_hla.dict
    output: ../../ngs_test_data/germlineVar/HC/perContig/HG001_N1/HG001_N1.chr1.g.vcf.gz
    log: ../../ngs_test_log/gremlineVar/HC/perContig/HG001_N1/HG001_N1.HC.chr1.logs
    jobid: 129
    benchmark: ../../ngs_test_bm/gremlineVar/HC/perContig/HG001_N1/HG001_N1.HC.chr1.tsv
    wildcards: bam_sample=HG001_N1, contig=chr1
    threads: 4

Job failed, going on with independent jobs.

[Tue Jul 14 21:59:31 2020]
rule HC_CallVar:
    input: ../../ngs_test_data/HQbam/HG001_N1.bam, ../../ngs_test_data/HQbam/HG001_N1.bam.bai, ../../ngs_test_data/genome/GRCh38/GRCh38_full_analysis_set_plus_decoy_hla.fa, ../../ngs_test_data/genome/GRCh38/GRCh38_full_analysis_set_plus_decoy_hla.fa.fai, ../../ngs_test_data/genome/GRCh38/GRCh38_full_analysis_set_plus_decoy_hla.fa.fai_chrom, ../../ngs_test_data/genome/GRCh38/GRCh38_full_analysis_set_plus_decoy_hla.dict
    output: ../../ngs_test_data/germlineVar/HC/perContig/HG001_N1/HG001_N1.chr7.g.vcf.gz
    log: ../../ngs_test_log/gremlineVar/HC/perContig/HG001_N1/HG001_N1.HC.chr7.logs
    jobid: 135
    benchmark: ../../ngs_test_bm/gremlineVar/HC/perContig/HG001_N1/HG001_N1.HC.chr7.tsv
    wildcards: bam_sample=HG001_N1, contig=chr7
    threads: 4

Job failed, going on with independent jobs.

[Tue Jul 14 21:59:34 2020]
rule HC_CallVar:
    input: ../../ngs_test_data/HQbam/HG001_N1.bam, ../../ngs_test_data/HQbam/HG001_N1.bam.bai, ../../ngs_test_data/genome/GRCh38/GRCh38_full_analysis_set_plus_decoy_hla.fa, ../../ngs_test_data/genome/GRCh38/GRCh38_full_analysis_set_plus_decoy_hla.fa.fai, ../../ngs_test_data/genome/GRCh38/GRCh38_full_analysis_set_plus_decoy_hla.fa.fai_chrom, ../../ngs_test_data/genome/GRCh38/GRCh38_full_analysis_set_plus_decoy_hla.dict
    output: ../../ngs_test_data/germlineVar/HC/perContig/HG001_N1/HG001_N1.chr8.g.vcf.gz
    log: ../../ngs_test_log/gremlineVar/HC/perContig/HG001_N1/HG001_N1.HC.chr8.logs
    jobid: 136
    benchmark: ../../ngs_test_bm/gremlineVar/HC/perContig/HG001_N1/HG001_N1.HC.chr8.tsv
    wildcards: bam_sample=HG001_N1, contig=chr8
    threads: 4

Job failed, going on with independent jobs.

[Tue Jul 14 21:59:38 2020]
rule Delly_Call:
    input: ../../ngs_test_data/HQbam/HG001_N.bam, ../../ngs_test_data/HQbam/HG001_N.bam.bai, ../../ngs_test_data/genome/GRCh38/GRCh38_full_analysis_set_plus_decoy_hla.fa, ../../ngs_test_data/genome/GRCh38/GRCh38_full_analysis_set_plus_decoy_hla.fa.fai, ../../ngs_test_data/genome/GRCh38/GRCh38_full_analysis_set_plus_decoy_hla.exclude.cnvnator.bed
    output: ../../ngs_test_data/germlineVar/delly/perSample/HG001_N/HG001_N.delly.call.bcf
    log: ../../ngs_test_log/gremlineVar/delly/perSample/HG001_N/HG001_N.dellycall.logs
    jobid: 213
    benchmark: ../../ngs_test_bm/gremlineVar/delly/perSample/HG001_N/HG001_N.dellycall.tsv
    wildcards: bam_sample=HG001_N
    threads: 2

Job failed, going on with independent jobs.

[Tue Jul 14 21:59:38 2020]
rule Samtools_Mpileup:
    input: ../../ngs_test_data/HQbam/HG001_N1.bam, ../../ngs_test_data/HQbam/HG001_N1.bam.bai, ../../ngs_test_data/genome/GRCh38/GRCh38_full_analysis_set_plus_decoy_hla.fa, ../../ngs_test_data/genome/GRCh38/GRCh38_full_analysis_set_plus_decoy_hla.fa.fai
    output: ../../ngs_test_data/germlineVar/varscan/perSample/HG001_N1/HG001_N1.Samtools.mpileup
    log: ../../ngs_test_log/gremlineVar/varscan/perSample/HG001_N1/HG001_N1.varscan.Samtools.MergeVcf.logs
    jobid: 206
    benchmark: ../../ngs_test_bm/gremlineVar/varscan/perSample/HG001_N1/HG001_N1.varscan.Samtools.MergeVcf.tsv
    wildcards: bam_sample=HG001_N1
    threads: 2


[Tue Jul 14 21:59:39 2020]
rule FB_CallVar:
    input: ../../ngs_test_data/HQbam/HG001_N1.bam, ../../ngs_test_data/HQbam/HG001_N1.bam.bai, ../../ngs_test_data/genome/GRCh38/GRCh38_full_analysis_set_plus_decoy_hla.fa, ../../ngs_test_data/genome/GRCh38/GRCh38_full_analysis_set_plus_decoy_hla.fa.fai
    output: ../../ngs_test_data/germlineVar/FB/perSample/HG001_N1/HG001_N1.FB.raw.vcf, ../../ngs_test_data/germlineVar/FB/perSample/HG001_N1/HG001_N1.FB.raw.vcf.gz
    log: ../../ngs_test_log/gremlineVar/FB/perSample/HG001_N1/HG001_N1.FB.MergeVcf.logs
    jobid: 106
    benchmark: ../../ngs_test_bm/gremlineVar/FB/perSample/HG001_N1/HG001_N1.FB.MergeVcf.tsv
    wildcards: bam_sample=HG001_N1
    threads: 4

Job failed, going on with independent jobs.

[Tue Jul 14 21:59:39 2020]
rule Smoove:
    input: ../../ngs_test_data/HQbam/HG001_N.bam, ../../ngs_test_data/HQbam/HG001_N.bam.bai, ../../ngs_test_data/genome/GRCh38/GRCh38_full_analysis_set_plus_decoy_hla.fa, ../../ngs_test_data/genome/GRCh38/GRCh38_full_analysis_set_plus_decoy_hla.fa.fai, ../../ngs_test_data/genome/GRCh38/GRCh38_full_analysis_set_plus_decoy_hla.exclude.cnvnator.bed
    output: ../../ngs_test_data/germlineVar/smoove/perSample/HG001_N/HG001_N, ../../ngs_test_data/germlineVar/smoove/perSample/HG001_N/HG001_N/HG001_N-smoove.genotyped.vcf.gz, ../../ngs_test_data/germlineVar/smoove/perSample/HG001_N/HG001_N.smoove.raw.vcf.gz
    log: ../../ngs_test_log/gremlineVar/smoove/perSample/HG001_N/HG001_N.smoove.logs
    jobid: 29
    benchmark: ../../ngs_test_bm/gremlineVar/smoove/perSample/HG001_N/HG001_N.smoove.tsv
    wildcards: bam_sample=HG001_N
    threads: 2

Job failed, going on with independent jobs.

[Tue Jul 14 21:59:41 2020]
rule HC_CallVar:
    input: ../../ngs_test_data/HQbam/HG001_N.bam, ../../ngs_test_data/HQbam/HG001_N.bam.bai, ../../ngs_test_data/genome/GRCh38/GRCh38_full_analysis_set_plus_decoy_hla.fa, ../../ngs_test_data/genome/GRCh38/GRCh38_full_analysis_set_plus_decoy_hla.fa.fai, ../../ngs_test_data/genome/GRCh38/GRCh38_full_analysis_set_plus_decoy_hla.fa.fai_chrom, ../../ngs_test_data/genome/GRCh38/GRCh38_full_analysis_set_plus_decoy_hla.dict
    output: ../../ngs_test_data/germlineVar/HC/perContig/HG001_N/HG001_N.chr12.g.vcf.gz
    log: ../../ngs_test_log/gremlineVar/HC/perContig/HG001_N/HG001_N.HC.chr12.logs
    jobid: 165
    benchmark: ../../ngs_test_bm/gremlineVar/HC/perContig/HG001_N/HG001_N.HC.chr12.tsv
    wildcards: bam_sample=HG001_N, contig=chr12
    threads: 4

Job failed, going on with independent jobs.

[Tue Jul 14 21:59:45 2020]
rule HC_CallVar:
    input: ../../ngs_test_data/HQbam/HG001_N.bam, ../../ngs_test_data/HQbam/HG001_N.bam.bai, ../../ngs_test_data/genome/GRCh38/GRCh38_full_analysis_set_plus_decoy_hla.fa, ../../ngs_test_data/genome/GRCh38/GRCh38_full_analysis_set_plus_decoy_hla.fa.fai, ../../ngs_test_data/genome/GRCh38/GRCh38_full_analysis_set_plus_decoy_hla.fa.fai_chrom, ../../ngs_test_data/genome/GRCh38/GRCh38_full_analysis_set_plus_decoy_hla.dict
    output: ../../ngs_test_data/germlineVar/HC/perContig/HG001_N/HG001_N.chr20.g.vcf.gz
    log: ../../ngs_test_log/gremlineVar/HC/perContig/HG001_N/HG001_N.HC.chr20.logs
    jobid: 173
    benchmark: ../../ngs_test_bm/gremlineVar/HC/perContig/HG001_N/HG001_N.HC.chr20.tsv
    wildcards: bam_sample=HG001_N, contig=chr20
    threads: 4

Job failed, going on with independent jobs.

[Tue Jul 14 21:59:52 2020]
rule HC_CallVar:
    input: ../../ngs_test_data/HQbam/HG001_N.bam, ../../ngs_test_data/HQbam/HG001_N.bam.bai, ../../ngs_test_data/genome/GRCh38/GRCh38_full_analysis_set_plus_decoy_hla.fa, ../../ngs_test_data/genome/GRCh38/GRCh38_full_analysis_set_plus_decoy_hla.fa.fai, ../../ngs_test_data/genome/GRCh38/GRCh38_full_analysis_set_plus_decoy_hla.fa.fai_chrom, ../../ngs_test_data/genome/GRCh38/GRCh38_full_analysis_set_plus_decoy_hla.dict
    output: ../../ngs_test_data/germlineVar/HC/perContig/HG001_N/HG001_N.chr9.g.vcf.gz
    log: ../../ngs_test_log/gremlineVar/HC/perContig/HG001_N/HG001_N.HC.chr9.logs
    jobid: 162
    benchmark: ../../ngs_test_bm/gremlineVar/HC/perContig/HG001_N/HG001_N.HC.chr9.tsv
    wildcards: bam_sample=HG001_N, contig=chr9
    threads: 4

Job failed, going on with independent jobs.

[Tue Jul 14 22:00:02 2020]
rule HC_CallVar:
    input: ../../ngs_test_data/HQbam/HG001_N.bam, ../../ngs_test_data/HQbam/HG001_N.bam.bai, ../../ngs_test_data/genome/GRCh38/GRCh38_full_analysis_set_plus_decoy_hla.fa, ../../ngs_test_data/genome/GRCh38/GRCh38_full_analysis_set_plus_decoy_hla.fa.fai, ../../ngs_test_data/genome/GRCh38/GRCh38_full_analysis_set_plus_decoy_hla.fa.fai_chrom, ../../ngs_test_data/genome/GRCh38/GRCh38_full_analysis_set_plus_decoy_hla.dict
    output: ../../ngs_test_data/germlineVar/HC/perContig/HG001_N/HG001_N.chr13.g.vcf.gz
    log: ../../ngs_test_log/gremlineVar/HC/perContig/HG001_N/HG001_N.HC.chr13.logs
    jobid: 166
    benchmark: ../../ngs_test_bm/gremlineVar/HC/perContig/HG001_N/HG001_N.HC.chr13.tsv
    wildcards: bam_sample=HG001_N, contig=chr13
    threads: 4

Job failed, going on with independent jobs.

[Tue Jul 14 22:00:06 2020]
rule HC_CallVar:
    input: ../../ngs_test_data/HQbam/HG001_N.bam, ../../ngs_test_data/HQbam/HG001_N.bam.bai, ../../ngs_test_data/genome/GRCh38/GRCh38_full_analysis_set_plus_decoy_hla.fa, ../../ngs_test_data/genome/GRCh38/GRCh38_full_analysis_set_plus_decoy_hla.fa.fai, ../../ngs_test_data/genome/GRCh38/GRCh38_full_analysis_set_plus_decoy_hla.fa.fai_chrom, ../../ngs_test_data/genome/GRCh38/GRCh38_full_analysis_set_plus_decoy_hla.dict
    output: ../../ngs_test_data/germlineVar/HC/perContig/HG001_N/HG001_N.chr3.g.vcf.gz
    log: ../../ngs_test_log/gremlineVar/HC/perContig/HG001_N/HG001_N.HC.chr3.logs
    jobid: 156
    benchmark: ../../ngs_test_bm/gremlineVar/HC/perContig/HG001_N/HG001_N.HC.chr3.tsv
    wildcards: bam_sample=HG001_N, contig=chr3
    threads: 4

Job failed, going on with independent jobs.

[Tue Jul 14 22:00:10 2020]
rule HC_CallVar:
    input: ../../ngs_test_data/HQbam/HG001_N.bam, ../../ngs_test_data/HQbam/HG001_N.bam.bai, ../../ngs_test_data/genome/GRCh38/GRCh38_full_analysis_set_plus_decoy_hla.fa, ../../ngs_test_data/genome/GRCh38/GRCh38_full_analysis_set_plus_decoy_hla.fa.fai, ../../ngs_test_data/genome/GRCh38/GRCh38_full_analysis_set_plus_decoy_hla.fa.fai_chrom, ../../ngs_test_data/genome/GRCh38/GRCh38_full_analysis_set_plus_decoy_hla.dict
    output: ../../ngs_test_data/germlineVar/HC/perContig/HG001_N/HG001_N.chr21.g.vcf.gz
    log: ../../ngs_test_log/gremlineVar/HC/perContig/HG001_N/HG001_N.HC.chr21.logs
    jobid: 174
    benchmark: ../../ngs_test_bm/gremlineVar/HC/perContig/HG001_N/HG001_N.HC.chr21.tsv
    wildcards: bam_sample=HG001_N, contig=chr21
    threads: 4

[Tue Jul 14 22:00:14 2020]
Error in rule Smoove:
    jobid: 29
    output: ../../ngs_test_data/germlineVar/smoove/perSample/HG001_N/HG001_N, ../../ngs_test_data/germlineVar/smoove/perSample/HG001_N/HG001_N/HG001_N-smoove.genotyped.vcf.gz, ../../ngs_test_data/germlineVar/smoove/perSample/HG001_N/HG001_N.smoove.raw.vcf.gz
    log: ../../ngs_test_log/gremlineVar/smoove/perSample/HG001_N/HG001_N.smoove.logs (check log file(s) for error message)
    shell:
        
        export PATH=/home/pengjia/miniconda3/envs/ngs27/bin/:$PATH
        /home/pengjia/miniconda3/envs/ngs27/bin/smoove call -x --name HG001_N --outdir ../../ngs_test_data/germlineVar/smoove/perSample/HG001_N/HG001_N --exclude ../../ngs_test_data/genome/GRCh38/GRCh38_full_analysis_set_plus_decoy_hla.exclude.cnvnator.bed --fasta ../../ngs_test_data/genome/GRCh38/GRCh38_full_analysis_set_plus_decoy_hla.fa -p 2 --genotype ../../ngs_test_data/HQbam/HG001_N.bam 2>../../ngs_test_log/gremlineVar/smoove/perSample/HG001_N/HG001_N.smoove.logs 1>../../ngs_test_log/gremlineVar/smoove/perSample/HG001_N/HG001_N.smoove.logs
        ln -sr ../../ngs_test_data/germlineVar/smoove/perSample/HG001_N/HG001_N/HG001_N-smoove.genotyped.vcf.gz ../../ngs_test_data/germlineVar/smoove/perSample/HG001_N/HG001_N.smoove.raw.vcf.gz
        touch -h ../../ngs_test_data/germlineVar/smoove/perSample/HG001_N/HG001_N.smoove.raw.vcf.gz
        
        (exited with non-zero exit code)

Removing output files of failed job Smoove since they might be corrupted:
../../ngs_test_data/germlineVar/smoove/perSample/HG001_N/HG001_N
Job failed, going on with independent jobs.
Job failed, going on with independent jobs.

[Tue Jul 14 22:00:15 2020]
rule HC_CallVar:
    input: ../../ngs_test_data/HQbam/HG001_N.bam, ../../ngs_test_data/HQbam/HG001_N.bam.bai, ../../ngs_test_data/genome/GRCh38/GRCh38_full_analysis_set_plus_decoy_hla.fa, ../../ngs_test_data/genome/GRCh38/GRCh38_full_analysis_set_plus_decoy_hla.fa.fai, ../../ngs_test_data/genome/GRCh38/GRCh38_full_analysis_set_plus_decoy_hla.fa.fai_chrom, ../../ngs_test_data/genome/GRCh38/GRCh38_full_analysis_set_plus_decoy_hla.dict
    output: ../../ngs_test_data/germlineVar/HC/perContig/HG001_N/HG001_N.chr17.g.vcf.gz
    log: ../../ngs_test_log/gremlineVar/HC/perContig/HG001_N/HG001_N.HC.chr17.logs
    jobid: 170
    benchmark: ../../ngs_test_bm/gremlineVar/HC/perContig/HG001_N/HG001_N.HC.chr17.tsv
    wildcards: bam_sample=HG001_N, contig=chr17
    threads: 4

[Tue Jul 14 22:00:15 2020]
rule Bcftools_Mpileup:
    input: ../../ngs_test_data/HQbam/HG001_N.bam, ../../ngs_test_data/HQbam/HG001_N.bam.bai, ../../ngs_test_data/genome/GRCh38/GRCh38_full_analysis_set_plus_decoy_hla.fa, ../../ngs_test_data/genome/GRCh38/GRCh38_full_analysis_set_plus_decoy_hla.fa.fai
    output: ../../ngs_test_data/germlineVar/Bcftools/perSample/HG001_N/HG001_N.Bcftools.mpileup.g.vcf.gz
    log: ../../ngs_test_log/gremlineVar/Bcftools/perSample/HG001_N/HG001_N.Bcftools.MergeVcf.logs
    jobid: 205
    benchmark: ../../ngs_test_bm/gremlineVar/Bcftools/perSample/HG001_N/HG001_N.Bcftools.MergeVcf.tsv
    wildcards: bam_sample=HG001_N
    threads: 2

Removing temporary output file ../../ngs_test_data/germlineVar/FB/perSample/HG001_N1/HG001_N1.FB.raw.vcf.
[Tue Jul 14 22:00:20 2020]
Finished job 106.
22 of 230 steps (10%) done

[Tue Jul 14 22:00:20 2020]
rule HC_CallVar:
    input: ../../ngs_test_data/HQbam/HG001_N.bam, ../../ngs_test_data/HQbam/HG001_N.bam.bai, ../../ngs_test_data/genome/GRCh38/GRCh38_full_analysis_set_plus_decoy_hla.fa, ../../ngs_test_data/genome/GRCh38/GRCh38_full_analysis_set_plus_decoy_hla.fa.fai, ../../ngs_test_data/genome/GRCh38/GRCh38_full_analysis_set_plus_decoy_hla.fa.fai_chrom, ../../ngs_test_data/genome/GRCh38/GRCh38_full_analysis_set_plus_decoy_hla.dict
    output: ../../ngs_test_data/germlineVar/HC/perContig/HG001_N/HG001_N.chr14.g.vcf.gz
    log: ../../ngs_test_log/gremlineVar/HC/perContig/HG001_N/HG001_N.HC.chr14.logs
    jobid: 167
    benchmark: ../../ngs_test_bm/gremlineVar/HC/perContig/HG001_N/HG001_N.HC.chr14.tsv
    wildcards: bam_sample=HG001_N, contig=chr14
    threads: 4

[Tue Jul 14 22:00:21 2020]
rule tabix:
    input: ../../ngs_test_data/germlineVar/FB/perSample/HG001_N1/HG001_N1.FB.raw.vcf.gz
    output: ../../ngs_test_data/germlineVar/FB/perSample/HG001_N1/HG001_N1.FB.raw.vcf.gz.tbi
    jobid: 10
    wildcards: prefix=../../ngs_test_data/germlineVar/FB/perSample/HG001_N1/HG001_N1.FB.raw

Job failed, going on with independent jobs.

[Tue Jul 14 22:00:23 2020]
rule HC_CallVar:
    input: ../../ngs_test_data/HQbam/HG001_N.bam, ../../ngs_test_data/HQbam/HG001_N.bam.bai, ../../ngs_test_data/genome/GRCh38/GRCh38_full_analysis_set_plus_decoy_hla.fa, ../../ngs_test_data/genome/GRCh38/GRCh38_full_analysis_set_plus_decoy_hla.fa.fai, ../../ngs_test_data/genome/GRCh38/GRCh38_full_analysis_set_plus_decoy_hla.fa.fai_chrom, ../../ngs_test_data/genome/GRCh38/GRCh38_full_analysis_set_plus_decoy_hla.dict
    output: ../../ngs_test_data/germlineVar/HC/perContig/HG001_N/HG001_N.chrM.g.vcf.gz
    log: ../../ngs_test_log/gremlineVar/HC/perContig/HG001_N/HG001_N.HC.chrM.logs
    jobid: 178
    benchmark: ../../ngs_test_bm/gremlineVar/HC/perContig/HG001_N/HG001_N.HC.chrM.tsv
    wildcards: bam_sample=HG001_N, contig=chrM
    threads: 4

[Tue Jul 14 22:00:29 2020]
Finished job 10.
23 of 230 steps (10%) done
Job failed, going on with independent jobs.

[Tue Jul 14 22:00:30 2020]
rule HC_CallVar:
    input: ../../ngs_test_data/HQbam/HG001_N.bam, ../../ngs_test_data/HQbam/HG001_N.bam.bai, ../../ngs_test_data/genome/GRCh38/GRCh38_full_analysis_set_plus_decoy_hla.fa, ../../ngs_test_data/genome/GRCh38/GRCh38_full_analysis_set_plus_decoy_hla.fa.fai, ../../ngs_test_data/genome/GRCh38/GRCh38_full_analysis_set_plus_decoy_hla.fa.fai_chrom, ../../ngs_test_data/genome/GRCh38/GRCh38_full_analysis_set_plus_decoy_hla.dict
    output: ../../ngs_test_data/germlineVar/HC/perContig/HG001_N/HG001_N.chrX.g.vcf.gz
    log: ../../ngs_test_log/gremlineVar/HC/perContig/HG001_N/HG001_N.HC.chrX.logs
    jobid: 176
    benchmark: ../../ngs_test_bm/gremlineVar/HC/perContig/HG001_N/HG001_N.HC.chrX.tsv
    wildcards: bam_sample=HG001_N, contig=chrX
    threads: 4

Job failed, going on with independent jobs.

[Tue Jul 14 22:00:37 2020]
rule HC_CallVar:
    input: ../../ngs_test_data/HQbam/HG001_N.bam, ../../ngs_test_data/HQbam/HG001_N.bam.bai, ../../ngs_test_data/genome/GRCh38/GRCh38_full_analysis_set_plus_decoy_hla.fa, ../../ngs_test_data/genome/GRCh38/GRCh38_full_analysis_set_plus_decoy_hla.fa.fai, ../../ngs_test_data/genome/GRCh38/GRCh38_full_analysis_set_plus_decoy_hla.fa.fai_chrom, ../../ngs_test_data/genome/GRCh38/GRCh38_full_analysis_set_plus_decoy_hla.dict
    output: ../../ngs_test_data/germlineVar/HC/perContig/HG001_N/HG001_N.chr4.g.vcf.gz
    log: ../../ngs_test_log/gremlineVar/HC/perContig/HG001_N/HG001_N.HC.chr4.logs
    jobid: 157
    benchmark: ../../ngs_test_bm/gremlineVar/HC/perContig/HG001_N/HG001_N.HC.chr4.tsv
    wildcards: bam_sample=HG001_N, contig=chr4
    threads: 4

Job failed, going on with independent jobs.

[Tue Jul 14 22:00:38 2020]
rule HC_CallVar:
    input: ../../ngs_test_data/HQbam/HG001_N.bam, ../../ngs_test_data/HQbam/HG001_N.bam.bai, ../../ngs_test_data/genome/GRCh38/GRCh38_full_analysis_set_plus_decoy_hla.fa, ../../ngs_test_data/genome/GRCh38/GRCh38_full_analysis_set_plus_decoy_hla.fa.fai, ../../ngs_test_data/genome/GRCh38/GRCh38_full_analysis_set_plus_decoy_hla.fa.fai_chrom, ../../ngs_test_data/genome/GRCh38/GRCh38_full_analysis_set_plus_decoy_hla.dict
    output: ../../ngs_test_data/germlineVar/HC/perContig/HG001_N/HG001_N.chr10.g.vcf.gz
    log: ../../ngs_test_log/gremlineVar/HC/perContig/HG001_N/HG001_N.HC.chr10.logs
    jobid: 163
    benchmark: ../../ngs_test_bm/gremlineVar/HC/perContig/HG001_N/HG001_N.HC.chr10.tsv
    wildcards: bam_sample=HG001_N, contig=chr10
    threads: 4

Job failed, going on with independent jobs.

[Tue Jul 14 22:00:42 2020]
rule HC_CallVar:
    input: ../../ngs_test_data/HQbam/HG001_N.bam, ../../ngs_test_data/HQbam/HG001_N.bam.bai, ../../ngs_test_data/genome/GRCh38/GRCh38_full_analysis_set_plus_decoy_hla.fa, ../../ngs_test_data/genome/GRCh38/GRCh38_full_analysis_set_plus_decoy_hla.fa.fai, ../../ngs_test_data/genome/GRCh38/GRCh38_full_analysis_set_plus_decoy_hla.fa.fai_chrom, ../../ngs_test_data/genome/GRCh38/GRCh38_full_analysis_set_plus_decoy_hla.dict
    output: ../../ngs_test_data/germlineVar/HC/perContig/HG001_N/HG001_N.chr16.g.vcf.gz
    log: ../../ngs_test_log/gremlineVar/HC/perContig/HG001_N/HG001_N.HC.chr16.logs
    jobid: 169
    benchmark: ../../ngs_test_bm/gremlineVar/HC/perContig/HG001_N/HG001_N.HC.chr16.tsv
    wildcards: bam_sample=HG001_N, contig=chr16
    threads: 4

Job failed, going on with independent jobs.

[Tue Jul 14 22:00:47 2020]
rule HC_CallVar:
    input: ../../ngs_test_data/HQbam/HG001_N.bam, ../../ngs_test_data/HQbam/HG001_N.bam.bai, ../../ngs_test_data/genome/GRCh38/GRCh38_full_analysis_set_plus_decoy_hla.fa, ../../ngs_test_data/genome/GRCh38/GRCh38_full_analysis_set_plus_decoy_hla.fa.fai, ../../ngs_test_data/genome/GRCh38/GRCh38_full_analysis_set_plus_decoy_hla.fa.fai_chrom, ../../ngs_test_data/genome/GRCh38/GRCh38_full_analysis_set_plus_decoy_hla.dict
    output: ../../ngs_test_data/germlineVar/HC/perContig/HG001_N/HG001_N.chr8.g.vcf.gz
    log: ../../ngs_test_log/gremlineVar/HC/perContig/HG001_N/HG001_N.HC.chr8.logs
    jobid: 161
    benchmark: ../../ngs_test_bm/gremlineVar/HC/perContig/HG001_N/HG001_N.HC.chr8.tsv
    wildcards: bam_sample=HG001_N, contig=chr8
    threads: 4

Job failed, going on with independent jobs.

[Tue Jul 14 22:00:51 2020]
rule HC_CallVar:
    input: ../../ngs_test_data/HQbam/HG001_N.bam, ../../ngs_test_data/HQbam/HG001_N.bam.bai, ../../ngs_test_data/genome/GRCh38/GRCh38_full_analysis_set_plus_decoy_hla.fa, ../../ngs_test_data/genome/GRCh38/GRCh38_full_analysis_set_plus_decoy_hla.fa.fai, ../../ngs_test_data/genome/GRCh38/GRCh38_full_analysis_set_plus_decoy_hla.fa.fai_chrom, ../../ngs_test_data/genome/GRCh38/GRCh38_full_analysis_set_plus_decoy_hla.dict
    output: ../../ngs_test_data/germlineVar/HC/perContig/HG001_N/HG001_N.chr7.g.vcf.gz
    log: ../../ngs_test_log/gremlineVar/HC/perContig/HG001_N/HG001_N.HC.chr7.logs
    jobid: 160
    benchmark: ../../ngs_test_bm/gremlineVar/HC/perContig/HG001_N/HG001_N.HC.chr7.tsv
    wildcards: bam_sample=HG001_N, contig=chr7
    threads: 4

Job failed, going on with independent jobs.

[Tue Jul 14 22:00:59 2020]
rule HC_CallVar:
    input: ../../ngs_test_data/HQbam/HG001_N.bam, ../../ngs_test_data/HQbam/HG001_N.bam.bai, ../../ngs_test_data/genome/GRCh38/GRCh38_full_analysis_set_plus_decoy_hla.fa, ../../ngs_test_data/genome/GRCh38/GRCh38_full_analysis_set_plus_decoy_hla.fa.fai, ../../ngs_test_data/genome/GRCh38/GRCh38_full_analysis_set_plus_decoy_hla.fa.fai_chrom, ../../ngs_test_data/genome/GRCh38/GRCh38_full_analysis_set_plus_decoy_hla.dict
    output: ../../ngs_test_data/germlineVar/HC/perContig/HG001_N/HG001_N.chr11.g.vcf.gz
    log: ../../ngs_test_log/gremlineVar/HC/perContig/HG001_N/HG001_N.HC.chr11.logs
    jobid: 164
    benchmark: ../../ngs_test_bm/gremlineVar/HC/perContig/HG001_N/HG001_N.HC.chr11.tsv
    wildcards: bam_sample=HG001_N, contig=chr11
    threads: 4

Job failed, going on with independent jobs.

[Tue Jul 14 22:01:05 2020]
rule HC_CallVar:
    input: ../../ngs_test_data/HQbam/HG001_N.bam, ../../ngs_test_data/HQbam/HG001_N.bam.bai, ../../ngs_test_data/genome/GRCh38/GRCh38_full_analysis_set_plus_decoy_hla.fa, ../../ngs_test_data/genome/GRCh38/GRCh38_full_analysis_set_plus_decoy_hla.fa.fai, ../../ngs_test_data/genome/GRCh38/GRCh38_full_analysis_set_plus_decoy_hla.fa.fai_chrom, ../../ngs_test_data/genome/GRCh38/GRCh38_full_analysis_set_plus_decoy_hla.dict
    output: ../../ngs_test_data/germlineVar/HC/perContig/HG001_N/HG001_N.chr1.g.vcf.gz
    log: ../../ngs_test_log/gremlineVar/HC/perContig/HG001_N/HG001_N.HC.chr1.logs
    jobid: 154
    benchmark: ../../ngs_test_bm/gremlineVar/HC/perContig/HG001_N/HG001_N.HC.chr1.tsv
    wildcards: bam_sample=HG001_N, contig=chr1
    threads: 4

Job failed, going on with independent jobs.

[Tue Jul 14 22:01:06 2020]
rule HC_CallVar:
    input: ../../ngs_test_data/HQbam/HG001_N.bam, ../../ngs_test_data/HQbam/HG001_N.bam.bai, ../../ngs_test_data/genome/GRCh38/GRCh38_full_analysis_set_plus_decoy_hla.fa, ../../ngs_test_data/genome/GRCh38/GRCh38_full_analysis_set_plus_decoy_hla.fa.fai, ../../ngs_test_data/genome/GRCh38/GRCh38_full_analysis_set_plus_decoy_hla.fa.fai_chrom, ../../ngs_test_data/genome/GRCh38/GRCh38_full_analysis_set_plus_decoy_hla.dict
    output: ../../ngs_test_data/germlineVar/HC/perContig/HG001_N/HG001_N.chr15.g.vcf.gz
    log: ../../ngs_test_log/gremlineVar/HC/perContig/HG001_N/HG001_N.HC.chr15.logs
    jobid: 168
    benchmark: ../../ngs_test_bm/gremlineVar/HC/perContig/HG001_N/HG001_N.HC.chr15.tsv
    wildcards: bam_sample=HG001_N, contig=chr15
    threads: 4

Job failed, going on with independent jobs.

[Tue Jul 14 22:01:10 2020]
rule HC_CallVar:
    input: ../../ngs_test_data/HQbam/HG001_N.bam, ../../ngs_test_data/HQbam/HG001_N.bam.bai, ../../ngs_test_data/genome/GRCh38/GRCh38_full_analysis_set_plus_decoy_hla.fa, ../../ngs_test_data/genome/GRCh38/GRCh38_full_analysis_set_plus_decoy_hla.fa.fai, ../../ngs_test_data/genome/GRCh38/GRCh38_full_analysis_set_plus_decoy_hla.fa.fai_chrom, ../../ngs_test_data/genome/GRCh38/GRCh38_full_analysis_set_plus_decoy_hla.dict
    output: ../../ngs_test_data/germlineVar/HC/perContig/HG001_N/HG001_N.chr2.g.vcf.gz
    log: ../../ngs_test_log/gremlineVar/HC/perContig/HG001_N/HG001_N.HC.chr2.logs
    jobid: 155
    benchmark: ../../ngs_test_bm/gremlineVar/HC/perContig/HG001_N/HG001_N.HC.chr2.tsv
    wildcards: bam_sample=HG001_N, contig=chr2
    threads: 4

Job failed, going on with independent jobs.

[Tue Jul 14 22:01:14 2020]
rule HC_CallVar:
    input: ../../ngs_test_data/HQbam/HG001_N.bam, ../../ngs_test_data/HQbam/HG001_N.bam.bai, ../../ngs_test_data/genome/GRCh38/GRCh38_full_analysis_set_plus_decoy_hla.fa, ../../ngs_test_data/genome/GRCh38/GRCh38_full_analysis_set_plus_decoy_hla.fa.fai, ../../ngs_test_data/genome/GRCh38/GRCh38_full_analysis_set_plus_decoy_hla.fa.fai_chrom, ../../ngs_test_data/genome/GRCh38/GRCh38_full_analysis_set_plus_decoy_hla.dict
    output: ../../ngs_test_data/germlineVar/HC/perContig/HG001_N/HG001_N.chr18.g.vcf.gz
    log: ../../ngs_test_log/gremlineVar/HC/perContig/HG001_N/HG001_N.HC.chr18.logs
    jobid: 171
    benchmark: ../../ngs_test_bm/gremlineVar/HC/perContig/HG001_N/HG001_N.HC.chr18.tsv
    wildcards: bam_sample=HG001_N, contig=chr18
    threads: 4

Job failed, going on with independent jobs.

[Tue Jul 14 22:01:17 2020]
rule HC_CallVar:
    input: ../../ngs_test_data/HQbam/HG001_N.bam, ../../ngs_test_data/HQbam/HG001_N.bam.bai, ../../ngs_test_data/genome/GRCh38/GRCh38_full_analysis_set_plus_decoy_hla.fa, ../../ngs_test_data/genome/GRCh38/GRCh38_full_analysis_set_plus_decoy_hla.fa.fai, ../../ngs_test_data/genome/GRCh38/GRCh38_full_analysis_set_plus_decoy_hla.fa.fai_chrom, ../../ngs_test_data/genome/GRCh38/GRCh38_full_analysis_set_plus_decoy_hla.dict
    output: ../../ngs_test_data/germlineVar/HC/perContig/HG001_N/HG001_N.chrY.g.vcf.gz
    log: ../../ngs_test_log/gremlineVar/HC/perContig/HG001_N/HG001_N.HC.chrY.logs
    jobid: 177
    benchmark: ../../ngs_test_bm/gremlineVar/HC/perContig/HG001_N/HG001_N.HC.chrY.tsv
    wildcards: bam_sample=HG001_N, contig=chrY
    threads: 4

Job failed, going on with independent jobs.

[Tue Jul 14 22:01:19 2020]
rule HC_CallVar:
    input: ../../ngs_test_data/HQbam/HG001_N.bam, ../../ngs_test_data/HQbam/HG001_N.bam.bai, ../../ngs_test_data/genome/GRCh38/GRCh38_full_analysis_set_plus_decoy_hla.fa, ../../ngs_test_data/genome/GRCh38/GRCh38_full_analysis_set_plus_decoy_hla.fa.fai, ../../ngs_test_data/genome/GRCh38/GRCh38_full_analysis_set_plus_decoy_hla.fa.fai_chrom, ../../ngs_test_data/genome/GRCh38/GRCh38_full_analysis_set_plus_decoy_hla.dict
    output: ../../ngs_test_data/germlineVar/HC/perContig/HG001_N/HG001_N.chr5.g.vcf.gz
    log: ../../ngs_test_log/gremlineVar/HC/perContig/HG001_N/HG001_N.HC.chr5.logs
    jobid: 158
    benchmark: ../../ngs_test_bm/gremlineVar/HC/perContig/HG001_N/HG001_N.HC.chr5.tsv
    wildcards: bam_sample=HG001_N, contig=chr5
    threads: 4

Job failed, going on with independent jobs.

[Tue Jul 14 22:01:29 2020]
rule HC_CallVar:
    input: ../../ngs_test_data/HQbam/HG001_N.bam, ../../ngs_test_data/HQbam/HG001_N.bam.bai, ../../ngs_test_data/genome/GRCh38/GRCh38_full_analysis_set_plus_decoy_hla.fa, ../../ngs_test_data/genome/GRCh38/GRCh38_full_analysis_set_plus_decoy_hla.fa.fai, ../../ngs_test_data/genome/GRCh38/GRCh38_full_analysis_set_plus_decoy_hla.fa.fai_chrom, ../../ngs_test_data/genome/GRCh38/GRCh38_full_analysis_set_plus_decoy_hla.dict
    output: ../../ngs_test_data/germlineVar/HC/perContig/HG001_N/HG001_N.chr19.g.vcf.gz
    log: ../../ngs_test_log/gremlineVar/HC/perContig/HG001_N/HG001_N.HC.chr19.logs
    jobid: 172
    benchmark: ../../ngs_test_bm/gremlineVar/HC/perContig/HG001_N/HG001_N.HC.chr19.tsv
    wildcards: bam_sample=HG001_N, contig=chr19
    threads: 4

Job failed, going on with independent jobs.

[Tue Jul 14 22:01:29 2020]
rule HC_CallVar:
    input: ../../ngs_test_data/HQbam/HG001_N.bam, ../../ngs_test_data/HQbam/HG001_N.bam.bai, ../../ngs_test_data/genome/GRCh38/GRCh38_full_analysis_set_plus_decoy_hla.fa, ../../ngs_test_data/genome/GRCh38/GRCh38_full_analysis_set_plus_decoy_hla.fa.fai, ../../ngs_test_data/genome/GRCh38/GRCh38_full_analysis_set_plus_decoy_hla.fa.fai_chrom, ../../ngs_test_data/genome/GRCh38/GRCh38_full_analysis_set_plus_decoy_hla.dict
    output: ../../ngs_test_data/germlineVar/HC/perContig/HG001_N/HG001_N.chr6.g.vcf.gz
    log: ../../ngs_test_log/gremlineVar/HC/perContig/HG001_N/HG001_N.HC.chr6.logs
    jobid: 159
    benchmark: ../../ngs_test_bm/gremlineVar/HC/perContig/HG001_N/HG001_N.HC.chr6.tsv
    wildcards: bam_sample=HG001_N, contig=chr6
    threads: 4

Job failed, going on with independent jobs.

[Tue Jul 14 22:01:38 2020]
rule HC_CallVar:
    input: ../../ngs_test_data/HQbam/HG001_N.bam, ../../ngs_test_data/HQbam/HG001_N.bam.bai, ../../ngs_test_data/genome/GRCh38/GRCh38_full_analysis_set_plus_decoy_hla.fa, ../../ngs_test_data/genome/GRCh38/GRCh38_full_analysis_set_plus_decoy_hla.fa.fai, ../../ngs_test_data/genome/GRCh38/GRCh38_full_analysis_set_plus_decoy_hla.fa.fai_chrom, ../../ngs_test_data/genome/GRCh38/GRCh38_full_analysis_set_plus_decoy_hla.dict
    output: ../../ngs_test_data/germlineVar/HC/perContig/HG001_N/HG001_N.chr22.g.vcf.gz
    log: ../../ngs_test_log/gremlineVar/HC/perContig/HG001_N/HG001_N.HC.chr22.logs
    jobid: 175
    benchmark: ../../ngs_test_bm/gremlineVar/HC/perContig/HG001_N/HG001_N.HC.chr22.tsv
    wildcards: bam_sample=HG001_N, contig=chr22
    threads: 4

Job failed, going on with independent jobs.

[Tue Jul 14 22:01:38 2020]
rule FB_CallVar:
    input: ../../ngs_test_data/HQbam/HG001_N.bam, ../../ngs_test_data/HQbam/HG001_N.bam.bai, ../../ngs_test_data/genome/GRCh38/GRCh38_full_analysis_set_plus_decoy_hla.fa, ../../ngs_test_data/genome/GRCh38/GRCh38_full_analysis_set_plus_decoy_hla.fa.fai
    output: ../../ngs_test_data/germlineVar/FB/perSample/HG001_N/HG001_N.FB.raw.vcf, ../../ngs_test_data/germlineVar/FB/perSample/HG001_N/HG001_N.FB.raw.vcf.gz
    log: ../../ngs_test_log/gremlineVar/FB/perSample/HG001_N/HG001_N.FB.MergeVcf.logs
    jobid: 108
    benchmark: ../../ngs_test_bm/gremlineVar/FB/perSample/HG001_N/HG001_N.FB.MergeVcf.tsv
    wildcards: bam_sample=HG001_N
    threads: 4

Job failed, going on with independent jobs.

[Tue Jul 14 22:01:42 2020]
rule Samtools_Mpileup:
    input: ../../ngs_test_data/HQbam/HG001_N.bam, ../../ngs_test_data/HQbam/HG001_N.bam.bai, ../../ngs_test_data/genome/GRCh38/GRCh38_full_analysis_set_plus_decoy_hla.fa, ../../ngs_test_data/genome/GRCh38/GRCh38_full_analysis_set_plus_decoy_hla.fa.fai
    output: ../../ngs_test_data/germlineVar/varscan/perSample/HG001_N/HG001_N.Samtools.mpileup
    log: ../../ngs_test_log/gremlineVar/varscan/perSample/HG001_N/HG001_N.varscan.Samtools.MergeVcf.logs
    jobid: 209
    benchmark: ../../ngs_test_bm/gremlineVar/varscan/perSample/HG001_N/HG001_N.varscan.Samtools.MergeVcf.tsv
    wildcards: bam_sample=HG001_N
    threads: 2

[Tue Jul 14 22:02:11 2020]
Finished job 205.
24 of 230 steps (10%) done

[Tue Jul 14 22:02:11 2020]
rule Bcftools_Call:
    input: ../../ngs_test_data/germlineVar/Bcftools/perSample/HG001_N/HG001_N.Bcftools.mpileup.g.vcf.gz
    output: ../../ngs_test_data/germlineVar/Bcftools/perSample/HG001_N/HG001_N.Bcftools.raw.vcf.gz
    log: ../../ngs_test_log/gremlineVar/Bcftools/perSample/HG001_N/HG001_N.Bcftools.Bcftools_Call.logs
    jobid: 112
    benchmark: ../../ngs_test_bm/gremlineVar/Bcftools/perSample/HG001_N/HG001_N.Bcftools.Bcftools_Call.tsv
    wildcards: bam_sample=HG001_N
    threads: 2

[Tue Jul 14 22:02:25 2020]
Finished job 209.
25 of 230 steps (11%) done

[Tue Jul 14 22:02:25 2020]
rule Varscan_Call_INDEL:
    input: ../../ngs_test_data/germlineVar/varscan/perSample/HG001_N/HG001_N.Samtools.mpileup
    output: ../../ngs_test_data/germlineVar/varscan/perSample/HG001_N/HG001_N.varscan.INDEL.raw.vcf.gz
    log: ../../ngs_test_log/gremlineVar/varscan/perSample/HG001_N/HG001_N.varscan.Varscan_Call_INDEL.logs
    jobid: 211
    benchmark: ../../ngs_test_bm/gremlineVar/varscan/perSample/HG001_N/HG001_N.varscan.Varscan_Call_INDEL.tsv
    wildcards: bam_sample=HG001_N
    threads: 2

Removing temporary output file ../../ngs_test_data/germlineVar/FB/perSample/HG001_N/HG001_N.FB.raw.vcf.

[Tue Jul 14 22:02:25 2020]
[Tue Jul 14 22:02:25 2020]
Finished job 108.
rule Varscan_Call_SNV:
    input: ../../ngs_test_data/germlineVar/varscan/perSample/HG001_N/HG001_N.Samtools.mpileup
    output: ../../ngs_test_data/germlineVar/varscan/perSample/HG001_N/HG001_N.varscan.SNV.raw.vcf.gz
    log: ../../ngs_test_log/gremlineVar/varscan/perSample/HG001_N/HG001_N.varscan.Varscan_Call_SNV.logs
    jobid: 210
    benchmark: ../../ngs_test_bm/gremlineVar/varscan/perSample/HG001_N/HG001_N.varscan.Varscan_Call_SNV.tsv
    wildcards: bam_sample=HG001_N
    threads: 2
26 of 230 steps (11%) done


[Tue Jul 14 22:02:25 2020]
rule Varscan_Call:
    input: ../../ngs_test_data/germlineVar/varscan/perSample/HG001_N/HG001_N.Samtools.mpileup
    output: ../../ngs_test_data/germlineVar/varscan/perSample/HG001_N/HG001_N.varscan.raw.vcf.gz
    log: ../../ngs_test_log/gremlineVar/varscan/perSample/HG001_N/HG001_N.varscan.Varscan_Call.logs
    jobid: 118
    benchmark: ../../ngs_test_bm/gremlineVar/varscan/perSample/HG001_N/HG001_N.varscan.Varscan_Call.tsv
    wildcards: bam_sample=HG001_N
    threads: 2

[Tue Jul 14 22:02:26 2020]
rule tabix:
    input: ../../ngs_test_data/germlineVar/FB/perSample/HG001_N/HG001_N.FB.raw.vcf.gz
    output: ../../ngs_test_data/germlineVar/FB/perSample/HG001_N/HG001_N.FB.raw.vcf.gz.tbi
    jobid: 12
    wildcards: prefix=../../ngs_test_data/germlineVar/FB/perSample/HG001_N/HG001_N.FB.raw

[Tue Jul 14 22:02:27 2020]
Finished job 12.
27 of 230 steps (12%) done
[Tue Jul 14 22:02:33 2020]
Finished job 112.
28 of 230 steps (12%) done

[Tue Jul 14 22:02:33 2020]
rule tabix:
    input: ../../ngs_test_data/germlineVar/Bcftools/perSample/HG001_N/HG001_N.Bcftools.raw.vcf.gz
    output: ../../ngs_test_data/germlineVar/Bcftools/perSample/HG001_N/HG001_N.Bcftools.raw.vcf.gz.tbi
    jobid: 16
    wildcards: prefix=../../ngs_test_data/germlineVar/Bcftools/perSample/HG001_N/HG001_N.Bcftools.raw

[Tue Jul 14 22:02:33 2020]
rule FB_Filter:
    input: ../../ngs_test_data/germlineVar/FB/perSample/HG001_N1/HG001_N1.FB.raw.vcf.gz
    output: ../../ngs_test_data/germlineVar/FB/perSample/HG001_N1/HG001_N1.FB.pass.vcf.gz
    log: ../../ngs_test_log/gremlineVar/FB/perSample/HG001_N1/HG001_N1.FB.FB_Filter.logs
    jobid: 107
    benchmark: ../../ngs_test_bm/gremlineVar/FB/perSample/HG001_N1/HG001_N1.FB.FB_Filter.tsv
    wildcards: bam_sample=HG001_N1
    threads: 4

[Tue Jul 14 22:02:34 2020]
Finished job 16.
29 of 230 steps (13%) done
[Tue Jul 14 22:02:35 2020]
Finished job 107.
30 of 230 steps (13%) done

[Tue Jul 14 22:02:35 2020]
rule tabix:
    input: ../../ngs_test_data/germlineVar/FB/perSample/HG001_N1/HG001_N1.FB.pass.vcf.gz
    output: ../../ngs_test_data/germlineVar/FB/perSample/HG001_N1/HG001_N1.FB.pass.vcf.gz.tbi
    jobid: 11
    wildcards: prefix=../../ngs_test_data/germlineVar/FB/perSample/HG001_N1/HG001_N1.FB.pass

[Tue Jul 14 22:02:35 2020]
rule FB_Filter:
    input: ../../ngs_test_data/germlineVar/FB/perSample/HG001_N/HG001_N.FB.raw.vcf.gz
    output: ../../ngs_test_data/germlineVar/FB/perSample/HG001_N/HG001_N.FB.pass.vcf.gz
    log: ../../ngs_test_log/gremlineVar/FB/perSample/HG001_N/HG001_N.FB.FB_Filter.logs
    jobid: 109
    benchmark: ../../ngs_test_bm/gremlineVar/FB/perSample/HG001_N/HG001_N.FB.FB_Filter.tsv
    wildcards: bam_sample=HG001_N
    threads: 4

[Tue Jul 14 22:02:37 2020]
Finished job 11.
31 of 230 steps (13%) done
[Tue Jul 14 22:02:37 2020]
Finished job 109.
32 of 230 steps (14%) done

[Tue Jul 14 22:02:38 2020]
rule Bcftools_Filter:
    input: ../../ngs_test_data/germlineVar/Bcftools/perSample/HG001_N/HG001_N.Bcftools.raw.vcf.gz
    output: ../../ngs_test_data/germlineVar/Bcftools/perSample/HG001_N/HG001_N.Bcftools.pass.vcf.gz
    log: ../../ngs_test_log/gremlineVar/Bcftools/perSample/HG001_N/HG001_N.Bcftools.Bcftools_Filter.logs
    jobid: 113
    benchmark: ../../ngs_test_bm/gremlineVar/Bcftools/perSample/HG001_N/HG001_N.Bcftools.Bcftools_Filter.tsv
    wildcards: bam_sample=HG001_N
    threads: 2

[Tue Jul 14 22:02:40 2020]
rule tabix:
    input: ../../ngs_test_data/germlineVar/FB/perSample/HG001_N/HG001_N.FB.pass.vcf.gz
    output: ../../ngs_test_data/germlineVar/FB/perSample/HG001_N/HG001_N.FB.pass.vcf.gz.tbi
    jobid: 13
    wildcards: prefix=../../ngs_test_data/germlineVar/FB/perSample/HG001_N/HG001_N.FB.pass

[Tue Jul 14 22:02:42 2020]
Finished job 13.
33 of 230 steps (14%) done
[Tue Jul 14 22:02:43 2020]
Finished job 210.
34 of 230 steps (15%) done

[Tue Jul 14 22:02:43 2020]
rule Varscan_Filter_SNV:
    input: ../../ngs_test_data/germlineVar/varscan/perSample/HG001_N/HG001_N.varscan.SNV.raw.vcf.gz
    output: ../../ngs_test_data/germlineVar/varscan/perSample/HG001_N/HG001_N.varscan.SNV.pass.vcf.gz
    log: ../../ngs_test_log/gremlineVar/varscan/perSample/HG001_N/HG001_N.varscan.Varscan_Filter_SNV.logs
    jobid: 120
    benchmark: ../../ngs_test_bm/gremlineVar/varscan/perSample/HG001_N/HG001_N.varscan.Varscan_Filter_SNV.tsv
    wildcards: bam_sample=HG001_N
    threads: 2

[Tue Jul 14 22:02:43 2020]
Finished job 113.
35 of 230 steps (15%) done

[Tue Jul 14 22:02:43 2020]
rule tabix:
    input: ../../ngs_test_data/germlineVar/Bcftools/perSample/HG001_N/HG001_N.Bcftools.pass.vcf.gz
    output: ../../ngs_test_data/germlineVar/Bcftools/perSample/HG001_N/HG001_N.Bcftools.pass.vcf.gz.tbi
    jobid: 17
    wildcards: prefix=../../ngs_test_data/germlineVar/Bcftools/perSample/HG001_N/HG001_N.Bcftools.pass

[Tue Jul 14 22:02:45 2020]
Finished job 17.
36 of 230 steps (16%) done
[Tue Jul 14 22:02:46 2020]
Finished job 120.
37 of 230 steps (16%) done

[Tue Jul 14 22:02:46 2020]
rule tabix:
    input: ../../ngs_test_data/germlineVar/varscan/perSample/HG001_N/HG001_N.varscan.SNV.pass.vcf.gz
    output: ../../ngs_test_data/germlineVar/varscan/perSample/HG001_N/HG001_N.varscan.SNV.pass.vcf.gz.tbi
    jobid: 24
    wildcards: prefix=../../ngs_test_data/germlineVar/varscan/perSample/HG001_N/HG001_N.varscan.SNV.pass

[Tue Jul 14 22:02:48 2020]
Finished job 24.
38 of 230 steps (17%) done
[Tue Jul 14 22:02:52 2020]
Finished job 211.
39 of 230 steps (17%) done

[Tue Jul 14 22:02:52 2020]
rule Varscan_Filter_INDEL:
    input: ../../ngs_test_data/germlineVar/varscan/perSample/HG001_N/HG001_N.varscan.INDEL.raw.vcf.gz
    output: ../../ngs_test_data/germlineVar/varscan/perSample/HG001_N/HG001_N.varscan.INDEL.pass.vcf.gz
    log: ../../ngs_test_log/gremlineVar/varscan/perSample/HG001_N/HG001_N.varscan.Varscan_Filter_INDEL.logs
    jobid: 121
    benchmark: ../../ngs_test_bm/gremlineVar/varscan/perSample/HG001_N/HG001_N.varscan.Varscan_Filter_INDEL.tsv
    wildcards: bam_sample=HG001_N
    threads: 2

[Tue Jul 14 22:02:54 2020]
Finished job 121.
40 of 230 steps (17%) done

[Tue Jul 14 22:02:54 2020]
rule tabix:
    input: ../../ngs_test_data/germlineVar/varscan/perSample/HG001_N/HG001_N.varscan.INDEL.pass.vcf.gz
    output: ../../ngs_test_data/germlineVar/varscan/perSample/HG001_N/HG001_N.varscan.INDEL.pass.vcf.gz.tbi
    jobid: 25
    wildcards: prefix=../../ngs_test_data/germlineVar/varscan/perSample/HG001_N/HG001_N.varscan.INDEL.pass

[Tue Jul 14 22:02:56 2020]
Finished job 25.
41 of 230 steps (18%) done
[Tue Jul 14 22:03:09 2020]
Finished job 118.
42 of 230 steps (18%) done

[Tue Jul 14 22:03:09 2020]
rule Varscan_Filter:
    input: ../../ngs_test_data/germlineVar/varscan/perSample/HG001_N/HG001_N.varscan.raw.vcf.gz
    output: ../../ngs_test_data/germlineVar/varscan/perSample/HG001_N/HG001_N.varscan.pass.vcf.gz
    log: ../../ngs_test_log/gremlineVar/varscan/perSample/HG001_N/HG001_N.varscan.Varscan_Filter.logs
    jobid: 119
    benchmark: ../../ngs_test_bm/gremlineVar/varscan/perSample/HG001_N/HG001_N.varscan.Varscan_Filter.tsv
    wildcards: bam_sample=HG001_N
    threads: 2

[Tue Jul 14 22:03:09 2020]
rule tabix:
    input: ../../ngs_test_data/germlineVar/varscan/perSample/HG001_N/HG001_N.varscan.raw.vcf.gz
    output: ../../ngs_test_data/germlineVar/varscan/perSample/HG001_N/HG001_N.varscan.raw.vcf.gz.tbi
    jobid: 22
    wildcards: prefix=../../ngs_test_data/germlineVar/varscan/perSample/HG001_N/HG001_N.varscan.raw

[Tue Jul 14 22:03:12 2020]
Finished job 22.
43 of 230 steps (19%) done
[Tue Jul 14 22:03:49 2020]
Finished job 119.
44 of 230 steps (19%) done

[Tue Jul 14 22:03:49 2020]
rule tabix:
    input: ../../ngs_test_data/germlineVar/varscan/perSample/HG001_N/HG001_N.varscan.pass.vcf.gz
    output: ../../ngs_test_data/germlineVar/varscan/perSample/HG001_N/HG001_N.varscan.pass.vcf.gz.tbi
    jobid: 23
    wildcards: prefix=../../ngs_test_data/germlineVar/varscan/perSample/HG001_N/HG001_N.varscan.pass

[Tue Jul 14 22:03:52 2020]
Finished job 23.
45 of 230 steps (20%) done
[Tue Jul 14 22:04:11 2020]
Finished job 206.
46 of 230 steps (20%) done

[Tue Jul 14 22:04:11 2020]
rule Varscan_Call:
    input: ../../ngs_test_data/germlineVar/varscan/perSample/HG001_N1/HG001_N1.Samtools.mpileup
    output: ../../ngs_test_data/germlineVar/varscan/perSample/HG001_N1/HG001_N1.varscan.raw.vcf.gz
    log: ../../ngs_test_log/gremlineVar/varscan/perSample/HG001_N1/HG001_N1.varscan.Varscan_Call.logs
    jobid: 114
    benchmark: ../../ngs_test_bm/gremlineVar/varscan/perSample/HG001_N1/HG001_N1.varscan.Varscan_Call.tsv
    wildcards: bam_sample=HG001_N1
    threads: 2

[Tue Jul 14 22:04:11 2020]
rule Varscan_Call_INDEL:
    input: ../../ngs_test_data/germlineVar/varscan/perSample/HG001_N1/HG001_N1.Samtools.mpileup
    output: ../../ngs_test_data/germlineVar/varscan/perSample/HG001_N1/HG001_N1.varscan.INDEL.raw.vcf.gz
    log: ../../ngs_test_log/gremlineVar/varscan/perSample/HG001_N1/HG001_N1.varscan.Varscan_Call_INDEL.logs
    jobid: 208
    benchmark: ../../ngs_test_bm/gremlineVar/varscan/perSample/HG001_N1/HG001_N1.varscan.Varscan_Call_INDEL.tsv
    wildcards: bam_sample=HG001_N1
    threads: 2

[Tue Jul 14 22:04:11 2020]
rule Varscan_Call_SNV:
    input: ../../ngs_test_data/germlineVar/varscan/perSample/HG001_N1/HG001_N1.Samtools.mpileup
    output: ../../ngs_test_data/germlineVar/varscan/perSample/HG001_N1/HG001_N1.varscan.SNV.raw.vcf.gz
    log: ../../ngs_test_log/gremlineVar/varscan/perSample/HG001_N1/HG001_N1.varscan.Varscan_Call_SNV.logs
    jobid: 207
    benchmark: ../../ngs_test_bm/gremlineVar/varscan/perSample/HG001_N1/HG001_N1.varscan.Varscan_Call_SNV.tsv
    wildcards: bam_sample=HG001_N1
    threads: 2

[Tue Jul 14 22:05:33 2020]
Finished job 207.
47 of 230 steps (20%) done

[Tue Jul 14 22:05:33 2020]
rule Varscan_Filter_SNV:
    input: ../../ngs_test_data/germlineVar/varscan/perSample/HG001_N1/HG001_N1.varscan.SNV.raw.vcf.gz
    output: ../../ngs_test_data/germlineVar/varscan/perSample/HG001_N1/HG001_N1.varscan.SNV.pass.vcf.gz
    log: ../../ngs_test_log/gremlineVar/varscan/perSample/HG001_N1/HG001_N1.varscan.Varscan_Filter_SNV.logs
    jobid: 116
    benchmark: ../../ngs_test_bm/gremlineVar/varscan/perSample/HG001_N1/HG001_N1.varscan.Varscan_Filter_SNV.tsv
    wildcards: bam_sample=HG001_N1
    threads: 2

[Tue Jul 14 22:05:38 2020]
Finished job 116.
48 of 230 steps (21%) done

[Tue Jul 14 22:05:38 2020]
rule tabix:
    input: ../../ngs_test_data/germlineVar/varscan/perSample/HG001_N1/HG001_N1.varscan.SNV.pass.vcf.gz
    output: ../../ngs_test_data/germlineVar/varscan/perSample/HG001_N1/HG001_N1.varscan.SNV.pass.vcf.gz.tbi
    jobid: 20
    wildcards: prefix=../../ngs_test_data/germlineVar/varscan/perSample/HG001_N1/HG001_N1.varscan.SNV.pass

[Tue Jul 14 22:05:39 2020]
Finished job 20.
49 of 230 steps (21%) done
[Tue Jul 14 22:05:39 2020]
Finished job 208.
50 of 230 steps (22%) done

[Tue Jul 14 22:05:39 2020]
rule Varscan_Filter_INDEL:
    input: ../../ngs_test_data/germlineVar/varscan/perSample/HG001_N1/HG001_N1.varscan.INDEL.raw.vcf.gz
    output: ../../ngs_test_data/germlineVar/varscan/perSample/HG001_N1/HG001_N1.varscan.INDEL.pass.vcf.gz
    log: ../../ngs_test_log/gremlineVar/varscan/perSample/HG001_N1/HG001_N1.varscan.Varscan_Filter_INDEL.logs
    jobid: 117
    benchmark: ../../ngs_test_bm/gremlineVar/varscan/perSample/HG001_N1/HG001_N1.varscan.Varscan_Filter_INDEL.tsv
    wildcards: bam_sample=HG001_N1
    threads: 2

[Tue Jul 14 22:05:41 2020]
Finished job 117.
51 of 230 steps (22%) done

[Tue Jul 14 22:05:41 2020]
rule tabix:
    input: ../../ngs_test_data/germlineVar/varscan/perSample/HG001_N1/HG001_N1.varscan.INDEL.pass.vcf.gz
    output: ../../ngs_test_data/germlineVar/varscan/perSample/HG001_N1/HG001_N1.varscan.INDEL.pass.vcf.gz.tbi
    jobid: 21
    wildcards: prefix=../../ngs_test_data/germlineVar/varscan/perSample/HG001_N1/HG001_N1.varscan.INDEL.pass

[Tue Jul 14 22:05:42 2020]
Finished job 21.
52 of 230 steps (23%) done
[Tue Jul 14 22:08:52 2020]
Finished job 114.
53 of 230 steps (23%) done

[Tue Jul 14 22:08:52 2020]
rule tabix:
    input: ../../ngs_test_data/germlineVar/varscan/perSample/HG001_N1/HG001_N1.varscan.raw.vcf.gz
    output: ../../ngs_test_data/germlineVar/varscan/perSample/HG001_N1/HG001_N1.varscan.raw.vcf.gz.tbi
    jobid: 18
    wildcards: prefix=../../ngs_test_data/germlineVar/varscan/perSample/HG001_N1/HG001_N1.varscan.raw

[Tue Jul 14 22:08:53 2020]
rule Varscan_Filter:
    input: ../../ngs_test_data/germlineVar/varscan/perSample/HG001_N1/HG001_N1.varscan.raw.vcf.gz
    output: ../../ngs_test_data/germlineVar/varscan/perSample/HG001_N1/HG001_N1.varscan.pass.vcf.gz
    log: ../../ngs_test_log/gremlineVar/varscan/perSample/HG001_N1/HG001_N1.varscan.Varscan_Filter.logs
    jobid: 115
    benchmark: ../../ngs_test_bm/gremlineVar/varscan/perSample/HG001_N1/HG001_N1.varscan.Varscan_Filter.tsv
    wildcards: bam_sample=HG001_N1
    threads: 2

[Tue Jul 14 22:09:10 2020]
Finished job 18.
54 of 230 steps (23%) done
[Tue Jul 14 22:12:47 2020]
Finished job 204.
55 of 230 steps (24%) done

[Tue Jul 14 22:12:47 2020]
rule Bcftools_Call:
    input: ../../ngs_test_data/germlineVar/Bcftools/perSample/HG001_N1/HG001_N1.Bcftools.mpileup.g.vcf.gz
    output: ../../ngs_test_data/germlineVar/Bcftools/perSample/HG001_N1/HG001_N1.Bcftools.raw.vcf.gz
    log: ../../ngs_test_log/gremlineVar/Bcftools/perSample/HG001_N1/HG001_N1.Bcftools.Bcftools_Call.logs
    jobid: 110
    benchmark: ../../ngs_test_bm/gremlineVar/Bcftools/perSample/HG001_N1/HG001_N1.Bcftools.Bcftools_Call.tsv
    wildcards: bam_sample=HG001_N1
    threads: 2

[Tue Jul 14 22:13:54 2020]
Finished job 115.
56 of 230 steps (24%) done

[Tue Jul 14 22:13:54 2020]
rule tabix:
    input: ../../ngs_test_data/germlineVar/varscan/perSample/HG001_N1/HG001_N1.varscan.pass.vcf.gz
    output: ../../ngs_test_data/germlineVar/varscan/perSample/HG001_N1/HG001_N1.varscan.pass.vcf.gz.tbi
    jobid: 19
    wildcards: prefix=../../ngs_test_data/germlineVar/varscan/perSample/HG001_N1/HG001_N1.varscan.pass

[Tue Jul 14 22:14:08 2020]
Finished job 19.
57 of 230 steps (25%) done
[Tue Jul 14 22:15:29 2020]
Finished job 110.
58 of 230 steps (25%) done

[Tue Jul 14 22:15:29 2020]
rule Bcftools_Filter:
    input: ../../ngs_test_data/germlineVar/Bcftools/perSample/HG001_N1/HG001_N1.Bcftools.raw.vcf.gz
    output: ../../ngs_test_data/germlineVar/Bcftools/perSample/HG001_N1/HG001_N1.Bcftools.pass.vcf.gz
    log: ../../ngs_test_log/gremlineVar/Bcftools/perSample/HG001_N1/HG001_N1.Bcftools.Bcftools_Filter.logs
    jobid: 111
    benchmark: ../../ngs_test_bm/gremlineVar/Bcftools/perSample/HG001_N1/HG001_N1.Bcftools.Bcftools_Filter.tsv
    wildcards: bam_sample=HG001_N1
    threads: 2

[Tue Jul 14 22:15:29 2020]
rule tabix:
    input: ../../ngs_test_data/germlineVar/Bcftools/perSample/HG001_N1/HG001_N1.Bcftools.raw.vcf.gz
    output: ../../ngs_test_data/germlineVar/Bcftools/perSample/HG001_N1/HG001_N1.Bcftools.raw.vcf.gz.tbi
    jobid: 14
    wildcards: prefix=../../ngs_test_data/germlineVar/Bcftools/perSample/HG001_N1/HG001_N1.Bcftools.raw

[Tue Jul 14 22:15:30 2020]
Finished job 14.
59 of 230 steps (26%) done
[Tue Jul 14 22:15:31 2020]
Finished job 111.
60 of 230 steps (26%) done

[Tue Jul 14 22:15:31 2020]
rule tabix:
    input: ../../ngs_test_data/germlineVar/Bcftools/perSample/HG001_N1/HG001_N1.Bcftools.pass.vcf.gz
    output: ../../ngs_test_data/germlineVar/Bcftools/perSample/HG001_N1/HG001_N1.Bcftools.pass.vcf.gz.tbi
    jobid: 15
    wildcards: prefix=../../ngs_test_data/germlineVar/Bcftools/perSample/HG001_N1/HG001_N1.Bcftools.pass

[Tue Jul 14 22:15:32 2020]
Finished job 15.
61 of 230 steps (27%) done
Exiting because a job execution failed. Look above for error message
Complete log: /home/pengjia/ProjectSnake/DNAseq/dna/.snakemake/log/2020-07-14T215058.682655.snakemake.log
