Building DAG of jobs...
Using shell: /usr/bin/bash
Provided cores: 10
Rules claiming more threads will be scaled down.
Job counts:
	count	jobs
	4	BamIndex
	3	Bwa
	1	GenomeIndexBwa
	1	GenomeIndexSamtools
	1	LoadGenome
	2	LoadHQbam
	2	MarkDupWithPicard
	2	MergeBam
	2	NoneBQSR
	2	NoneFixMate
	2	NoneLeftALign
	2	NoneRealign
	1	all
	3	fastp
	3	fastqc
	3	fastqc2
	3	loadrawData
	37

[Tue Jul 21 10:58:50 2020]
localrule LoadGenome:
    input: /home/DATA/REFGENOMEDB/human/GRCh38.d1.vd1/genome/GRCh38.d1.vd1.fa
    output: ../../ngs_test_data/data2/genome/GRCh38/GRCh38.d1.vd1.fa
    jobid: 34


[Tue Jul 21 10:58:50 2020]
rule loadrawData:
    input: /home/DATA/NA12878/pipelineTest/fastq/HG001_GIAB_chr20_1.fq, /home/DATA/NA12878/pipelineTest/fastq/HG001_GIAB_chr20_2.fq
    output: ../../ngs_test_data/data2/rawdata/HG001/N/HG001_N_L1_1.fq.gz, ../../ngs_test_data/data2/rawdata/HG001/N/HG001_N_L1_2.fq.gz
    log: ../../ngs_test_data/logs/raw_read_qc/loadRawdata/HG001/N/HG001_N_L1_loaddata.log
    jobid: 12
    benchmark: ../../ngs_test_data/benchmark/raw_read_qc/loadRawdata/HG001/N/HG001_N_L1_loaddata.tsv
    wildcards: case=HG001, sample=N, unit=L1
    threads: 4

[Tue Jul 21 10:58:50 2020]
Finished job 34.
1 of 37 steps (3%) done

[Tue Jul 21 10:58:53 2020]
rule loadrawData:
    input: /home/DATA/NA12878/pipelineTest/fastq/HG001_1000G_chr20_1.fq, /home/DATA/NA12878/pipelineTest/fastq/HG001_1000G_chr20_2.fq
    output: ../../ngs_test_data/data2/rawdata/HG001/N1/HG001_N1_L1_1.fq.gz, ../../ngs_test_data/data2/rawdata/HG001/N1/HG001_N1_L1_2.fq.gz
    log: ../../ngs_test_data/logs/raw_read_qc/loadRawdata/HG001/N1/HG001_N1_L1_loaddata.log
    jobid: 13
    benchmark: ../../ngs_test_data/benchmark/raw_read_qc/loadRawdata/HG001/N1/HG001_N1_L1_loaddata.tsv
    wildcards: case=HG001, sample=N1, unit=L1
    threads: 4


[Tue Jul 21 10:58:53 2020]
localrule GenomeIndexSamtools:
    input: ../../ngs_test_data/data2/genome/GRCh38/GRCh38.d1.vd1.fa
    output: ../../ngs_test_data/data2/genome/GRCh38/GRCh38.d1.vd1.fa.fai, ../../ngs_test_data/data2/genome/GRCh38/GRCh38.d1.vd1.fa.fai_chrom
    log: ../../ngs_test_data/logs/genomeindex/genomeindex_samtools.log
    jobid: 35

[Tue Jul 21 10:58:53 2020]
rule GenomeIndexBwa:
    input: ../../ngs_test_data/data2/genome/GRCh38/GRCh38.d1.vd1.fa
    output: ../../ngs_test_data/data2/genome/GRCh38/GRCh38.d1.vd1.fa.amb, ../../ngs_test_data/data2/genome/GRCh38/GRCh38.d1.vd1.fa.bwt, ../../ngs_test_data/data2/genome/GRCh38/GRCh38.d1.vd1.fa.pac, ../../ngs_test_data/data2/genome/GRCh38/GRCh38.d1.vd1.fa.ann, ../../ngs_test_data/data2/genome/GRCh38/GRCh38.d1.vd1.fa.sa
    log: ../../ngs_test_data/logs/genomeindex/genomeindex_bwa.log
    jobid: 36

[Tue Jul 21 10:58:54 2020]
Finished job 35.
2 of 37 steps (5%) done
[Tue Jul 21 10:58:57 2020]
Finished job 36.
3 of 37 steps (8%) done
Shutting down, this might take some time.
Exiting because a job execution failed. Look above for error message
Complete log: /home/pengjia/ProjectSnake/DNAseq/dna/.snakemake/log/2020-07-21T105849.222727.snakemake.log
