Building DAG of jobs...
Using shell: /usr/bin/bash
Provided cores: 28
Rules claiming more threads will be scaled down.
Job counts:
	count	jobs
	2	CNVnator
	2	Manta
	2	Manta_conf
	1	all
	7

[Mon Jul 20 21:53:47 2020]
rule CNVnator:
    input: ../../ngs_test_data/data1/HQbam/HG001_N.bam, ../../ngs_test_data/data1/HQbam/HG001_N.bam.bai, ../../ngs_test_data/data1/genome/GRCh38/GRCh38_full_analysis_set_plus_decoy_hla.fa, ../../ngs_test_data/data1/genome/GRCh38/GRCh38_full_analysis_set_plus_decoy_hla.fa.fai
    output: ../../ngs_test_data/data1/germlineVar/cnvnator/perSample/HG001_N/HG001_N.cnvnator.root, ../../ngs_test_data/data1/germlineVar/cnvnator/perSample/HG001_N/HG001_N.raw.cnvnator
    log: ../../ngs_test_data/logs/gremlineVar/cnvnator/perSample/HG001_N/HG001_N.cnvnator.logs
    jobid: 31
    benchmark: ../../ngs_test_data/benchmark/gremlineVar/cnvnator/perSample/HG001_N/HG001_N.cnvnator.tsv
    wildcards: bam_sample=HG001_N
    threads: 2


[Mon Jul 20 21:53:47 2020]
rule CNVnator:
    input: ../../ngs_test_data/data1/HQbam/HG001_N1.bam, ../../ngs_test_data/data1/HQbam/HG001_N1.bam.bai, ../../ngs_test_data/data1/genome/GRCh38/GRCh38_full_analysis_set_plus_decoy_hla.fa, ../../ngs_test_data/data1/genome/GRCh38/GRCh38_full_analysis_set_plus_decoy_hla.fa.fai
    output: ../../ngs_test_data/data1/germlineVar/cnvnator/perSample/HG001_N1/HG001_N1.cnvnator.root, ../../ngs_test_data/data1/germlineVar/cnvnator/perSample/HG001_N1/HG001_N1.raw.cnvnator
    log: ../../ngs_test_data/logs/gremlineVar/cnvnator/perSample/HG001_N1/HG001_N1.cnvnator.logs
    jobid: 30
    benchmark: ../../ngs_test_data/benchmark/gremlineVar/cnvnator/perSample/HG001_N1/HG001_N1.cnvnator.tsv
    wildcards: bam_sample=HG001_N1
    threads: 2


[Mon Jul 20 21:53:47 2020]
rule Manta_conf:
    input: ../../ngs_test_data/data1/HQbam/HG001_N1.bam, ../../ngs_test_data/data1/HQbam/HG001_N1.bam.bai, ../../ngs_test_data/data1/genome/GRCh38/GRCh38_full_analysis_set_plus_decoy_hla.fa, ../../ngs_test_data/data1/genome/GRCh38/GRCh38_full_analysis_set_plus_decoy_hla.fa.fai
    output: ../../ngs_test_data/data1/germlineVar/manta/perSample/HG001_N1/HG001_N1_manta, ../../ngs_test_data/data1/germlineVar/manta/perSample/HG001_N1/HG001_N1
    log: ../../ngs_test_data/logs/gremlineVar/manta/perSample/HG001_N1/HG001_N1.manta_conf.logs
    jobid: 137
    benchmark: ../../ngs_test_data/benchmark/gremlineVar/manta/perSample/HG001_N1/HG001_N1.manta_conf.tsv
    wildcards: bam_sample=HG001_N1
    threads: 2

[Mon Jul 20 21:53:48 2020]
rule Manta_conf:
    input: ../../ngs_test_data/data1/HQbam/HG001_N.bam, ../../ngs_test_data/data1/HQbam/HG001_N.bam.bai, ../../ngs_test_data/data1/genome/GRCh38/GRCh38_full_analysis_set_plus_decoy_hla.fa, ../../ngs_test_data/data1/genome/GRCh38/GRCh38_full_analysis_set_plus_decoy_hla.fa.fai
    output: ../../ngs_test_data/data1/germlineVar/manta/perSample/HG001_N/HG001_N_manta, ../../ngs_test_data/data1/germlineVar/manta/perSample/HG001_N/HG001_N
    log: ../../ngs_test_data/logs/gremlineVar/manta/perSample/HG001_N/HG001_N.manta_conf.logs
    jobid: 138
    benchmark: ../../ngs_test_data/benchmark/gremlineVar/manta/perSample/HG001_N/HG001_N.manta_conf.tsv
    wildcards: bam_sample=HG001_N
    threads: 2

[Mon Jul 20 21:53:51 2020]
Finished job 137.
1 of 7 steps (14%) done
[Mon Jul 20 21:53:51 2020]
Finished job 138.
2 of 7 steps (29%) done

[Mon Jul 20 21:53:51 2020]
rule Manta:
    input: ../../ngs_test_data/data1/germlineVar/manta/perSample/HG001_N1/HG001_N1
    output: ../../ngs_test_data/data1/germlineVar/manta/perSample/HG001_N1/HG001_N1_manta/results/variants/diploidSV.vcf.gz, ../../ngs_test_data/data1/germlineVar/manta/perSample/HG001_N1/HG001_N1_manta.raw.vcf.gz
    log: ../../ngs_test_data/logs/gremlineVar/manta/perSample/HG001_N1/HG001_N1.manta.logs
    jobid: 34
    benchmark: ../../ngs_test_data/benchmark/gremlineVar/manta/perSample/HG001_N1/HG001_N1.manta.tsv
    wildcards: bam_sample=HG001_N1
    threads: 4


[Mon Jul 20 21:53:52 2020]
rule Manta:
    input: ../../ngs_test_data/data1/germlineVar/manta/perSample/HG001_N/HG001_N
    output: ../../ngs_test_data/data1/germlineVar/manta/perSample/HG001_N/HG001_N_manta/results/variants/diploidSV.vcf.gz, ../../ngs_test_data/data1/germlineVar/manta/perSample/HG001_N/HG001_N_manta.raw.vcf.gz
    log: ../../ngs_test_data/logs/gremlineVar/manta/perSample/HG001_N/HG001_N.manta.logs
    jobid: 35
    benchmark: ../../ngs_test_data/benchmark/gremlineVar/manta/perSample/HG001_N/HG001_N.manta.tsv
    wildcards: bam_sample=HG001_N
    threads: 4

Removing temporary output file ../../ngs_test_data/data1/germlineVar/manta/perSample/HG001_N/HG001_N.
[Mon Jul 20 22:06:14 2020]
Finished job 35.
3 of 7 steps (43%) done
Removing temporary output file ../../ngs_test_data/data1/germlineVar/manta/perSample/HG001_N1/HG001_N1.
[Mon Jul 20 22:18:33 2020]
Finished job 34.
4 of 7 steps (57%) done
Terminating processes on user request, this might take some time.
