Building DAG of jobs...
Using shell: /usr/bin/bash
Provided cores: 10
Rules claiming more threads will be scaled down.
Job counts:
	count	jobs
	1	HC_VQSLOD
	4	HC_applyVQSR
	1	all
	4	tabix
	10

[Sun Aug  9 15:01:57 2020]
rule HC_applyVQSR:
    input: /home/pengjia/ProjectSnake/ngs_test_data/data2/germlineVar/HC/perSample/HG001_N1/HG001_N1.HC.raw.vcf.gz, /home/pengjia/ProjectSnake/ngs_test_data/data2/germlineVar/HC/perSample/HG001_N1/HG001_N1.HC.VQSLOD.SNV.recal, /home/pengjia/ProjectSnake/ngs_test_data/data2/germlineVar/HC/perSample/HG001_N1/HG001_N1.HC.VQSLOD.SNV.tranches
    output: /home/pengjia/ProjectSnake/ngs_test_data/data2/germlineVar/HC/perSample/HG001_N1/HG001_N1.HC.SNV.VQSR.vcf.gz
    log: /home/pengjia/ProjectSnake/ngs_test_data/logs/gremlineVar/HC/perSample/HG001_N1/HG001_N1.HC_JointCall_Joint_applyVQSR_SNV.logs
    jobid: 57
    benchmark: /home/pengjia/ProjectSnake/ngs_test_data/benchmark/gremlineVar/HC/j/perSample/HG001_N1/HG001_N1.HC_JointCall_Joint_applyVQSR_SNV.tsv
    wildcards: bam_sample=HG001_N1, vartype=SNV
    threads: 4

[Sun Aug  9 15:01:57 2020]
rule HC_VQSLOD:
    input: /home/pengjia/ProjectSnake/ngs_test_data/data2/germlineVar/HC/perSample/HG001_N/HG001_N.HC.raw.vcf.gz, /home/pengjia/ProjectSnake/ngs_test_data/data2/genome/GRCh38/GRCh38.d1.vd1.fa, /home/DATA/REFGENOMEDB/human/GRCh38.d1.vd1/variantsDB/hapmap_3.3.hg38.vcf.gz, /home/DATA/REFGENOMEDB/human/GRCh38.d1.vd1/variantsDB/1000G_omni2.5.hg38.vcf.gz, /home/DATA/REFGENOMEDB/human/GRCh38.d1.vd1/variantsDB/1000G_phase1.snps.high_confidence.hg38.vcf.gz, /home/DATA/REFGENOMEDB/human/GRCh38.d1.vd1/variantsDB/dbsnp_146.hg38.vcf.gz, /home/DATA/REFGENOMEDB/human/GRCh38.d1.vd1/variantsDB/Mills_and_1000G_gold_standard.indels.hg38.vcf.gz, /home/DATA/REFGENOMEDB/human/GRCh38.d1.vd1/variantsDB/Axiom_Exome_Plus.genotypes.all_populations.poly.hg38.vcf.gz, /home/DATA/REFGENOMEDB/human/GRCh38.d1.vd1/variantsDB/dbsnp_146.hg38.vcf.gz.tbi, /home/DATA/REFGENOMEDB/human/GRCh38.d1.vd1/variantsDB/Mills_and_1000G_gold_standard.indels.hg38.vcf.gz.tbi, /home/DATA/REFGENOMEDB/human/GRCh38.d1.vd1/variantsDB/1000G_phase1.snps.high_confidence.hg38.vcf.gz.tbi, /home/DATA/REFGENOMEDB/human/GRCh38.d1.vd1/variantsDB/hapmap_3.3.hg38.vcf.gz.tbi, /home/DATA/REFGENOMEDB/human/GRCh38.d1.vd1/variantsDB/1000G_omni2.5.hg38.vcf.gz.tbi, /home/DATA/REFGENOMEDB/human/GRCh38.d1.vd1/variantsDB/Axiom_Exome_Plus.genotypes.all_populations.poly.hg38.vcf.gz.tbi
    output: /home/pengjia/ProjectSnake/ngs_test_data/data2/germlineVar/HC/perSample/HG001_N/HG001_N.HC.VQSLOD.SNV.recal, /home/pengjia/ProjectSnake/ngs_test_data/data2/germlineVar/HC/perSample/HG001_N/HG001_N.HC.VQSLOD.SNV.tranches
    log: /home/pengjia/ProjectSnake/ngs_test_data/logs/gremlineVar/HC/perSample/HG001_N/HG001_N.HC_JointCall_Joint_VQSLOD_SNV.logs
    jobid: 144
    benchmark: /home/pengjia/ProjectSnake/ngs_test_data/benchmark/gremlineVar/HC/jperSample/HG001_N/HG001_N.HC_JointCall_Joint_VQSLOD_SNV.tsv
    wildcards: bam_sample=HG001_N, vartype=SNV
    threads: 4

[Sun Aug  9 15:02:18 2020]
Finished job 57.
1 of 10 steps (10%) done

[Sun Aug  9 15:02:18 2020]
rule tabix:
    input: /home/pengjia/ProjectSnake/ngs_test_data/data2/germlineVar/HC/perSample/HG001_N1/HG001_N1.HC.SNV.VQSR.vcf.gz
    output: /home/pengjia/ProjectSnake/ngs_test_data/data2/germlineVar/HC/perSample/HG001_N1/HG001_N1.HC.SNV.VQSR.vcf.gz.tbi
    jobid: 9
    wildcards: prefix=/home/pengjia/ProjectSnake/ngs_test_data/data2/germlineVar/HC/perSample/HG001_N1/HG001_N1.HC.SNV.VQSR

[Sun Aug  9 15:02:18 2020]
rule HC_applyVQSR:
    input: /home/pengjia/ProjectSnake/ngs_test_data/data2/germlineVar/HC/perSample/HG001_N1/HG001_N1.HC.raw.vcf.gz, /home/pengjia/ProjectSnake/ngs_test_data/data2/germlineVar/HC/perSample/HG001_N1/HG001_N1.HC.VQSLOD.INDEL.recal, /home/pengjia/ProjectSnake/ngs_test_data/data2/germlineVar/HC/perSample/HG001_N1/HG001_N1.HC.VQSLOD.INDEL.tranches
    output: /home/pengjia/ProjectSnake/ngs_test_data/data2/germlineVar/HC/perSample/HG001_N1/HG001_N1.HC.INDEL.VQSR.vcf.gz
    log: /home/pengjia/ProjectSnake/ngs_test_data/logs/gremlineVar/HC/perSample/HG001_N1/HG001_N1.HC_JointCall_Joint_applyVQSR_INDEL.logs
    jobid: 58
    benchmark: /home/pengjia/ProjectSnake/ngs_test_data/benchmark/gremlineVar/HC/j/perSample/HG001_N1/HG001_N1.HC_JointCall_Joint_applyVQSR_INDEL.tsv
    wildcards: bam_sample=HG001_N1, vartype=INDEL
    threads: 4

[Sun Aug  9 15:02:20 2020]
Finished job 9.
2 of 10 steps (20%) done
[Sun Aug  9 15:02:26 2020]
Finished job 58.
3 of 10 steps (30%) done

[Sun Aug  9 15:02:26 2020]
rule tabix:
    input: /home/pengjia/ProjectSnake/ngs_test_data/data2/germlineVar/HC/perSample/HG001_N1/HG001_N1.HC.INDEL.VQSR.vcf.gz
    output: /home/pengjia/ProjectSnake/ngs_test_data/data2/germlineVar/HC/perSample/HG001_N1/HG001_N1.HC.INDEL.VQSR.vcf.gz.tbi
    jobid: 10
    wildcards: prefix=/home/pengjia/ProjectSnake/ngs_test_data/data2/germlineVar/HC/perSample/HG001_N1/HG001_N1.HC.INDEL.VQSR

[Sun Aug  9 15:02:27 2020]
rule HC_applyVQSR:
    input: /home/pengjia/ProjectSnake/ngs_test_data/data2/germlineVar/HC/perSample/HG001_N/HG001_N.HC.raw.vcf.gz, /home/pengjia/ProjectSnake/ngs_test_data/data2/germlineVar/HC/perSample/HG001_N/HG001_N.HC.VQSLOD.INDEL.recal, /home/pengjia/ProjectSnake/ngs_test_data/data2/germlineVar/HC/perSample/HG001_N/HG001_N.HC.VQSLOD.INDEL.tranches
    output: /home/pengjia/ProjectSnake/ngs_test_data/data2/germlineVar/HC/perSample/HG001_N/HG001_N.HC.INDEL.VQSR.vcf.gz
    log: /home/pengjia/ProjectSnake/ngs_test_data/logs/gremlineVar/HC/perSample/HG001_N/HG001_N.HC_JointCall_Joint_applyVQSR_INDEL.logs
    jobid: 56
    benchmark: /home/pengjia/ProjectSnake/ngs_test_data/benchmark/gremlineVar/HC/j/perSample/HG001_N/HG001_N.HC_JointCall_Joint_applyVQSR_INDEL.tsv
    wildcards: bam_sample=HG001_N, vartype=INDEL
    threads: 4

[Sun Aug  9 15:02:29 2020]
Finished job 10.
4 of 10 steps (40%) done
[Sun Aug  9 15:02:34 2020]
Finished job 56.
5 of 10 steps (50%) done

[Sun Aug  9 15:02:34 2020]
rule tabix:
    input: /home/pengjia/ProjectSnake/ngs_test_data/data2/germlineVar/HC/perSample/HG001_N/HG001_N.HC.INDEL.VQSR.vcf.gz
    output: /home/pengjia/ProjectSnake/ngs_test_data/data2/germlineVar/HC/perSample/HG001_N/HG001_N.HC.INDEL.VQSR.vcf.gz.tbi
    jobid: 8
    wildcards: prefix=/home/pengjia/ProjectSnake/ngs_test_data/data2/germlineVar/HC/perSample/HG001_N/HG001_N.HC.INDEL.VQSR

[Sun Aug  9 15:02:36 2020]
Finished job 8.
6 of 10 steps (60%) done
Job failed, going on with independent jobs.
Exiting because a job execution failed. Look above for error message
Complete log: /home/pengjia/ProjectSnake/DNAseq/dna/.snakemake/log/2020-08-09T150117.771136.snakemake.log
