Building DAG of jobs...
Using shell: /usr/bin/bash
Provided cores: 15
Rules claiming more threads will be scaled down.
Job counts:
	count	jobs
	1	GenomeIndexPicard
	50	HC_CallVar
	25	HC_CombineCalls
	2	HC_FileterINDElHard
	2	HC_FileterSNVHard
	50	HC_GT
	25	HC_GT_jointCall
	1	HC_JointCall_FileterINDElHard
	1	HC_JointCall_FileterSNVHard
	1	HC_JointCall_SelectSNV
	2	HC_MergeVCF
	1	HC_MergeVCF_jointCall
	1	all
	162

[Wed Jul 15 09:35:11 2020]
rule GenomeIndexPicard:
    input: ../../ngs_test_data/data/genome/GRCh38/GRCh38_full_analysis_set_plus_decoy_hla.fa
    output: ../../ngs_test_data/data/genome/GRCh38/GRCh38_full_analysis_set_plus_decoy_hla.dict
    log: ../../ngs_test_data/logs/genomeindex/genomeindex_picard.log
    jobid: 212

[Wed Jul 15 09:35:12 2020]
Finished job 212.
1 of 162 steps (0.62%) done

[Wed Jul 15 09:35:12 2020]
rule HC_CallVar:
    input: ../../ngs_test_data/data/HQbam/HG001_N1.bam, ../../ngs_test_data/data/HQbam/HG001_N1.bam.bai, ../../ngs_test_data/data/genome/GRCh38/GRCh38_full_analysis_set_plus_decoy_hla.fa, ../../ngs_test_data/data/genome/GRCh38/GRCh38_full_analysis_set_plus_decoy_hla.fa.fai, ../../ngs_test_data/data/genome/GRCh38/GRCh38_full_analysis_set_plus_decoy_hla.fa.fai_chrom, ../../ngs_test_data/data/genome/GRCh38/GRCh38_full_analysis_set_plus_decoy_hla.dict
    output: ../../ngs_test_data/data/germlineVar/HC/perContig/HG001_N1/HG001_N1.chr3.g.vcf.gz
    log: ../../ngs_test_data/logs/gremlineVar/HC/perContig/HG001_N1/HG001_N1.HC.chr3.logs
    jobid: 150
    benchmark: ../../ngs_test_data/benchmark/gremlineVar/HC/perContig/HG001_N1/HG001_N1.HC.chr3.tsv
    wildcards: bam_sample=HG001_N1, contig=chr3
    threads: 4

[Wed Jul 15 09:35:12 2020]
rule HC_CallVar:
    input: ../../ngs_test_data/data/HQbam/HG001_N1.bam, ../../ngs_test_data/data/HQbam/HG001_N1.bam.bai, ../../ngs_test_data/data/genome/GRCh38/GRCh38_full_analysis_set_plus_decoy_hla.fa, ../../ngs_test_data/data/genome/GRCh38/GRCh38_full_analysis_set_plus_decoy_hla.fa.fai, ../../ngs_test_data/data/genome/GRCh38/GRCh38_full_analysis_set_plus_decoy_hla.fa.fai_chrom, ../../ngs_test_data/data/genome/GRCh38/GRCh38_full_analysis_set_plus_decoy_hla.dict
    output: ../../ngs_test_data/data/germlineVar/HC/perContig/HG001_N1/HG001_N1.chrM.g.vcf.gz
    log: ../../ngs_test_data/logs/gremlineVar/HC/perContig/HG001_N1/HG001_N1.HC.chrM.logs
    jobid: 172
    benchmark: ../../ngs_test_data/benchmark/gremlineVar/HC/perContig/HG001_N1/HG001_N1.HC.chrM.tsv
    wildcards: bam_sample=HG001_N1, contig=chrM
    threads: 4

[Wed Jul 15 09:35:12 2020]
rule HC_CallVar:
    input: ../../ngs_test_data/data/HQbam/HG001_N1.bam, ../../ngs_test_data/data/HQbam/HG001_N1.bam.bai, ../../ngs_test_data/data/genome/GRCh38/GRCh38_full_analysis_set_plus_decoy_hla.fa, ../../ngs_test_data/data/genome/GRCh38/GRCh38_full_analysis_set_plus_decoy_hla.fa.fai, ../../ngs_test_data/data/genome/GRCh38/GRCh38_full_analysis_set_plus_decoy_hla.fa.fai_chrom, ../../ngs_test_data/data/genome/GRCh38/GRCh38_full_analysis_set_plus_decoy_hla.dict
    output: ../../ngs_test_data/data/germlineVar/HC/perContig/HG001_N1/HG001_N1.chr11.g.vcf.gz
    log: ../../ngs_test_data/logs/gremlineVar/HC/perContig/HG001_N1/HG001_N1.HC.chr11.logs
    jobid: 158
    benchmark: ../../ngs_test_data/benchmark/gremlineVar/HC/perContig/HG001_N1/HG001_N1.HC.chr11.tsv
    wildcards: bam_sample=HG001_N1, contig=chr11
    threads: 4

[Wed Jul 15 09:35:17 2020]
Finished job 172.
2 of 162 steps (1%) done

[Wed Jul 15 09:35:17 2020]
rule HC_CallVar:
    input: ../../ngs_test_data/data/HQbam/HG001_N1.bam, ../../ngs_test_data/data/HQbam/HG001_N1.bam.bai, ../../ngs_test_data/data/genome/GRCh38/GRCh38_full_analysis_set_plus_decoy_hla.fa, ../../ngs_test_data/data/genome/GRCh38/GRCh38_full_analysis_set_plus_decoy_hla.fa.fai, ../../ngs_test_data/data/genome/GRCh38/GRCh38_full_analysis_set_plus_decoy_hla.fa.fai_chrom, ../../ngs_test_data/data/genome/GRCh38/GRCh38_full_analysis_set_plus_decoy_hla.dict
    output: ../../ngs_test_data/data/germlineVar/HC/perContig/HG001_N1/HG001_N1.chr12.g.vcf.gz
    log: ../../ngs_test_data/logs/gremlineVar/HC/perContig/HG001_N1/HG001_N1.HC.chr12.logs
    jobid: 159
    benchmark: ../../ngs_test_data/benchmark/gremlineVar/HC/perContig/HG001_N1/HG001_N1.HC.chr12.tsv
    wildcards: bam_sample=HG001_N1, contig=chr12
    threads: 4

[Wed Jul 15 09:36:34 2020]
Finished job 158.
3 of 162 steps (2%) done

[Wed Jul 15 09:36:34 2020]
rule HC_CallVar:
    input: ../../ngs_test_data/data/HQbam/HG001_N1.bam, ../../ngs_test_data/data/HQbam/HG001_N1.bam.bai, ../../ngs_test_data/data/genome/GRCh38/GRCh38_full_analysis_set_plus_decoy_hla.fa, ../../ngs_test_data/data/genome/GRCh38/GRCh38_full_analysis_set_plus_decoy_hla.fa.fai, ../../ngs_test_data/data/genome/GRCh38/GRCh38_full_analysis_set_plus_decoy_hla.fa.fai_chrom, ../../ngs_test_data/data/genome/GRCh38/GRCh38_full_analysis_set_plus_decoy_hla.dict
    output: ../../ngs_test_data/data/germlineVar/HC/perContig/HG001_N1/HG001_N1.chr14.g.vcf.gz
    log: ../../ngs_test_data/logs/gremlineVar/HC/perContig/HG001_N1/HG001_N1.HC.chr14.logs
    jobid: 161
    benchmark: ../../ngs_test_data/benchmark/gremlineVar/HC/perContig/HG001_N1/HG001_N1.HC.chr14.tsv
    wildcards: bam_sample=HG001_N1, contig=chr14
    threads: 4

[Wed Jul 15 09:36:35 2020]
Finished job 159.
4 of 162 steps (2%) done

[Wed Jul 15 09:36:35 2020]
rule HC_CallVar:
    input: ../../ngs_test_data/data/HQbam/HG001_N1.bam, ../../ngs_test_data/data/HQbam/HG001_N1.bam.bai, ../../ngs_test_data/data/genome/GRCh38/GRCh38_full_analysis_set_plus_decoy_hla.fa, ../../ngs_test_data/data/genome/GRCh38/GRCh38_full_analysis_set_plus_decoy_hla.fa.fai, ../../ngs_test_data/data/genome/GRCh38/GRCh38_full_analysis_set_plus_decoy_hla.fa.fai_chrom, ../../ngs_test_data/data/genome/GRCh38/GRCh38_full_analysis_set_plus_decoy_hla.dict
    output: ../../ngs_test_data/data/germlineVar/HC/perContig/HG001_N1/HG001_N1.chr1.g.vcf.gz
    log: ../../ngs_test_data/logs/gremlineVar/HC/perContig/HG001_N1/HG001_N1.HC.chr1.logs
    jobid: 148
    benchmark: ../../ngs_test_data/benchmark/gremlineVar/HC/perContig/HG001_N1/HG001_N1.HC.chr1.tsv
    wildcards: bam_sample=HG001_N1, contig=chr1
    threads: 4

[Wed Jul 15 09:37:07 2020]
Finished job 150.
5 of 162 steps (3%) done

[Wed Jul 15 09:37:07 2020]
rule HC_CallVar:
    input: ../../ngs_test_data/data/HQbam/HG001_N1.bam, ../../ngs_test_data/data/HQbam/HG001_N1.bam.bai, ../../ngs_test_data/data/genome/GRCh38/GRCh38_full_analysis_set_plus_decoy_hla.fa, ../../ngs_test_data/data/genome/GRCh38/GRCh38_full_analysis_set_plus_decoy_hla.fa.fai, ../../ngs_test_data/data/genome/GRCh38/GRCh38_full_analysis_set_plus_decoy_hla.fa.fai_chrom, ../../ngs_test_data/data/genome/GRCh38/GRCh38_full_analysis_set_plus_decoy_hla.dict
    output: ../../ngs_test_data/data/germlineVar/HC/perContig/HG001_N1/HG001_N1.chrX.g.vcf.gz
    log: ../../ngs_test_data/logs/gremlineVar/HC/perContig/HG001_N1/HG001_N1.HC.chrX.logs
    jobid: 170
    benchmark: ../../ngs_test_data/benchmark/gremlineVar/HC/perContig/HG001_N1/HG001_N1.HC.chrX.tsv
    wildcards: bam_sample=HG001_N1, contig=chrX
    threads: 4

[Wed Jul 15 09:37:34 2020]
Finished job 161.
6 of 162 steps (4%) done

[Wed Jul 15 09:37:34 2020]
rule HC_CallVar:
    input: ../../ngs_test_data/data/HQbam/HG001_N1.bam, ../../ngs_test_data/data/HQbam/HG001_N1.bam.bai, ../../ngs_test_data/data/genome/GRCh38/GRCh38_full_analysis_set_plus_decoy_hla.fa, ../../ngs_test_data/data/genome/GRCh38/GRCh38_full_analysis_set_plus_decoy_hla.fa.fai, ../../ngs_test_data/data/genome/GRCh38/GRCh38_full_analysis_set_plus_decoy_hla.fa.fai_chrom, ../../ngs_test_data/data/genome/GRCh38/GRCh38_full_analysis_set_plus_decoy_hla.dict
    output: ../../ngs_test_data/data/germlineVar/HC/perContig/HG001_N1/HG001_N1.chr7.g.vcf.gz
    log: ../../ngs_test_data/logs/gremlineVar/HC/perContig/HG001_N1/HG001_N1.HC.chr7.logs
    jobid: 154
    benchmark: ../../ngs_test_data/benchmark/gremlineVar/HC/perContig/HG001_N1/HG001_N1.HC.chr7.tsv
    wildcards: bam_sample=HG001_N1, contig=chr7
    threads: 4

[Wed Jul 15 09:38:38 2020]
Finished job 170.
7 of 162 steps (4%) done

[Wed Jul 15 09:38:38 2020]
rule HC_CallVar:
    input: ../../ngs_test_data/data/HQbam/HG001_N1.bam, ../../ngs_test_data/data/HQbam/HG001_N1.bam.bai, ../../ngs_test_data/data/genome/GRCh38/GRCh38_full_analysis_set_plus_decoy_hla.fa, ../../ngs_test_data/data/genome/GRCh38/GRCh38_full_analysis_set_plus_decoy_hla.fa.fai, ../../ngs_test_data/data/genome/GRCh38/GRCh38_full_analysis_set_plus_decoy_hla.fa.fai_chrom, ../../ngs_test_data/data/genome/GRCh38/GRCh38_full_analysis_set_plus_decoy_hla.dict
    output: ../../ngs_test_data/data/germlineVar/HC/perContig/HG001_N1/HG001_N1.chr22.g.vcf.gz
    log: ../../ngs_test_data/logs/gremlineVar/HC/perContig/HG001_N1/HG001_N1.HC.chr22.logs
    jobid: 169
    benchmark: ../../ngs_test_data/benchmark/gremlineVar/HC/perContig/HG001_N1/HG001_N1.HC.chr22.tsv
    wildcards: bam_sample=HG001_N1, contig=chr22
    threads: 4

[Wed Jul 15 09:39:07 2020]
Finished job 148.
8 of 162 steps (5%) done

[Wed Jul 15 09:39:07 2020]
rule HC_CallVar:
    input: ../../ngs_test_data/data/HQbam/HG001_N1.bam, ../../ngs_test_data/data/HQbam/HG001_N1.bam.bai, ../../ngs_test_data/data/genome/GRCh38/GRCh38_full_analysis_set_plus_decoy_hla.fa, ../../ngs_test_data/data/genome/GRCh38/GRCh38_full_analysis_set_plus_decoy_hla.fa.fai, ../../ngs_test_data/data/genome/GRCh38/GRCh38_full_analysis_set_plus_decoy_hla.fa.fai_chrom, ../../ngs_test_data/data/genome/GRCh38/GRCh38_full_analysis_set_plus_decoy_hla.dict
    output: ../../ngs_test_data/data/germlineVar/HC/perContig/HG001_N1/HG001_N1.chr10.g.vcf.gz
    log: ../../ngs_test_data/logs/gremlineVar/HC/perContig/HG001_N1/HG001_N1.HC.chr10.logs
    jobid: 157
    benchmark: ../../ngs_test_data/benchmark/gremlineVar/HC/perContig/HG001_N1/HG001_N1.HC.chr10.tsv
    wildcards: bam_sample=HG001_N1, contig=chr10
    threads: 4

[Wed Jul 15 09:39:08 2020]
Finished job 154.
9 of 162 steps (6%) done

[Wed Jul 15 09:39:08 2020]
rule HC_CallVar:
    input: ../../ngs_test_data/data/HQbam/HG001_N1.bam, ../../ngs_test_data/data/HQbam/HG001_N1.bam.bai, ../../ngs_test_data/data/genome/GRCh38/GRCh38_full_analysis_set_plus_decoy_hla.fa, ../../ngs_test_data/data/genome/GRCh38/GRCh38_full_analysis_set_plus_decoy_hla.fa.fai, ../../ngs_test_data/data/genome/GRCh38/GRCh38_full_analysis_set_plus_decoy_hla.fa.fai_chrom, ../../ngs_test_data/data/genome/GRCh38/GRCh38_full_analysis_set_plus_decoy_hla.dict
    output: ../../ngs_test_data/data/germlineVar/HC/perContig/HG001_N1/HG001_N1.chr13.g.vcf.gz
    log: ../../ngs_test_data/logs/gremlineVar/HC/perContig/HG001_N1/HG001_N1.HC.chr13.logs
    jobid: 160
    benchmark: ../../ngs_test_data/benchmark/gremlineVar/HC/perContig/HG001_N1/HG001_N1.HC.chr13.tsv
    wildcards: bam_sample=HG001_N1, contig=chr13
    threads: 4

[Wed Jul 15 09:39:14 2020]
Finished job 169.
10 of 162 steps (6%) done

[Wed Jul 15 09:39:14 2020]
rule HC_CallVar:
    input: ../../ngs_test_data/data/HQbam/HG001_N1.bam, ../../ngs_test_data/data/HQbam/HG001_N1.bam.bai, ../../ngs_test_data/data/genome/GRCh38/GRCh38_full_analysis_set_plus_decoy_hla.fa, ../../ngs_test_data/data/genome/GRCh38/GRCh38_full_analysis_set_plus_decoy_hla.fa.fai, ../../ngs_test_data/data/genome/GRCh38/GRCh38_full_analysis_set_plus_decoy_hla.fa.fai_chrom, ../../ngs_test_data/data/genome/GRCh38/GRCh38_full_analysis_set_plus_decoy_hla.dict
    output: ../../ngs_test_data/data/germlineVar/HC/perContig/HG001_N1/HG001_N1.chr9.g.vcf.gz
    log: ../../ngs_test_data/logs/gremlineVar/HC/perContig/HG001_N1/HG001_N1.HC.chr9.logs
    jobid: 156
    benchmark: ../../ngs_test_data/benchmark/gremlineVar/HC/perContig/HG001_N1/HG001_N1.HC.chr9.tsv
    wildcards: bam_sample=HG001_N1, contig=chr9
    threads: 4

[Wed Jul 15 09:40:19 2020]
Finished job 160.
11 of 162 steps (7%) done

[Wed Jul 15 09:40:19 2020]
rule HC_CallVar:
    input: ../../ngs_test_data/data/HQbam/HG001_N1.bam, ../../ngs_test_data/data/HQbam/HG001_N1.bam.bai, ../../ngs_test_data/data/genome/GRCh38/GRCh38_full_analysis_set_plus_decoy_hla.fa, ../../ngs_test_data/data/genome/GRCh38/GRCh38_full_analysis_set_plus_decoy_hla.fa.fai, ../../ngs_test_data/data/genome/GRCh38/GRCh38_full_analysis_set_plus_decoy_hla.fa.fai_chrom, ../../ngs_test_data/data/genome/GRCh38/GRCh38_full_analysis_set_plus_decoy_hla.dict
    output: ../../ngs_test_data/data/germlineVar/HC/perContig/HG001_N1/HG001_N1.chr8.g.vcf.gz
    log: ../../ngs_test_data/logs/gremlineVar/HC/perContig/HG001_N1/HG001_N1.HC.chr8.logs
    jobid: 155
    benchmark: ../../ngs_test_data/benchmark/gremlineVar/HC/perContig/HG001_N1/HG001_N1.HC.chr8.tsv
    wildcards: bam_sample=HG001_N1, contig=chr8
    threads: 4

[Wed Jul 15 09:40:35 2020]
Finished job 157.
12 of 162 steps (7%) done

[Wed Jul 15 09:40:35 2020]
rule HC_CallVar:
    input: ../../ngs_test_data/data/HQbam/HG001_N1.bam, ../../ngs_test_data/data/HQbam/HG001_N1.bam.bai, ../../ngs_test_data/data/genome/GRCh38/GRCh38_full_analysis_set_plus_decoy_hla.fa, ../../ngs_test_data/data/genome/GRCh38/GRCh38_full_analysis_set_plus_decoy_hla.fa.fai, ../../ngs_test_data/data/genome/GRCh38/GRCh38_full_analysis_set_plus_decoy_hla.fa.fai_chrom, ../../ngs_test_data/data/genome/GRCh38/GRCh38_full_analysis_set_plus_decoy_hla.dict
    output: ../../ngs_test_data/data/germlineVar/HC/perContig/HG001_N1/HG001_N1.chr18.g.vcf.gz
    log: ../../ngs_test_data/logs/gremlineVar/HC/perContig/HG001_N1/HG001_N1.HC.chr18.logs
    jobid: 165
    benchmark: ../../ngs_test_data/benchmark/gremlineVar/HC/perContig/HG001_N1/HG001_N1.HC.chr18.tsv
    wildcards: bam_sample=HG001_N1, contig=chr18
    threads: 4

[Wed Jul 15 09:40:42 2020]
Finished job 156.
13 of 162 steps (8%) done

[Wed Jul 15 09:40:42 2020]
rule HC_CallVar:
    input: ../../ngs_test_data/data/HQbam/HG001_N1.bam, ../../ngs_test_data/data/HQbam/HG001_N1.bam.bai, ../../ngs_test_data/data/genome/GRCh38/GRCh38_full_analysis_set_plus_decoy_hla.fa, ../../ngs_test_data/data/genome/GRCh38/GRCh38_full_analysis_set_plus_decoy_hla.fa.fai, ../../ngs_test_data/data/genome/GRCh38/GRCh38_full_analysis_set_plus_decoy_hla.fa.fai_chrom, ../../ngs_test_data/data/genome/GRCh38/GRCh38_full_analysis_set_plus_decoy_hla.dict
    output: ../../ngs_test_data/data/germlineVar/HC/perContig/HG001_N1/HG001_N1.chr21.g.vcf.gz
    log: ../../ngs_test_data/logs/gremlineVar/HC/perContig/HG001_N1/HG001_N1.HC.chr21.logs
    jobid: 168
    benchmark: ../../ngs_test_data/benchmark/gremlineVar/HC/perContig/HG001_N1/HG001_N1.HC.chr21.tsv
    wildcards: bam_sample=HG001_N1, contig=chr21
    threads: 4

[Wed Jul 15 09:41:19 2020]
Finished job 168.
14 of 162 steps (9%) done

[Wed Jul 15 09:41:19 2020]
rule HC_CallVar:
    input: ../../ngs_test_data/data/HQbam/HG001_N1.bam, ../../ngs_test_data/data/HQbam/HG001_N1.bam.bai, ../../ngs_test_data/data/genome/GRCh38/GRCh38_full_analysis_set_plus_decoy_hla.fa, ../../ngs_test_data/data/genome/GRCh38/GRCh38_full_analysis_set_plus_decoy_hla.fa.fai, ../../ngs_test_data/data/genome/GRCh38/GRCh38_full_analysis_set_plus_decoy_hla.fa.fai_chrom, ../../ngs_test_data/data/genome/GRCh38/GRCh38_full_analysis_set_plus_decoy_hla.dict
    output: ../../ngs_test_data/data/germlineVar/HC/perContig/HG001_N1/HG001_N1.chr15.g.vcf.gz
    log: ../../ngs_test_data/logs/gremlineVar/HC/perContig/HG001_N1/HG001_N1.HC.chr15.logs
    jobid: 162
    benchmark: ../../ngs_test_data/benchmark/gremlineVar/HC/perContig/HG001_N1/HG001_N1.HC.chr15.tsv
    wildcards: bam_sample=HG001_N1, contig=chr15
    threads: 4

[Wed Jul 15 09:41:20 2020]
Finished job 165.
15 of 162 steps (9%) done

[Wed Jul 15 09:41:20 2020]
rule HC_CallVar:
    input: ../../ngs_test_data/data/HQbam/HG001_N1.bam, ../../ngs_test_data/data/HQbam/HG001_N1.bam.bai, ../../ngs_test_data/data/genome/GRCh38/GRCh38_full_analysis_set_plus_decoy_hla.fa, ../../ngs_test_data/data/genome/GRCh38/GRCh38_full_analysis_set_plus_decoy_hla.fa.fai, ../../ngs_test_data/data/genome/GRCh38/GRCh38_full_analysis_set_plus_decoy_hla.fa.fai_chrom, ../../ngs_test_data/data/genome/GRCh38/GRCh38_full_analysis_set_plus_decoy_hla.dict
    output: ../../ngs_test_data/data/germlineVar/HC/perContig/HG001_N1/HG001_N1.chr17.g.vcf.gz
    log: ../../ngs_test_data/logs/gremlineVar/HC/perContig/HG001_N1/HG001_N1.HC.chr17.logs
    jobid: 164
    benchmark: ../../ngs_test_data/benchmark/gremlineVar/HC/perContig/HG001_N1/HG001_N1.HC.chr17.tsv
    wildcards: bam_sample=HG001_N1, contig=chr17
    threads: 4

[Wed Jul 15 09:41:46 2020]
Finished job 155.
16 of 162 steps (10%) done

[Wed Jul 15 09:41:46 2020]
rule HC_CallVar:
    input: ../../ngs_test_data/data/HQbam/HG001_N1.bam, ../../ngs_test_data/data/HQbam/HG001_N1.bam.bai, ../../ngs_test_data/data/genome/GRCh38/GRCh38_full_analysis_set_plus_decoy_hla.fa, ../../ngs_test_data/data/genome/GRCh38/GRCh38_full_analysis_set_plus_decoy_hla.fa.fai, ../../ngs_test_data/data/genome/GRCh38/GRCh38_full_analysis_set_plus_decoy_hla.fa.fai_chrom, ../../ngs_test_data/data/genome/GRCh38/GRCh38_full_analysis_set_plus_decoy_hla.dict
    output: ../../ngs_test_data/data/germlineVar/HC/perContig/HG001_N1/HG001_N1.chrY.g.vcf.gz
    log: ../../ngs_test_data/logs/gremlineVar/HC/perContig/HG001_N1/HG001_N1.HC.chrY.logs
    jobid: 171
    benchmark: ../../ngs_test_data/benchmark/gremlineVar/HC/perContig/HG001_N1/HG001_N1.HC.chrY.tsv
    wildcards: bam_sample=HG001_N1, contig=chrY
    threads: 4

[Wed Jul 15 09:42:13 2020]
Finished job 164.
17 of 162 steps (10%) done

[Wed Jul 15 09:42:13 2020]
rule HC_CallVar:
    input: ../../ngs_test_data/data/HQbam/HG001_N1.bam, ../../ngs_test_data/data/HQbam/HG001_N1.bam.bai, ../../ngs_test_data/data/genome/GRCh38/GRCh38_full_analysis_set_plus_decoy_hla.fa, ../../ngs_test_data/data/genome/GRCh38/GRCh38_full_analysis_set_plus_decoy_hla.fa.fai, ../../ngs_test_data/data/genome/GRCh38/GRCh38_full_analysis_set_plus_decoy_hla.fa.fai_chrom, ../../ngs_test_data/data/genome/GRCh38/GRCh38_full_analysis_set_plus_decoy_hla.dict
    output: ../../ngs_test_data/data/germlineVar/HC/perContig/HG001_N1/HG001_N1.chr6.g.vcf.gz
    log: ../../ngs_test_data/logs/gremlineVar/HC/perContig/HG001_N1/HG001_N1.HC.chr6.logs
    jobid: 153
    benchmark: ../../ngs_test_data/benchmark/gremlineVar/HC/perContig/HG001_N1/HG001_N1.HC.chr6.tsv
    wildcards: bam_sample=HG001_N1, contig=chr6
    threads: 4

