Building DAG of jobs...
Using shell: /usr/bin/bash
Provided cores: 10
Rules claiming more threads will be scaled down.
Job counts:
	count	jobs
	1	HC_Joint_MakeSitesOnlyVcf
	2	HC_Joint_VQSLOD
	2	HC_Joint_applyVQSR
	4	HC_VQSLOD
	4	HC_applyVQSR
	1	all
	6	tabix
	20

[Sun Aug  9 15:13:11 2020]
rule HC_VQSLOD:
    input: /home/pengjia/ProjectSnake/ngs_test_data/data2/germlineVar/HC/perSample/HG001_N1/HG001_N1.HC.raw.vcf.gz, /home/pengjia/ProjectSnake/ngs_test_data/data2/genome/GRCh38/GRCh38.d1.vd1.fa, /home/DATA/REFGENOMEDB/human/GRCh38.d1.vd1/variantsDB/hapmap_3.3.hg38.vcf.gz, /home/DATA/REFGENOMEDB/human/GRCh38.d1.vd1/variantsDB/1000G_omni2.5.hg38.vcf.gz, /home/DATA/REFGENOMEDB/human/GRCh38.d1.vd1/variantsDB/1000G_phase1.snps.high_confidence.hg38.vcf.gz, /home/DATA/REFGENOMEDB/human/GRCh38.d1.vd1/variantsDB/dbsnp_146.hg38.vcf.gz, /home/DATA/REFGENOMEDB/human/GRCh38.d1.vd1/variantsDB/Mills_and_1000G_gold_standard.indels.hg38.vcf.gz, /home/DATA/REFGENOMEDB/human/GRCh38.d1.vd1/variantsDB/Axiom_Exome_Plus.genotypes.all_populations.poly.hg38.vcf.gz, /home/DATA/REFGENOMEDB/human/GRCh38.d1.vd1/variantsDB/dbsnp_146.hg38.vcf.gz.tbi, /home/DATA/REFGENOMEDB/human/GRCh38.d1.vd1/variantsDB/Mills_and_1000G_gold_standard.indels.hg38.vcf.gz.tbi, /home/DATA/REFGENOMEDB/human/GRCh38.d1.vd1/variantsDB/1000G_phase1.snps.high_confidence.hg38.vcf.gz.tbi, /home/DATA/REFGENOMEDB/human/GRCh38.d1.vd1/variantsDB/hapmap_3.3.hg38.vcf.gz.tbi, /home/DATA/REFGENOMEDB/human/GRCh38.d1.vd1/variantsDB/1000G_omni2.5.hg38.vcf.gz.tbi, /home/DATA/REFGENOMEDB/human/GRCh38.d1.vd1/variantsDB/Axiom_Exome_Plus.genotypes.all_populations.poly.hg38.vcf.gz.tbi
    output: /home/pengjia/ProjectSnake/ngs_test_data/data2/germlineVar/HC/perSample/HG001_N1/HG001_N1.HC.VQSLOD.SNV.recal, /home/pengjia/ProjectSnake/ngs_test_data/data2/germlineVar/HC/perSample/HG001_N1/HG001_N1.HC.VQSLOD.SNV.tranches
    log: /home/pengjia/ProjectSnake/ngs_test_data/logs/gremlineVar/HC/perSample/HG001_N1/HG001_N1.HC_JointCall_Joint_VQSLOD_SNV.logs
    jobid: 148
    benchmark: /home/pengjia/ProjectSnake/ngs_test_data/benchmark/gremlineVar/HC/jperSample/HG001_N1/HG001_N1.HC_JointCall_Joint_VQSLOD_SNV.tsv
    wildcards: bam_sample=HG001_N1, vartype=SNV
    threads: 4

[Sun Aug  9 15:13:11 2020]
rule HC_VQSLOD:
    input: /home/pengjia/ProjectSnake/ngs_test_data/data2/germlineVar/HC/perSample/HG001_N1/HG001_N1.HC.raw.vcf.gz, /home/pengjia/ProjectSnake/ngs_test_data/data2/genome/GRCh38/GRCh38.d1.vd1.fa, /home/DATA/REFGENOMEDB/human/GRCh38.d1.vd1/variantsDB/hapmap_3.3.hg38.vcf.gz, /home/DATA/REFGENOMEDB/human/GRCh38.d1.vd1/variantsDB/1000G_omni2.5.hg38.vcf.gz, /home/DATA/REFGENOMEDB/human/GRCh38.d1.vd1/variantsDB/1000G_phase1.snps.high_confidence.hg38.vcf.gz, /home/DATA/REFGENOMEDB/human/GRCh38.d1.vd1/variantsDB/dbsnp_146.hg38.vcf.gz, /home/DATA/REFGENOMEDB/human/GRCh38.d1.vd1/variantsDB/Mills_and_1000G_gold_standard.indels.hg38.vcf.gz, /home/DATA/REFGENOMEDB/human/GRCh38.d1.vd1/variantsDB/Axiom_Exome_Plus.genotypes.all_populations.poly.hg38.vcf.gz, /home/DATA/REFGENOMEDB/human/GRCh38.d1.vd1/variantsDB/dbsnp_146.hg38.vcf.gz.tbi, /home/DATA/REFGENOMEDB/human/GRCh38.d1.vd1/variantsDB/Mills_and_1000G_gold_standard.indels.hg38.vcf.gz.tbi, /home/DATA/REFGENOMEDB/human/GRCh38.d1.vd1/variantsDB/1000G_phase1.snps.high_confidence.hg38.vcf.gz.tbi, /home/DATA/REFGENOMEDB/human/GRCh38.d1.vd1/variantsDB/hapmap_3.3.hg38.vcf.gz.tbi, /home/DATA/REFGENOMEDB/human/GRCh38.d1.vd1/variantsDB/1000G_omni2.5.hg38.vcf.gz.tbi, /home/DATA/REFGENOMEDB/human/GRCh38.d1.vd1/variantsDB/Axiom_Exome_Plus.genotypes.all_populations.poly.hg38.vcf.gz.tbi
    output: /home/pengjia/ProjectSnake/ngs_test_data/data2/germlineVar/HC/perSample/HG001_N1/HG001_N1.HC.VQSLOD.INDEL.recal, /home/pengjia/ProjectSnake/ngs_test_data/data2/germlineVar/HC/perSample/HG001_N1/HG001_N1.HC.VQSLOD.INDEL.tranches
    log: /home/pengjia/ProjectSnake/ngs_test_data/logs/gremlineVar/HC/perSample/HG001_N1/HG001_N1.HC_JointCall_Joint_VQSLOD_INDEL.logs
    jobid: 149
    benchmark: /home/pengjia/ProjectSnake/ngs_test_data/benchmark/gremlineVar/HC/jperSample/HG001_N1/HG001_N1.HC_JointCall_Joint_VQSLOD_INDEL.tsv
    wildcards: bam_sample=HG001_N1, vartype=INDEL
    threads: 4

Job failed, going on with independent jobs.

[Sun Aug  9 15:13:16 2020]
rule HC_VQSLOD:
    input: /home/pengjia/ProjectSnake/ngs_test_data/data2/germlineVar/HC/perSample/HG001_N/HG001_N.HC.raw.vcf.gz, /home/pengjia/ProjectSnake/ngs_test_data/data2/genome/GRCh38/GRCh38.d1.vd1.fa, /home/DATA/REFGENOMEDB/human/GRCh38.d1.vd1/variantsDB/hapmap_3.3.hg38.vcf.gz, /home/DATA/REFGENOMEDB/human/GRCh38.d1.vd1/variantsDB/1000G_omni2.5.hg38.vcf.gz, /home/DATA/REFGENOMEDB/human/GRCh38.d1.vd1/variantsDB/1000G_phase1.snps.high_confidence.hg38.vcf.gz, /home/DATA/REFGENOMEDB/human/GRCh38.d1.vd1/variantsDB/dbsnp_146.hg38.vcf.gz, /home/DATA/REFGENOMEDB/human/GRCh38.d1.vd1/variantsDB/Mills_and_1000G_gold_standard.indels.hg38.vcf.gz, /home/DATA/REFGENOMEDB/human/GRCh38.d1.vd1/variantsDB/Axiom_Exome_Plus.genotypes.all_populations.poly.hg38.vcf.gz, /home/DATA/REFGENOMEDB/human/GRCh38.d1.vd1/variantsDB/dbsnp_146.hg38.vcf.gz.tbi, /home/DATA/REFGENOMEDB/human/GRCh38.d1.vd1/variantsDB/Mills_and_1000G_gold_standard.indels.hg38.vcf.gz.tbi, /home/DATA/REFGENOMEDB/human/GRCh38.d1.vd1/variantsDB/1000G_phase1.snps.high_confidence.hg38.vcf.gz.tbi, /home/DATA/REFGENOMEDB/human/GRCh38.d1.vd1/variantsDB/hapmap_3.3.hg38.vcf.gz.tbi, /home/DATA/REFGENOMEDB/human/GRCh38.d1.vd1/variantsDB/1000G_omni2.5.hg38.vcf.gz.tbi, /home/DATA/REFGENOMEDB/human/GRCh38.d1.vd1/variantsDB/Axiom_Exome_Plus.genotypes.all_populations.poly.hg38.vcf.gz.tbi
    output: /home/pengjia/ProjectSnake/ngs_test_data/data2/germlineVar/HC/perSample/HG001_N/HG001_N.HC.VQSLOD.INDEL.recal, /home/pengjia/ProjectSnake/ngs_test_data/data2/germlineVar/HC/perSample/HG001_N/HG001_N.HC.VQSLOD.INDEL.tranches
    log: /home/pengjia/ProjectSnake/ngs_test_data/logs/gremlineVar/HC/perSample/HG001_N/HG001_N.HC_JointCall_Joint_VQSLOD_INDEL.logs
    jobid: 151
    benchmark: /home/pengjia/ProjectSnake/ngs_test_data/benchmark/gremlineVar/HC/jperSample/HG001_N/HG001_N.HC_JointCall_Joint_VQSLOD_INDEL.tsv
    wildcards: bam_sample=HG001_N, vartype=INDEL
    threads: 4

Job failed, going on with independent jobs.

[Sun Aug  9 15:13:21 2020]
rule HC_VQSLOD:
    input: /home/pengjia/ProjectSnake/ngs_test_data/data2/germlineVar/HC/perSample/HG001_N/HG001_N.HC.raw.vcf.gz, /home/pengjia/ProjectSnake/ngs_test_data/data2/genome/GRCh38/GRCh38.d1.vd1.fa, /home/DATA/REFGENOMEDB/human/GRCh38.d1.vd1/variantsDB/hapmap_3.3.hg38.vcf.gz, /home/DATA/REFGENOMEDB/human/GRCh38.d1.vd1/variantsDB/1000G_omni2.5.hg38.vcf.gz, /home/DATA/REFGENOMEDB/human/GRCh38.d1.vd1/variantsDB/1000G_phase1.snps.high_confidence.hg38.vcf.gz, /home/DATA/REFGENOMEDB/human/GRCh38.d1.vd1/variantsDB/dbsnp_146.hg38.vcf.gz, /home/DATA/REFGENOMEDB/human/GRCh38.d1.vd1/variantsDB/Mills_and_1000G_gold_standard.indels.hg38.vcf.gz, /home/DATA/REFGENOMEDB/human/GRCh38.d1.vd1/variantsDB/Axiom_Exome_Plus.genotypes.all_populations.poly.hg38.vcf.gz, /home/DATA/REFGENOMEDB/human/GRCh38.d1.vd1/variantsDB/dbsnp_146.hg38.vcf.gz.tbi, /home/DATA/REFGENOMEDB/human/GRCh38.d1.vd1/variantsDB/Mills_and_1000G_gold_standard.indels.hg38.vcf.gz.tbi, /home/DATA/REFGENOMEDB/human/GRCh38.d1.vd1/variantsDB/1000G_phase1.snps.high_confidence.hg38.vcf.gz.tbi, /home/DATA/REFGENOMEDB/human/GRCh38.d1.vd1/variantsDB/hapmap_3.3.hg38.vcf.gz.tbi, /home/DATA/REFGENOMEDB/human/GRCh38.d1.vd1/variantsDB/1000G_omni2.5.hg38.vcf.gz.tbi, /home/DATA/REFGENOMEDB/human/GRCh38.d1.vd1/variantsDB/Axiom_Exome_Plus.genotypes.all_populations.poly.hg38.vcf.gz.tbi
    output: /home/pengjia/ProjectSnake/ngs_test_data/data2/germlineVar/HC/perSample/HG001_N/HG001_N.HC.VQSLOD.SNV.recal, /home/pengjia/ProjectSnake/ngs_test_data/data2/germlineVar/HC/perSample/HG001_N/HG001_N.HC.VQSLOD.SNV.tranches
    log: /home/pengjia/ProjectSnake/ngs_test_data/logs/gremlineVar/HC/perSample/HG001_N/HG001_N.HC_JointCall_Joint_VQSLOD_SNV.logs
    jobid: 150
    benchmark: /home/pengjia/ProjectSnake/ngs_test_data/benchmark/gremlineVar/HC/jperSample/HG001_N/HG001_N.HC_JointCall_Joint_VQSLOD_SNV.tsv
    wildcards: bam_sample=HG001_N, vartype=SNV
    threads: 4

Job failed, going on with independent jobs.

[Sun Aug  9 15:13:52 2020]
rule HC_Joint_MakeSitesOnlyVcf:
    input: /home/pengjia/ProjectSnake/ngs_test_data/data2/germlineVar/HC/jointCall/jointCall/preTest.HC.raw.vcf.gz
    output: /home/pengjia/ProjectSnake/ngs_test_data/data2/germlineVar/HC/jointCall/jointCall/preTest.HC.sitesonly.vcf.gz
    log: /home/pengjia/ProjectSnake/ngs_test_data/logs/gremlineVar/HC/jointCall/jointCall/preTest.HC_JointCall_sitesonly.logs
    jobid: 278
    benchmark: /home/pengjia/ProjectSnake/ngs_test_data/benchmark/gremlineVar/HC/jointCall/jointCall/preTest.HC_JointCall_sitesonly.tsv
    threads: 4

[Sun Aug  9 15:14:00 2020]
Finished job 278.
1 of 20 steps (5%) done

[Sun Aug  9 15:14:00 2020]
rule HC_Joint_VQSLOD:
    input: /home/pengjia/ProjectSnake/ngs_test_data/data2/germlineVar/HC/jointCall/jointCall/preTest.HC.sitesonly.vcf.gz, /home/pengjia/ProjectSnake/ngs_test_data/data2/genome/GRCh38/GRCh38.d1.vd1.fa, /home/DATA/REFGENOMEDB/human/GRCh38.d1.vd1/variantsDB/hapmap_3.3.hg38.vcf.gz, /home/DATA/REFGENOMEDB/human/GRCh38.d1.vd1/variantsDB/1000G_omni2.5.hg38.vcf.gz, /home/DATA/REFGENOMEDB/human/GRCh38.d1.vd1/variantsDB/1000G_phase1.snps.high_confidence.hg38.vcf.gz, /home/DATA/REFGENOMEDB/human/GRCh38.d1.vd1/variantsDB/dbsnp_146.hg38.vcf.gz, /home/DATA/REFGENOMEDB/human/GRCh38.d1.vd1/variantsDB/Mills_and_1000G_gold_standard.indels.hg38.vcf.gz, /home/DATA/REFGENOMEDB/human/GRCh38.d1.vd1/variantsDB/Axiom_Exome_Plus.genotypes.all_populations.poly.hg38.vcf.gz, /home/DATA/REFGENOMEDB/human/GRCh38.d1.vd1/variantsDB/dbsnp_146.hg38.vcf.gz.tbi, /home/DATA/REFGENOMEDB/human/GRCh38.d1.vd1/variantsDB/Mills_and_1000G_gold_standard.indels.hg38.vcf.gz.tbi, /home/DATA/REFGENOMEDB/human/GRCh38.d1.vd1/variantsDB/1000G_phase1.snps.high_confidence.hg38.vcf.gz.tbi, /home/DATA/REFGENOMEDB/human/GRCh38.d1.vd1/variantsDB/hapmap_3.3.hg38.vcf.gz.tbi, /home/DATA/REFGENOMEDB/human/GRCh38.d1.vd1/variantsDB/1000G_omni2.5.hg38.vcf.gz.tbi, /home/DATA/REFGENOMEDB/human/GRCh38.d1.vd1/variantsDB/Axiom_Exome_Plus.genotypes.all_populations.poly.hg38.vcf.gz.tbi
    output: /home/pengjia/ProjectSnake/ngs_test_data/data2/germlineVar/HC/jointCall/jointCall/preTest.HC.VQSLOD.INDEL.recal, /home/pengjia/ProjectSnake/ngs_test_data/data2/germlineVar/HC/jointCall/jointCall/preTest.HC.VQSLOD.INDEL.tranches
    log: /home/pengjia/ProjectSnake/ngs_test_data/logs/gremlineVar/HC/jointCall/jointCall/preTest.HC_JointCall_Joint_VQSLOD_INDEL.logs
    jobid: 178
    benchmark: /home/pengjia/ProjectSnake/ngs_test_data/benchmark/gremlineVar/HC/jointCall/jointCall/preTest.HC_JointCall_Joint_VQSLOD_INDEL.tsv
    wildcards: vartype=INDEL
    threads: 4

[Sun Aug  9 15:14:01 2020]
Finished job 148.
2 of 20 steps (10%) done

[Sun Aug  9 15:14:01 2020]
rule HC_Joint_VQSLOD:
    input: /home/pengjia/ProjectSnake/ngs_test_data/data2/germlineVar/HC/jointCall/jointCall/preTest.HC.sitesonly.vcf.gz, /home/pengjia/ProjectSnake/ngs_test_data/data2/genome/GRCh38/GRCh38.d1.vd1.fa, /home/DATA/REFGENOMEDB/human/GRCh38.d1.vd1/variantsDB/hapmap_3.3.hg38.vcf.gz, /home/DATA/REFGENOMEDB/human/GRCh38.d1.vd1/variantsDB/1000G_omni2.5.hg38.vcf.gz, /home/DATA/REFGENOMEDB/human/GRCh38.d1.vd1/variantsDB/1000G_phase1.snps.high_confidence.hg38.vcf.gz, /home/DATA/REFGENOMEDB/human/GRCh38.d1.vd1/variantsDB/dbsnp_146.hg38.vcf.gz, /home/DATA/REFGENOMEDB/human/GRCh38.d1.vd1/variantsDB/Mills_and_1000G_gold_standard.indels.hg38.vcf.gz, /home/DATA/REFGENOMEDB/human/GRCh38.d1.vd1/variantsDB/Axiom_Exome_Plus.genotypes.all_populations.poly.hg38.vcf.gz, /home/DATA/REFGENOMEDB/human/GRCh38.d1.vd1/variantsDB/dbsnp_146.hg38.vcf.gz.tbi, /home/DATA/REFGENOMEDB/human/GRCh38.d1.vd1/variantsDB/Mills_and_1000G_gold_standard.indels.hg38.vcf.gz.tbi, /home/DATA/REFGENOMEDB/human/GRCh38.d1.vd1/variantsDB/1000G_phase1.snps.high_confidence.hg38.vcf.gz.tbi, /home/DATA/REFGENOMEDB/human/GRCh38.d1.vd1/variantsDB/hapmap_3.3.hg38.vcf.gz.tbi, /home/DATA/REFGENOMEDB/human/GRCh38.d1.vd1/variantsDB/1000G_omni2.5.hg38.vcf.gz.tbi, /home/DATA/REFGENOMEDB/human/GRCh38.d1.vd1/variantsDB/Axiom_Exome_Plus.genotypes.all_populations.poly.hg38.vcf.gz.tbi
    output: /home/pengjia/ProjectSnake/ngs_test_data/data2/germlineVar/HC/jointCall/jointCall/preTest.HC.VQSLOD.SNV.recal, /home/pengjia/ProjectSnake/ngs_test_data/data2/germlineVar/HC/jointCall/jointCall/preTest.HC.VQSLOD.SNV.tranches
    log: /home/pengjia/ProjectSnake/ngs_test_data/logs/gremlineVar/HC/jointCall/jointCall/preTest.HC_JointCall_Joint_VQSLOD_SNV.logs
    jobid: 177
    benchmark: /home/pengjia/ProjectSnake/ngs_test_data/benchmark/gremlineVar/HC/jointCall/jointCall/preTest.HC_JointCall_Joint_VQSLOD_SNV.tsv
    wildcards: vartype=SNV
    threads: 4

Job failed, going on with independent jobs.

[Sun Aug  9 15:14:05 2020]
rule HC_applyVQSR:
    input: /home/pengjia/ProjectSnake/ngs_test_data/data2/germlineVar/HC/perSample/HG001_N1/HG001_N1.HC.raw.vcf.gz, /home/pengjia/ProjectSnake/ngs_test_data/data2/germlineVar/HC/perSample/HG001_N1/HG001_N1.HC.VQSLOD.SNV.recal, /home/pengjia/ProjectSnake/ngs_test_data/data2/germlineVar/HC/perSample/HG001_N1/HG001_N1.HC.VQSLOD.SNV.tranches
    output: /home/pengjia/ProjectSnake/ngs_test_data/data2/germlineVar/HC/perSample/HG001_N1/HG001_N1.HC.SNV.VQSR.vcf.gz
    log: /home/pengjia/ProjectSnake/ngs_test_data/logs/gremlineVar/HC/perSample/HG001_N1/HG001_N1.HC_JointCall_Joint_applyVQSR_SNV.logs
    jobid: 57
    benchmark: /home/pengjia/ProjectSnake/ngs_test_data/benchmark/gremlineVar/HC/j/perSample/HG001_N1/HG001_N1.HC_JointCall_Joint_applyVQSR_SNV.tsv
    wildcards: bam_sample=HG001_N1, vartype=SNV
    threads: 4

[Sun Aug  9 15:14:13 2020]
Finished job 57.
3 of 20 steps (15%) done

[Sun Aug  9 15:14:13 2020]
rule tabix:
    input: /home/pengjia/ProjectSnake/ngs_test_data/data2/germlineVar/HC/perSample/HG001_N1/HG001_N1.HC.SNV.VQSR.vcf.gz
    output: /home/pengjia/ProjectSnake/ngs_test_data/data2/germlineVar/HC/perSample/HG001_N1/HG001_N1.HC.SNV.VQSR.vcf.gz.tbi
    jobid: 7
    wildcards: prefix=/home/pengjia/ProjectSnake/ngs_test_data/data2/germlineVar/HC/perSample/HG001_N1/HG001_N1.HC.SNV.VQSR

[Sun Aug  9 15:14:15 2020]
Finished job 7.
4 of 20 steps (20%) done
[Sun Aug  9 15:14:52 2020]
Finished job 177.
5 of 20 steps (25%) done

[Sun Aug  9 15:14:52 2020]
rule HC_Joint_applyVQSR:
    input: /home/pengjia/ProjectSnake/ngs_test_data/data2/germlineVar/HC/jointCall/jointCall/preTest.HC.raw.vcf.gz, /home/pengjia/ProjectSnake/ngs_test_data/data2/germlineVar/HC/jointCall/jointCall/preTest.HC.VQSLOD.SNV.recal, /home/pengjia/ProjectSnake/ngs_test_data/data2/germlineVar/HC/jointCall/jointCall/preTest.HC.VQSLOD.SNV.tranches
    output: /home/pengjia/ProjectSnake/ngs_test_data/data2/germlineVar/HC/jointCall/jointCall/preTest.HC.SNV.VQSR.vcf.gz
    log: /home/pengjia/ProjectSnake/ngs_test_data/logs/gremlineVar/HC/jointCall/jointCall/preTest.HC_JointCall_Joint_applyVQSR_SNV.logs
    jobid: 64
    benchmark: /home/pengjia/ProjectSnake/ngs_test_data/benchmark/gremlineVar/HC/jointCall/jointCall/preTest.HC_JointCall_Joint_applyVQSR_SNV.tsv
    wildcards: vartype=SNV
    threads: 4

[Sun Aug  9 15:15:00 2020]
Finished job 64.
6 of 20 steps (30%) done

[Sun Aug  9 15:15:00 2020]
rule tabix:
    input: /home/pengjia/ProjectSnake/ngs_test_data/data2/germlineVar/HC/jointCall/jointCall/preTest.HC.SNV.VQSR.vcf.gz
    output: /home/pengjia/ProjectSnake/ngs_test_data/data2/germlineVar/HC/jointCall/jointCall/preTest.HC.SNV.VQSR.vcf.gz.tbi
    jobid: 14
    wildcards: prefix=/home/pengjia/ProjectSnake/ngs_test_data/data2/germlineVar/HC/jointCall/jointCall/preTest.HC.SNV.VQSR

[Sun Aug  9 15:15:02 2020]
Finished job 14.
7 of 20 steps (35%) done
Exiting because a job execution failed. Look above for error message
Complete log: /home/pengjia/ProjectSnake/DNAseq/dna/.snakemake/log/2020-08-09T151308.681412.snakemake.log
