Building DAG of jobs...
Using shell: /usr/bin/bash
Provided cores: 10
Rules claiming more threads will be scaled down.
Job counts:
	count	jobs
	3	HC_VQSLOD
	3	HC_applyVQSR
	1	all
	3	tabix
	10

[Sun Aug  9 15:18:35 2020]
rule HC_VQSLOD:
    input: /home/pengjia/ProjectSnake/ngs_test_data/data2/germlineVar/HC/perSample/HG001_N1/HG001_N1.HC.raw.vcf.gz, /home/pengjia/ProjectSnake/ngs_test_data/data2/genome/GRCh38/GRCh38.d1.vd1.fa, /home/DATA/REFGENOMEDB/human/GRCh38.d1.vd1/variantsDB/hapmap_3.3.hg38.vcf.gz, /home/DATA/REFGENOMEDB/human/GRCh38.d1.vd1/variantsDB/1000G_omni2.5.hg38.vcf.gz, /home/DATA/REFGENOMEDB/human/GRCh38.d1.vd1/variantsDB/1000G_phase1.snps.high_confidence.hg38.vcf.gz, /home/DATA/REFGENOMEDB/human/GRCh38.d1.vd1/variantsDB/dbsnp_146.hg38.vcf.gz, /home/DATA/REFGENOMEDB/human/GRCh38.d1.vd1/variantsDB/Mills_and_1000G_gold_standard.indels.hg38.vcf.gz, /home/DATA/REFGENOMEDB/human/GRCh38.d1.vd1/variantsDB/Axiom_Exome_Plus.genotypes.all_populations.poly.hg38.vcf.gz, /home/DATA/REFGENOMEDB/human/GRCh38.d1.vd1/variantsDB/dbsnp_146.hg38.vcf.gz.tbi, /home/DATA/REFGENOMEDB/human/GRCh38.d1.vd1/variantsDB/Mills_and_1000G_gold_standard.indels.hg38.vcf.gz.tbi, /home/DATA/REFGENOMEDB/human/GRCh38.d1.vd1/variantsDB/1000G_phase1.snps.high_confidence.hg38.vcf.gz.tbi, /home/DATA/REFGENOMEDB/human/GRCh38.d1.vd1/variantsDB/hapmap_3.3.hg38.vcf.gz.tbi, /home/DATA/REFGENOMEDB/human/GRCh38.d1.vd1/variantsDB/1000G_omni2.5.hg38.vcf.gz.tbi, /home/DATA/REFGENOMEDB/human/GRCh38.d1.vd1/variantsDB/Axiom_Exome_Plus.genotypes.all_populations.poly.hg38.vcf.gz.tbi
    output: /home/pengjia/ProjectSnake/ngs_test_data/data2/germlineVar/HC/perSample/HG001_N1/HG001_N1.HC.VQSLOD.INDEL.recal, /home/pengjia/ProjectSnake/ngs_test_data/data2/germlineVar/HC/perSample/HG001_N1/HG001_N1.HC.VQSLOD.INDEL.tranches
    log: /home/pengjia/ProjectSnake/ngs_test_data/logs/gremlineVar/HC/perSample/HG001_N1/HG001_N1.HC_JointCall_Joint_VQSLOD_INDEL.logs
    jobid: 149
    benchmark: /home/pengjia/ProjectSnake/ngs_test_data/benchmark/gremlineVar/HC/jperSample/HG001_N1/HG001_N1.HC_JointCall_Joint_VQSLOD_INDEL.tsv
    wildcards: bam_sample=HG001_N1, vartype=INDEL
    threads: 4

[Sun Aug  9 15:18:35 2020]
rule HC_VQSLOD:
    input: /home/pengjia/ProjectSnake/ngs_test_data/data2/germlineVar/HC/perSample/HG001_N/HG001_N.HC.raw.vcf.gz, /home/pengjia/ProjectSnake/ngs_test_data/data2/genome/GRCh38/GRCh38.d1.vd1.fa, /home/DATA/REFGENOMEDB/human/GRCh38.d1.vd1/variantsDB/hapmap_3.3.hg38.vcf.gz, /home/DATA/REFGENOMEDB/human/GRCh38.d1.vd1/variantsDB/1000G_omni2.5.hg38.vcf.gz, /home/DATA/REFGENOMEDB/human/GRCh38.d1.vd1/variantsDB/1000G_phase1.snps.high_confidence.hg38.vcf.gz, /home/DATA/REFGENOMEDB/human/GRCh38.d1.vd1/variantsDB/dbsnp_146.hg38.vcf.gz, /home/DATA/REFGENOMEDB/human/GRCh38.d1.vd1/variantsDB/Mills_and_1000G_gold_standard.indels.hg38.vcf.gz, /home/DATA/REFGENOMEDB/human/GRCh38.d1.vd1/variantsDB/Axiom_Exome_Plus.genotypes.all_populations.poly.hg38.vcf.gz, /home/DATA/REFGENOMEDB/human/GRCh38.d1.vd1/variantsDB/dbsnp_146.hg38.vcf.gz.tbi, /home/DATA/REFGENOMEDB/human/GRCh38.d1.vd1/variantsDB/Mills_and_1000G_gold_standard.indels.hg38.vcf.gz.tbi, /home/DATA/REFGENOMEDB/human/GRCh38.d1.vd1/variantsDB/1000G_phase1.snps.high_confidence.hg38.vcf.gz.tbi, /home/DATA/REFGENOMEDB/human/GRCh38.d1.vd1/variantsDB/hapmap_3.3.hg38.vcf.gz.tbi, /home/DATA/REFGENOMEDB/human/GRCh38.d1.vd1/variantsDB/1000G_omni2.5.hg38.vcf.gz.tbi, /home/DATA/REFGENOMEDB/human/GRCh38.d1.vd1/variantsDB/Axiom_Exome_Plus.genotypes.all_populations.poly.hg38.vcf.gz.tbi
    output: /home/pengjia/ProjectSnake/ngs_test_data/data2/germlineVar/HC/perSample/HG001_N/HG001_N.HC.VQSLOD.INDEL.recal, /home/pengjia/ProjectSnake/ngs_test_data/data2/germlineVar/HC/perSample/HG001_N/HG001_N.HC.VQSLOD.INDEL.tranches
    log: /home/pengjia/ProjectSnake/ngs_test_data/logs/gremlineVar/HC/perSample/HG001_N/HG001_N.HC_JointCall_Joint_VQSLOD_INDEL.logs
    jobid: 151
    benchmark: /home/pengjia/ProjectSnake/ngs_test_data/benchmark/gremlineVar/HC/jperSample/HG001_N/HG001_N.HC_JointCall_Joint_VQSLOD_INDEL.tsv
    wildcards: bam_sample=HG001_N, vartype=INDEL
    threads: 4

[Sun Aug  9 15:18:55 2020]
Finished job 151.
1 of 10 steps (10%) done

[Sun Aug  9 15:18:55 2020]
rule HC_VQSLOD:
    input: /home/pengjia/ProjectSnake/ngs_test_data/data2/germlineVar/HC/perSample/HG001_N/HG001_N.HC.raw.vcf.gz, /home/pengjia/ProjectSnake/ngs_test_data/data2/genome/GRCh38/GRCh38.d1.vd1.fa, /home/DATA/REFGENOMEDB/human/GRCh38.d1.vd1/variantsDB/hapmap_3.3.hg38.vcf.gz, /home/DATA/REFGENOMEDB/human/GRCh38.d1.vd1/variantsDB/1000G_omni2.5.hg38.vcf.gz, /home/DATA/REFGENOMEDB/human/GRCh38.d1.vd1/variantsDB/1000G_phase1.snps.high_confidence.hg38.vcf.gz, /home/DATA/REFGENOMEDB/human/GRCh38.d1.vd1/variantsDB/dbsnp_146.hg38.vcf.gz, /home/DATA/REFGENOMEDB/human/GRCh38.d1.vd1/variantsDB/Mills_and_1000G_gold_standard.indels.hg38.vcf.gz, /home/DATA/REFGENOMEDB/human/GRCh38.d1.vd1/variantsDB/Axiom_Exome_Plus.genotypes.all_populations.poly.hg38.vcf.gz, /home/DATA/REFGENOMEDB/human/GRCh38.d1.vd1/variantsDB/dbsnp_146.hg38.vcf.gz.tbi, /home/DATA/REFGENOMEDB/human/GRCh38.d1.vd1/variantsDB/Mills_and_1000G_gold_standard.indels.hg38.vcf.gz.tbi, /home/DATA/REFGENOMEDB/human/GRCh38.d1.vd1/variantsDB/1000G_phase1.snps.high_confidence.hg38.vcf.gz.tbi, /home/DATA/REFGENOMEDB/human/GRCh38.d1.vd1/variantsDB/hapmap_3.3.hg38.vcf.gz.tbi, /home/DATA/REFGENOMEDB/human/GRCh38.d1.vd1/variantsDB/1000G_omni2.5.hg38.vcf.gz.tbi, /home/DATA/REFGENOMEDB/human/GRCh38.d1.vd1/variantsDB/Axiom_Exome_Plus.genotypes.all_populations.poly.hg38.vcf.gz.tbi
    output: /home/pengjia/ProjectSnake/ngs_test_data/data2/germlineVar/HC/perSample/HG001_N/HG001_N.HC.VQSLOD.SNV.recal, /home/pengjia/ProjectSnake/ngs_test_data/data2/germlineVar/HC/perSample/HG001_N/HG001_N.HC.VQSLOD.SNV.tranches
    log: /home/pengjia/ProjectSnake/ngs_test_data/logs/gremlineVar/HC/perSample/HG001_N/HG001_N.HC_JointCall_Joint_VQSLOD_SNV.logs
    jobid: 150
    benchmark: /home/pengjia/ProjectSnake/ngs_test_data/benchmark/gremlineVar/HC/jperSample/HG001_N/HG001_N.HC_JointCall_Joint_VQSLOD_SNV.tsv
    wildcards: bam_sample=HG001_N, vartype=SNV
    threads: 4

[Sun Aug  9 15:19:09 2020]
Finished job 149.
2 of 10 steps (20%) done

[Sun Aug  9 15:19:09 2020]
rule HC_applyVQSR:
    input: /home/pengjia/ProjectSnake/ngs_test_data/data2/germlineVar/HC/perSample/HG001_N1/HG001_N1.HC.raw.vcf.gz, /home/pengjia/ProjectSnake/ngs_test_data/data2/germlineVar/HC/perSample/HG001_N1/HG001_N1.HC.VQSLOD.INDEL.recal, /home/pengjia/ProjectSnake/ngs_test_data/data2/germlineVar/HC/perSample/HG001_N1/HG001_N1.HC.VQSLOD.INDEL.tranches
    output: /home/pengjia/ProjectSnake/ngs_test_data/data2/germlineVar/HC/perSample/HG001_N1/HG001_N1.HC.INDEL.VQSR.vcf.gz
    log: /home/pengjia/ProjectSnake/ngs_test_data/logs/gremlineVar/HC/perSample/HG001_N1/HG001_N1.HC_JointCall_Joint_applyVQSR_INDEL.logs
    jobid: 58
    benchmark: /home/pengjia/ProjectSnake/ngs_test_data/benchmark/gremlineVar/HC/j/perSample/HG001_N1/HG001_N1.HC_JointCall_Joint_applyVQSR_INDEL.tsv
    wildcards: bam_sample=HG001_N1, vartype=INDEL
    threads: 4

[Sun Aug  9 15:19:16 2020]
Finished job 58.
3 of 10 steps (30%) done

[Sun Aug  9 15:19:16 2020]
rule HC_applyVQSR:
    input: /home/pengjia/ProjectSnake/ngs_test_data/data2/germlineVar/HC/perSample/HG001_N/HG001_N.HC.raw.vcf.gz, /home/pengjia/ProjectSnake/ngs_test_data/data2/germlineVar/HC/perSample/HG001_N/HG001_N.HC.VQSLOD.INDEL.recal, /home/pengjia/ProjectSnake/ngs_test_data/data2/germlineVar/HC/perSample/HG001_N/HG001_N.HC.VQSLOD.INDEL.tranches
    output: /home/pengjia/ProjectSnake/ngs_test_data/data2/germlineVar/HC/perSample/HG001_N/HG001_N.HC.INDEL.VQSR.vcf.gz
    log: /home/pengjia/ProjectSnake/ngs_test_data/logs/gremlineVar/HC/perSample/HG001_N/HG001_N.HC_JointCall_Joint_applyVQSR_INDEL.logs
    jobid: 60
    benchmark: /home/pengjia/ProjectSnake/ngs_test_data/benchmark/gremlineVar/HC/j/perSample/HG001_N/HG001_N.HC_JointCall_Joint_applyVQSR_INDEL.tsv
    wildcards: bam_sample=HG001_N, vartype=INDEL
    threads: 4

[Sun Aug  9 15:19:16 2020]
rule tabix:
    input: /home/pengjia/ProjectSnake/ngs_test_data/data2/germlineVar/HC/perSample/HG001_N1/HG001_N1.HC.INDEL.VQSR.vcf.gz
    output: /home/pengjia/ProjectSnake/ngs_test_data/data2/germlineVar/HC/perSample/HG001_N1/HG001_N1.HC.INDEL.VQSR.vcf.gz.tbi
    jobid: 8
    wildcards: prefix=/home/pengjia/ProjectSnake/ngs_test_data/data2/germlineVar/HC/perSample/HG001_N1/HG001_N1.HC.INDEL.VQSR

[Sun Aug  9 15:19:19 2020]
Finished job 8.
4 of 10 steps (40%) done
[Sun Aug  9 15:19:23 2020]
Finished job 60.
5 of 10 steps (50%) done

[Sun Aug  9 15:19:23 2020]
rule tabix:
    input: /home/pengjia/ProjectSnake/ngs_test_data/data2/germlineVar/HC/perSample/HG001_N/HG001_N.HC.INDEL.VQSR.vcf.gz
    output: /home/pengjia/ProjectSnake/ngs_test_data/data2/germlineVar/HC/perSample/HG001_N/HG001_N.HC.INDEL.VQSR.vcf.gz.tbi
    jobid: 10
    wildcards: prefix=/home/pengjia/ProjectSnake/ngs_test_data/data2/germlineVar/HC/perSample/HG001_N/HG001_N.HC.INDEL.VQSR

[Sun Aug  9 15:19:25 2020]
Finished job 10.
6 of 10 steps (60%) done
Job failed, going on with independent jobs.
Exiting because a job execution failed. Look above for error message
Complete log: /home/pengjia/ProjectSnake/DNAseq/dna/.snakemake/log/2020-08-09T151831.642738.snakemake.log
