Building DAG of jobs...
Using shell: /usr/bin/bash
Provided cores: 10
Rules claiming more threads will be scaled down.
Job counts:
	count	jobs
	2	Smoove
	1	all
	3

[Sun Jul 19 14:20:09 2020]
rule Smoove:
    input: ../../ngs_test_data/data/HQbam/HG001_N.bam, ../../ngs_test_data/data/HQbam/HG001_N.bam.bai, ../../ngs_test_data/data/genome/GRCh38/GRCh38_full_analysis_set_plus_decoy_hla.fa, ../../ngs_test_data/data/genome/GRCh38/GRCh38_full_analysis_set_plus_decoy_hla.fa.fai, ../../ngs_test_data/data/genome/GRCh38/GRCh38_full_analysis_set_plus_decoy_hla.exclude.cnvnator.bed
    output: ../../ngs_test_data/data/germlineVar/smoove/perSample/HG001_N/HG001_N, ../../ngs_test_data/data/germlineVar/smoove/perSample/HG001_N/HG001_N.smoove.raw.vcf.gz
    log: ../../ngs_test_data/logs/gremlineVar/smoove/perSample/HG001_N/HG001_N.smoove.logs
    jobid: 28
    benchmark: ../../ngs_test_data/benchmark/gremlineVar/smoove/perSample/HG001_N/HG001_N.smoove.tsv
    wildcards: bam_sample=HG001_N
    threads: 2


[Sun Jul 19 14:20:12 2020]
rule Smoove:
    input: ../../ngs_test_data/data/HQbam/HG001_N1.bam, ../../ngs_test_data/data/HQbam/HG001_N1.bam.bai, ../../ngs_test_data/data/genome/GRCh38/GRCh38_full_analysis_set_plus_decoy_hla.fa, ../../ngs_test_data/data/genome/GRCh38/GRCh38_full_analysis_set_plus_decoy_hla.fa.fai, ../../ngs_test_data/data/genome/GRCh38/GRCh38_full_analysis_set_plus_decoy_hla.exclude.cnvnator.bed
    output: ../../ngs_test_data/data/germlineVar/smoove/perSample/HG001_N1/HG001_N1, ../../ngs_test_data/data/germlineVar/smoove/perSample/HG001_N1/HG001_N1.smoove.raw.vcf.gz
    log: ../../ngs_test_data/logs/gremlineVar/smoove/perSample/HG001_N1/HG001_N1.smoove.logs
    jobid: 29
    benchmark: ../../ngs_test_data/benchmark/gremlineVar/smoove/perSample/HG001_N1/HG001_N1.smoove.tsv
    wildcards: bam_sample=HG001_N1
    threads: 2

[Sun Jul 19 14:21:15 2020]
Finished job 29.
1 of 3 steps (33%) done
[Sun Jul 19 14:21:19 2020]
Finished job 28.
2 of 3 steps (67%) done

[Sun Jul 19 14:21:19 2020]
localrule all:
    input: ../../ngs_test_data/data/germlineVar/HC/perSample/HG001_N/HG001_N.HC.raw.vcf.gz, ../../ngs_test_data/data/germlineVar/HC/perSample/HG001_N1/HG001_N1.HC.raw.vcf.gz, ../../ngs_test_data/data/germlineVar/HC/perSample/HG001_N/HG001_N.HC.SNV.passh.vcf.gz, ../../ngs_test_data/data/germlineVar/HC/perSample/HG001_N/HG001_N.HC.INDEL.passh.vcf.gz, ../../ngs_test_data/data/germlineVar/HC/perSample/HG001_N1/HG001_N1.HC.SNV.passh.vcf.gz, ../../ngs_test_data/data/germlineVar/HC/perSample/HG001_N1/HG001_N1.HC.INDEL.passh.vcf.gz, ../../ngs_test_data/data/germlineVar/HC/jointCall/jointCall/preTest.HC.raw.vcf.gz, ../../ngs_test_data/data/germlineVar/HC/jointCall/jointCall/preTest.HC.SNV.passh.vcf.gz, ../../ngs_test_data/data/germlineVar/HC/jointCall/jointCall/preTest.HC.INDEL.passh.vcf.gz, ../../ngs_test_data/data/germlineVar/FB/perSample/HG001_N/HG001_N.FB.raw.vcf.gz.tbi, ../../ngs_test_data/data/germlineVar/FB/perSample/HG001_N/HG001_N.FB.pass.vcf.gz.tbi, ../../ngs_test_data/data/germlineVar/FB/perSample/HG001_N1/HG001_N1.FB.raw.vcf.gz.tbi, ../../ngs_test_data/data/germlineVar/FB/perSample/HG001_N1/HG001_N1.FB.pass.vcf.gz.tbi, ../../ngs_test_data/data/germlineVar/Bcftools/perSample/HG001_N/HG001_N.Bcftools.raw.vcf.gz.tbi, ../../ngs_test_data/data/germlineVar/Bcftools/perSample/HG001_N/HG001_N.Bcftools.pass.vcf.gz.tbi, ../../ngs_test_data/data/germlineVar/Bcftools/perSample/HG001_N1/HG001_N1.Bcftools.raw.vcf.gz.tbi, ../../ngs_test_data/data/germlineVar/Bcftools/perSample/HG001_N1/HG001_N1.Bcftools.pass.vcf.gz.tbi, ../../ngs_test_data/data/germlineVar/varscan/perSample/HG001_N/HG001_N.varscan.raw.vcf.gz.tbi, ../../ngs_test_data/data/germlineVar/varscan/perSample/HG001_N/HG001_N.varscan.pass.vcf.gz.tbi, ../../ngs_test_data/data/germlineVar/varscan/perSample/HG001_N/HG001_N.varscan.SNV.pass.vcf.gz.tbi, ../../ngs_test_data/data/germlineVar/varscan/perSample/HG001_N/HG001_N.varscan.INDEL.pass.vcf.gz.tbi, ../../ngs_test_data/data/germlineVar/varscan/perSample/HG001_N1/HG001_N1.varscan.raw.vcf.gz.tbi, ../../ngs_test_data/data/germlineVar/varscan/perSample/HG001_N1/HG001_N1.varscan.pass.vcf.gz.tbi, ../../ngs_test_data/data/germlineVar/varscan/perSample/HG001_N1/HG001_N1.varscan.SNV.pass.vcf.gz.tbi, ../../ngs_test_data/data/germlineVar/varscan/perSample/HG001_N1/HG001_N1.varscan.INDEL.pass.vcf.gz.tbi, ../../ngs_test_data/data/germlineVar/delly/perSample/HG001_N/HG001_N.delly.raw.vcf.gz, ../../ngs_test_data/data/germlineVar/delly/perSample/HG001_N1/HG001_N1.delly.raw.vcf.gz, ../../ngs_test_data/data/germlineVar/smoove/perSample/HG001_N/HG001_N.smoove.raw.vcf.gz, ../../ngs_test_data/data/germlineVar/smoove/perSample/HG001_N1/HG001_N1.smoove.raw.vcf.gz
    jobid: 0

[Sun Jul 19 14:21:19 2020]
Finished job 0.
3 of 3 steps (100%) done
Complete log: /home/pengjia/ProjectSnake/DNAseq/dna/.snakemake/log/2020-07-19T142007.195774.snakemake.log
