Building DAG of jobs...
Using shell: /usr/bin/bash
Provided cores: 28
Rules claiming more threads will be scaled down.
Job counts:
	count	jobs
	2	BreakDancer
	1	BreakDancer_Conf
	2	CNVnator
	2	Manta
	1	all
	8

[Mon Jul 20 13:12:45 2020]
rule CNVnator:
    input: ../../ngs_test_data/data1/HQbam/HG001_N1.bam, ../../ngs_test_data/data1/HQbam/HG001_N1.bam.bai, ../../ngs_test_data/data1/genome/GRCh38/GRCh38_full_analysis_set_plus_decoy_hla.fa, ../../ngs_test_data/data1/genome/GRCh38/GRCh38_full_analysis_set_plus_decoy_hla.fa.fai
    output: ../../ngs_test_data/data1/germlineVar/cnvnator/perSample/HG001_N1/HG001_N1.cnvnator.root, ../../ngs_test_data/data1/germlineVar/cnvnator/perSample/HG001_N1/HG001_N1.raw.cnvnator
    log: ../../ngs_test_data/logs/gremlineVar/cnvnator/perSample/HG001_N1/HG001_N1.cnvnator.logs
    jobid: 31
    benchmark: ../../ngs_test_data/benchmark/gremlineVar/cnvnator/perSample/HG001_N1/HG001_N1.cnvnator.tsv
    wildcards: bam_sample=HG001_N1
    threads: 2


[Mon Jul 20 13:12:45 2020]
rule Manta:
    input: ../../ngs_test_data/data1/germlineVar/manta/perSample/HG001_N1/HG001_N1
    output: ../../ngs_test_data/data1/germlineVar/manta/perSample/HG001_N1/HG001_N1_manta/results/variants/diploidSV.vcf.gz, ../../ngs_test_data/data1/germlineVar/manta/perSample/HG001_N1/HG001_N1_manta.raw.vcf.gz
    log: ../../ngs_test_data/logs/gremlineVar/manta/perSample/HG001_N1/HG001_N1.manta.logs
    jobid: 35
    benchmark: ../../ngs_test_data/benchmark/gremlineVar/manta/perSample/HG001_N1/HG001_N1.manta.tsv
    wildcards: bam_sample=HG001_N1
    threads: 4


[Mon Jul 20 13:12:45 2020]
rule Manta:
    input: ../../ngs_test_data/data1/germlineVar/manta/perSample/HG001_N/HG001_N
    output: ../../ngs_test_data/data1/germlineVar/manta/perSample/HG001_N/HG001_N_manta/results/variants/diploidSV.vcf.gz, ../../ngs_test_data/data1/germlineVar/manta/perSample/HG001_N/HG001_N_manta.raw.vcf.gz
    log: ../../ngs_test_data/logs/gremlineVar/manta/perSample/HG001_N/HG001_N.manta.logs
    jobid: 34
    benchmark: ../../ngs_test_data/benchmark/gremlineVar/manta/perSample/HG001_N/HG001_N.manta.tsv
    wildcards: bam_sample=HG001_N
    threads: 4


[Mon Jul 20 13:12:45 2020]
rule CNVnator:
    input: ../../ngs_test_data/data1/HQbam/HG001_N.bam, ../../ngs_test_data/data1/HQbam/HG001_N.bam.bai, ../../ngs_test_data/data1/genome/GRCh38/GRCh38_full_analysis_set_plus_decoy_hla.fa, ../../ngs_test_data/data1/genome/GRCh38/GRCh38_full_analysis_set_plus_decoy_hla.fa.fai
    output: ../../ngs_test_data/data1/germlineVar/cnvnator/perSample/HG001_N/HG001_N.cnvnator.root, ../../ngs_test_data/data1/germlineVar/cnvnator/perSample/HG001_N/HG001_N.raw.cnvnator
    log: ../../ngs_test_data/logs/gremlineVar/cnvnator/perSample/HG001_N/HG001_N.cnvnator.logs
    jobid: 30
    benchmark: ../../ngs_test_data/benchmark/gremlineVar/cnvnator/perSample/HG001_N/HG001_N.cnvnator.tsv
    wildcards: bam_sample=HG001_N
    threads: 2


[Mon Jul 20 13:12:46 2020]
rule BreakDancer_Conf:
    input: ../../ngs_test_data/data1/HQbam/HG001_N.bam, ../../ngs_test_data/data1/HQbam/HG001_N.bam.bai
    output: ../../ngs_test_data/data1/germlineVar/breakdancer/perSample/HG001_N/HG001_N.breakdancer.conf
    log: ../../ngs_test_data/logs/gremlineVar/breakdancer/perSample/HG001_N/HG001_N.breakdancer_conf.logs
    jobid: 135
    benchmark: ../../ngs_test_data/benchmark/gremlineVar/breakdancer/perSample/HG001_N/HG001_N.breakdancer_conf.tsv
    wildcards: bam_sample=HG001_N
    threads: 2


[Mon Jul 20 13:12:46 2020]
rule BreakDancer:
    input: ../../ngs_test_data/data1/germlineVar/breakdancer/perSample/HG001_N1/HG001_N1.breakdancer.conf
    output: ../../ngs_test_data/data1/germlineVar/breakdancer/perSample/HG001_N1/HG001_N1.raw.breakdancer
    log: ../../ngs_test_data/logs/gremlineVar/breakdancer/perSample/HG001_N1/HG001_N1.breakdancer.logs
    jobid: 33
    benchmark: ../../ngs_test_data/benchmark/gremlineVar/breakdancer/perSample/HG001_N1/HG001_N1.breakdancer_conf.tsv
    wildcards: bam_sample=HG001_N1
    threads: 2

[Mon Jul 20 13:12:58 2020]
Finished job 33.
1 of 8 steps (12%) done
[Mon Jul 20 13:13:00 2020]
Finished job 135.
2 of 8 steps (25%) done

[Mon Jul 20 13:13:00 2020]
rule BreakDancer:
    input: ../../ngs_test_data/data1/germlineVar/breakdancer/perSample/HG001_N/HG001_N.breakdancer.conf
    output: ../../ngs_test_data/data1/germlineVar/breakdancer/perSample/HG001_N/HG001_N.raw.breakdancer
    log: ../../ngs_test_data/logs/gremlineVar/breakdancer/perSample/HG001_N/HG001_N.breakdancer.logs
    jobid: 32
    benchmark: ../../ngs_test_data/benchmark/gremlineVar/breakdancer/perSample/HG001_N/HG001_N.breakdancer_conf.tsv
    wildcards: bam_sample=HG001_N
    threads: 2

[Mon Jul 20 13:13:02 2020]
Finished job 32.
3 of 8 steps (38%) done
[Mon Jul 20 13:24:42 2020]
Error in rule Manta:
    jobid: 35
    output: ../../ngs_test_data/data1/germlineVar/manta/perSample/HG001_N1/HG001_N1_manta/results/variants/diploidSV.vcf.gz, ../../ngs_test_data/data1/germlineVar/manta/perSample/HG001_N1/HG001_N1_manta.raw.vcf.gz
    log: ../../ngs_test_data/logs/gremlineVar/manta/perSample/HG001_N1/HG001_N1.manta.logs (check log file(s) for error message)
    shell:
        
         export PATH=/home/pengjia/miniconda3/envs/ngs27/bin/:$PATH
         chmod +x ../../ngs_test_data/data1/germlineVar/manta/perSample/HG001_N1/HG001_N1_manta/runWorkflow.py
         ../../ngs_test_data/data1/germlineVar/manta/perSample/HG001_N1/HG001_N1_manta/runWorkflow.py -j 4 2>../../ngs_test_data/logs/gremlineVar/manta/perSample/HG001_N1/HG001_N1.manta.logs 1>../../ngs_test_data/logs/gremlineVar/manta/perSample/HG001_N1/HG001_N1.manta.logs
         ln -h ../../ngs_test_data/data1/germlineVar/manta/perSample/HG001_N1/HG001_N1_manta/results/variants/diploidSV.vcf.gz ../../ngs_test_data/data1/germlineVar/manta/perSample/HG001_N1/HG001_N1_manta.raw.vcf.gz
         ln -h ../../ngs_test_data/data1/germlineVar/manta/perSample/HG001_N1/HG001_N1_manta/results/variants/diploidSV.vcf.gz.tbi ../../ngs_test_data/data1/germlineVar/manta/perSample/HG001_N1/HG001_N1_manta.raw.vcf.gz.tbi
         
         
        (exited with non-zero exit code)

Removing output files of failed job Manta since they might be corrupted:
../../ngs_test_data/data1/germlineVar/manta/perSample/HG001_N1/HG001_N1_manta/results/variants/diploidSV.vcf.gz
Job failed, going on with independent jobs.
[Mon Jul 20 13:25:33 2020]
Error in rule Manta:
    jobid: 34
    output: ../../ngs_test_data/data1/germlineVar/manta/perSample/HG001_N/HG001_N_manta/results/variants/diploidSV.vcf.gz, ../../ngs_test_data/data1/germlineVar/manta/perSample/HG001_N/HG001_N_manta.raw.vcf.gz
    log: ../../ngs_test_data/logs/gremlineVar/manta/perSample/HG001_N/HG001_N.manta.logs (check log file(s) for error message)
    shell:
        
         export PATH=/home/pengjia/miniconda3/envs/ngs27/bin/:$PATH
         chmod +x ../../ngs_test_data/data1/germlineVar/manta/perSample/HG001_N/HG001_N_manta/runWorkflow.py
         ../../ngs_test_data/data1/germlineVar/manta/perSample/HG001_N/HG001_N_manta/runWorkflow.py -j 4 2>../../ngs_test_data/logs/gremlineVar/manta/perSample/HG001_N/HG001_N.manta.logs 1>../../ngs_test_data/logs/gremlineVar/manta/perSample/HG001_N/HG001_N.manta.logs
         ln -h ../../ngs_test_data/data1/germlineVar/manta/perSample/HG001_N/HG001_N_manta/results/variants/diploidSV.vcf.gz ../../ngs_test_data/data1/germlineVar/manta/perSample/HG001_N/HG001_N_manta.raw.vcf.gz
         ln -h ../../ngs_test_data/data1/germlineVar/manta/perSample/HG001_N/HG001_N_manta/results/variants/diploidSV.vcf.gz.tbi ../../ngs_test_data/data1/germlineVar/manta/perSample/HG001_N/HG001_N_manta.raw.vcf.gz.tbi
         
         
        (exited with non-zero exit code)

Removing output files of failed job Manta since they might be corrupted:
../../ngs_test_data/data1/germlineVar/manta/perSample/HG001_N/HG001_N_manta/results/variants/diploidSV.vcf.gz
Job failed, going on with independent jobs.
Waiting at most 5 seconds for missing files.
MissingOutputException in line 19 of /home/pengjia/ProjectSnake/DNAseq/dna/smk/var/var_cnvnator.smk:
Missing files after 5 seconds:
../../ngs_test_data/data1/germlineVar/cnvnator/perSample/HG001_N1/HG001_N1.raw.cnvnator
This might be due to filesystem latency. If that is the case, consider to increase the wait time with --latency-wait.
Removing output files of failed job CNVnator since they might be corrupted:
../../ngs_test_data/data1/germlineVar/cnvnator/perSample/HG001_N1/HG001_N1.cnvnator.root
Job failed, going on with independent jobs.
Terminating processes on user request, this might take some time.
[Mon Jul 20 17:37:44 2020]
Error in rule CNVnator:
    jobid: 30
    output: ../../ngs_test_data/data1/germlineVar/cnvnator/perSample/HG001_N/HG001_N.cnvnator.root, ../../ngs_test_data/data1/germlineVar/cnvnator/perSample/HG001_N/HG001_N.raw.cnvnator
    log: ../../ngs_test_data/logs/gremlineVar/cnvnator/perSample/HG001_N/HG001_N.cnvnator.logs (check log file(s) for error message)
    shell:
        
        /opt/software/CNVnator_v0.3/src/cnvnator -root ../../ngs_test_data/data1/germlineVar/cnvnator/perSample/HG001_N/HG001_N.cnvnator.root -tree ../../ngs_test_data/data1/HQbam/HG001_N.bam -unique 2>../../ngs_test_data/logs/gremlineVar/cnvnator/perSample/HG001_N/HG001_N.cnvnator.logs 1>../../ngs_test_data/logs/gremlineVar/cnvnator/perSample/HG001_N/HG001_N.cnvnator.logs
        /opt/software/CNVnator_v0.3/src/cnvnator -root ../../ngs_test_data/data1/germlineVar/cnvnator/perSample/HG001_N/HG001_N.cnvnator.root -d ../../ngs_test_data/data1/genome/GRCh38/GRCh38_full_analysis_set_plus_decoy_hla.fa -his 100 2>../../ngs_test_data/logs/gremlineVar/cnvnator/perSample/HG001_N/HG001_N.cnvnator.logs 1>../../ngs_test_data/logs/gremlineVar/cnvnator/perSample/HG001_N/HG001_N.cnvnator.logs
        /opt/software/CNVnator_v0.3/src/cnvnator -root ../../ngs_test_data/data1/germlineVar/cnvnator/perSample/HG001_N/HG001_N.cnvnator.root -stat 100 2>../../ngs_test_data/logs/gremlineVar/cnvnator/perSample/HG001_N/HG001_N.cnvnator.logs 1>../../ngs_test_data/logs/gremlineVar/cnvnator/perSample/HG001_N/HG001_N.cnvnator.logs
        /opt/software/CNVnator_v0.3/src/cnvnator -root ../../ngs_test_data/data1/germlineVar/cnvnator/perSample/HG001_N/HG001_N.cnvnator.root -partition 100 2>../../ngs_test_data/logs/gremlineVar/cnvnator/perSample/HG001_N/HG001_N.cnvnator.logs 1>../../ngs_test_data/logs/gremlineVar/cnvnator/perSample/HG001_N/HG001_N.cnvnator.logs
        /opt/software/CNVnator_v0.3/src/cnvnator -root ../../ngs_test_data/data1/germlineVar/cnvnator/perSample/HG001_N/HG001_N.cnvnator.root -call 100 > ../../ngs_test_data/data1/germlineVar/cnvnator/perSample/HG001_N/HG001_N.raw.cnvnator.cnv 
        
        (exited with non-zero exit code)

Removing output files of failed job CNVnator since they might be corrupted:
../../ngs_test_data/data1/germlineVar/cnvnator/perSample/HG001_N/HG001_N.cnvnator.root
Job failed, going on with independent jobs.
Complete log: /home/pengjia/ProjectSnake/DNAseq/dna/.snakemake/log/2020-07-20T131240.884736.snakemake.log
