Building DAG of jobs...
Using shell: /usr/bin/bash
Provided cores: 10
Rules claiming more threads will be scaled down.
Job counts:
	count	jobs
	4	BamIndex
	2	LoadHQbam
	1	MarkDupWithPicard
	1	MergeBam
	2	NoneBQSR
	2	NoneFixMate
	2	NoneLeftALign
	2	NoneRealign
	1	all
	17

[Tue Jul 21 12:24:07 2020]
rule MergeBam:
    input: ../../ngs_test_data/data2/align/HG001/N1/HG001_N1_L1_fastp_bwa_sorted.bam, ../../ngs_test_data/data2/align/HG001/N1/HG001_N1_L2_fastp_bwa_sorted.bam
    output: ../../ngs_test_data/data2/align/HG001/N1/HG001_N1_fastp_bwa.bam
    log: ../../ngs_test_data/logs/align/HG001/N1/HG001_N1_fastp_bwa.merge.logs
    jobid: 30
    benchmark: ../../ngs_test_data/benchmark/align/HG001/N1/HG001_N1_fastp_bwa.merge.tsv
    wildcards: case=HG001, sample=N1, qcpipe=fastp, aligner=bwa
    threads: 8

Shutting down, this might take some time.
Exiting because a job execution failed. Look above for error message
Complete log: /home/pengjia/ProjectSnake/DNAseq/dna/.snakemake/log/2020-07-21T122332.722743.snakemake.log
