Building DAG of jobs...
Using shell: /usr/bin/bash
Provided cores: 2
Rules claiming more threads will be scaled down.
Job counts:
	count	jobs
	2	Delly2Bcf2vcfgz
	2	Delly_Call
	2	Delly_GT
	1	all
	7

[Tue Jul 14 16:57:35 2020]
rule Delly_Call:
    input: ../../ngs_test_data/HQbam/HG001_N1.bam, ../../ngs_test_data/HQbam/HG001_N1.bam.bai, ../../ngs_test_data/genome/GRCh38/GRCh38_full_analysis_set_plus_decoy_hla.fa, ../../ngs_test_data/genome/GRCh38/GRCh38_full_analysis_set_plus_decoy_hla.fa.fai
    output: ../../ngs_test_data/germlineVar/delly/perSample/HG001_N1/HG001_N1.delly.call.bcf
    log: ../../ngs_test_log/gremlineVar/delly/perSample/HG001_N1/HG001_N1.dellycall.logs
    jobid: 209
    benchmark: ../../ngs_test_bm/gremlineVar/delly/perSample/HG001_N1/HG001_N1.dellycall.tsv
    wildcards: bam_sample=HG001_N1
    threads: 2

[Tue Jul 14 16:58:31 2020]
Finished job 209.
1 of 7 steps (14%) done

[Tue Jul 14 16:58:31 2020]
rule Delly_Call:
    input: ../../ngs_test_data/HQbam/HG001_N.bam, ../../ngs_test_data/HQbam/HG001_N.bam.bai, ../../ngs_test_data/genome/GRCh38/GRCh38_full_analysis_set_plus_decoy_hla.fa, ../../ngs_test_data/genome/GRCh38/GRCh38_full_analysis_set_plus_decoy_hla.fa.fai
    output: ../../ngs_test_data/germlineVar/delly/perSample/HG001_N/HG001_N.delly.call.bcf
    log: ../../ngs_test_log/gremlineVar/delly/perSample/HG001_N/HG001_N.dellycall.logs
    jobid: 210
    benchmark: ../../ngs_test_bm/gremlineVar/delly/perSample/HG001_N/HG001_N.dellycall.tsv
    wildcards: bam_sample=HG001_N
    threads: 2

[Tue Jul 14 17:01:46 2020]
Finished job 210.
2 of 7 steps (29%) done

[Tue Jul 14 17:01:46 2020]
rule Delly_GT:
    input: ../../ngs_test_data/genome/GRCh38/GRCh38_full_analysis_set_plus_decoy_hla.fa, ../../ngs_test_data/genome/GRCh38/GRCh38_full_analysis_set_plus_decoy_hla.fa.fai, ../../ngs_test_data/germlineVar/delly/perSample/HG001_N/HG001_N.delly.call.bcf
    output: ../../ngs_test_data/germlineVar/delly/perSample/HG001_N/HG001_N.delly.raw.bcf
    log: ../../ngs_test_log/gremlineVar/delly/perSample/HG001_N/HG001_N.dellyGT.logs
    jobid: 121
    benchmark: ../../ngs_test_bm/gremlineVar/delly/perSample/HG001_N/HG001_N.dellyGT.tsv
    wildcards: bam_sample=HG001_N
    threads: 2

Shutting down, this might take some time.
Exiting because a job execution failed. Look above for error message
Complete log: /home/pengjia/ProjectSnake/DNAseq/dna/.snakemake/log/2020-07-14T165733.781189.snakemake.log
